2025-10-16 23:06:12,330	INFO log_monitor.py:155 -- Starting log monitor with [max open files=200], [is_autoscaler_v2=False]
2025-10-16 23:06:12,332	INFO log_monitor.py:278 -- Beginning to track file raylet.err
2025-10-16 23:06:12,332	INFO log_monitor.py:278 -- Beginning to track file monitor.log
2025-10-16 23:06:12,332	INFO log_monitor.py:278 -- Beginning to track file gcs_server.err
2025-10-16 23:06:13,557	INFO log_monitor.py:278 -- Beginning to track file worker-4e4380e66efb9b63bbe74ca5f5eb1152cb39da2ea1a0606967d6378e-ffffffff-62288.err
2025-10-16 23:06:13,557	INFO log_monitor.py:278 -- Beginning to track file worker-4e4380e66efb9b63bbe74ca5f5eb1152cb39da2ea1a0606967d6378e-ffffffff-62288.out
2025-10-16 23:06:13,557	INFO log_monitor.py:278 -- Beginning to track file worker-5c5e90b144bb753e5807a3961602046b365d21fdd7d7a7220d6f9461-ffffffff-33264.err
2025-10-16 23:06:13,558	INFO log_monitor.py:278 -- Beginning to track file worker-5c5e90b144bb753e5807a3961602046b365d21fdd7d7a7220d6f9461-ffffffff-33264.out
2025-10-16 23:06:13,558	INFO log_monitor.py:278 -- Beginning to track file worker-ac994a502e9174d0d99ba330198b840fe80d4e4bfccb82e05deec361-ffffffff-51740.err
2025-10-16 23:06:13,559	INFO log_monitor.py:278 -- Beginning to track file worker-ac994a502e9174d0d99ba330198b840fe80d4e4bfccb82e05deec361-ffffffff-51740.out
2025-10-16 23:06:13,661	INFO log_monitor.py:278 -- Beginning to track file worker-7fbfe39fea0dc15a3ed975663578985136b7698d663eb31d285bcf40-ffffffff-45472.err
2025-10-16 23:06:13,661	INFO log_monitor.py:278 -- Beginning to track file worker-7fbfe39fea0dc15a3ed975663578985136b7698d663eb31d285bcf40-ffffffff-45472.out
2025-10-16 23:06:13,661	INFO log_monitor.py:278 -- Beginning to track file worker-b474ee80f1fbea9beb959269d6a5f1bd66d488013dbfd47740a32ba2-ffffffff-80956.err
2025-10-16 23:06:13,662	INFO log_monitor.py:278 -- Beginning to track file worker-b474ee80f1fbea9beb959269d6a5f1bd66d488013dbfd47740a32ba2-ffffffff-80956.out
2025-10-16 23:06:13,763	INFO log_monitor.py:278 -- Beginning to track file worker-1c91cd425a8916c1b63e32fbc8a3bbd18eafbcfaa9b2d7d3abbde2af-ffffffff-15300.err
2025-10-16 23:06:13,763	INFO log_monitor.py:278 -- Beginning to track file worker-1c91cd425a8916c1b63e32fbc8a3bbd18eafbcfaa9b2d7d3abbde2af-ffffffff-15300.out
2025-10-16 23:06:13,763	INFO log_monitor.py:278 -- Beginning to track file worker-4865c20f449461130d5542b81cb94e67e1dab581c9df066b77463c31-ffffffff-37304.err
2025-10-16 23:06:13,763	INFO log_monitor.py:278 -- Beginning to track file worker-4865c20f449461130d5542b81cb94e67e1dab581c9df066b77463c31-ffffffff-37304.out
2025-10-16 23:06:13,764	INFO log_monitor.py:278 -- Beginning to track file worker-5c851671105f24b5a90818069cced12aa36f8f073a49987c4d726b20-ffffffff-58592.err
2025-10-16 23:06:13,764	INFO log_monitor.py:278 -- Beginning to track file worker-5c851671105f24b5a90818069cced12aa36f8f073a49987c4d726b20-ffffffff-58592.out
2025-10-16 23:06:13,764	INFO log_monitor.py:278 -- Beginning to track file worker-9a6edf955599d0d4c4cba422c3648d3452ea62a0beeb0ec2dcf6a421-ffffffff-79912.err
2025-10-16 23:06:13,764	INFO log_monitor.py:278 -- Beginning to track file worker-9a6edf955599d0d4c4cba422c3648d3452ea62a0beeb0ec2dcf6a421-ffffffff-79912.out
2025-10-16 23:06:13,764	INFO log_monitor.py:278 -- Beginning to track file worker-ab251973183667ecb9a15417620c93ddc09fddcaa3798c7a24704de5-ffffffff-58212.err
2025-10-16 23:06:13,764	INFO log_monitor.py:278 -- Beginning to track file worker-ab251973183667ecb9a15417620c93ddc09fddcaa3798c7a24704de5-ffffffff-58212.out
2025-10-16 23:06:13,765	INFO log_monitor.py:278 -- Beginning to track file worker-cf96dc25351ef6dab68aafcb211acb134c7415f325462f6894ba172b-ffffffff-26588.err
2025-10-16 23:06:13,765	INFO log_monitor.py:278 -- Beginning to track file worker-cf96dc25351ef6dab68aafcb211acb134c7415f325462f6894ba172b-ffffffff-26588.out
2025-10-16 23:06:13,866	INFO log_monitor.py:278 -- Beginning to track file worker-303991c2b1c96bb8e2b1a2cafa590c08b07bf7cb59e6e2c03c548583-ffffffff-4172.err
2025-10-16 23:06:13,867	INFO log_monitor.py:278 -- Beginning to track file worker-303991c2b1c96bb8e2b1a2cafa590c08b07bf7cb59e6e2c03c548583-ffffffff-4172.out
2025-10-16 23:06:13,867	INFO log_monitor.py:278 -- Beginning to track file worker-58f453296cf531d68573da18ccd09aa6a34ec62888bf435db6198a9b-ffffffff-62320.err
2025-10-16 23:06:13,867	INFO log_monitor.py:278 -- Beginning to track file worker-58f453296cf531d68573da18ccd09aa6a34ec62888bf435db6198a9b-ffffffff-62320.out
2025-10-16 23:06:13,867	INFO log_monitor.py:278 -- Beginning to track file worker-76306c709c23951a0401f18e8f42a06b2388abc6b765cad9ad17f69d-ffffffff-9124.err
2025-10-16 23:06:13,867	INFO log_monitor.py:278 -- Beginning to track file worker-76306c709c23951a0401f18e8f42a06b2388abc6b765cad9ad17f69d-ffffffff-9124.out
2025-10-16 23:06:13,867	INFO log_monitor.py:278 -- Beginning to track file worker-96db4332ed0237a48eb69701539fd5ee7cb2bef24a2fe8f88fee30dd-ffffffff-51016.err
2025-10-16 23:06:13,867	INFO log_monitor.py:278 -- Beginning to track file worker-96db4332ed0237a48eb69701539fd5ee7cb2bef24a2fe8f88fee30dd-ffffffff-51016.out
2025-10-16 23:06:13,868	INFO log_monitor.py:278 -- Beginning to track file worker-ab9deb9223ba890937f8bda875e85684f715e5ebe8409f908c0347b7-ffffffff-23404.err
2025-10-16 23:06:13,868	INFO log_monitor.py:278 -- Beginning to track file worker-ab9deb9223ba890937f8bda875e85684f715e5ebe8409f908c0347b7-ffffffff-23404.out
2025-10-16 23:06:13,868	INFO log_monitor.py:278 -- Beginning to track file worker-dffd52f79907e6f97bb07990d6c3c133b6785e0d106817f6a6ad55c2-ffffffff-52644.err
2025-10-16 23:06:13,868	INFO log_monitor.py:278 -- Beginning to track file worker-dffd52f79907e6f97bb07990d6c3c133b6785e0d106817f6a6ad55c2-ffffffff-52644.out
