[2025-10-16 23:06:13,716 I 15300 44912] core_worker_process.cc:187: Constructing CoreWorkerProcess. pid: 15300
[2025-10-16 23:06:13,720 I 15300 44912] io_service_pool.cc:35: IOServicePool is running with 1 io_service.
[2025-10-16 23:06:13,723 I 15300 44912] grpc_server.cc:137: worker server started, listening on port 50596.
[2025-10-16 23:06:13,725 I 15300 44912] core_worker.cc:526: Initializing worker at address: 127.0.0.1:50596 worker_id=1c91cd425a8916c1b63e32fbc8a3bbd18eafbcfaa9b2d7d3abbde2af node_id=5cc95021b0aa55b4cf339f6b0724667cba24c3b6569bb82182233ea3
[2025-10-16 23:06:13,726 I 15300 44912] task_event_buffer.cc:281: Reporting task events to GCS every 1000ms.
[2025-10-16 23:06:13,728 I 15300 52280] accessor.cc:760: Received notification for node, IsAlive = 1 node_id=5cc95021b0aa55b4cf339f6b0724667cba24c3b6569bb82182233ea3
[2025-10-16 23:06:13,728 I 15300 52280] core_worker.cc:5080: Number of alive nodes:1
[2025-10-16 23:06:13,728 I 15300 52280] core_worker.cc:914: Event stats:


Global stats: 12 total (4 active)
Queueing time: mean = 47.142 us, max = 209.900 us, min = 19.300 us, total = 565.700 us
Execution time:  mean = 190.150 us, total = 2.282 ms
Event stats:
	PeriodicalRunner.RunFnPeriodically - 3 total (1 active, 1 running), Execution time: mean = 12.133 us, total = 36.400 us, Queueing time: mean = 121.033 us, max = 209.900 us, min = 153.200 us, total = 363.100 us
	ray::rpc::WorkerInfoGcsService.grpc_client.AddWorkerInfo - 1 total (0 active), Execution time: mean = 665.200 us, total = 665.200 us, Queueing time: mean = 0.000 s, max = -0.000 s, min = 9223372036.855 s, total = 0.000 s
	Publisher.CheckDeadSubscribers - 1 total (1 active), Execution time: mean = 0.000 s, total = 0.000 s, Queueing time: mean = 0.000 s, max = -0.000 s, min = 9223372036.855 s, total = 0.000 s
	ray::rpc::InternalPubSubGcsService.grpc_client.GcsSubscriberPoll - 1 total (1 active), Execution time: mean = 0.000 s, total = 0.000 s, Queueing time: mean = 0.000 s, max = -0.000 s, min = 9223372036.855 s, total = 0.000 s
	ray::rpc::WorkerInfoGcsService.grpc_client.AddWorkerInfo.OnReplyReceived - 1 total (0 active), Execution time: mean = 34.100 us, total = 34.100 us, Queueing time: mean = 39.500 us, max = 39.500 us, min = 39.500 us, total = 39.500 us
	ray::rpc::InternalPubSubGcsService.grpc_client.GcsSubscriberCommandBatch.OnReplyReceived - 1 total (0 active), Execution time: mean = 276.600 us, total = 276.600 us, Queueing time: mean = 19.300 us, max = 19.300 us, min = 19.300 us, total = 19.300 us
	ray::rpc::NodeInfoGcsService.grpc_client.GetAllNodeInfo.OnReplyReceived - 1 total (0 active), Execution time: mean = 160.100 us, total = 160.100 us, Queueing time: mean = 143.800 us, max = 143.800 us, min = 143.800 us, total = 143.800 us
	ray::rpc::NodeInfoGcsService.grpc_client.GetAllNodeInfo - 1 total (0 active), Execution time: mean = 571.300 us, total = 571.300 us, Queueing time: mean = 0.000 s, max = -0.000 s, min = 9223372036.855 s, total = 0.000 s
	ray::rpc::InternalPubSubGcsService.grpc_client.GcsSubscriberCommandBatch - 1 total (0 active), Execution time: mean = 538.100 us, total = 538.100 us, Queueing time: mean = 0.000 s, max = -0.000 s, min = 9223372036.855 s, total = 0.000 s
	CoreWorker.ExitIfParentRayletDies - 1 total (1 active), Execution time: mean = 0.000 s, total = 0.000 s, Queueing time: mean = 0.000 s, max = -0.000 s, min = 9223372036.855 s, total = 0.000 s

-----------------
Task execution event stats:

Global stats: 0 total (0 active)
Queueing time: mean = -nan(ind) s, max = -0.000 s, min = 9223372036.855 s, total = 0.000 s
Execution time:  mean = -nan(ind) s, total = 0.000 s
Event stats:

-----------------
Task Event stats:

IO Service Stats:

Global stats: 4 total (1 active)
Queueing time: mean = 11.475 us, max = 24.300 us, min = 21.600 us, total = 45.900 us
Execution time:  mean = 215.625 us, total = 862.500 us
Event stats:
	PeriodicalRunner.RunFnPeriodically - 1 total (0 active), Execution time: mean = 384.100 us, total = 384.100 us, Queueing time: mean = 24.300 us, max = 24.300 us, min = 24.300 us, total = 24.300 us
	CoreWorker.deadline_timer.flush_task_events - 1 total (1 active), Execution time: mean = 0.000 s, total = 0.000 s, Queueing time: mean = 0.000 s, max = -0.000 s, min = 9223372036.855 s, total = 0.000 s
	ray::rpc::TaskInfoGcsService.grpc_client.AddTaskEventData - 1 total (0 active), Execution time: mean = 457.600 us, total = 457.600 us, Queueing time: mean = 0.000 s, max = -0.000 s, min = 9223372036.855 s, total = 0.000 s
	ray::rpc::TaskInfoGcsService.grpc_client.AddTaskEventData.OnReplyReceived - 1 total (0 active), Execution time: mean = 20.800 us, total = 20.800 us, Queueing time: mean = 21.600 us, max = 21.600 us, min = 21.600 us, total = 21.600 us
Other Stats:
	grpc_in_progress:0
	current number of task status events in buffer: 0
	current number of profile events in buffer: 0
	current number of dropped task attempts tracked: 0
	total task events sent: 0 MiB
	total number of task attempts sent: 0
	total number of task attempts dropped reported: 0
	total number of sent failure: 0
	num status task events dropped: 0
	num profile task events dropped: 0


[2025-10-16 23:06:13,732 I 15300 44912] event.cc:500: Ray Event initialized for CORE_WORKER
[2025-10-16 23:06:13,732 I 15300 44912] event.cc:500: Ray Event initialized for EXPORT_TASK
[2025-10-16 23:06:13,732 I 15300 44912] event.cc:331: Set ray event level to warning
[2025-10-16 23:06:14,752 I 15300 52280] core_worker.cc:1171: Exit signal received, this process will exit after all outstanding tasks have finished, exit_type=INTENDED_SYSTEM_EXIT, detail=Worker exits because it was idle (it doesn't have objects it owns while no task or actor has been scheduled) for a long time.
[2025-10-16 23:06:14,753 I 15300 44912] core_worker.cc:1102: Sending disconnect message to the local raylet.
[2025-10-16 23:06:14,753 I 15300 44912] raylet_client.cc:73: RayletClient::Disconnect, exit_type=INTENDED_SYSTEM_EXIT, exit_detail=Worker exits because it was idle (it doesn't have objects it owns while no task or actor has been scheduled) for a long time., has creation_task_exception_pb_bytes=0
[2025-10-16 23:06:14,754 I 15300 44912] core_worker.cc:1108: Disconnected from the local raylet.
[2025-10-16 23:06:14,754 I 15300 44912] core_worker.cc:1017: Shutting down a core worker.
[2025-10-16 23:06:14,754 I 15300 44912] task_event_buffer.cc:292: Shutting down TaskEventBuffer.
[2025-10-16 23:06:14,754 I 15300 65644] task_event_buffer.cc:260: Task event buffer io service stopped.
[2025-10-16 23:06:14,754 I 15300 44912] core_worker.cc:1039: Waiting for joining a core worker io thread. If it hangs here, there might be deadlock or a high load in the core worker io service.
[2025-10-16 23:06:14,754 I 15300 52280] core_worker.cc:1275: Core worker main io service stopped.
[2025-10-16 23:06:14,842 I 15300 44912] core_worker.cc:1051: Disconnecting a GCS client.
[2025-10-16 23:06:14,842 I 15300 44912] core_worker.cc:1058: Core worker ready to be deallocated.
[2025-10-16 23:06:14,842 I 15300 44912] core_worker_process.cc:330: Task execution loop terminated. Removing the global worker.
[2025-10-16 23:06:14,842 I 15300 44912] core_worker.cc:1008: Core worker is destructed
[2025-10-16 23:06:14,842 I 15300 44912] task_event_buffer.cc:292: Shutting down TaskEventBuffer.
[2025-10-16 23:06:14,843 I 15300 44912] core_worker_process.cc:232: Destructing CoreWorkerProcessImpl. pid: 15300
[2025-10-16 23:06:14,843 I 15300 44912] io_service_pool.cc:47: IOServicePool is stopped.
[2025-10-16 23:06:15,293 I 15300 44912] stats.h:120: Stats module has shutdown.
[2025-10-16 23:06:15,315 W 15300 44912] core_worker_process.cc:246: The core worker process is not initialized yet or already shutdown.
