[2025-10-16 23:06:13,458 I 62288 27120] core_worker_process.cc:187: Constructing CoreWorkerProcess. pid: 62288
[2025-10-16 23:06:13,462 I 62288 27120] io_service_pool.cc:35: IOServicePool is running with 1 io_service.
[2025-10-16 23:06:13,475 I 62288 27120] grpc_server.cc:137: worker server started, listening on port 50545.
[2025-10-16 23:06:13,478 I 62288 27120] core_worker.cc:526: Initializing worker at address: 127.0.0.1:50545 worker_id=4e4380e66efb9b63bbe74ca5f5eb1152cb39da2ea1a0606967d6378e node_id=5cc95021b0aa55b4cf339f6b0724667cba24c3b6569bb82182233ea3
[2025-10-16 23:06:13,481 I 62288 27120] task_event_buffer.cc:281: Reporting task events to GCS every 1000ms.
[2025-10-16 23:06:13,485 I 62288 50380] accessor.cc:760: Received notification for node, IsAlive = 1 node_id=5cc95021b0aa55b4cf339f6b0724667cba24c3b6569bb82182233ea3
[2025-10-16 23:06:13,486 I 62288 50380] core_worker.cc:5080: Number of alive nodes:1
[2025-10-16 23:06:13,487 I 62288 50380] core_worker.cc:914: Event stats:


Global stats: 12 total (4 active)
Queueing time: mean = 33.300 us, max = 271.600 us, min = 23.800 us, total = 399.600 us
Execution time:  mean = 542.158 us, total = 6.506 ms
Event stats:
	PeriodicalRunner.RunFnPeriodically - 3 total (1 active, 1 running), Execution time: mean = 147.267 us, total = 441.800 us, Queueing time: mean = 104.033 us, max = 271.600 us, min = 40.500 us, total = 312.100 us
	Publisher.CheckDeadSubscribers - 1 total (1 active), Execution time: mean = 0.000 s, total = 0.000 s, Queueing time: mean = 0.000 s, max = -0.000 s, min = 9223372036.855 s, total = 0.000 s
	ray::rpc::InternalPubSubGcsService.grpc_client.GcsSubscriberPoll - 1 total (1 active), Execution time: mean = 0.000 s, total = 0.000 s, Queueing time: mean = 0.000 s, max = -0.000 s, min = 9223372036.855 s, total = 0.000 s
	ray::rpc::InternalPubSubGcsService.grpc_client.GcsSubscriberCommandBatch.OnReplyReceived - 1 total (0 active), Execution time: mean = 596.100 us, total = 596.100 us, Queueing time: mean = 27.700 us, max = 27.700 us, min = 27.700 us, total = 27.700 us
	ray::rpc::NodeInfoGcsService.grpc_client.GetAllNodeInfo.OnReplyReceived - 1 total (0 active), Execution time: mean = 842.400 us, total = 842.400 us, Queueing time: mean = 23.800 us, max = 23.800 us, min = 23.800 us, total = 23.800 us
	ray::rpc::NodeInfoGcsService.grpc_client.GetAllNodeInfo - 1 total (0 active), Execution time: mean = 579.800 us, total = 579.800 us, Queueing time: mean = 0.000 s, max = -0.000 s, min = 9223372036.855 s, total = 0.000 s
	ray::rpc::WorkerInfoGcsService.grpc_client.AddWorkerInfo.OnReplyReceived - 1 total (0 active), Execution time: mean = 34.500 us, total = 34.500 us, Queueing time: mean = 36.000 us, max = 36.000 us, min = 36.000 us, total = 36.000 us
	ray::rpc::InternalPubSubGcsService.grpc_client.GcsSubscriberCommandBatch - 1 total (0 active), Execution time: mean = 646.200 us, total = 646.200 us, Queueing time: mean = 0.000 s, max = -0.000 s, min = 9223372036.855 s, total = 0.000 s
	ray::rpc::WorkerInfoGcsService.grpc_client.AddWorkerInfo - 1 total (0 active), Execution time: mean = 3.365 ms, total = 3.365 ms, Queueing time: mean = 0.000 s, max = -0.000 s, min = 9223372036.855 s, total = 0.000 s
	CoreWorker.ExitIfParentRayletDies - 1 total (1 active), Execution time: mean = 0.000 s, total = 0.000 s, Queueing time: mean = 0.000 s, max = -0.000 s, min = 9223372036.855 s, total = 0.000 s

-----------------
Task execution event stats:

Global stats: 0 total (0 active)
Queueing time: mean = -nan(ind) s, max = -0.000 s, min = 9223372036.855 s, total = 0.000 s
Execution time:  mean = -nan(ind) s, total = 0.000 s
Event stats:

-----------------
Task Event stats:

IO Service Stats:

Global stats: 4 total (1 active)
Queueing time: mean = 19.400 us, max = 46.800 us, min = 30.800 us, total = 77.600 us
Execution time:  mean = 480.375 us, total = 1.921 ms
Event stats:
	CoreWorker.deadline_timer.flush_task_events - 1 total (1 active), Execution time: mean = 0.000 s, total = 0.000 s, Queueing time: mean = 0.000 s, max = -0.000 s, min = 9223372036.855 s, total = 0.000 s
	ray::rpc::TaskInfoGcsService.grpc_client.AddTaskEventData - 1 total (0 active), Execution time: mean = 1.317 ms, total = 1.317 ms, Queueing time: mean = 0.000 s, max = -0.000 s, min = 9223372036.855 s, total = 0.000 s
	ray::rpc::TaskInfoGcsService.grpc_client.AddTaskEventData.OnReplyReceived - 1 total (0 active), Execution time: mean = 25.000 us, total = 25.000 us, Queueing time: mean = 30.800 us, max = 30.800 us, min = 30.800 us, total = 30.800 us
	PeriodicalRunner.RunFnPeriodically - 1 total (0 active), Execution time: mean = 579.700 us, total = 579.700 us, Queueing time: mean = 46.800 us, max = 46.800 us, min = 46.800 us, total = 46.800 us
Other Stats:
	grpc_in_progress:0
	current number of task status events in buffer: 0
	current number of profile events in buffer: 0
	current number of dropped task attempts tracked: 0
	total task events sent: 0 MiB
	total number of task attempts sent: 0
	total number of task attempts dropped reported: 0
	total number of sent failure: 0
	num status task events dropped: 0
	num profile task events dropped: 0


[2025-10-16 23:06:13,491 I 62288 27120] event.cc:500: Ray Event initialized for CORE_WORKER
[2025-10-16 23:06:13,491 I 62288 27120] event.cc:500: Ray Event initialized for EXPORT_TASK
[2025-10-16 23:06:13,491 I 62288 27120] event.cc:331: Set ray event level to warning
[2025-10-16 23:06:16,600 I 62288 50380] core_worker.cc:4728: Worker is not idle: reference counter: ReferenceTable{size: 1 sample: 00ffffffffffffffffffffffffffffffffffffff0100000001e1f505:Reference{borrowers: 0 local_ref_count: 2 submitted_count: 0 contained_on_owned: 0 contained_in_borrowed: 0 contains: 0 stored_in: 0 lineage_ref_count: 0}} # pins in flight: 0 # pending tasks: 0
[2025-10-16 23:06:16,600 I 62288 50380] core_worker.cc:4733: Force exiting worker that's not idle. reference counter: ReferenceTable{size: 1 sample: 00ffffffffffffffffffffffffffffffffffffff0100000001e1f505:Reference{borrowers: 0 local_ref_count: 2 submitted_count: 0 contained_on_owned: 0 contained_in_borrowed: 0 contains: 0 stored_in: 0 lineage_ref_count: 0}} # Pins in flight: 0 # pending tasks: 0
[2025-10-16 23:06:16,601 W 62288 50380] core_worker.cc:1248: Force exit the process.  Details: Worker force exits because its job has finished
[2025-10-16 23:06:16,602 I 62288 50380] core_worker.cc:1102: Sending disconnect message to the local raylet.
[2025-10-16 23:06:16,602 I 62288 50380] raylet_client.cc:73: RayletClient::Disconnect, exit_type=INTENDED_SYSTEM_EXIT, exit_detail=Worker force exits because its job has finished, has creation_task_exception_pb_bytes=0
[2025-10-16 23:06:16,606 I 62288 50380] core_worker.cc:1108: Disconnected from the local raylet.
