[2025-10-16 23:06:13,841 I 51016 74108] core_worker_process.cc:187: Constructing CoreWorkerProcess. pid: 51016
[2025-10-16 23:06:13,843 I 51016 74108] io_service_pool.cc:35: IOServicePool is running with 1 io_service.
[2025-10-16 23:06:13,845 I 51016 74108] grpc_server.cc:137: worker server started, listening on port 50637.
[2025-10-16 23:06:13,846 I 51016 74108] core_worker.cc:526: Initializing worker at address: 127.0.0.1:50637 worker_id=96db4332ed0237a48eb69701539fd5ee7cb2bef24a2fe8f88fee30dd node_id=5cc95021b0aa55b4cf339f6b0724667cba24c3b6569bb82182233ea3
[2025-10-16 23:06:13,847 I 51016 74108] task_event_buffer.cc:281: Reporting task events to GCS every 1000ms.
[2025-10-16 23:06:13,849 I 51016 72552] accessor.cc:760: Received notification for node, IsAlive = 1 node_id=5cc95021b0aa55b4cf339f6b0724667cba24c3b6569bb82182233ea3
[2025-10-16 23:06:13,849 I 51016 72552] core_worker.cc:5080: Number of alive nodes:1
[2025-10-16 23:06:13,849 I 51016 72552] core_worker.cc:914: Event stats:


Global stats: 12 total (4 active)
Queueing time: mean = 25.008 us, max = 205.600 us, min = 12.600 us, total = 300.100 us
Execution time:  mean = 135.467 us, total = 1.626 ms
Event stats:
	PeriodicalRunner.RunFnPeriodically - 3 total (1 active, 1 running), Execution time: mean = 10.867 us, total = 32.600 us, Queueing time: mean = 72.733 us, max = 205.600 us, min = 12.600 us, total = 218.200 us
	ray::rpc::NodeInfoGcsService.grpc_client.GetAllNodeInfo - 1 total (0 active), Execution time: mean = 309.100 us, total = 309.100 us, Queueing time: mean = 0.000 s, max = -0.000 s, min = 9223372036.855 s, total = 0.000 s
	ray::rpc::WorkerInfoGcsService.grpc_client.AddWorkerInfo.OnReplyReceived - 1 total (0 active), Execution time: mean = 18.500 us, total = 18.500 us, Queueing time: mean = 27.000 us, max = 27.000 us, min = 27.000 us, total = 27.000 us
	ray::rpc::InternalPubSubGcsService.grpc_client.GcsSubscriberPoll - 1 total (1 active), Execution time: mean = 0.000 s, total = 0.000 s, Queueing time: mean = 0.000 s, max = -0.000 s, min = 9223372036.855 s, total = 0.000 s
	ray::rpc::WorkerInfoGcsService.grpc_client.AddWorkerInfo - 1 total (0 active), Execution time: mean = 453.200 us, total = 453.200 us, Queueing time: mean = 0.000 s, max = -0.000 s, min = 9223372036.855 s, total = 0.000 s
	Publisher.CheckDeadSubscribers - 1 total (1 active), Execution time: mean = 0.000 s, total = 0.000 s, Queueing time: mean = 0.000 s, max = -0.000 s, min = 9223372036.855 s, total = 0.000 s
	CoreWorker.ExitIfParentRayletDies - 1 total (1 active), Execution time: mean = 0.000 s, total = 0.000 s, Queueing time: mean = 0.000 s, max = -0.000 s, min = 9223372036.855 s, total = 0.000 s
	ray::rpc::InternalPubSubGcsService.grpc_client.GcsSubscriberCommandBatch.OnReplyReceived - 1 total (0 active), Execution time: mean = 116.100 us, total = 116.100 us, Queueing time: mean = 22.000 us, max = 22.000 us, min = 22.000 us, total = 22.000 us
	ray::rpc::InternalPubSubGcsService.grpc_client.GcsSubscriberCommandBatch - 1 total (0 active), Execution time: mean = 637.000 us, total = 637.000 us, Queueing time: mean = 0.000 s, max = -0.000 s, min = 9223372036.855 s, total = 0.000 s
	ray::rpc::NodeInfoGcsService.grpc_client.GetAllNodeInfo.OnReplyReceived - 1 total (0 active), Execution time: mean = 59.100 us, total = 59.100 us, Queueing time: mean = 32.900 us, max = 32.900 us, min = 32.900 us, total = 32.900 us

-----------------
Task execution event stats:

Global stats: 0 total (0 active)
Queueing time: mean = -nan(ind) s, max = -0.000 s, min = 9223372036.855 s, total = 0.000 s
Execution time:  mean = -nan(ind) s, total = 0.000 s
Event stats:

-----------------
Task Event stats:

IO Service Stats:

Global stats: 4 total (1 active)
Queueing time: mean = 11.425 us, max = 30.800 us, min = 14.900 us, total = 45.700 us
Execution time:  mean = 130.700 us, total = 522.800 us
Event stats:
	PeriodicalRunner.RunFnPeriodically - 1 total (0 active), Execution time: mean = 123.600 us, total = 123.600 us, Queueing time: mean = 14.900 us, max = 14.900 us, min = 14.900 us, total = 14.900 us
	CoreWorker.deadline_timer.flush_task_events - 1 total (1 active), Execution time: mean = 0.000 s, total = 0.000 s, Queueing time: mean = 0.000 s, max = -0.000 s, min = 9223372036.855 s, total = 0.000 s
	ray::rpc::TaskInfoGcsService.grpc_client.AddTaskEventData - 1 total (0 active), Execution time: mean = 382.200 us, total = 382.200 us, Queueing time: mean = 0.000 s, max = -0.000 s, min = 9223372036.855 s, total = 0.000 s
	ray::rpc::TaskInfoGcsService.grpc_client.AddTaskEventData.OnReplyReceived - 1 total (0 active), Execution time: mean = 17.000 us, total = 17.000 us, Queueing time: mean = 30.800 us, max = 30.800 us, min = 30.800 us, total = 30.800 us
Other Stats:
	grpc_in_progress:0
	current number of task status events in buffer: 0
	current number of profile events in buffer: 0
	current number of dropped task attempts tracked: 0
	total task events sent: 0 MiB
	total number of task attempts sent: 0
	total number of task attempts dropped reported: 0
	total number of sent failure: 0
	num status task events dropped: 0
	num profile task events dropped: 0


[2025-10-16 23:06:13,850 I 51016 74108] event.cc:500: Ray Event initialized for CORE_WORKER
[2025-10-16 23:06:13,851 I 51016 74108] event.cc:500: Ray Event initialized for EXPORT_TASK
[2025-10-16 23:06:13,851 I 51016 74108] event.cc:331: Set ray event level to warning
[2025-10-16 23:06:14,971 I 51016 72552] core_worker.cc:1171: Exit signal received, this process will exit after all outstanding tasks have finished, exit_type=INTENDED_SYSTEM_EXIT, detail=Worker exits because it was idle (it doesn't have objects it owns while no task or actor has been scheduled) for a long time.
[2025-10-16 23:06:14,972 I 51016 74108] core_worker.cc:1102: Sending disconnect message to the local raylet.
[2025-10-16 23:06:14,972 I 51016 74108] raylet_client.cc:73: RayletClient::Disconnect, exit_type=INTENDED_SYSTEM_EXIT, exit_detail=Worker exits because it was idle (it doesn't have objects it owns while no task or actor has been scheduled) for a long time., has creation_task_exception_pb_bytes=0
[2025-10-16 23:06:14,974 I 51016 74108] core_worker.cc:1108: Disconnected from the local raylet.
[2025-10-16 23:06:14,974 I 51016 74108] core_worker.cc:1017: Shutting down a core worker.
[2025-10-16 23:06:14,974 I 51016 74108] task_event_buffer.cc:292: Shutting down TaskEventBuffer.
[2025-10-16 23:06:14,974 I 51016 67840] task_event_buffer.cc:260: Task event buffer io service stopped.
[2025-10-16 23:06:14,974 I 51016 74108] core_worker.cc:1039: Waiting for joining a core worker io thread. If it hangs here, there might be deadlock or a high load in the core worker io service.
[2025-10-16 23:06:14,974 I 51016 72552] core_worker.cc:1275: Core worker main io service stopped.
[2025-10-16 23:06:14,976 I 51016 74108] core_worker.cc:1051: Disconnecting a GCS client.
[2025-10-16 23:06:14,976 I 51016 74108] core_worker.cc:1058: Core worker ready to be deallocated.
[2025-10-16 23:06:14,976 I 51016 74108] core_worker_process.cc:330: Task execution loop terminated. Removing the global worker.
[2025-10-16 23:06:14,976 I 51016 74108] core_worker.cc:1008: Core worker is destructed
[2025-10-16 23:06:14,976 I 51016 74108] task_event_buffer.cc:292: Shutting down TaskEventBuffer.
[2025-10-16 23:06:14,977 I 51016 74108] core_worker_process.cc:232: Destructing CoreWorkerProcessImpl. pid: 51016
[2025-10-16 23:06:14,977 I 51016 74108] io_service_pool.cc:47: IOServicePool is stopped.
[2025-10-16 23:06:15,168 I 51016 74108] stats.h:120: Stats module has shutdown.
[2025-10-16 23:06:15,191 W 51016 74108] core_worker_process.cc:246: The core worker process is not initialized yet or already shutdown.
