[2025-10-16 23:06:11,181 I 41108 37080] core_worker_process.cc:187: Constructing CoreWorkerProcess. pid: 41108
[2025-10-16 23:06:11,186 I 41108 37080] io_service_pool.cc:35: IOServicePool is running with 1 io_service.
[2025-10-16 23:06:13,858 I 41108 37080] grpc_server.cc:137: driver server started, listening on port 50650.
[2025-10-16 23:06:13,859 I 41108 37080] core_worker.cc:526: Initializing worker at address: 127.0.0.1:50650 worker_id=01000000ffffffffffffffffffffffffffffffffffffffffffffffff node_id=5cc95021b0aa55b4cf339f6b0724667cba24c3b6569bb82182233ea3
[2025-10-16 23:06:13,860 I 41108 37080] task_event_buffer.cc:281: Reporting task events to GCS every 1000ms.
[2025-10-16 23:06:13,861 I 41108 3228] accessor.cc:760: Received notification for node, IsAlive = 1 node_id=5cc95021b0aa55b4cf339f6b0724667cba24c3b6569bb82182233ea3
[2025-10-16 23:06:13,861 I 41108 3228] core_worker.cc:5080: Number of alive nodes:1
[2025-10-16 23:06:13,862 I 41108 3228] core_worker.cc:914: Event stats:


Global stats: 10 total (3 active)
Queueing time: mean = 5.340 us, max = 15.800 us, min = 10.700 us, total = 53.400 us
Execution time:  mean = 132.080 us, total = 1.321 ms
Event stats:
	PeriodicalRunner.RunFnPeriodically - 2 total (1 active, 1 running), Execution time: mean = 4.750 us, total = 9.500 us, Queueing time: mean = 5.350 us, max = 10.700 us, min = 10.700 us, total = 10.700 us
	ray::rpc::InternalPubSubGcsService.grpc_client.GcsSubscriberCommandBatch - 1 total (0 active), Execution time: mean = 406.000 us, total = 406.000 us, Queueing time: mean = 0.000 s, max = -0.000 s, min = 9223372036.855 s, total = 0.000 s
	ray::rpc::WorkerInfoGcsService.grpc_client.AddWorkerInfo.OnReplyReceived - 1 total (0 active), Execution time: mean = 18.500 us, total = 18.500 us, Queueing time: mean = 14.800 us, max = 14.800 us, min = 14.800 us, total = 14.800 us
	ray::rpc::NodeInfoGcsService.grpc_client.GetAllNodeInfo - 1 total (0 active), Execution time: mean = 258.200 us, total = 258.200 us, Queueing time: mean = 0.000 s, max = -0.000 s, min = 9223372036.855 s, total = 0.000 s
	ray::rpc::InternalPubSubGcsService.grpc_client.GcsSubscriberPoll - 1 total (1 active), Execution time: mean = 0.000 s, total = 0.000 s, Queueing time: mean = 0.000 s, max = -0.000 s, min = 9223372036.855 s, total = 0.000 s
	ray::rpc::WorkerInfoGcsService.grpc_client.AddWorkerInfo - 1 total (0 active), Execution time: mean = 487.500 us, total = 487.500 us, Queueing time: mean = 0.000 s, max = -0.000 s, min = 9223372036.855 s, total = 0.000 s
	Publisher.CheckDeadSubscribers - 1 total (1 active), Execution time: mean = 0.000 s, total = 0.000 s, Queueing time: mean = 0.000 s, max = -0.000 s, min = 9223372036.855 s, total = 0.000 s
	ray::rpc::InternalPubSubGcsService.grpc_client.GcsSubscriberCommandBatch.OnReplyReceived - 1 total (0 active), Execution time: mean = 83.500 us, total = 83.500 us, Queueing time: mean = 15.800 us, max = 15.800 us, min = 15.800 us, total = 15.800 us
	ray::rpc::NodeInfoGcsService.grpc_client.GetAllNodeInfo.OnReplyReceived - 1 total (0 active), Execution time: mean = 57.600 us, total = 57.600 us, Queueing time: mean = 12.100 us, max = 12.100 us, min = 12.100 us, total = 12.100 us

-----------------
Task execution event stats:

Global stats: 0 total (0 active)
Queueing time: mean = -nan(ind) s, max = -0.000 s, min = 9223372036.855 s, total = 0.000 s
Execution time:  mean = -nan(ind) s, total = 0.000 s
Event stats:

-----------------
Task Event stats:

IO Service Stats:

Global stats: 4 total (1 active)
Queueing time: mean = 17.250 us, max = 53.900 us, min = 15.100 us, total = 69.000 us
Execution time:  mean = 120.825 us, total = 483.300 us
Event stats:
	PeriodicalRunner.RunFnPeriodically - 1 total (0 active), Execution time: mean = 81.400 us, total = 81.400 us, Queueing time: mean = 15.100 us, max = 15.100 us, min = 15.100 us, total = 15.100 us
	CoreWorker.deadline_timer.flush_task_events - 1 total (1 active), Execution time: mean = 0.000 s, total = 0.000 s, Queueing time: mean = 0.000 s, max = -0.000 s, min = 9223372036.855 s, total = 0.000 s
	ray::rpc::TaskInfoGcsService.grpc_client.AddTaskEventData - 1 total (0 active), Execution time: mean = 388.000 us, total = 388.000 us, Queueing time: mean = 0.000 s, max = -0.000 s, min = 9223372036.855 s, total = 0.000 s
	ray::rpc::TaskInfoGcsService.grpc_client.AddTaskEventData.OnReplyReceived - 1 total (0 active), Execution time: mean = 13.900 us, total = 13.900 us, Queueing time: mean = 53.900 us, max = 53.900 us, min = 53.900 us, total = 53.900 us
Other Stats:
	grpc_in_progress:0
	current number of task status events in buffer: 1
	current number of profile events in buffer: 0
	current number of dropped task attempts tracked: 0
	total task events sent: 0 MiB
	total number of task attempts sent: 0
	total number of task attempts dropped reported: 0
	total number of sent failure: 0
	num status task events dropped: 0
	num profile task events dropped: 0


[2025-10-16 23:06:13,866 I 41108 37080] event.cc:500: Ray Event initialized for CORE_WORKER
[2025-10-16 23:06:13,867 I 41108 37080] event.cc:500: Ray Event initialized for EXPORT_TASK
[2025-10-16 23:06:13,867 I 41108 37080] event.cc:331: Set ray event level to warning
[2025-10-16 23:06:16,590 I 41108 37080] core_worker.cc:1102: Sending disconnect message to the local raylet.
[2025-10-16 23:06:16,590 I 41108 37080] raylet_client.cc:73: RayletClient::Disconnect, exit_type=INTENDED_USER_EXIT, exit_detail=Shutdown by ray.shutdown()., has creation_task_exception_pb_bytes=0
[2025-10-16 23:06:16,590 I 41108 37080] core_worker.cc:1108: Disconnected from the local raylet.
[2025-10-16 23:06:16,590 I 41108 37080] core_worker.cc:1017: Shutting down a core worker.
[2025-10-16 23:06:16,590 I 41108 37080] task_event_buffer.cc:292: Shutting down TaskEventBuffer.
[2025-10-16 23:06:16,590 I 41108 2968] task_event_buffer.cc:260: Task event buffer io service stopped.
[2025-10-16 23:06:16,591 I 41108 37080] core_worker.cc:1039: Waiting for joining a core worker io thread. If it hangs here, there might be deadlock or a high load in the core worker io service.
[2025-10-16 23:06:16,591 I 41108 3228] core_worker.cc:1275: Core worker main io service stopped.
[2025-10-16 23:06:16,593 I 41108 37080] core_worker.cc:1051: Disconnecting a GCS client.
[2025-10-16 23:06:16,593 I 41108 37080] core_worker.cc:1058: Core worker ready to be deallocated.
[2025-10-16 23:06:16,593 I 41108 37080] core_worker.cc:1008: Core worker is destructed
[2025-10-16 23:06:16,593 I 41108 37080] task_event_buffer.cc:292: Shutting down TaskEventBuffer.
[2025-10-16 23:06:16,593 W 41108 12148] server_call.h:334: [1] Not sending reply because executor stopped.
[2025-10-16 23:06:16,663 I 41108 37080] core_worker_process.cc:232: Destructing CoreWorkerProcessImpl. pid: 41108
[2025-10-16 23:06:16,663 I 41108 37080] io_service_pool.cc:47: IOServicePool is stopped.
[2025-10-16 23:06:16,958 I 41108 37080] stats.h:120: Stats module has shutdown.
