[2025-10-16 23:06:13,800 I 52644 72072] core_worker_process.cc:187: Constructing CoreWorkerProcess. pid: 52644
[2025-10-16 23:06:13,803 I 52644 72072] io_service_pool.cc:35: IOServicePool is running with 1 io_service.
[2025-10-16 23:06:13,805 I 52644 72072] grpc_server.cc:137: worker server started, listening on port 50622.
[2025-10-16 23:06:13,806 I 52644 72072] core_worker.cc:526: Initializing worker at address: 127.0.0.1:50622 worker_id=dffd52f79907e6f97bb07990d6c3c133b6785e0d106817f6a6ad55c2 node_id=5cc95021b0aa55b4cf339f6b0724667cba24c3b6569bb82182233ea3
[2025-10-16 23:06:13,807 I 52644 72072] task_event_buffer.cc:281: Reporting task events to GCS every 1000ms.
[2025-10-16 23:06:13,808 I 52644 81028] accessor.cc:760: Received notification for node, IsAlive = 1 node_id=5cc95021b0aa55b4cf339f6b0724667cba24c3b6569bb82182233ea3
[2025-10-16 23:06:13,808 I 52644 81028] core_worker.cc:5080: Number of alive nodes:1
[2025-10-16 23:06:13,809 I 52644 81028] core_worker.cc:914: Event stats:


Global stats: 12 total (4 active)
Queueing time: mean = 23.217 us, max = 210.100 us, min = 12.600 us, total = 278.600 us
Execution time:  mean = 133.508 us, total = 1.602 ms
Event stats:
	PeriodicalRunner.RunFnPeriodically - 3 total (1 active, 1 running), Execution time: mean = 7.167 us, total = 21.500 us, Queueing time: mean = 74.233 us, max = 210.100 us, min = 12.600 us, total = 222.700 us
	CoreWorker.ExitIfParentRayletDies - 1 total (1 active), Execution time: mean = 0.000 s, total = 0.000 s, Queueing time: mean = 0.000 s, max = -0.000 s, min = 9223372036.855 s, total = 0.000 s
	ray::rpc::WorkerInfoGcsService.grpc_client.AddWorkerInfo - 1 total (0 active), Execution time: mean = 523.000 us, total = 523.000 us, Queueing time: mean = 0.000 s, max = -0.000 s, min = 9223372036.855 s, total = 0.000 s
	Publisher.CheckDeadSubscribers - 1 total (1 active), Execution time: mean = 0.000 s, total = 0.000 s, Queueing time: mean = 0.000 s, max = -0.000 s, min = 9223372036.855 s, total = 0.000 s
	ray::rpc::InternalPubSubGcsService.grpc_client.GcsSubscriberCommandBatch - 1 total (0 active), Execution time: mean = 499.900 us, total = 499.900 us, Queueing time: mean = 0.000 s, max = -0.000 s, min = 9223372036.855 s, total = 0.000 s
	ray::rpc::InternalPubSubGcsService.grpc_client.GcsSubscriberCommandBatch.OnReplyReceived - 1 total (0 active), Execution time: mean = 115.800 us, total = 115.800 us, Queueing time: mean = 17.500 us, max = 17.500 us, min = 17.500 us, total = 17.500 us
	ray::rpc::WorkerInfoGcsService.grpc_client.AddWorkerInfo.OnReplyReceived - 1 total (0 active), Execution time: mean = 21.600 us, total = 21.600 us, Queueing time: mean = 14.900 us, max = 14.900 us, min = 14.900 us, total = 14.900 us
	ray::rpc::NodeInfoGcsService.grpc_client.GetAllNodeInfo.OnReplyReceived - 1 total (0 active), Execution time: mean = 65.700 us, total = 65.700 us, Queueing time: mean = 23.500 us, max = 23.500 us, min = 23.500 us, total = 23.500 us
	ray::rpc::NodeInfoGcsService.grpc_client.GetAllNodeInfo - 1 total (0 active), Execution time: mean = 354.600 us, total = 354.600 us, Queueing time: mean = 0.000 s, max = -0.000 s, min = 9223372036.855 s, total = 0.000 s
	ray::rpc::InternalPubSubGcsService.grpc_client.GcsSubscriberPoll - 1 total (1 active), Execution time: mean = 0.000 s, total = 0.000 s, Queueing time: mean = 0.000 s, max = -0.000 s, min = 9223372036.855 s, total = 0.000 s

-----------------
Task execution event stats:

Global stats: 0 total (0 active)
Queueing time: mean = -nan(ind) s, max = -0.000 s, min = 9223372036.855 s, total = 0.000 s
Execution time:  mean = -nan(ind) s, total = 0.000 s
Event stats:

-----------------
Task Event stats:

IO Service Stats:

Global stats: 4 total (1 active)
Queueing time: mean = 6.625 us, max = 13.400 us, min = 13.100 us, total = 26.500 us
Execution time:  mean = 133.150 us, total = 532.600 us
Event stats:
	ray::rpc::TaskInfoGcsService.grpc_client.AddTaskEventData - 1 total (0 active), Execution time: mean = 396.400 us, total = 396.400 us, Queueing time: mean = 0.000 s, max = -0.000 s, min = 9223372036.855 s, total = 0.000 s
	CoreWorker.deadline_timer.flush_task_events - 1 total (1 active), Execution time: mean = 0.000 s, total = 0.000 s, Queueing time: mean = 0.000 s, max = -0.000 s, min = 9223372036.855 s, total = 0.000 s
	PeriodicalRunner.RunFnPeriodically - 1 total (0 active), Execution time: mean = 122.200 us, total = 122.200 us, Queueing time: mean = 13.100 us, max = 13.100 us, min = 13.100 us, total = 13.100 us
	ray::rpc::TaskInfoGcsService.grpc_client.AddTaskEventData.OnReplyReceived - 1 total (0 active), Execution time: mean = 14.000 us, total = 14.000 us, Queueing time: mean = 13.400 us, max = 13.400 us, min = 13.400 us, total = 13.400 us
Other Stats:
	grpc_in_progress:0
	current number of task status events in buffer: 0
	current number of profile events in buffer: 0
	current number of dropped task attempts tracked: 0
	total task events sent: 0 MiB
	total number of task attempts sent: 0
	total number of task attempts dropped reported: 0
	total number of sent failure: 0
	num status task events dropped: 0
	num profile task events dropped: 0


[2025-10-16 23:06:13,811 I 52644 72072] event.cc:500: Ray Event initialized for CORE_WORKER
[2025-10-16 23:06:13,811 I 52644 72072] event.cc:500: Ray Event initialized for EXPORT_TASK
[2025-10-16 23:06:13,811 I 52644 72072] event.cc:331: Set ray event level to warning
[2025-10-16 23:06:14,972 I 52644 81028] core_worker.cc:1171: Exit signal received, this process will exit after all outstanding tasks have finished, exit_type=INTENDED_SYSTEM_EXIT, detail=Worker exits because it was idle (it doesn't have objects it owns while no task or actor has been scheduled) for a long time.
[2025-10-16 23:06:14,973 I 52644 72072] core_worker.cc:1102: Sending disconnect message to the local raylet.
[2025-10-16 23:06:14,973 I 52644 72072] raylet_client.cc:73: RayletClient::Disconnect, exit_type=INTENDED_SYSTEM_EXIT, exit_detail=Worker exits because it was idle (it doesn't have objects it owns while no task or actor has been scheduled) for a long time., has creation_task_exception_pb_bytes=0
[2025-10-16 23:06:14,975 I 52644 72072] core_worker.cc:1108: Disconnected from the local raylet.
[2025-10-16 23:06:14,975 I 52644 72072] core_worker.cc:1017: Shutting down a core worker.
[2025-10-16 23:06:14,975 I 52644 72072] task_event_buffer.cc:292: Shutting down TaskEventBuffer.
[2025-10-16 23:06:14,975 I 52644 27236] task_event_buffer.cc:260: Task event buffer io service stopped.
[2025-10-16 23:06:14,975 I 52644 72072] core_worker.cc:1039: Waiting for joining a core worker io thread. If it hangs here, there might be deadlock or a high load in the core worker io service.
[2025-10-16 23:06:14,975 I 52644 81028] core_worker.cc:1275: Core worker main io service stopped.
[2025-10-16 23:06:14,977 I 52644 72072] core_worker.cc:1051: Disconnecting a GCS client.
[2025-10-16 23:06:14,977 I 52644 72072] core_worker.cc:1058: Core worker ready to be deallocated.
[2025-10-16 23:06:14,977 I 52644 72072] core_worker_process.cc:330: Task execution loop terminated. Removing the global worker.
[2025-10-16 23:06:14,977 I 52644 72072] core_worker.cc:1008: Core worker is destructed
[2025-10-16 23:06:14,977 I 52644 72072] task_event_buffer.cc:292: Shutting down TaskEventBuffer.
[2025-10-16 23:06:14,978 I 52644 72072] core_worker_process.cc:232: Destructing CoreWorkerProcessImpl. pid: 52644
[2025-10-16 23:06:14,978 I 52644 72072] io_service_pool.cc:47: IOServicePool is stopped.
[2025-10-16 23:06:15,370 I 52644 72072] stats.h:120: Stats module has shutdown.
[2025-10-16 23:06:15,390 W 52644 72072] core_worker_process.cc:246: The core worker process is not initialized yet or already shutdown.
