[2025-10-16 23:06:13,700 I 58592 71596] core_worker_process.cc:187: Constructing CoreWorkerProcess. pid: 58592
[2025-10-16 23:06:13,703 I 58592 71596] io_service_pool.cc:35: IOServicePool is running with 1 io_service.
[2025-10-16 23:06:13,706 I 58592 71596] grpc_server.cc:137: worker server started, listening on port 50587.
[2025-10-16 23:06:13,708 I 58592 71596] core_worker.cc:526: Initializing worker at address: 127.0.0.1:50587 worker_id=5c851671105f24b5a90818069cced12aa36f8f073a49987c4d726b20 node_id=5cc95021b0aa55b4cf339f6b0724667cba24c3b6569bb82182233ea3
[2025-10-16 23:06:13,709 I 58592 71596] task_event_buffer.cc:281: Reporting task events to GCS every 1000ms.
[2025-10-16 23:06:13,711 I 58592 68700] accessor.cc:760: Received notification for node, IsAlive = 1 node_id=5cc95021b0aa55b4cf339f6b0724667cba24c3b6569bb82182233ea3
[2025-10-16 23:06:13,711 I 58592 68700] core_worker.cc:5080: Number of alive nodes:1
[2025-10-16 23:06:13,711 I 58592 68700] core_worker.cc:914: Event stats:


Global stats: 12 total (4 active)
Queueing time: mean = 46.592 us, max = 356.900 us, min = 20.600 us, total = 559.100 us
Execution time:  mean = 184.742 us, total = 2.217 ms
Event stats:
	PeriodicalRunner.RunFnPeriodically - 3 total (1 active, 1 running), Execution time: mean = 20.567 us, total = 61.700 us, Queueing time: mean = 129.033 us, max = 356.900 us, min = 30.200 us, total = 387.100 us
	ray::rpc::InternalPubSubGcsService.grpc_client.GcsSubscriberCommandBatch - 1 total (0 active), Execution time: mean = 590.200 us, total = 590.200 us, Queueing time: mean = 0.000 s, max = -0.000 s, min = 9223372036.855 s, total = 0.000 s
	ray::rpc::WorkerInfoGcsService.grpc_client.AddWorkerInfo.OnReplyReceived - 1 total (0 active), Execution time: mean = 32.000 us, total = 32.000 us, Queueing time: mean = 28.800 us, max = 28.800 us, min = 28.800 us, total = 28.800 us
	ray::rpc::NodeInfoGcsService.grpc_client.GetAllNodeInfo - 1 total (0 active), Execution time: mean = 489.900 us, total = 489.900 us, Queueing time: mean = 0.000 s, max = -0.000 s, min = 9223372036.855 s, total = 0.000 s
	ray::rpc::NodeInfoGcsService.grpc_client.GetAllNodeInfo.OnReplyReceived - 1 total (0 active), Execution time: mean = 100.200 us, total = 100.200 us, Queueing time: mean = 20.600 us, max = 20.600 us, min = 20.600 us, total = 20.600 us
	ray::rpc::InternalPubSubGcsService.grpc_client.GcsSubscriberPoll - 1 total (1 active), Execution time: mean = 0.000 s, total = 0.000 s, Queueing time: mean = 0.000 s, max = -0.000 s, min = 9223372036.855 s, total = 0.000 s
	ray::rpc::WorkerInfoGcsService.grpc_client.AddWorkerInfo - 1 total (0 active), Execution time: mean = 765.600 us, total = 765.600 us, Queueing time: mean = 0.000 s, max = -0.000 s, min = 9223372036.855 s, total = 0.000 s
	CoreWorker.ExitIfParentRayletDies - 1 total (1 active), Execution time: mean = 0.000 s, total = 0.000 s, Queueing time: mean = 0.000 s, max = -0.000 s, min = 9223372036.855 s, total = 0.000 s
	Publisher.CheckDeadSubscribers - 1 total (1 active), Execution time: mean = 0.000 s, total = 0.000 s, Queueing time: mean = 0.000 s, max = -0.000 s, min = 9223372036.855 s, total = 0.000 s
	ray::rpc::InternalPubSubGcsService.grpc_client.GcsSubscriberCommandBatch.OnReplyReceived - 1 total (0 active), Execution time: mean = 177.300 us, total = 177.300 us, Queueing time: mean = 122.600 us, max = 122.600 us, min = 122.600 us, total = 122.600 us

-----------------
Task execution event stats:

Global stats: 0 total (0 active)
Queueing time: mean = -nan(ind) s, max = -0.000 s, min = 9223372036.855 s, total = 0.000 s
Execution time:  mean = -nan(ind) s, total = 0.000 s
Event stats:

-----------------
Task Event stats:

IO Service Stats:

Global stats: 4 total (1 active)
Queueing time: mean = 19.500 us, max = 44.100 us, min = 33.900 us, total = 78.000 us
Execution time:  mean = 203.075 us, total = 812.300 us
Event stats:
	ray::rpc::TaskInfoGcsService.grpc_client.AddTaskEventData - 1 total (0 active), Execution time: mean = 623.700 us, total = 623.700 us, Queueing time: mean = 0.000 s, max = -0.000 s, min = 9223372036.855 s, total = 0.000 s
	CoreWorker.deadline_timer.flush_task_events - 1 total (1 active), Execution time: mean = 0.000 s, total = 0.000 s, Queueing time: mean = 0.000 s, max = -0.000 s, min = 9223372036.855 s, total = 0.000 s
	ray::rpc::TaskInfoGcsService.grpc_client.AddTaskEventData.OnReplyReceived - 1 total (0 active), Execution time: mean = 25.600 us, total = 25.600 us, Queueing time: mean = 44.100 us, max = 44.100 us, min = 44.100 us, total = 44.100 us
	PeriodicalRunner.RunFnPeriodically - 1 total (0 active), Execution time: mean = 163.000 us, total = 163.000 us, Queueing time: mean = 33.900 us, max = 33.900 us, min = 33.900 us, total = 33.900 us
Other Stats:
	grpc_in_progress:0
	current number of task status events in buffer: 0
	current number of profile events in buffer: 0
	current number of dropped task attempts tracked: 0
	total task events sent: 0 MiB
	total number of task attempts sent: 0
	total number of task attempts dropped reported: 0
	total number of sent failure: 0
	num status task events dropped: 0
	num profile task events dropped: 0


[2025-10-16 23:06:13,715 I 58592 71596] event.cc:500: Ray Event initialized for CORE_WORKER
[2025-10-16 23:06:13,716 I 58592 71596] event.cc:500: Ray Event initialized for EXPORT_TASK
[2025-10-16 23:06:13,716 I 58592 71596] event.cc:331: Set ray event level to warning
[2025-10-16 23:06:14,753 I 58592 68700] core_worker.cc:1171: Exit signal received, this process will exit after all outstanding tasks have finished, exit_type=INTENDED_SYSTEM_EXIT, detail=Worker exits because it was idle (it doesn't have objects it owns while no task or actor has been scheduled) for a long time.
[2025-10-16 23:06:14,754 I 58592 71596] core_worker.cc:1102: Sending disconnect message to the local raylet.
[2025-10-16 23:06:14,754 I 58592 71596] raylet_client.cc:73: RayletClient::Disconnect, exit_type=INTENDED_SYSTEM_EXIT, exit_detail=Worker exits because it was idle (it doesn't have objects it owns while no task or actor has been scheduled) for a long time., has creation_task_exception_pb_bytes=0
[2025-10-16 23:06:14,755 I 58592 71596] core_worker.cc:1108: Disconnected from the local raylet.
[2025-10-16 23:06:14,755 I 58592 71596] core_worker.cc:1017: Shutting down a core worker.
[2025-10-16 23:06:14,755 I 58592 71596] task_event_buffer.cc:292: Shutting down TaskEventBuffer.
[2025-10-16 23:06:14,755 I 58592 48860] task_event_buffer.cc:260: Task event buffer io service stopped.
[2025-10-16 23:06:14,755 I 58592 71596] core_worker.cc:1039: Waiting for joining a core worker io thread. If it hangs here, there might be deadlock or a high load in the core worker io service.
[2025-10-16 23:06:14,756 I 58592 68700] core_worker.cc:1275: Core worker main io service stopped.
[2025-10-16 23:06:14,826 I 58592 71596] core_worker.cc:1051: Disconnecting a GCS client.
[2025-10-16 23:06:14,826 I 58592 71596] core_worker.cc:1058: Core worker ready to be deallocated.
[2025-10-16 23:06:14,826 I 58592 71596] core_worker_process.cc:330: Task execution loop terminated. Removing the global worker.
[2025-10-16 23:06:14,826 I 58592 71596] core_worker.cc:1008: Core worker is destructed
[2025-10-16 23:06:14,827 I 58592 71596] task_event_buffer.cc:292: Shutting down TaskEventBuffer.
[2025-10-16 23:06:15,013 I 58592 71596] core_worker_process.cc:232: Destructing CoreWorkerProcessImpl. pid: 58592
[2025-10-16 23:06:15,013 I 58592 71596] io_service_pool.cc:47: IOServicePool is stopped.
[2025-10-16 23:06:15,277 I 58592 71596] stats.h:120: Stats module has shutdown.
[2025-10-16 23:06:15,299 W 58592 71596] core_worker_process.cc:246: The core worker process is not initialized yet or already shutdown.
