[2025-10-16 23:06:13,511 I 33264 67276] core_worker_process.cc:187: Constructing CoreWorkerProcess. pid: 33264
[2025-10-16 23:06:13,515 I 33264 67276] io_service_pool.cc:35: IOServicePool is running with 1 io_service.
[2025-10-16 23:06:13,518 I 33264 67276] grpc_server.cc:137: worker server started, listening on port 50554.
[2025-10-16 23:06:13,520 I 33264 67276] core_worker.cc:526: Initializing worker at address: 127.0.0.1:50554 worker_id=5c5e90b144bb753e5807a3961602046b365d21fdd7d7a7220d6f9461 node_id=5cc95021b0aa55b4cf339f6b0724667cba24c3b6569bb82182233ea3
[2025-10-16 23:06:13,522 I 33264 67276] task_event_buffer.cc:281: Reporting task events to GCS every 1000ms.
[2025-10-16 23:06:13,523 I 33264 62284] accessor.cc:760: Received notification for node, IsAlive = 1 node_id=5cc95021b0aa55b4cf339f6b0724667cba24c3b6569bb82182233ea3
[2025-10-16 23:06:13,524 I 33264 62284] core_worker.cc:5080: Number of alive nodes:1
[2025-10-16 23:06:13,524 I 33264 62284] core_worker.cc:914: Event stats:


Global stats: 12 total (4 active)
Queueing time: mean = 36.042 us, max = 193.300 us, min = 21.000 us, total = 432.500 us
Execution time:  mean = 223.367 us, total = 2.680 ms
Event stats:
	PeriodicalRunner.RunFnPeriodically - 3 total (1 active, 1 running), Execution time: mean = 22.933 us, total = 68.800 us, Queueing time: mean = 75.000 us, max = 193.300 us, min = 31.700 us, total = 225.000 us
	ray::rpc::WorkerInfoGcsService.grpc_client.AddWorkerInfo.OnReplyReceived - 1 total (0 active), Execution time: mean = 493.600 us, total = 493.600 us, Queueing time: mean = 137.600 us, max = 137.600 us, min = 137.600 us, total = 137.600 us
	ray::rpc::InternalPubSubGcsService.grpc_client.GcsSubscriberCommandBatch.OnReplyReceived - 1 total (0 active), Execution time: mean = 214.000 us, total = 214.000 us, Queueing time: mean = 21.000 us, max = 21.000 us, min = 21.000 us, total = 21.000 us
	ray::rpc::NodeInfoGcsService.grpc_client.GetAllNodeInfo.OnReplyReceived - 1 total (0 active), Execution time: mean = 166.000 us, total = 166.000 us, Queueing time: mean = 48.900 us, max = 48.900 us, min = 48.900 us, total = 48.900 us
	ray::rpc::NodeInfoGcsService.grpc_client.GetAllNodeInfo - 1 total (0 active), Execution time: mean = 473.800 us, total = 473.800 us, Queueing time: mean = 0.000 s, max = -0.000 s, min = 9223372036.855 s, total = 0.000 s
	ray::rpc::InternalPubSubGcsService.grpc_client.GcsSubscriberPoll - 1 total (1 active), Execution time: mean = 0.000 s, total = 0.000 s, Queueing time: mean = 0.000 s, max = -0.000 s, min = 9223372036.855 s, total = 0.000 s
	CoreWorker.ExitIfParentRayletDies - 1 total (1 active), Execution time: mean = 0.000 s, total = 0.000 s, Queueing time: mean = 0.000 s, max = -0.000 s, min = 9223372036.855 s, total = 0.000 s
	ray::rpc::WorkerInfoGcsService.grpc_client.AddWorkerInfo - 1 total (0 active), Execution time: mean = 623.300 us, total = 623.300 us, Queueing time: mean = 0.000 s, max = -0.000 s, min = 9223372036.855 s, total = 0.000 s
	Publisher.CheckDeadSubscribers - 1 total (1 active), Execution time: mean = 0.000 s, total = 0.000 s, Queueing time: mean = 0.000 s, max = -0.000 s, min = 9223372036.855 s, total = 0.000 s
	ray::rpc::InternalPubSubGcsService.grpc_client.GcsSubscriberCommandBatch - 1 total (0 active), Execution time: mean = 640.900 us, total = 640.900 us, Queueing time: mean = 0.000 s, max = -0.000 s, min = 9223372036.855 s, total = 0.000 s

-----------------
Task execution event stats:

Global stats: 0 total (0 active)
Queueing time: mean = -nan(ind) s, max = -0.000 s, min = 9223372036.855 s, total = 0.000 s
Execution time:  mean = -nan(ind) s, total = 0.000 s
Event stats:

-----------------
Task Event stats:

IO Service Stats:

Global stats: 4 total (1 active)
Queueing time: mean = 22.850 us, max = 55.200 us, min = 36.200 us, total = 91.400 us
Execution time:  mean = 223.800 us, total = 895.200 us
Event stats:
	CoreWorker.deadline_timer.flush_task_events - 1 total (1 active), Execution time: mean = 0.000 s, total = 0.000 s, Queueing time: mean = 0.000 s, max = -0.000 s, min = 9223372036.855 s, total = 0.000 s
	ray::rpc::TaskInfoGcsService.grpc_client.AddTaskEventData - 1 total (0 active), Execution time: mean = 576.300 us, total = 576.300 us, Queueing time: mean = 0.000 s, max = -0.000 s, min = 9223372036.855 s, total = 0.000 s
	PeriodicalRunner.RunFnPeriodically - 1 total (0 active), Execution time: mean = 236.800 us, total = 236.800 us, Queueing time: mean = 36.200 us, max = 36.200 us, min = 36.200 us, total = 36.200 us
	ray::rpc::TaskInfoGcsService.grpc_client.AddTaskEventData.OnReplyReceived - 1 total (0 active), Execution time: mean = 82.100 us, total = 82.100 us, Queueing time: mean = 55.200 us, max = 55.200 us, min = 55.200 us, total = 55.200 us
Other Stats:
	grpc_in_progress:0
	current number of task status events in buffer: 0
	current number of profile events in buffer: 0
	current number of dropped task attempts tracked: 0
	total task events sent: 0 MiB
	total number of task attempts sent: 0
	total number of task attempts dropped reported: 0
	total number of sent failure: 0
	num status task events dropped: 0
	num profile task events dropped: 0


[2025-10-16 23:06:13,528 I 33264 67276] event.cc:500: Ray Event initialized for CORE_WORKER
[2025-10-16 23:06:13,528 I 33264 67276] event.cc:500: Ray Event initialized for EXPORT_TASK
[2025-10-16 23:06:13,528 I 33264 67276] event.cc:331: Set ray event level to warning
[2025-10-16 23:06:14,550 I 33264 62284] core_worker.cc:1171: Exit signal received, this process will exit after all outstanding tasks have finished, exit_type=INTENDED_SYSTEM_EXIT, detail=Worker exits because it was idle (it doesn't have objects it owns while no task or actor has been scheduled) for a long time.
[2025-10-16 23:06:14,553 I 33264 67276] core_worker.cc:1102: Sending disconnect message to the local raylet.
[2025-10-16 23:06:14,553 I 33264 67276] raylet_client.cc:73: RayletClient::Disconnect, exit_type=INTENDED_SYSTEM_EXIT, exit_detail=Worker exits because it was idle (it doesn't have objects it owns while no task or actor has been scheduled) for a long time., has creation_task_exception_pb_bytes=0
[2025-10-16 23:06:14,554 I 33264 67276] core_worker.cc:1108: Disconnected from the local raylet.
[2025-10-16 23:06:14,554 I 33264 67276] core_worker.cc:1017: Shutting down a core worker.
[2025-10-16 23:06:14,554 I 33264 67276] task_event_buffer.cc:292: Shutting down TaskEventBuffer.
[2025-10-16 23:06:14,554 I 33264 62524] task_event_buffer.cc:260: Task event buffer io service stopped.
[2025-10-16 23:06:14,554 I 33264 67276] core_worker.cc:1039: Waiting for joining a core worker io thread. If it hangs here, there might be deadlock or a high load in the core worker io service.
[2025-10-16 23:06:14,554 I 33264 62284] core_worker.cc:1275: Core worker main io service stopped.
[2025-10-16 23:06:14,642 I 33264 67276] core_worker.cc:1051: Disconnecting a GCS client.
[2025-10-16 23:06:14,642 I 33264 67276] core_worker.cc:1058: Core worker ready to be deallocated.
[2025-10-16 23:06:14,642 I 33264 67276] core_worker_process.cc:330: Task execution loop terminated. Removing the global worker.
[2025-10-16 23:06:14,642 I 33264 67276] core_worker.cc:1008: Core worker is destructed
[2025-10-16 23:06:14,642 I 33264 67276] task_event_buffer.cc:292: Shutting down TaskEventBuffer.
[2025-10-16 23:06:14,643 I 33264 67276] core_worker_process.cc:232: Destructing CoreWorkerProcessImpl. pid: 33264
[2025-10-16 23:06:14,643 I 33264 67276] io_service_pool.cc:47: IOServicePool is stopped.
[2025-10-16 23:06:15,075 I 33264 67276] stats.h:120: Stats module has shutdown.
[2025-10-16 23:06:15,095 W 33264 67276] core_worker_process.cc:246: The core worker process is not initialized yet or already shutdown.
