[2025-10-16 23:06:13,703 I 79912 65396] core_worker_process.cc:187: Constructing CoreWorkerProcess. pid: 79912
[2025-10-16 23:06:13,707 I 79912 65396] io_service_pool.cc:35: IOServicePool is running with 1 io_service.
[2025-10-16 23:06:13,710 I 79912 65396] grpc_server.cc:137: worker server started, listening on port 50589.
[2025-10-16 23:06:13,712 I 79912 65396] core_worker.cc:526: Initializing worker at address: 127.0.0.1:50589 worker_id=9a6edf955599d0d4c4cba422c3648d3452ea62a0beeb0ec2dcf6a421 node_id=5cc95021b0aa55b4cf339f6b0724667cba24c3b6569bb82182233ea3
[2025-10-16 23:06:13,714 I 79912 65396] task_event_buffer.cc:281: Reporting task events to GCS every 1000ms.
[2025-10-16 23:06:13,716 I 79912 496] accessor.cc:760: Received notification for node, IsAlive = 1 node_id=5cc95021b0aa55b4cf339f6b0724667cba24c3b6569bb82182233ea3
[2025-10-16 23:06:13,716 I 79912 496] core_worker.cc:5080: Number of alive nodes:1
[2025-10-16 23:06:13,717 I 79912 496] core_worker.cc:914: Event stats:


Global stats: 12 total (4 active)
Queueing time: mean = 30.725 us, max = 238.700 us, min = 19.300 us, total = 368.700 us
Execution time:  mean = 218.025 us, total = 2.616 ms
Event stats:
	PeriodicalRunner.RunFnPeriodically - 3 total (1 active, 1 running), Execution time: mean = 16.600 us, total = 49.800 us, Queueing time: mean = 86.000 us, max = 238.700 us, min = 19.300 us, total = 258.000 us
	ray::rpc::InternalPubSubGcsService.grpc_client.GcsSubscriberCommandBatch - 1 total (0 active), Execution time: mean = 588.400 us, total = 588.400 us, Queueing time: mean = 0.000 s, max = -0.000 s, min = 9223372036.855 s, total = 0.000 s
	CoreWorker.ExitIfParentRayletDies - 1 total (1 active), Execution time: mean = 0.000 s, total = 0.000 s, Queueing time: mean = 0.000 s, max = -0.000 s, min = 9223372036.855 s, total = 0.000 s
	Publisher.CheckDeadSubscribers - 1 total (1 active), Execution time: mean = 0.000 s, total = 0.000 s, Queueing time: mean = 0.000 s, max = -0.000 s, min = 9223372036.855 s, total = 0.000 s
	ray::rpc::WorkerInfoGcsService.grpc_client.AddWorkerInfo - 1 total (0 active), Execution time: mean = 787.700 us, total = 787.700 us, Queueing time: mean = 0.000 s, max = -0.000 s, min = 9223372036.855 s, total = 0.000 s
	ray::rpc::InternalPubSubGcsService.grpc_client.GcsSubscriberCommandBatch.OnReplyReceived - 1 total (0 active), Execution time: mean = 427.300 us, total = 427.300 us, Queueing time: mean = 45.300 us, max = 45.300 us, min = 45.300 us, total = 45.300 us
	ray::rpc::InternalPubSubGcsService.grpc_client.GcsSubscriberPoll - 1 total (1 active), Execution time: mean = 0.000 s, total = 0.000 s, Queueing time: mean = 0.000 s, max = -0.000 s, min = 9223372036.855 s, total = 0.000 s
	ray::rpc::NodeInfoGcsService.grpc_client.GetAllNodeInfo.OnReplyReceived - 1 total (0 active), Execution time: mean = 120.300 us, total = 120.300 us, Queueing time: mean = 35.500 us, max = 35.500 us, min = 35.500 us, total = 35.500 us
	ray::rpc::WorkerInfoGcsService.grpc_client.AddWorkerInfo.OnReplyReceived - 1 total (0 active), Execution time: mean = 28.400 us, total = 28.400 us, Queueing time: mean = 29.900 us, max = 29.900 us, min = 29.900 us, total = 29.900 us
	ray::rpc::NodeInfoGcsService.grpc_client.GetAllNodeInfo - 1 total (0 active), Execution time: mean = 614.400 us, total = 614.400 us, Queueing time: mean = 0.000 s, max = -0.000 s, min = 9223372036.855 s, total = 0.000 s

-----------------
Task execution event stats:

Global stats: 0 total (0 active)
Queueing time: mean = -nan(ind) s, max = -0.000 s, min = 9223372036.855 s, total = 0.000 s
Execution time:  mean = -nan(ind) s, total = 0.000 s
Event stats:

-----------------
Task Event stats:

IO Service Stats:

Global stats: 4 total (1 active)
Queueing time: mean = 12.350 us, max = 28.700 us, min = 20.700 us, total = 49.400 us
Execution time:  mean = 196.725 us, total = 786.900 us
Event stats:
	CoreWorker.deadline_timer.flush_task_events - 1 total (1 active), Execution time: mean = 0.000 s, total = 0.000 s, Queueing time: mean = 0.000 s, max = -0.000 s, min = 9223372036.855 s, total = 0.000 s
	ray::rpc::TaskInfoGcsService.grpc_client.AddTaskEventData - 1 total (0 active), Execution time: mean = 629.900 us, total = 629.900 us, Queueing time: mean = 0.000 s, max = -0.000 s, min = 9223372036.855 s, total = 0.000 s
	ray::rpc::TaskInfoGcsService.grpc_client.AddTaskEventData.OnReplyReceived - 1 total (0 active), Execution time: mean = 22.900 us, total = 22.900 us, Queueing time: mean = 20.700 us, max = 20.700 us, min = 20.700 us, total = 20.700 us
	PeriodicalRunner.RunFnPeriodically - 1 total (0 active), Execution time: mean = 134.100 us, total = 134.100 us, Queueing time: mean = 28.700 us, max = 28.700 us, min = 28.700 us, total = 28.700 us
Other Stats:
	grpc_in_progress:0
	current number of task status events in buffer: 0
	current number of profile events in buffer: 0
	current number of dropped task attempts tracked: 0
	total task events sent: 0 MiB
	total number of task attempts sent: 0
	total number of task attempts dropped reported: 0
	total number of sent failure: 0
	num status task events dropped: 0
	num profile task events dropped: 0


[2025-10-16 23:06:13,719 I 79912 65396] event.cc:500: Ray Event initialized for CORE_WORKER
[2025-10-16 23:06:13,719 I 79912 65396] event.cc:500: Ray Event initialized for EXPORT_TASK
[2025-10-16 23:06:13,719 I 79912 65396] event.cc:331: Set ray event level to warning
[2025-10-16 23:06:14,753 I 79912 496] core_worker.cc:1171: Exit signal received, this process will exit after all outstanding tasks have finished, exit_type=INTENDED_SYSTEM_EXIT, detail=Worker exits because it was idle (it doesn't have objects it owns while no task or actor has been scheduled) for a long time.
[2025-10-16 23:06:14,754 I 79912 65396] core_worker.cc:1102: Sending disconnect message to the local raylet.
[2025-10-16 23:06:14,754 I 79912 65396] raylet_client.cc:73: RayletClient::Disconnect, exit_type=INTENDED_SYSTEM_EXIT, exit_detail=Worker exits because it was idle (it doesn't have objects it owns while no task or actor has been scheduled) for a long time., has creation_task_exception_pb_bytes=0
[2025-10-16 23:06:14,754 I 79912 65396] core_worker.cc:1108: Disconnected from the local raylet.
[2025-10-16 23:06:14,754 I 79912 65396] core_worker.cc:1017: Shutting down a core worker.
[2025-10-16 23:06:14,754 I 79912 65396] task_event_buffer.cc:292: Shutting down TaskEventBuffer.
[2025-10-16 23:06:14,754 I 79912 78460] task_event_buffer.cc:260: Task event buffer io service stopped.
[2025-10-16 23:06:14,754 I 79912 65396] core_worker.cc:1039: Waiting for joining a core worker io thread. If it hangs here, there might be deadlock or a high load in the core worker io service.
[2025-10-16 23:06:14,754 I 79912 496] core_worker.cc:1275: Core worker main io service stopped.
[2025-10-16 23:06:14,826 I 79912 65396] core_worker.cc:1051: Disconnecting a GCS client.
[2025-10-16 23:06:14,827 I 79912 65396] core_worker.cc:1058: Core worker ready to be deallocated.
[2025-10-16 23:06:14,827 I 79912 65396] core_worker_process.cc:330: Task execution loop terminated. Removing the global worker.
[2025-10-16 23:06:14,827 I 79912 65396] core_worker.cc:1008: Core worker is destructed
[2025-10-16 23:06:14,827 I 79912 65396] task_event_buffer.cc:292: Shutting down TaskEventBuffer.
[2025-10-16 23:06:14,827 I 79912 65396] core_worker_process.cc:232: Destructing CoreWorkerProcessImpl. pid: 79912
[2025-10-16 23:06:14,828 I 79912 65396] io_service_pool.cc:47: IOServicePool is stopped.
[2025-10-16 23:06:15,277 I 79912 65396] stats.h:120: Stats module has shutdown.
[2025-10-16 23:06:15,298 W 79912 65396] core_worker_process.cc:246: The core worker process is not initialized yet or already shutdown.
