[2025-10-16 23:06:13,638 I 45472 71872] core_worker_process.cc:187: Constructing CoreWorkerProcess. pid: 45472
[2025-10-16 23:06:13,642 I 45472 71872] io_service_pool.cc:35: IOServicePool is running with 1 io_service.
[2025-10-16 23:06:13,645 I 45472 71872] grpc_server.cc:137: worker server started, listening on port 50573.
[2025-10-16 23:06:13,646 I 45472 71872] core_worker.cc:526: Initializing worker at address: 127.0.0.1:50573 worker_id=7fbfe39fea0dc15a3ed975663578985136b7698d663eb31d285bcf40 node_id=5cc95021b0aa55b4cf339f6b0724667cba24c3b6569bb82182233ea3
[2025-10-16 23:06:13,648 I 45472 71872] task_event_buffer.cc:281: Reporting task events to GCS every 1000ms.
[2025-10-16 23:06:13,650 I 45472 48528] accessor.cc:760: Received notification for node, IsAlive = 1 node_id=5cc95021b0aa55b4cf339f6b0724667cba24c3b6569bb82182233ea3
[2025-10-16 23:06:13,650 I 45472 48528] core_worker.cc:5080: Number of alive nodes:1
[2025-10-16 23:06:13,651 I 45472 48528] core_worker.cc:914: Event stats:


Global stats: 12 total (4 active)
Queueing time: mean = 25.000 us, max = 172.600 us, min = 21.700 us, total = 300.000 us
Execution time:  mean = 195.708 us, total = 2.349 ms
Event stats:
	PeriodicalRunner.RunFnPeriodically - 3 total (1 active, 1 running), Execution time: mean = 10.533 us, total = 31.600 us, Queueing time: mean = 64.767 us, max = 172.600 us, min = 21.700 us, total = 194.300 us
	ray::rpc::InternalPubSubGcsService.grpc_client.GcsSubscriberPoll - 1 total (1 active), Execution time: mean = 0.000 s, total = 0.000 s, Queueing time: mean = 0.000 s, max = -0.000 s, min = 9223372036.855 s, total = 0.000 s
	ray::rpc::WorkerInfoGcsService.grpc_client.AddWorkerInfo - 1 total (0 active), Execution time: mean = 670.700 us, total = 670.700 us, Queueing time: mean = 0.000 s, max = -0.000 s, min = 9223372036.855 s, total = 0.000 s
	ray::rpc::InternalPubSubGcsService.grpc_client.GcsSubscriberCommandBatch.OnReplyReceived - 1 total (0 active), Execution time: mean = 180.600 us, total = 180.600 us, Queueing time: mean = 53.700 us, max = 53.700 us, min = 53.700 us, total = 53.700 us
	ray::rpc::NodeInfoGcsService.grpc_client.GetAllNodeInfo.OnReplyReceived - 1 total (0 active), Execution time: mean = 101.500 us, total = 101.500 us, Queueing time: mean = 26.400 us, max = 26.400 us, min = 26.400 us, total = 26.400 us
	ray::rpc::NodeInfoGcsService.grpc_client.GetAllNodeInfo - 1 total (0 active), Execution time: mean = 492.000 us, total = 492.000 us, Queueing time: mean = 0.000 s, max = -0.000 s, min = 9223372036.855 s, total = 0.000 s
	ray::rpc::WorkerInfoGcsService.grpc_client.AddWorkerInfo.OnReplyReceived - 1 total (0 active), Execution time: mean = 30.300 us, total = 30.300 us, Queueing time: mean = 25.600 us, max = 25.600 us, min = 25.600 us, total = 25.600 us
	ray::rpc::InternalPubSubGcsService.grpc_client.GcsSubscriberCommandBatch - 1 total (0 active), Execution time: mean = 841.800 us, total = 841.800 us, Queueing time: mean = 0.000 s, max = -0.000 s, min = 9223372036.855 s, total = 0.000 s
	CoreWorker.ExitIfParentRayletDies - 1 total (1 active), Execution time: mean = 0.000 s, total = 0.000 s, Queueing time: mean = 0.000 s, max = -0.000 s, min = 9223372036.855 s, total = 0.000 s
	Publisher.CheckDeadSubscribers - 1 total (1 active), Execution time: mean = 0.000 s, total = 0.000 s, Queueing time: mean = 0.000 s, max = -0.000 s, min = 9223372036.855 s, total = 0.000 s

-----------------
Task execution event stats:

Global stats: 0 total (0 active)
Queueing time: mean = -nan(ind) s, max = -0.000 s, min = 9223372036.855 s, total = 0.000 s
Execution time:  mean = -nan(ind) s, total = 0.000 s
Event stats:

-----------------
Task Event stats:

IO Service Stats:

Global stats: 4 total (1 active)
Queueing time: mean = 12.650 us, max = 30.900 us, min = 19.700 us, total = 50.600 us
Execution time:  mean = 279.025 us, total = 1.116 ms
Event stats:
	ray::rpc::TaskInfoGcsService.grpc_client.AddTaskEventData - 1 total (0 active), Execution time: mean = 916.700 us, total = 916.700 us, Queueing time: mean = 0.000 s, max = -0.000 s, min = 9223372036.855 s, total = 0.000 s
	CoreWorker.deadline_timer.flush_task_events - 1 total (1 active), Execution time: mean = 0.000 s, total = 0.000 s, Queueing time: mean = 0.000 s, max = -0.000 s, min = 9223372036.855 s, total = 0.000 s
	ray::rpc::TaskInfoGcsService.grpc_client.AddTaskEventData.OnReplyReceived - 1 total (0 active), Execution time: mean = 24.600 us, total = 24.600 us, Queueing time: mean = 19.700 us, max = 19.700 us, min = 19.700 us, total = 19.700 us
	PeriodicalRunner.RunFnPeriodically - 1 total (0 active), Execution time: mean = 174.800 us, total = 174.800 us, Queueing time: mean = 30.900 us, max = 30.900 us, min = 30.900 us, total = 30.900 us
Other Stats:
	grpc_in_progress:0
	current number of task status events in buffer: 0
	current number of profile events in buffer: 0
	current number of dropped task attempts tracked: 0
	total task events sent: 0 MiB
	total number of task attempts sent: 0
	total number of task attempts dropped reported: 0
	total number of sent failure: 0
	num status task events dropped: 0
	num profile task events dropped: 0


[2025-10-16 23:06:13,653 I 45472 71872] event.cc:500: Ray Event initialized for CORE_WORKER
[2025-10-16 23:06:13,654 I 45472 71872] event.cc:500: Ray Event initialized for EXPORT_TASK
[2025-10-16 23:06:13,654 I 45472 71872] event.cc:331: Set ray event level to warning
[2025-10-16 23:06:14,754 I 45472 48528] core_worker.cc:1171: Exit signal received, this process will exit after all outstanding tasks have finished, exit_type=INTENDED_SYSTEM_EXIT, detail=Worker exits because it was idle (it doesn't have objects it owns while no task or actor has been scheduled) for a long time.
[2025-10-16 23:06:14,756 I 45472 71872] core_worker.cc:1102: Sending disconnect message to the local raylet.
[2025-10-16 23:06:14,756 I 45472 71872] raylet_client.cc:73: RayletClient::Disconnect, exit_type=INTENDED_SYSTEM_EXIT, exit_detail=Worker exits because it was idle (it doesn't have objects it owns while no task or actor has been scheduled) for a long time., has creation_task_exception_pb_bytes=0
[2025-10-16 23:06:14,756 I 45472 71872] core_worker.cc:1108: Disconnected from the local raylet.
[2025-10-16 23:06:14,756 I 45472 71872] core_worker.cc:1017: Shutting down a core worker.
[2025-10-16 23:06:14,756 I 45472 71872] task_event_buffer.cc:292: Shutting down TaskEventBuffer.
[2025-10-16 23:06:14,756 I 45472 49720] task_event_buffer.cc:260: Task event buffer io service stopped.
[2025-10-16 23:06:14,756 I 45472 71872] core_worker.cc:1039: Waiting for joining a core worker io thread. If it hangs here, there might be deadlock or a high load in the core worker io service.
[2025-10-16 23:06:14,756 I 45472 48528] core_worker.cc:1275: Core worker main io service stopped.
[2025-10-16 23:06:14,765 I 45472 71872] core_worker.cc:1051: Disconnecting a GCS client.
[2025-10-16 23:06:14,765 I 45472 71872] core_worker.cc:1058: Core worker ready to be deallocated.
[2025-10-16 23:06:14,765 I 45472 71872] core_worker_process.cc:330: Task execution loop terminated. Removing the global worker.
[2025-10-16 23:06:14,765 I 45472 71872] core_worker.cc:1008: Core worker is destructed
[2025-10-16 23:06:14,765 I 45472 71872] task_event_buffer.cc:292: Shutting down TaskEventBuffer.
[2025-10-16 23:06:14,766 I 45472 71872] core_worker_process.cc:232: Destructing CoreWorkerProcessImpl. pid: 45472
[2025-10-16 23:06:14,766 I 45472 71872] io_service_pool.cc:47: IOServicePool is stopped.
[2025-10-16 23:06:14,950 I 45472 71872] stats.h:120: Stats module has shutdown.
[2025-10-16 23:06:14,976 W 45472 71872] core_worker_process.cc:246: The core worker process is not initialized yet or already shutdown.
