[2025-10-16 23:24:37,408 I 67160 18776] (gcs_server.exe) gcs_server_main.cc:89: Ray cluster metadata ray_version=2.44.1 ray_commit=daca7b2b1a950dc7f731e34e74c76ae383794ffe
[2025-10-16 23:24:37,409 I 67160 18776] (gcs_server.exe) io_service_pool.cc:35: IOServicePool is running with 1 io_service.
[2025-10-16 23:24:37,415 I 67160 18776] (gcs_server.exe) event.cc:500: Ray Event initialized for GCS
[2025-10-16 23:24:37,415 I 67160 18776] (gcs_server.exe) event.cc:500: Ray Event initialized for EXPORT_NODE
[2025-10-16 23:24:37,415 I 67160 18776] (gcs_server.exe) event.cc:500: Ray Event initialized for EXPORT_ACTOR
[2025-10-16 23:24:37,415 I 67160 18776] (gcs_server.exe) event.cc:500: Ray Event initialized for EXPORT_DRIVER_JOB
[2025-10-16 23:24:37,416 I 67160 18776] (gcs_server.exe) event.cc:331: Set ray event level to warning
[2025-10-16 23:24:37,416 I 67160 18776] (gcs_server.exe) gcs_server.cc:73: GCS storage type is StorageType::IN_MEMORY
[2025-10-16 23:24:37,417 I 67160 18776] (gcs_server.exe) gcs_init_data.cc:42: Loading job table data.
[2025-10-16 23:24:37,417 I 67160 18776] (gcs_server.exe) gcs_init_data.cc:52: Loading node table data.
[2025-10-16 23:24:37,417 I 67160 18776] (gcs_server.exe) gcs_init_data.cc:74: Loading actor table data.
[2025-10-16 23:24:37,417 I 67160 18776] (gcs_server.exe) gcs_init_data.cc:85: Loading actor task spec table data.
[2025-10-16 23:24:37,417 I 67160 18776] (gcs_server.exe) gcs_init_data.cc:62: Loading placement group table data.
[2025-10-16 23:24:37,417 I 67160 18776] (gcs_server.exe) gcs_init_data.cc:48: Finished loading job table data, size = 0
[2025-10-16 23:24:37,417 I 67160 18776] (gcs_server.exe) gcs_init_data.cc:58: Finished loading node table data, size = 0
[2025-10-16 23:24:37,417 I 67160 18776] (gcs_server.exe) gcs_init_data.cc:81: Finished loading actor table data, size = 0
[2025-10-16 23:24:37,417 I 67160 18776] (gcs_server.exe) gcs_init_data.cc:94: Finished loading actor task spec table data, size = 0
[2025-10-16 23:24:37,417 I 67160 18776] (gcs_server.exe) gcs_init_data.cc:70: Finished loading placement group table data, size = 0
[2025-10-16 23:24:37,417 I 67160 18776] (gcs_server.exe) gcs_server.cc:157: No existing server cluster ID found. Generating new ID: 16250b66faba959772390e00ca0064714cd2c94e5094f46daea1bffb
[2025-10-16 23:24:37,418 I 67160 18776] (gcs_server.exe) gcs_server.cc:672: Autoscaler V2 enabled: 0
[2025-10-16 23:24:37,419 I 67160 18776] (gcs_server.exe) grpc_server.cc:137: GcsServer server started, listening on port 59914.
[2025-10-16 23:24:37,451 I 67160 18776] (gcs_server.exe) gcs_server.cc:245: Gcs Debug state:

GcsNodeManager: 
- RegisterNode request count: 0
- DrainNode request count: 0
- GetAllNodeInfo request count: 0

GcsActorManager: 
- RegisterActor request count: 0
- CreateActor request count: 0
- GetActorInfo request count: 0
- GetNamedActorInfo request count: 0
- GetAllActorInfo request count: 0
- KillActor request count: 0
- ListNamedActors request count: 0
- Registered actors count: 0
- Destroyed actors count: 0
- Named actors count: 0
- Unresolved actors count: 0
- Pending actors count: 0
- Created actors count: 0
- owners_: 0
- actor_to_register_callbacks_: 0
- actor_to_restart_callbacks_: 0
- actor_to_create_callbacks_: 0
- sorted_destroyed_actor_list_: 0

GcsResourceManager: 
- GetAllAvailableResources request count: 0
- GetAllTotalResources request count: 0
- GetAllResourceUsage request count: 0

GcsPlacementGroupManager: 
- CreatePlacementGroup request count: 0
- RemovePlacementGroup request count: 0
- GetPlacementGroup request count: 0
- GetAllPlacementGroup request count: 0
- WaitPlacementGroupUntilReady request count: 0
- GetNamedPlacementGroup request count: 0
- Scheduling pending placement group count: 0
- Registered placement groups count: 0
- Named placement group count: 0
- Pending placement groups count: 0
- Infeasible placement groups count: 0

Publisher:

[runtime env manager] ID to URIs table:
[runtime env manager] URIs reference table:

GcsTaskManager: 
-Total num task events reported: 0
-Total num status task events dropped: 0
-Total num profile events dropped: 0
-Current num of task events stored: 0
-Total num of actor creation tasks: 0
-Total num of actor tasks: 0
-Total num of normal tasks: 0
-Total num of driver tasks: 0

GcsAutoscalerStateManager: 
- last_seen_autoscaler_state_version_: 0
- last_cluster_resource_state_version_: 0
- pending demands:



[2025-10-16 23:24:37,451 I 67160 18776] (gcs_server.exe) gcs_server.cc:870: Main service Event stats:


Global stats: 24 total (4 active)
Queueing time: mean = 12.833 ms, max = 33.529 ms, min = 200.000 ns, total = 307.996 ms
Execution time:  mean = 2.809 ms, total = 67.407 ms
Event stats:
	GcsInMemoryStore.Put - 8 total (0 active), Execution time: mean = 4.193 ms, total = 33.546 ms, Queueing time: mean = 29.100 ms, max = 33.368 ms, min = 1.800 us, total = 232.802 ms
	GcsInMemoryStore.GetAll - 5 total (0 active), Execution time: mean = 6.580 us, total = 32.900 us, Queueing time: mean = 26.500 us, max = 29.000 us, min = 24.700 us, total = 132.500 us
	PeriodicalRunner.RunFnPeriodically - 4 total (2 active, 1 running), Execution time: mean = 2.350 us, total = 9.400 us, Queueing time: mean = 16.754 ms, max = 33.529 ms, min = 33.487 ms, total = 67.017 ms
	event_loop_lag_probe - 2 total (0 active), Execution time: mean = 125.250 us, total = 250.500 us, Queueing time: mean = 3.895 ms, max = 7.753 ms, min = 37.400 us, total = 7.790 ms
	GcsServer.GetOrGenerateClusterId.continuation - 1 total (0 active), Execution time: mean = 33.532 ms, total = 33.532 ms, Queueing time: mean = 200.000 ns, max = 200.000 ns, min = 200.000 ns, total = 200.000 ns
	ClusterResourceManager.ResetRemoteNodeView - 1 total (1 active), Execution time: mean = 0.000 s, total = 0.000 s, Queueing time: mean = 0.000 s, max = -0.000 s, min = 9223372036.855 s, total = 0.000 s
	GcsInitData::AsyncLoad - 1 total (0 active), Execution time: mean = 8.600 us, total = 8.600 us, Queueing time: mean = 1.400 us, max = 1.400 us, min = 1.400 us, total = 1.400 us
	GcsInMemoryStore.Get - 1 total (0 active), Execution time: mean = 27.800 us, total = 27.800 us, Queueing time: mean = 252.900 us, max = 252.900 us, min = 252.900 us, total = 252.900 us
	RayletLoadPulled - 1 total (1 active), Execution time: mean = 0.000 s, total = 0.000 s, Queueing time: mean = 0.000 s, max = -0.000 s, min = 9223372036.855 s, total = 0.000 s


[2025-10-16 23:24:37,451 I 67160 18776] (gcs_server.exe) gcs_server.cc:874: task_io_context Event stats:


Global stats: 4 total (1 active)
Queueing time: mean = 61.575 us, max = 228.200 us, min = 5.800 us, total = 246.300 us
Execution time:  mean = 238.925 us, total = 955.700 us
Event stats:
	event_loop_lag_probe - 2 total (0 active), Execution time: mean = 475.800 us, total = 951.600 us, Queueing time: mean = 117.000 us, max = 228.200 us, min = 5.800 us, total = 234.000 us
	GcsTaskManager.GcJobSummary - 1 total (1 active), Execution time: mean = 0.000 s, total = 0.000 s, Queueing time: mean = 0.000 s, max = -0.000 s, min = 9223372036.855 s, total = 0.000 s
	PeriodicalRunner.RunFnPeriodically - 1 total (0 active), Execution time: mean = 4.100 us, total = 4.100 us, Queueing time: mean = 12.300 us, max = 12.300 us, min = 12.300 us, total = 12.300 us


[2025-10-16 23:24:37,451 I 67160 18776] (gcs_server.exe) gcs_server.cc:874: pubsub_io_context Event stats:


Global stats: 4 total (1 active)
Queueing time: mean = 84.325 us, max = 312.100 us, min = 1.600 us, total = 337.300 us
Execution time:  mean = 242.425 us, total = 969.700 us
Event stats:
	event_loop_lag_probe - 2 total (0 active), Execution time: mean = 481.950 us, total = 963.900 us, Queueing time: mean = 156.850 us, max = 312.100 us, min = 1.600 us, total = 313.700 us
	Publisher.CheckDeadSubscribers - 1 total (1 active), Execution time: mean = 0.000 s, total = 0.000 s, Queueing time: mean = 0.000 s, max = -0.000 s, min = 9223372036.855 s, total = 0.000 s
	PeriodicalRunner.RunFnPeriodically - 1 total (0 active), Execution time: mean = 5.800 us, total = 5.800 us, Queueing time: mean = 23.600 us, max = 23.600 us, min = 23.600 us, total = 23.600 us


[2025-10-16 23:24:37,451 I 67160 18776] (gcs_server.exe) gcs_server.cc:874: ray_syncer_io_context Event stats:


Global stats: 4 total (0 active)
Queueing time: mean = 115.875 us, max = 433.900 us, min = 1.200 us, total = 463.500 us
Execution time:  mean = 47.100 us, total = 188.400 us
Event stats:
	event_loop_lag_probe - 2 total (0 active), Execution time: mean = 92.050 us, total = 184.100 us, Queueing time: mean = 217.550 us, max = 433.900 us, min = 1.200 us, total = 435.100 us
	RaySyncerRegister - 2 total (0 active), Execution time: mean = 2.150 us, total = 4.300 us, Queueing time: mean = 14.200 us, max = 15.900 us, min = 12.500 us, total = 28.400 us


[2025-10-16 23:24:38,822 I 67160 18776] (gcs_server.exe) gcs_node_manager.cc:88: Registering node info, address = 127.0.0.1, node name = 127.0.0.1 node_id=0c68fd3bdbbb7de7cdddb49a9c81c23906fe48ddb7b690d2134ce7cd
[2025-10-16 23:24:38,822 I 67160 18776] (gcs_server.exe) gcs_node_manager.cc:94: Finished registering node info, address = 127.0.0.1, node name = 127.0.0.1, is_head_node = 1 node_id=0c68fd3bdbbb7de7cdddb49a9c81c23906fe48ddb7b690d2134ce7cd
[2025-10-16 23:24:38,822 I 67160 18776] (gcs_server.exe) gcs_placement_group_manager.cc:830: A new node: 0c68fd3bdbbb7de7cdddb49a9c81c23906fe48ddb7b690d2134ce7cd registered, will try to reschedule all the infeasible placement groups.
[2025-10-16 23:24:38,825 I 67160 48268] (gcs_server.exe) ray_syncer.cc:244: Get connection node_id=0c68fd3bdbbb7de7cdddb49a9c81c23906fe48ddb7b690d2134ce7cd
[2025-10-16 23:24:41,873 I 67160 18776] (gcs_server.exe) gcs_job_manager.cc:90: Adding job, job id = 01000000, driver pid = 18580
[2025-10-16 23:24:41,873 I 67160 18776] (gcs_server.exe) gcs_job_manager.cc:111: Finished adding job, job id = 01000000, driver pid = 18580
[2025-10-16 23:24:49,495 W 67160 19436] (gcs_server.exe) metric_exporter.cc:105: [1] Export metrics to agent failed: RpcError: RPC Error message: failed to connect to all addresses; last error: UNAVAILABLE: ipv4:127.0.0.1:65386: Connection refused; RPC Error details: . This won't affect Ray, but you can lose metrics from the cluster.
[2025-10-16 23:24:57,574 I 67160 18776] (gcs_server.exe) gcs_job_manager.cc:149: Finished marking job state, job id = 01000000
[2025-10-16 23:24:58,054 I 67160 18776] (gcs_server.exe) gcs_node_manager.cc:382: Removing node, node name = 127.0.0.1, death reason = EXPECTED_TERMINATION, death message = received SIGTERM node_id=0c68fd3bdbbb7de7cdddb49a9c81c23906fe48ddb7b690d2134ce7cd
[2025-10-16 23:24:58,054 I 67160 18776] (gcs_server.exe) gcs_placement_group_manager.cc:800: Node failed, rescheduling the placement groups on the dead node. node_id=0c68fd3bdbbb7de7cdddb49a9c81c23906fe48ddb7b690d2134ce7cd
[2025-10-16 23:24:58,054 I 67160 18776] (gcs_server.exe) gcs_actor_manager.cc:1292: Node failed, reconstructing actors. node_id=0c68fd3bdbbb7de7cdddb49a9c81c23906fe48ddb7b690d2134ce7cd
[2025-10-16 23:24:58,054 I 67160 18776] (gcs_server.exe) gcs_job_manager.cc:467: Node failed, mark all jobs from this node as finished node_id=0c68fd3bdbbb7de7cdddb49a9c81c23906fe48ddb7b690d2134ce7cd
[2025-10-16 23:24:58,269 I 67160 80552] (gcs_server.exe) ray_syncer_bidi_reactor_base.h:182: Failed to read the message from: 0c68fd3bdbbb7de7cdddb49a9c81c23906fe48ddb7b690d2134ce7cd
[2025-10-16 23:24:58,269 I 67160 80552] (gcs_server.exe) ray_syncer.cc:241: Connection is broken. node_id=0c68fd3bdbbb7de7cdddb49a9c81c23906fe48ddb7b690d2134ce7cd
[2025-10-16 23:24:58,272 I 67160 18776] (gcs_server.exe) gcs_server_main.cc:169: GCS server received SIGTERM, shutting down...
[2025-10-16 23:24:58,272 I 67160 18776] (gcs_server.exe) gcs_server.cc:267: Stopping GCS server.
[2025-10-16 23:24:58,306 I 67160 18776] (gcs_server.exe) gcs_server.cc:284: GCS server stopped.
[2025-10-16 23:24:58,306 I 67160 18776] (gcs_server.exe) io_service_pool.cc:47: IOServicePool is stopped.
[2025-10-16 23:24:58,422 I 67160 18776] (gcs_server.exe) stats.h:120: Stats module has shutdown.
