2025-10-16 23:24:40,812	INFO log_monitor.py:155 -- Starting log monitor with [max open files=200], [is_autoscaler_v2=False]
2025-10-16 23:24:40,815	INFO log_monitor.py:278 -- Beginning to track file raylet.err
2025-10-16 23:24:40,815	INFO log_monitor.py:278 -- Beginning to track file monitor.log
2025-10-16 23:24:40,816	INFO log_monitor.py:278 -- Beginning to track file gcs_server.err
2025-10-16 23:24:41,228	INFO log_monitor.py:278 -- Beginning to track file worker-2095adb3e7bc2b2f766396c49c654936c09fe22d956580f17057b7a4-ffffffff-45184.err
2025-10-16 23:24:41,228	INFO log_monitor.py:278 -- Beginning to track file worker-2095adb3e7bc2b2f766396c49c654936c09fe22d956580f17057b7a4-ffffffff-45184.out
2025-10-16 23:24:41,228	INFO log_monitor.py:278 -- Beginning to track file worker-26067762807c2b6e27ac6874786fb667c8a1e56b4362d7e054b26220-ffffffff-25020.err
2025-10-16 23:24:41,229	INFO log_monitor.py:278 -- Beginning to track file worker-26067762807c2b6e27ac6874786fb667c8a1e56b4362d7e054b26220-ffffffff-25020.out
2025-10-16 23:24:41,230	INFO log_monitor.py:278 -- Beginning to track file worker-994f6f01032937e2b953476636d45e2a1ef95eb3c3e96ffda894fba4-ffffffff-67100.err
2025-10-16 23:24:41,230	INFO log_monitor.py:278 -- Beginning to track file worker-994f6f01032937e2b953476636d45e2a1ef95eb3c3e96ffda894fba4-ffffffff-67100.out
2025-10-16 23:24:41,332	INFO log_monitor.py:278 -- Beginning to track file worker-45b4f86044b21cec22d81430abc2d6c83a4055f07d02c6fea7dc6b52-ffffffff-65292.err
2025-10-16 23:24:41,333	INFO log_monitor.py:278 -- Beginning to track file worker-45b4f86044b21cec22d81430abc2d6c83a4055f07d02c6fea7dc6b52-ffffffff-65292.out
2025-10-16 23:24:41,435	INFO log_monitor.py:278 -- Beginning to track file worker-f2fe0a2de0ddda9bb91622d15bb50438f85593667620cabb3bd4f0a2-ffffffff-9624.err
2025-10-16 23:24:41,436	INFO log_monitor.py:278 -- Beginning to track file worker-f2fe0a2de0ddda9bb91622d15bb50438f85593667620cabb3bd4f0a2-ffffffff-9624.out
2025-10-16 23:24:41,641	INFO log_monitor.py:278 -- Beginning to track file worker-7294123aa66ded411b2fc5fbf024f9cd7b026ce81f70cdaf50c87d23-ffffffff-61740.err
2025-10-16 23:24:41,642	INFO log_monitor.py:278 -- Beginning to track file worker-7294123aa66ded411b2fc5fbf024f9cd7b026ce81f70cdaf50c87d23-ffffffff-61740.out
2025-10-16 23:24:41,642	INFO log_monitor.py:278 -- Beginning to track file worker-ab3422b52328683f95d9bad2c0dc1c9621bcbfb2fe48f5a97166a412-ffffffff-23476.err
2025-10-16 23:24:41,642	INFO log_monitor.py:278 -- Beginning to track file worker-ab3422b52328683f95d9bad2c0dc1c9621bcbfb2fe48f5a97166a412-ffffffff-23476.out
2025-10-16 23:24:41,642	INFO log_monitor.py:278 -- Beginning to track file worker-fee06204c93201c9359e8e1a47dcea4fc81abf5e8a99a9f92486990d-ffffffff-3980.err
2025-10-16 23:24:41,642	INFO log_monitor.py:278 -- Beginning to track file worker-fee06204c93201c9359e8e1a47dcea4fc81abf5e8a99a9f92486990d-ffffffff-3980.out
2025-10-16 23:24:41,744	INFO log_monitor.py:278 -- Beginning to track file worker-2e5fb193e51cefb342d7658c542641fa8f66fd4dab5cd8ca3b8de34e-ffffffff-9476.err
2025-10-16 23:24:41,745	INFO log_monitor.py:278 -- Beginning to track file worker-2e5fb193e51cefb342d7658c542641fa8f66fd4dab5cd8ca3b8de34e-ffffffff-9476.out
2025-10-16 23:24:41,745	INFO log_monitor.py:278 -- Beginning to track file worker-530abc5ac865b7b0078c1233018596be6c478c2e8e6ecd48c1bee296-ffffffff-57916.err
2025-10-16 23:24:41,745	INFO log_monitor.py:278 -- Beginning to track file worker-530abc5ac865b7b0078c1233018596be6c478c2e8e6ecd48c1bee296-ffffffff-57916.out
2025-10-16 23:24:41,745	INFO log_monitor.py:278 -- Beginning to track file worker-5aa9280208bdd46e0bf8864a80ce867d2fef368120e063019a8d8d39-ffffffff-82628.err
2025-10-16 23:24:41,745	INFO log_monitor.py:278 -- Beginning to track file worker-5aa9280208bdd46e0bf8864a80ce867d2fef368120e063019a8d8d39-ffffffff-82628.out
2025-10-16 23:24:41,745	INFO log_monitor.py:278 -- Beginning to track file worker-b983fe89520abb2abd2dbbfca07b7c7547141970da5903670817a2fc-ffffffff-77136.err
2025-10-16 23:24:41,745	INFO log_monitor.py:278 -- Beginning to track file worker-b983fe89520abb2abd2dbbfca07b7c7547141970da5903670817a2fc-ffffffff-77136.out
2025-10-16 23:24:41,745	INFO log_monitor.py:278 -- Beginning to track file worker-c6001a360d8f84dfa1562c0808078f9adc8a0d956b3de1b15a2eb59b-ffffffff-14660.err
2025-10-16 23:24:41,745	INFO log_monitor.py:278 -- Beginning to track file worker-c6001a360d8f84dfa1562c0808078f9adc8a0d956b3de1b15a2eb59b-ffffffff-14660.out
2025-10-16 23:24:41,746	INFO log_monitor.py:278 -- Beginning to track file worker-cb139684be6a67f3b86f09afee9aa3b49f854dc38babe11b9b39c3f6-ffffffff-16412.err
2025-10-16 23:24:41,746	INFO log_monitor.py:278 -- Beginning to track file worker-cb139684be6a67f3b86f09afee9aa3b49f854dc38babe11b9b39c3f6-ffffffff-16412.out
2025-10-16 23:24:41,848	INFO log_monitor.py:278 -- Beginning to track file worker-7bd74260fde8620ddd3c07f56c1946f3f0592ffcc77aa9a9b2ed3752-ffffffff-41148.err
2025-10-16 23:24:41,848	INFO log_monitor.py:278 -- Beginning to track file worker-7bd74260fde8620ddd3c07f56c1946f3f0592ffcc77aa9a9b2ed3752-ffffffff-41148.out
2025-10-16 23:24:41,848	INFO log_monitor.py:278 -- Beginning to track file worker-8f17db81c2cb999f0eecd7210de1e39d9dabaaa1a95f2964af0b85c2-ffffffff-41608.err
2025-10-16 23:24:41,849	INFO log_monitor.py:278 -- Beginning to track file worker-8f17db81c2cb999f0eecd7210de1e39d9dabaaa1a95f2964af0b85c2-ffffffff-41608.out
2025-10-16 23:24:41,951	INFO log_monitor.py:278 -- Beginning to track file worker-e2f965be6d0e7f67471e11358e12170c39e7a213a9b2a51815ab50a2-ffffffff-64004.err
2025-10-16 23:24:41,952	INFO log_monitor.py:278 -- Beginning to track file worker-e2f965be6d0e7f67471e11358e12170c39e7a213a9b2a51815ab50a2-ffffffff-64004.out
