[2025-10-16 23:24:41,435 I 9624 24100] core_worker_process.cc:187: Constructing CoreWorkerProcess. pid: 9624
[2025-10-16 23:24:41,439 I 9624 24100] io_service_pool.cc:35: IOServicePool is running with 1 io_service.
[2025-10-16 23:24:41,442 I 9624 24100] grpc_server.cc:137: worker server started, listening on port 49706.
[2025-10-16 23:24:41,444 I 9624 24100] core_worker.cc:526: Initializing worker at address: 127.0.0.1:49706 worker_id=f2fe0a2de0ddda9bb91622d15bb50438f85593667620cabb3bd4f0a2 node_id=0c68fd3bdbbb7de7cdddb49a9c81c23906fe48ddb7b690d2134ce7cd
[2025-10-16 23:24:41,446 I 9624 24100] task_event_buffer.cc:281: Reporting task events to GCS every 1000ms.
[2025-10-16 23:24:41,448 I 9624 52564] accessor.cc:760: Received notification for node, IsAlive = 1 node_id=0c68fd3bdbbb7de7cdddb49a9c81c23906fe48ddb7b690d2134ce7cd
[2025-10-16 23:24:41,449 I 9624 52564] core_worker.cc:5080: Number of alive nodes:1
[2025-10-16 23:24:41,449 I 9624 52564] core_worker.cc:914: Event stats:


Global stats: 12 total (4 active)
Queueing time: mean = 32.942 us, max = 247.100 us, min = 18.800 us, total = 395.300 us
Execution time:  mean = 251.150 us, total = 3.014 ms
Event stats:
	PeriodicalRunner.RunFnPeriodically - 3 total (1 active, 1 running), Execution time: mean = 20.300 us, total = 60.900 us, Queueing time: mean = 88.633 us, max = 247.100 us, min = 18.800 us, total = 265.900 us
	ray::rpc::InternalPubSubGcsService.grpc_client.GcsSubscriberCommandBatch - 1 total (0 active), Execution time: mean = 867.600 us, total = 867.600 us, Queueing time: mean = 0.000 s, max = -0.000 s, min = 9223372036.855 s, total = 0.000 s
	ray::rpc::WorkerInfoGcsService.grpc_client.AddWorkerInfo.OnReplyReceived - 1 total (0 active), Execution time: mean = 41.600 us, total = 41.600 us, Queueing time: mean = 41.800 us, max = 41.800 us, min = 41.800 us, total = 41.800 us
	ray::rpc::NodeInfoGcsService.grpc_client.GetAllNodeInfo - 1 total (0 active), Execution time: mean = 626.300 us, total = 626.300 us, Queueing time: mean = 0.000 s, max = -0.000 s, min = 9223372036.855 s, total = 0.000 s
	ray::rpc::NodeInfoGcsService.grpc_client.GetAllNodeInfo.OnReplyReceived - 1 total (0 active), Execution time: mean = 207.400 us, total = 207.400 us, Queueing time: mean = 21.300 us, max = 21.300 us, min = 21.300 us, total = 21.300 us
	ray::rpc::InternalPubSubGcsService.grpc_client.GcsSubscriberPoll - 1 total (1 active), Execution time: mean = 0.000 s, total = 0.000 s, Queueing time: mean = 0.000 s, max = -0.000 s, min = 9223372036.855 s, total = 0.000 s
	CoreWorker.ExitIfParentRayletDies - 1 total (1 active), Execution time: mean = 0.000 s, total = 0.000 s, Queueing time: mean = 0.000 s, max = -0.000 s, min = 9223372036.855 s, total = 0.000 s
	ray::rpc::WorkerInfoGcsService.grpc_client.AddWorkerInfo - 1 total (0 active), Execution time: mean = 891.400 us, total = 891.400 us, Queueing time: mean = 0.000 s, max = -0.000 s, min = 9223372036.855 s, total = 0.000 s
	Publisher.CheckDeadSubscribers - 1 total (1 active), Execution time: mean = 0.000 s, total = 0.000 s, Queueing time: mean = 0.000 s, max = -0.000 s, min = 9223372036.855 s, total = 0.000 s
	ray::rpc::InternalPubSubGcsService.grpc_client.GcsSubscriberCommandBatch.OnReplyReceived - 1 total (0 active), Execution time: mean = 318.600 us, total = 318.600 us, Queueing time: mean = 66.300 us, max = 66.300 us, min = 66.300 us, total = 66.300 us

-----------------
Task execution event stats:

Global stats: 0 total (0 active)
Queueing time: mean = -nan(ind) s, max = -0.000 s, min = 9223372036.855 s, total = 0.000 s
Execution time:  mean = -nan(ind) s, total = 0.000 s
Event stats:

-----------------
Task Event stats:

IO Service Stats:

Global stats: 4 total (1 active)
Queueing time: mean = 16.400 us, max = 36.900 us, min = 28.700 us, total = 65.600 us
Execution time:  mean = 299.975 us, total = 1.200 ms
Event stats:
	PeriodicalRunner.RunFnPeriodically - 1 total (0 active), Execution time: mean = 397.000 us, total = 397.000 us, Queueing time: mean = 28.700 us, max = 28.700 us, min = 28.700 us, total = 28.700 us
	CoreWorker.deadline_timer.flush_task_events - 1 total (1 active), Execution time: mean = 0.000 s, total = 0.000 s, Queueing time: mean = 0.000 s, max = -0.000 s, min = 9223372036.855 s, total = 0.000 s
	ray::rpc::TaskInfoGcsService.grpc_client.AddTaskEventData - 1 total (0 active), Execution time: mean = 653.800 us, total = 653.800 us, Queueing time: mean = 0.000 s, max = -0.000 s, min = 9223372036.855 s, total = 0.000 s
	ray::rpc::TaskInfoGcsService.grpc_client.AddTaskEventData.OnReplyReceived - 1 total (0 active), Execution time: mean = 149.100 us, total = 149.100 us, Queueing time: mean = 36.900 us, max = 36.900 us, min = 36.900 us, total = 36.900 us
Other Stats:
	grpc_in_progress:0
	current number of task status events in buffer: 0
	current number of profile events in buffer: 0
	current number of dropped task attempts tracked: 0
	total task events sent: 0 MiB
	total number of task attempts sent: 0
	total number of task attempts dropped reported: 0
	total number of sent failure: 0
	num status task events dropped: 0
	num profile task events dropped: 0


[2025-10-16 23:24:41,453 I 9624 24100] event.cc:500: Ray Event initialized for CORE_WORKER
[2025-10-16 23:24:41,453 I 9624 24100] event.cc:500: Ray Event initialized for EXPORT_TASK
[2025-10-16 23:24:41,453 I 9624 24100] event.cc:331: Set ray event level to warning
[2025-10-16 23:24:42,482 I 9624 52564] core_worker.cc:1171: Exit signal received, this process will exit after all outstanding tasks have finished, exit_type=INTENDED_SYSTEM_EXIT, detail=Worker exits because it was idle (it doesn't have objects it owns while no task or actor has been scheduled) for a long time.
[2025-10-16 23:24:42,483 I 9624 24100] core_worker.cc:1102: Sending disconnect message to the local raylet.
[2025-10-16 23:24:42,483 I 9624 24100] raylet_client.cc:73: RayletClient::Disconnect, exit_type=INTENDED_SYSTEM_EXIT, exit_detail=Worker exits because it was idle (it doesn't have objects it owns while no task or actor has been scheduled) for a long time., has creation_task_exception_pb_bytes=0
[2025-10-16 23:24:42,484 I 9624 24100] core_worker.cc:1108: Disconnected from the local raylet.
[2025-10-16 23:24:42,484 I 9624 24100] core_worker.cc:1017: Shutting down a core worker.
[2025-10-16 23:24:42,484 I 9624 24100] task_event_buffer.cc:292: Shutting down TaskEventBuffer.
[2025-10-16 23:24:42,484 I 9624 16260] task_event_buffer.cc:260: Task event buffer io service stopped.
[2025-10-16 23:24:42,484 I 9624 24100] core_worker.cc:1039: Waiting for joining a core worker io thread. If it hangs here, there might be deadlock or a high load in the core worker io service.
[2025-10-16 23:24:42,484 I 9624 52564] core_worker.cc:1275: Core worker main io service stopped.
[2025-10-16 23:24:42,558 I 9624 24100] core_worker.cc:1051: Disconnecting a GCS client.
[2025-10-16 23:24:42,558 I 9624 24100] core_worker.cc:1058: Core worker ready to be deallocated.
[2025-10-16 23:24:42,558 I 9624 24100] core_worker_process.cc:330: Task execution loop terminated. Removing the global worker.
[2025-10-16 23:24:42,558 I 9624 24100] core_worker.cc:1008: Core worker is destructed
[2025-10-16 23:24:42,558 I 9624 24100] task_event_buffer.cc:292: Shutting down TaskEventBuffer.
[2025-10-16 23:24:42,743 I 9624 24100] core_worker_process.cc:232: Destructing CoreWorkerProcessImpl. pid: 9624
[2025-10-16 23:24:42,744 I 9624 24100] io_service_pool.cc:47: IOServicePool is stopped.
[2025-10-16 23:24:43,023 I 9624 24100] stats.h:120: Stats module has shutdown.
[2025-10-16 23:24:43,044 W 9624 24100] core_worker_process.cc:246: The core worker process is not initialized yet or already shutdown.
