[2025-10-16 23:24:41,559 I 23476 63628] core_worker_process.cc:187: Constructing CoreWorkerProcess. pid: 23476
[2025-10-16 23:24:41,563 I 23476 63628] io_service_pool.cc:35: IOServicePool is running with 1 io_service.
[2025-10-16 23:24:41,566 I 23476 63628] grpc_server.cc:137: worker server started, listening on port 49729.
[2025-10-16 23:24:41,595 I 23476 63628] core_worker.cc:526: Initializing worker at address: 127.0.0.1:49729 worker_id=ab3422b52328683f95d9bad2c0dc1c9621bcbfb2fe48f5a97166a412 node_id=0c68fd3bdbbb7de7cdddb49a9c81c23906fe48ddb7b690d2134ce7cd
[2025-10-16 23:24:41,641 I 23476 63628] task_event_buffer.cc:281: Reporting task events to GCS every 1000ms.
[2025-10-16 23:24:41,657 I 23476 24104] core_worker.cc:914: Event stats:


Global stats: 11 total (5 active)
Queueing time: mean = 29.745 us, max = 176.300 us, min = 15.400 us, total = 327.200 us
Execution time:  mean = 4.048 ms, total = 44.533 ms
Event stats:
	PeriodicalRunner.RunFnPeriodically - 3 total (1 active, 1 running), Execution time: mean = 12.433 us, total = 37.300 us, Queueing time: mean = 63.900 us, max = 176.300 us, min = 15.400 us, total = 191.700 us
	ray::rpc::WorkerInfoGcsService.grpc_client.AddWorkerInfo - 1 total (0 active), Execution time: mean = 30.146 ms, total = 30.146 ms, Queueing time: mean = 0.000 s, max = -0.000 s, min = 9223372036.855 s, total = 0.000 s
	Publisher.CheckDeadSubscribers - 1 total (1 active), Execution time: mean = 0.000 s, total = 0.000 s, Queueing time: mean = 0.000 s, max = -0.000 s, min = 9223372036.855 s, total = 0.000 s
	CoreWorker.ExitIfParentRayletDies - 1 total (1 active), Execution time: mean = 0.000 s, total = 0.000 s, Queueing time: mean = 0.000 s, max = -0.000 s, min = 9223372036.855 s, total = 0.000 s
	ray::rpc::InternalPubSubGcsService.grpc_client.GcsSubscriberPoll - 1 total (1 active), Execution time: mean = 0.000 s, total = 0.000 s, Queueing time: mean = 0.000 s, max = -0.000 s, min = 9223372036.855 s, total = 0.000 s
	ray::rpc::InternalPubSubGcsService.grpc_client.GcsSubscriberCommandBatch.OnReplyReceived - 1 total (0 active), Execution time: mean = 13.588 ms, total = 13.588 ms, Queueing time: mean = 22.300 us, max = 22.300 us, min = 22.300 us, total = 22.300 us
	ray::rpc::WorkerInfoGcsService.grpc_client.AddWorkerInfo.OnReplyReceived - 1 total (0 active), Execution time: mean = 42.400 us, total = 42.400 us, Queueing time: mean = 113.200 us, max = 113.200 us, min = 113.200 us, total = 113.200 us
	ray::rpc::NodeInfoGcsService.grpc_client.GetAllNodeInfo - 1 total (1 active), Execution time: mean = 0.000 s, total = 0.000 s, Queueing time: mean = 0.000 s, max = -0.000 s, min = 9223372036.855 s, total = 0.000 s
	ray::rpc::InternalPubSubGcsService.grpc_client.GcsSubscriberCommandBatch - 1 total (0 active), Execution time: mean = 719.100 us, total = 719.100 us, Queueing time: mean = 0.000 s, max = -0.000 s, min = 9223372036.855 s, total = 0.000 s

-----------------
Task execution event stats:

Global stats: 0 total (0 active)
Queueing time: mean = -nan(ind) s, max = -0.000 s, min = 9223372036.855 s, total = 0.000 s
Execution time:  mean = -nan(ind) s, total = 0.000 s
Event stats:

-----------------
Task Event stats:

IO Service Stats:

Global stats: 4 total (1 active)
Queueing time: mean = 27.450 us, max = 78.600 us, min = 31.200 us, total = 109.800 us
Execution time:  mean = 206.225 us, total = 824.900 us
Event stats:
	PeriodicalRunner.RunFnPeriodically - 1 total (0 active), Execution time: mean = 154.600 us, total = 154.600 us, Queueing time: mean = 78.600 us, max = 78.600 us, min = 78.600 us, total = 78.600 us
	CoreWorker.deadline_timer.flush_task_events - 1 total (1 active), Execution time: mean = 0.000 s, total = 0.000 s, Queueing time: mean = 0.000 s, max = -0.000 s, min = 9223372036.855 s, total = 0.000 s
	ray::rpc::TaskInfoGcsService.grpc_client.AddTaskEventData - 1 total (0 active), Execution time: mean = 644.300 us, total = 644.300 us, Queueing time: mean = 0.000 s, max = -0.000 s, min = 9223372036.855 s, total = 0.000 s
	ray::rpc::TaskInfoGcsService.grpc_client.AddTaskEventData.OnReplyReceived - 1 total (0 active), Execution time: mean = 26.000 us, total = 26.000 us, Queueing time: mean = 31.200 us, max = 31.200 us, min = 31.200 us, total = 31.200 us
Other Stats:
	grpc_in_progress:0
	current number of task status events in buffer: 0
	current number of profile events in buffer: 0
	current number of dropped task attempts tracked: 0
	total task events sent: 0 MiB
	total number of task attempts sent: 0
	total number of task attempts dropped reported: 0
	total number of sent failure: 0
	num status task events dropped: 0
	num profile task events dropped: 0


[2025-10-16 23:24:41,657 I 23476 24104] accessor.cc:760: Received notification for node, IsAlive = 1 node_id=0c68fd3bdbbb7de7cdddb49a9c81c23906fe48ddb7b690d2134ce7cd
[2025-10-16 23:24:41,657 I 23476 24104] core_worker.cc:5080: Number of alive nodes:1
[2025-10-16 23:24:41,659 I 23476 63628] event.cc:500: Ray Event initialized for CORE_WORKER
[2025-10-16 23:24:41,659 I 23476 63628] event.cc:500: Ray Event initialized for EXPORT_TASK
[2025-10-16 23:24:41,659 I 23476 63628] event.cc:331: Set ray event level to warning
[2025-10-16 23:24:42,684 I 23476 24104] core_worker.cc:1171: Exit signal received, this process will exit after all outstanding tasks have finished, exit_type=INTENDED_SYSTEM_EXIT, detail=Worker exits because it was idle (it doesn't have objects it owns while no task or actor has been scheduled) for a long time.
[2025-10-16 23:24:42,685 I 23476 63628] core_worker.cc:1102: Sending disconnect message to the local raylet.
[2025-10-16 23:24:42,686 I 23476 63628] raylet_client.cc:73: RayletClient::Disconnect, exit_type=INTENDED_SYSTEM_EXIT, exit_detail=Worker exits because it was idle (it doesn't have objects it owns while no task or actor has been scheduled) for a long time., has creation_task_exception_pb_bytes=0
[2025-10-16 23:24:42,686 I 23476 63628] core_worker.cc:1108: Disconnected from the local raylet.
[2025-10-16 23:24:42,686 I 23476 63628] core_worker.cc:1017: Shutting down a core worker.
[2025-10-16 23:24:42,686 I 23476 63628] task_event_buffer.cc:292: Shutting down TaskEventBuffer.
[2025-10-16 23:24:42,686 I 23476 44828] task_event_buffer.cc:260: Task event buffer io service stopped.
[2025-10-16 23:24:42,686 I 23476 63628] core_worker.cc:1039: Waiting for joining a core worker io thread. If it hangs here, there might be deadlock or a high load in the core worker io service.
[2025-10-16 23:24:42,686 I 23476 24104] core_worker.cc:1275: Core worker main io service stopped.
[2025-10-16 23:24:42,687 I 23476 63628] core_worker.cc:1051: Disconnecting a GCS client.
[2025-10-16 23:24:42,687 I 23476 63628] core_worker.cc:1058: Core worker ready to be deallocated.
[2025-10-16 23:24:42,687 I 23476 63628] core_worker_process.cc:330: Task execution loop terminated. Removing the global worker.
[2025-10-16 23:24:42,687 I 23476 63628] core_worker.cc:1008: Core worker is destructed
[2025-10-16 23:24:42,687 I 23476 63628] task_event_buffer.cc:292: Shutting down TaskEventBuffer.
[2025-10-16 23:24:42,947 I 23476 63628] core_worker_process.cc:232: Destructing CoreWorkerProcessImpl. pid: 23476
[2025-10-16 23:24:42,947 I 23476 63628] io_service_pool.cc:47: IOServicePool is stopped.
[2025-10-16 23:24:43,148 I 23476 63628] stats.h:120: Stats module has shutdown.
[2025-10-16 23:24:43,173 W 23476 63628] core_worker_process.cc:246: The core worker process is not initialized yet or already shutdown.
