[2025-10-16 23:24:41,559 I 61740 34480] core_worker_process.cc:187: Constructing CoreWorkerProcess. pid: 61740
[2025-10-16 23:24:41,563 I 61740 34480] io_service_pool.cc:35: IOServicePool is running with 1 io_service.
[2025-10-16 23:24:41,566 I 61740 34480] grpc_server.cc:137: worker server started, listening on port 49728.
[2025-10-16 23:24:41,610 I 61740 34480] core_worker.cc:526: Initializing worker at address: 127.0.0.1:49728 worker_id=7294123aa66ded411b2fc5fbf024f9cd7b026ce81f70cdaf50c87d23 node_id=0c68fd3bdbbb7de7cdddb49a9c81c23906fe48ddb7b690d2134ce7cd
[2025-10-16 23:24:41,641 I 61740 34480] task_event_buffer.cc:281: Reporting task events to GCS every 1000ms.
[2025-10-16 23:24:41,657 I 61740 49808] accessor.cc:760: Received notification for node, IsAlive = 1 node_id=0c68fd3bdbbb7de7cdddb49a9c81c23906fe48ddb7b690d2134ce7cd
[2025-10-16 23:24:41,657 I 61740 49808] core_worker.cc:5080: Number of alive nodes:1
[2025-10-16 23:24:41,687 I 61740 49808] core_worker.cc:914: Event stats:


Global stats: 12 total (4 active)
Queueing time: mean = 81.775 us, max = 387.900 us, min = 21.000 us, total = 981.300 us
Execution time:  mean = 3.741 ms, total = 44.897 ms
Event stats:
	PeriodicalRunner.RunFnPeriodically - 3 total (1 active, 1 running), Execution time: mean = 13.100 us, total = 39.300 us, Queueing time: mean = 73.733 us, max = 200.200 us, min = 21.000 us, total = 221.200 us
	ray::rpc::NodeInfoGcsService.grpc_client.GetAllNodeInfo - 1 total (0 active), Execution time: mean = 504.600 us, total = 504.600 us, Queueing time: mean = 0.000 s, max = -0.000 s, min = 9223372036.855 s, total = 0.000 s
	ray::rpc::WorkerInfoGcsService.grpc_client.AddWorkerInfo.OnReplyReceived - 1 total (0 active), Execution time: mean = 39.400 us, total = 39.400 us, Queueing time: mean = 333.700 us, max = 333.700 us, min = 333.700 us, total = 333.700 us
	ray::rpc::InternalPubSubGcsService.grpc_client.GcsSubscriberPoll - 1 total (1 active), Execution time: mean = 0.000 s, total = 0.000 s, Queueing time: mean = 0.000 s, max = -0.000 s, min = 9223372036.855 s, total = 0.000 s
	CoreWorker.ExitIfParentRayletDies - 1 total (1 active), Execution time: mean = 0.000 s, total = 0.000 s, Queueing time: mean = 0.000 s, max = -0.000 s, min = 9223372036.855 s, total = 0.000 s
	ray::rpc::WorkerInfoGcsService.grpc_client.AddWorkerInfo - 1 total (0 active), Execution time: mean = 29.657 ms, total = 29.657 ms, Queueing time: mean = 0.000 s, max = -0.000 s, min = 9223372036.855 s, total = 0.000 s
	Publisher.CheckDeadSubscribers - 1 total (1 active), Execution time: mean = 0.000 s, total = 0.000 s, Queueing time: mean = 0.000 s, max = -0.000 s, min = 9223372036.855 s, total = 0.000 s
	ray::rpc::InternalPubSubGcsService.grpc_client.GcsSubscriberCommandBatch - 1 total (0 active), Execution time: mean = 14.257 ms, total = 14.257 ms, Queueing time: mean = 0.000 s, max = -0.000 s, min = 9223372036.855 s, total = 0.000 s
	ray::rpc::InternalPubSubGcsService.grpc_client.GcsSubscriberCommandBatch.OnReplyReceived - 1 total (0 active), Execution time: mean = 260.500 us, total = 260.500 us, Queueing time: mean = 387.900 us, max = 387.900 us, min = 387.900 us, total = 387.900 us
	ray::rpc::NodeInfoGcsService.grpc_client.GetAllNodeInfo.OnReplyReceived - 1 total (0 active), Execution time: mean = 139.100 us, total = 139.100 us, Queueing time: mean = 38.500 us, max = 38.500 us, min = 38.500 us, total = 38.500 us

-----------------
Task execution event stats:

Global stats: 0 total (0 active)
Queueing time: mean = -nan(ind) s, max = -0.000 s, min = 9223372036.855 s, total = 0.000 s
Execution time:  mean = -nan(ind) s, total = 0.000 s
Event stats:

-----------------
Task Event stats:

IO Service Stats:

Global stats: 4 total (1 active)
Queueing time: mean = 13.625 us, max = 33.900 us, min = 20.600 us, total = 54.500 us
Execution time:  mean = 7.275 ms, total = 29.099 ms
Event stats:
	PeriodicalRunner.RunFnPeriodically - 1 total (0 active), Execution time: mean = 14.345 ms, total = 14.345 ms, Queueing time: mean = 33.900 us, max = 33.900 us, min = 33.900 us, total = 33.900 us
	ray::rpc::TaskInfoGcsService.grpc_client.AddTaskEventData - 1 total (0 active), Execution time: mean = 14.728 ms, total = 14.728 ms, Queueing time: mean = 0.000 s, max = -0.000 s, min = 9223372036.855 s, total = 0.000 s
	CoreWorker.deadline_timer.flush_task_events - 1 total (1 active), Execution time: mean = 0.000 s, total = 0.000 s, Queueing time: mean = 0.000 s, max = -0.000 s, min = 9223372036.855 s, total = 0.000 s
	ray::rpc::TaskInfoGcsService.grpc_client.AddTaskEventData.OnReplyReceived - 1 total (0 active), Execution time: mean = 25.600 us, total = 25.600 us, Queueing time: mean = 20.600 us, max = 20.600 us, min = 20.600 us, total = 20.600 us
Other Stats:
	grpc_in_progress:0
	current number of task status events in buffer: 0
	current number of profile events in buffer: 0
	current number of dropped task attempts tracked: 0
	total task events sent: 0 MiB
	total number of task attempts sent: 0
	total number of task attempts dropped reported: 0
	total number of sent failure: 0
	num status task events dropped: 0
	num profile task events dropped: 0


[2025-10-16 23:24:41,689 I 61740 34480] event.cc:500: Ray Event initialized for CORE_WORKER
[2025-10-16 23:24:41,689 I 61740 34480] event.cc:500: Ray Event initialized for EXPORT_TASK
[2025-10-16 23:24:41,689 I 61740 34480] event.cc:331: Set ray event level to warning
[2025-10-16 23:24:42,891 I 61740 49808] core_worker.cc:1171: Exit signal received, this process will exit after all outstanding tasks have finished, exit_type=INTENDED_SYSTEM_EXIT, detail=Worker exits because it was idle (it doesn't have objects it owns while no task or actor has been scheduled) for a long time.
[2025-10-16 23:24:42,894 I 61740 34480] core_worker.cc:1102: Sending disconnect message to the local raylet.
[2025-10-16 23:24:42,894 I 61740 34480] raylet_client.cc:73: RayletClient::Disconnect, exit_type=INTENDED_SYSTEM_EXIT, exit_detail=Worker exits because it was idle (it doesn't have objects it owns while no task or actor has been scheduled) for a long time., has creation_task_exception_pb_bytes=0
[2025-10-16 23:24:42,895 I 61740 34480] core_worker.cc:1108: Disconnected from the local raylet.
[2025-10-16 23:24:42,895 I 61740 34480] core_worker.cc:1017: Shutting down a core worker.
[2025-10-16 23:24:42,895 I 61740 34480] task_event_buffer.cc:292: Shutting down TaskEventBuffer.
[2025-10-16 23:24:42,895 I 61740 25852] task_event_buffer.cc:260: Task event buffer io service stopped.
[2025-10-16 23:24:42,895 I 61740 34480] core_worker.cc:1039: Waiting for joining a core worker io thread. If it hangs here, there might be deadlock or a high load in the core worker io service.
[2025-10-16 23:24:42,895 I 61740 49808] core_worker.cc:1275: Core worker main io service stopped.
[2025-10-16 23:24:42,896 I 61740 34480] core_worker.cc:1051: Disconnecting a GCS client.
[2025-10-16 23:24:42,896 I 61740 34480] core_worker.cc:1058: Core worker ready to be deallocated.
[2025-10-16 23:24:42,896 I 61740 34480] core_worker_process.cc:330: Task execution loop terminated. Removing the global worker.
[2025-10-16 23:24:42,896 I 61740 34480] core_worker.cc:1008: Core worker is destructed
[2025-10-16 23:24:42,896 I 61740 34480] task_event_buffer.cc:292: Shutting down TaskEventBuffer.
[2025-10-16 23:24:43,149 I 61740 34480] core_worker_process.cc:232: Destructing CoreWorkerProcessImpl. pid: 61740
[2025-10-16 23:24:43,149 I 61740 34480] io_service_pool.cc:47: IOServicePool is stopped.
[2025-10-16 23:24:43,412 I 61740 34480] stats.h:120: Stats module has shutdown.
[2025-10-16 23:24:43,434 W 61740 34480] core_worker_process.cc:246: The core worker process is not initialized yet or already shutdown.
