[2025-10-16 23:24:41,600 I 3980 38308] core_worker_process.cc:187: Constructing CoreWorkerProcess. pid: 3980
[2025-10-16 23:24:41,612 I 3980 38308] io_service_pool.cc:35: IOServicePool is running with 1 io_service.
[2025-10-16 23:24:41,640 I 3980 38308] grpc_server.cc:137: worker server started, listening on port 49732.
[2025-10-16 23:24:41,687 I 3980 38308] core_worker.cc:526: Initializing worker at address: 127.0.0.1:49732 worker_id=fee06204c93201c9359e8e1a47dcea4fc81abf5e8a99a9f92486990d node_id=0c68fd3bdbbb7de7cdddb49a9c81c23906fe48ddb7b690d2134ce7cd
[2025-10-16 23:24:41,688 I 3980 38308] task_event_buffer.cc:281: Reporting task events to GCS every 1000ms.
[2025-10-16 23:24:41,690 I 3980 70780] accessor.cc:760: Received notification for node, IsAlive = 1 node_id=0c68fd3bdbbb7de7cdddb49a9c81c23906fe48ddb7b690d2134ce7cd
[2025-10-16 23:24:41,690 I 3980 70780] core_worker.cc:5080: Number of alive nodes:1
[2025-10-16 23:24:41,691 I 3980 70780] core_worker.cc:914: Event stats:


Global stats: 12 total (4 active)
Queueing time: mean = 26.450 us, max = 132.500 us, min = 17.400 us, total = 317.400 us
Execution time:  mean = 179.692 us, total = 2.156 ms
Event stats:
	PeriodicalRunner.RunFnPeriodically - 3 total (1 active, 1 running), Execution time: mean = 8.833 us, total = 26.500 us, Queueing time: mean = 49.967 us, max = 132.500 us, min = 17.400 us, total = 149.900 us
	ray::rpc::InternalPubSubGcsService.grpc_client.GcsSubscriberPoll - 1 total (1 active), Execution time: mean = 0.000 s, total = 0.000 s, Queueing time: mean = 0.000 s, max = -0.000 s, min = 9223372036.855 s, total = 0.000 s
	ray::rpc::WorkerInfoGcsService.grpc_client.AddWorkerInfo - 1 total (0 active), Execution time: mean = 804.900 us, total = 804.900 us, Queueing time: mean = 0.000 s, max = -0.000 s, min = 9223372036.855 s, total = 0.000 s
	ray::rpc::InternalPubSubGcsService.grpc_client.GcsSubscriberCommandBatch.OnReplyReceived - 1 total (0 active), Execution time: mean = 142.800 us, total = 142.800 us, Queueing time: mean = 27.000 us, max = 27.000 us, min = 27.000 us, total = 27.000 us
	ray::rpc::NodeInfoGcsService.grpc_client.GetAllNodeInfo.OnReplyReceived - 1 total (0 active), Execution time: mean = 151.400 us, total = 151.400 us, Queueing time: mean = 23.400 us, max = 23.400 us, min = 23.400 us, total = 23.400 us
	ray::rpc::NodeInfoGcsService.grpc_client.GetAllNodeInfo - 1 total (0 active), Execution time: mean = 459.100 us, total = 459.100 us, Queueing time: mean = 0.000 s, max = -0.000 s, min = 9223372036.855 s, total = 0.000 s
	ray::rpc::WorkerInfoGcsService.grpc_client.AddWorkerInfo.OnReplyReceived - 1 total (0 active), Execution time: mean = 45.800 us, total = 45.800 us, Queueing time: mean = 117.100 us, max = 117.100 us, min = 117.100 us, total = 117.100 us
	ray::rpc::InternalPubSubGcsService.grpc_client.GcsSubscriberCommandBatch - 1 total (0 active), Execution time: mean = 525.800 us, total = 525.800 us, Queueing time: mean = 0.000 s, max = -0.000 s, min = 9223372036.855 s, total = 0.000 s
	CoreWorker.ExitIfParentRayletDies - 1 total (1 active), Execution time: mean = 0.000 s, total = 0.000 s, Queueing time: mean = 0.000 s, max = -0.000 s, min = 9223372036.855 s, total = 0.000 s
	Publisher.CheckDeadSubscribers - 1 total (1 active), Execution time: mean = 0.000 s, total = 0.000 s, Queueing time: mean = 0.000 s, max = -0.000 s, min = 9223372036.855 s, total = 0.000 s

-----------------
Task execution event stats:

Global stats: 0 total (0 active)
Queueing time: mean = -nan(ind) s, max = -0.000 s, min = 9223372036.855 s, total = 0.000 s
Execution time:  mean = -nan(ind) s, total = 0.000 s
Event stats:

-----------------
Task Event stats:

IO Service Stats:

Global stats: 4 total (1 active)
Queueing time: mean = 9.125 us, max = 23.000 us, min = 13.500 us, total = 36.500 us
Execution time:  mean = 173.775 us, total = 695.100 us
Event stats:
	ray::rpc::TaskInfoGcsService.grpc_client.AddTaskEventData - 1 total (0 active), Execution time: mean = 484.800 us, total = 484.800 us, Queueing time: mean = 0.000 s, max = -0.000 s, min = 9223372036.855 s, total = 0.000 s
	CoreWorker.deadline_timer.flush_task_events - 1 total (1 active), Execution time: mean = 0.000 s, total = 0.000 s, Queueing time: mean = 0.000 s, max = -0.000 s, min = 9223372036.855 s, total = 0.000 s
	ray::rpc::TaskInfoGcsService.grpc_client.AddTaskEventData.OnReplyReceived - 1 total (0 active), Execution time: mean = 12.000 us, total = 12.000 us, Queueing time: mean = 13.500 us, max = 13.500 us, min = 13.500 us, total = 13.500 us
	PeriodicalRunner.RunFnPeriodically - 1 total (0 active), Execution time: mean = 198.300 us, total = 198.300 us, Queueing time: mean = 23.000 us, max = 23.000 us, min = 23.000 us, total = 23.000 us
Other Stats:
	grpc_in_progress:0
	current number of task status events in buffer: 0
	current number of profile events in buffer: 0
	current number of dropped task attempts tracked: 0
	total task events sent: 0 MiB
	total number of task attempts sent: 0
	total number of task attempts dropped reported: 0
	total number of sent failure: 0
	num status task events dropped: 0
	num profile task events dropped: 0


[2025-10-16 23:24:41,693 I 3980 38308] event.cc:500: Ray Event initialized for CORE_WORKER
[2025-10-16 23:24:41,693 I 3980 38308] event.cc:500: Ray Event initialized for EXPORT_TASK
[2025-10-16 23:24:41,693 I 3980 38308] event.cc:331: Set ray event level to warning
[2025-10-16 23:24:42,891 I 3980 70780] core_worker.cc:1171: Exit signal received, this process will exit after all outstanding tasks have finished, exit_type=INTENDED_SYSTEM_EXIT, detail=Worker exits because it was idle (it doesn't have objects it owns while no task or actor has been scheduled) for a long time.
[2025-10-16 23:24:42,893 I 3980 38308] core_worker.cc:1102: Sending disconnect message to the local raylet.
[2025-10-16 23:24:42,893 I 3980 38308] raylet_client.cc:73: RayletClient::Disconnect, exit_type=INTENDED_SYSTEM_EXIT, exit_detail=Worker exits because it was idle (it doesn't have objects it owns while no task or actor has been scheduled) for a long time., has creation_task_exception_pb_bytes=0
[2025-10-16 23:24:42,895 I 3980 38308] core_worker.cc:1108: Disconnected from the local raylet.
[2025-10-16 23:24:42,895 I 3980 38308] core_worker.cc:1017: Shutting down a core worker.
[2025-10-16 23:24:42,895 I 3980 38308] task_event_buffer.cc:292: Shutting down TaskEventBuffer.
[2025-10-16 23:24:42,895 I 3980 19364] task_event_buffer.cc:260: Task event buffer io service stopped.
[2025-10-16 23:24:42,895 I 3980 38308] core_worker.cc:1039: Waiting for joining a core worker io thread. If it hangs here, there might be deadlock or a high load in the core worker io service.
[2025-10-16 23:24:42,895 I 3980 70780] core_worker.cc:1275: Core worker main io service stopped.
[2025-10-16 23:24:42,896 I 3980 38308] core_worker.cc:1051: Disconnecting a GCS client.
[2025-10-16 23:24:42,896 I 3980 38308] core_worker.cc:1058: Core worker ready to be deallocated.
[2025-10-16 23:24:42,896 I 3980 38308] core_worker_process.cc:330: Task execution loop terminated. Removing the global worker.
[2025-10-16 23:24:42,896 I 3980 38308] core_worker.cc:1008: Core worker is destructed
[2025-10-16 23:24:42,896 I 3980 38308] task_event_buffer.cc:292: Shutting down TaskEventBuffer.
[2025-10-16 23:24:42,897 I 3980 38308] core_worker_process.cc:232: Destructing CoreWorkerProcessImpl. pid: 3980
[2025-10-16 23:24:42,897 I 3980 38308] io_service_pool.cc:47: IOServicePool is stopped.
[2025-10-16 23:24:43,194 I 3980 38308] stats.h:120: Stats module has shutdown.
[2025-10-16 23:24:43,215 W 3980 38308] core_worker_process.cc:246: The core worker process is not initialized yet or already shutdown.
