[2025-10-16 23:24:41,138 I 25020 26952] core_worker_process.cc:187: Constructing CoreWorkerProcess. pid: 25020
[2025-10-16 23:24:41,142 I 25020 26952] io_service_pool.cc:35: IOServicePool is running with 1 io_service.
[2025-10-16 23:24:41,146 I 25020 26952] grpc_server.cc:137: worker server started, listening on port 49670.
[2025-10-16 23:24:41,148 I 25020 26952] core_worker.cc:526: Initializing worker at address: 127.0.0.1:49670 worker_id=26067762807c2b6e27ac6874786fb667c8a1e56b4362d7e054b26220 node_id=0c68fd3bdbbb7de7cdddb49a9c81c23906fe48ddb7b690d2134ce7cd
[2025-10-16 23:24:41,149 I 25020 26952] task_event_buffer.cc:281: Reporting task events to GCS every 1000ms.
[2025-10-16 23:24:41,152 I 25020 48640] core_worker.cc:914: Event stats:


Global stats: 12 total (5 active)
Queueing time: mean = 263.842 us, max = 2.574 ms, min = 23.200 us, total = 3.166 ms
Execution time:  mean = 207.917 us, total = 2.495 ms
Event stats:
	PeriodicalRunner.RunFnPeriodically - 3 total (1 active, 1 running), Execution time: mean = 27.667 us, total = 83.000 us, Queueing time: mean = 865.800 us, max = 2.574 ms, min = 23.200 us, total = 2.597 ms
	ray::rpc::WorkerInfoGcsService.grpc_client.AddWorkerInfo - 1 total (0 active), Execution time: mean = 802.000 us, total = 802.000 us, Queueing time: mean = 0.000 s, max = -0.000 s, min = 9223372036.855 s, total = 0.000 s
	Publisher.CheckDeadSubscribers - 1 total (1 active), Execution time: mean = 0.000 s, total = 0.000 s, Queueing time: mean = 0.000 s, max = -0.000 s, min = 9223372036.855 s, total = 0.000 s
	ray::rpc::InternalPubSubGcsService.grpc_client.GcsSubscriberPoll - 1 total (1 active), Execution time: mean = 0.000 s, total = 0.000 s, Queueing time: mean = 0.000 s, max = -0.000 s, min = 9223372036.855 s, total = 0.000 s
	ray::rpc::WorkerInfoGcsService.grpc_client.AddWorkerInfo.OnReplyReceived - 1 total (0 active), Execution time: mean = 37.000 us, total = 37.000 us, Queueing time: mean = 148.300 us, max = 148.300 us, min = 148.300 us, total = 148.300 us
	ray::rpc::InternalPubSubGcsService.grpc_client.GcsSubscriberCommandBatch.OnReplyReceived - 1 total (0 active), Execution time: mean = 247.400 us, total = 247.400 us, Queueing time: mean = 420.400 us, max = 420.400 us, min = 420.400 us, total = 420.400 us
	ray::rpc::NodeInfoGcsService.grpc_client.GetAllNodeInfo.OnReplyReceived - 1 total (1 active), Execution time: mean = 0.000 s, total = 0.000 s, Queueing time: mean = 0.000 s, max = -0.000 s, min = 9223372036.855 s, total = 0.000 s
	ray::rpc::NodeInfoGcsService.grpc_client.GetAllNodeInfo - 1 total (0 active), Execution time: mean = 762.000 us, total = 762.000 us, Queueing time: mean = 0.000 s, max = -0.000 s, min = 9223372036.855 s, total = 0.000 s
	ray::rpc::InternalPubSubGcsService.grpc_client.GcsSubscriberCommandBatch - 1 total (0 active), Execution time: mean = 563.600 us, total = 563.600 us, Queueing time: mean = 0.000 s, max = -0.000 s, min = 9223372036.855 s, total = 0.000 s
	CoreWorker.ExitIfParentRayletDies - 1 total (1 active), Execution time: mean = 0.000 s, total = 0.000 s, Queueing time: mean = 0.000 s, max = -0.000 s, min = 9223372036.855 s, total = 0.000 s

-----------------
Task execution event stats:

Global stats: 0 total (0 active)
Queueing time: mean = -nan(ind) s, max = -0.000 s, min = 9223372036.855 s, total = 0.000 s
Execution time:  mean = -nan(ind) s, total = 0.000 s
Event stats:

-----------------
Task Event stats:

IO Service Stats:

Global stats: 4 total (1 active)
Queueing time: mean = 20.750 us, max = 59.600 us, min = 23.400 us, total = 83.000 us
Execution time:  mean = 268.125 us, total = 1.073 ms
Event stats:
	CoreWorker.deadline_timer.flush_task_events - 1 total (1 active), Execution time: mean = 0.000 s, total = 0.000 s, Queueing time: mean = 0.000 s, max = -0.000 s, min = 9223372036.855 s, total = 0.000 s
	PeriodicalRunner.RunFnPeriodically - 1 total (0 active), Execution time: mean = 451.800 us, total = 451.800 us, Queueing time: mean = 59.600 us, max = 59.600 us, min = 59.600 us, total = 59.600 us
	ray::rpc::TaskInfoGcsService.grpc_client.AddTaskEventData.OnReplyReceived - 1 total (0 active), Execution time: mean = 21.800 us, total = 21.800 us, Queueing time: mean = 23.400 us, max = 23.400 us, min = 23.400 us, total = 23.400 us
	ray::rpc::TaskInfoGcsService.grpc_client.AddTaskEventData - 1 total (0 active), Execution time: mean = 598.900 us, total = 598.900 us, Queueing time: mean = 0.000 s, max = -0.000 s, min = 9223372036.855 s, total = 0.000 s
Other Stats:
	grpc_in_progress:0
	current number of task status events in buffer: 0
	current number of profile events in buffer: 0
	current number of dropped task attempts tracked: 0
	total task events sent: 0 MiB
	total number of task attempts sent: 0
	total number of task attempts dropped reported: 0
	total number of sent failure: 0
	num status task events dropped: 0
	num profile task events dropped: 0


[2025-10-16 23:24:41,152 I 25020 48640] accessor.cc:760: Received notification for node, IsAlive = 1 node_id=0c68fd3bdbbb7de7cdddb49a9c81c23906fe48ddb7b690d2134ce7cd
[2025-10-16 23:24:41,152 I 25020 48640] core_worker.cc:5080: Number of alive nodes:1
[2025-10-16 23:24:41,154 I 25020 26952] event.cc:500: Ray Event initialized for CORE_WORKER
[2025-10-16 23:24:41,154 I 25020 26952] event.cc:500: Ray Event initialized for EXPORT_TASK
[2025-10-16 23:24:41,154 I 25020 26952] event.cc:331: Set ray event level to warning
[2025-10-16 23:24:42,281 I 25020 48640] core_worker.cc:1171: Exit signal received, this process will exit after all outstanding tasks have finished, exit_type=INTENDED_SYSTEM_EXIT, detail=Worker exits because it was idle (it doesn't have objects it owns while no task or actor has been scheduled) for a long time.
[2025-10-16 23:24:42,282 I 25020 26952] core_worker.cc:1102: Sending disconnect message to the local raylet.
[2025-10-16 23:24:42,282 I 25020 26952] raylet_client.cc:73: RayletClient::Disconnect, exit_type=INTENDED_SYSTEM_EXIT, exit_detail=Worker exits because it was idle (it doesn't have objects it owns while no task or actor has been scheduled) for a long time., has creation_task_exception_pb_bytes=0
[2025-10-16 23:24:42,282 I 25020 26952] core_worker.cc:1108: Disconnected from the local raylet.
[2025-10-16 23:24:42,282 I 25020 26952] core_worker.cc:1017: Shutting down a core worker.
[2025-10-16 23:24:42,282 I 25020 26952] task_event_buffer.cc:292: Shutting down TaskEventBuffer.
[2025-10-16 23:24:42,282 I 25020 81420] task_event_buffer.cc:260: Task event buffer io service stopped.
[2025-10-16 23:24:42,282 I 25020 26952] core_worker.cc:1039: Waiting for joining a core worker io thread. If it hangs here, there might be deadlock or a high load in the core worker io service.
[2025-10-16 23:24:42,282 I 25020 48640] core_worker.cc:1275: Core worker main io service stopped.
[2025-10-16 23:24:42,284 I 25020 26952] core_worker.cc:1051: Disconnecting a GCS client.
[2025-10-16 23:24:42,284 I 25020 26952] core_worker.cc:1058: Core worker ready to be deallocated.
[2025-10-16 23:24:42,284 I 25020 26952] core_worker_process.cc:330: Task execution loop terminated. Removing the global worker.
[2025-10-16 23:24:42,284 I 25020 26952] core_worker.cc:1008: Core worker is destructed
[2025-10-16 23:24:42,284 I 25020 26952] task_event_buffer.cc:292: Shutting down TaskEventBuffer.
[2025-10-16 23:24:42,285 I 25020 26952] core_worker_process.cc:232: Destructing CoreWorkerProcessImpl. pid: 25020
[2025-10-16 23:24:42,285 I 25020 26952] io_service_pool.cc:47: IOServicePool is stopped.
[2025-10-16 23:24:42,712 I 25020 26952] stats.h:120: Stats module has shutdown.
[2025-10-16 23:24:42,731 W 25020 26952] core_worker_process.cc:246: The core worker process is not initialized yet or already shutdown.
