[2025-10-16 23:24:41,652 I 77136 24628] core_worker_process.cc:187: Constructing CoreWorkerProcess. pid: 77136
[2025-10-16 23:24:41,689 I 77136 24628] io_service_pool.cc:35: IOServicePool is running with 1 io_service.
[2025-10-16 23:24:41,692 I 77136 24628] grpc_server.cc:137: worker server started, listening on port 49755.
[2025-10-16 23:24:41,694 I 77136 24628] core_worker.cc:526: Initializing worker at address: 127.0.0.1:49755 worker_id=b983fe89520abb2abd2dbbfca07b7c7547141970da5903670817a2fc node_id=0c68fd3bdbbb7de7cdddb49a9c81c23906fe48ddb7b690d2134ce7cd
[2025-10-16 23:24:41,695 I 77136 24628] task_event_buffer.cc:281: Reporting task events to GCS every 1000ms.
[2025-10-16 23:24:41,696 I 77136 51500] accessor.cc:760: Received notification for node, IsAlive = 1 node_id=0c68fd3bdbbb7de7cdddb49a9c81c23906fe48ddb7b690d2134ce7cd
[2025-10-16 23:24:41,696 I 77136 51500] core_worker.cc:5080: Number of alive nodes:1
[2025-10-16 23:24:41,697 I 77136 51500] core_worker.cc:914: Event stats:


Global stats: 12 total (4 active)
Queueing time: mean = 46.458 us, max = 399.200 us, min = 24.200 us, total = 557.500 us
Execution time:  mean = 135.300 us, total = 1.624 ms
Event stats:
	PeriodicalRunner.RunFnPeriodically - 3 total (1 active, 1 running), Execution time: mean = 8.667 us, total = 26.000 us, Queueing time: mean = 144.733 us, max = 399.200 us, min = 35.000 us, total = 434.200 us
	CoreWorker.ExitIfParentRayletDies - 1 total (1 active), Execution time: mean = 0.000 s, total = 0.000 s, Queueing time: mean = 0.000 s, max = -0.000 s, min = 9223372036.855 s, total = 0.000 s
	Publisher.CheckDeadSubscribers - 1 total (1 active), Execution time: mean = 0.000 s, total = 0.000 s, Queueing time: mean = 0.000 s, max = -0.000 s, min = 9223372036.855 s, total = 0.000 s
	ray::rpc::WorkerInfoGcsService.grpc_client.AddWorkerInfo - 1 total (0 active), Execution time: mean = 406.600 us, total = 406.600 us, Queueing time: mean = 0.000 s, max = -0.000 s, min = 9223372036.855 s, total = 0.000 s
	ray::rpc::InternalPubSubGcsService.grpc_client.GcsSubscriberCommandBatch - 1 total (0 active), Execution time: mean = 451.000 us, total = 451.000 us, Queueing time: mean = 0.000 s, max = -0.000 s, min = 9223372036.855 s, total = 0.000 s
	ray::rpc::InternalPubSubGcsService.grpc_client.GcsSubscriberCommandBatch.OnReplyReceived - 1 total (0 active), Execution time: mean = 150.800 us, total = 150.800 us, Queueing time: mean = 70.800 us, max = 70.800 us, min = 70.800 us, total = 70.800 us
	ray::rpc::NodeInfoGcsService.grpc_client.GetAllNodeInfo.OnReplyReceived - 1 total (0 active), Execution time: mean = 101.200 us, total = 101.200 us, Queueing time: mean = 28.300 us, max = 28.300 us, min = 28.300 us, total = 28.300 us
	ray::rpc::NodeInfoGcsService.grpc_client.GetAllNodeInfo - 1 total (0 active), Execution time: mean = 459.000 us, total = 459.000 us, Queueing time: mean = 0.000 s, max = -0.000 s, min = 9223372036.855 s, total = 0.000 s
	ray::rpc::WorkerInfoGcsService.grpc_client.AddWorkerInfo.OnReplyReceived - 1 total (0 active), Execution time: mean = 29.000 us, total = 29.000 us, Queueing time: mean = 24.200 us, max = 24.200 us, min = 24.200 us, total = 24.200 us
	ray::rpc::InternalPubSubGcsService.grpc_client.GcsSubscriberPoll - 1 total (1 active), Execution time: mean = 0.000 s, total = 0.000 s, Queueing time: mean = 0.000 s, max = -0.000 s, min = 9223372036.855 s, total = 0.000 s

-----------------
Task execution event stats:

Global stats: 0 total (0 active)
Queueing time: mean = -nan(ind) s, max = -0.000 s, min = 9223372036.855 s, total = 0.000 s
Execution time:  mean = -nan(ind) s, total = 0.000 s
Event stats:

-----------------
Task Event stats:

IO Service Stats:

Global stats: 4 total (1 active)
Queueing time: mean = 17.575 us, max = 44.600 us, min = 25.700 us, total = 70.300 us
Execution time:  mean = 142.400 us, total = 569.600 us
Event stats:
	CoreWorker.deadline_timer.flush_task_events - 1 total (1 active), Execution time: mean = 0.000 s, total = 0.000 s, Queueing time: mean = 0.000 s, max = -0.000 s, min = 9223372036.855 s, total = 0.000 s
	ray::rpc::TaskInfoGcsService.grpc_client.AddTaskEventData - 1 total (0 active), Execution time: mean = 441.700 us, total = 441.700 us, Queueing time: mean = 0.000 s, max = -0.000 s, min = 9223372036.855 s, total = 0.000 s
	ray::rpc::TaskInfoGcsService.grpc_client.AddTaskEventData.OnReplyReceived - 1 total (0 active), Execution time: mean = 17.100 us, total = 17.100 us, Queueing time: mean = 44.600 us, max = 44.600 us, min = 44.600 us, total = 44.600 us
	PeriodicalRunner.RunFnPeriodically - 1 total (0 active), Execution time: mean = 110.800 us, total = 110.800 us, Queueing time: mean = 25.700 us, max = 25.700 us, min = 25.700 us, total = 25.700 us
Other Stats:
	grpc_in_progress:0
	current number of task status events in buffer: 0
	current number of profile events in buffer: 0
	current number of dropped task attempts tracked: 0
	total task events sent: 0 MiB
	total number of task attempts sent: 0
	total number of task attempts dropped reported: 0
	total number of sent failure: 0
	num status task events dropped: 0
	num profile task events dropped: 0


[2025-10-16 23:24:41,699 I 77136 24628] event.cc:500: Ray Event initialized for CORE_WORKER
[2025-10-16 23:24:41,700 I 77136 24628] event.cc:500: Ray Event initialized for EXPORT_TASK
[2025-10-16 23:24:41,700 I 77136 24628] event.cc:331: Set ray event level to warning
[2025-10-16 23:24:42,890 I 77136 51500] core_worker.cc:1171: Exit signal received, this process will exit after all outstanding tasks have finished, exit_type=INTENDED_SYSTEM_EXIT, detail=Worker exits because it was idle (it doesn't have objects it owns while no task or actor has been scheduled) for a long time.
[2025-10-16 23:24:42,891 I 77136 24628] core_worker.cc:1102: Sending disconnect message to the local raylet.
[2025-10-16 23:24:42,892 I 77136 24628] raylet_client.cc:73: RayletClient::Disconnect, exit_type=INTENDED_SYSTEM_EXIT, exit_detail=Worker exits because it was idle (it doesn't have objects it owns while no task or actor has been scheduled) for a long time., has creation_task_exception_pb_bytes=0
[2025-10-16 23:24:42,894 I 77136 24628] core_worker.cc:1108: Disconnected from the local raylet.
[2025-10-16 23:24:42,894 I 77136 24628] core_worker.cc:1017: Shutting down a core worker.
[2025-10-16 23:24:42,894 I 77136 24628] task_event_buffer.cc:292: Shutting down TaskEventBuffer.
[2025-10-16 23:24:42,894 I 77136 71720] task_event_buffer.cc:260: Task event buffer io service stopped.
[2025-10-16 23:24:42,895 I 77136 24628] core_worker.cc:1039: Waiting for joining a core worker io thread. If it hangs here, there might be deadlock or a high load in the core worker io service.
[2025-10-16 23:24:42,895 I 77136 51500] core_worker.cc:1275: Core worker main io service stopped.
[2025-10-16 23:24:42,896 I 77136 24628] core_worker.cc:1051: Disconnecting a GCS client.
[2025-10-16 23:24:42,896 I 77136 24628] core_worker.cc:1058: Core worker ready to be deallocated.
[2025-10-16 23:24:42,896 I 77136 24628] core_worker_process.cc:330: Task execution loop terminated. Removing the global worker.
[2025-10-16 23:24:42,896 I 77136 24628] core_worker.cc:1008: Core worker is destructed
[2025-10-16 23:24:42,896 I 77136 24628] task_event_buffer.cc:292: Shutting down TaskEventBuffer.
[2025-10-16 23:24:43,149 I 77136 24628] core_worker_process.cc:232: Destructing CoreWorkerProcessImpl. pid: 77136
[2025-10-16 23:24:43,149 I 77136 24628] io_service_pool.cc:47: IOServicePool is stopped.
[2025-10-16 23:24:43,535 I 77136 24628] stats.h:120: Stats module has shutdown.
[2025-10-16 23:24:43,560 W 77136 24628] core_worker_process.cc:246: The core worker process is not initialized yet or already shutdown.
