[2025-10-16 23:24:41,857 I 64004 27852] core_worker_process.cc:187: Constructing CoreWorkerProcess. pid: 64004
[2025-10-16 23:24:41,860 I 64004 27852] io_service_pool.cc:35: IOServicePool is running with 1 io_service.
[2025-10-16 23:24:41,861 I 64004 27852] grpc_server.cc:137: worker server started, listening on port 49797.
[2025-10-16 23:24:41,863 I 64004 27852] core_worker.cc:526: Initializing worker at address: 127.0.0.1:49797 worker_id=e2f965be6d0e7f67471e11358e12170c39e7a213a9b2a51815ab50a2 node_id=0c68fd3bdbbb7de7cdddb49a9c81c23906fe48ddb7b690d2134ce7cd
[2025-10-16 23:24:41,863 I 64004 27852] task_event_buffer.cc:281: Reporting task events to GCS every 1000ms.
[2025-10-16 23:24:41,865 I 64004 61480] core_worker.cc:914: Event stats:


Global stats: 8 total (6 active)
Queueing time: mean = 17.863 us, max = 89.600 us, min = 53.300 us, total = 142.900 us
Execution time:  mean = 2.638 us, total = 21.100 us
Event stats:
	PeriodicalRunner.RunFnPeriodically - 3 total (1 active, 1 running), Execution time: mean = 7.033 us, total = 21.100 us, Queueing time: mean = 47.633 us, max = 89.600 us, min = 53.300 us, total = 142.900 us
	CoreWorker.ExitIfParentRayletDies - 1 total (1 active), Execution time: mean = 0.000 s, total = 0.000 s, Queueing time: mean = 0.000 s, max = -0.000 s, min = 9223372036.855 s, total = 0.000 s
	ray::rpc::WorkerInfoGcsService.grpc_client.AddWorkerInfo - 1 total (1 active), Execution time: mean = 0.000 s, total = 0.000 s, Queueing time: mean = 0.000 s, max = -0.000 s, min = 9223372036.855 s, total = 0.000 s
	Publisher.CheckDeadSubscribers - 1 total (1 active), Execution time: mean = 0.000 s, total = 0.000 s, Queueing time: mean = 0.000 s, max = -0.000 s, min = 9223372036.855 s, total = 0.000 s
	ray::rpc::InternalPubSubGcsService.grpc_client.GcsSubscriberCommandBatch - 1 total (1 active), Execution time: mean = 0.000 s, total = 0.000 s, Queueing time: mean = 0.000 s, max = -0.000 s, min = 9223372036.855 s, total = 0.000 s
	ray::rpc::InternalPubSubGcsService.grpc_client.GcsSubscriberPoll - 1 total (1 active), Execution time: mean = 0.000 s, total = 0.000 s, Queueing time: mean = 0.000 s, max = -0.000 s, min = 9223372036.855 s, total = 0.000 s

-----------------
Task execution event stats:

Global stats: 0 total (0 active)
Queueing time: mean = -nan(ind) s, max = -0.000 s, min = 9223372036.855 s, total = 0.000 s
Execution time:  mean = -nan(ind) s, total = 0.000 s
Event stats:

-----------------
Task Event stats:

IO Service Stats:

Global stats: 4 total (1 active)
Queueing time: mean = 16.525 us, max = 51.600 us, min = 14.500 us, total = 66.100 us
Execution time:  mean = 112.075 us, total = 448.300 us
Event stats:
	CoreWorker.deadline_timer.flush_task_events - 1 total (1 active), Execution time: mean = 0.000 s, total = 0.000 s, Queueing time: mean = 0.000 s, max = -0.000 s, min = 9223372036.855 s, total = 0.000 s
	PeriodicalRunner.RunFnPeriodically - 1 total (0 active), Execution time: mean = 84.100 us, total = 84.100 us, Queueing time: mean = 51.600 us, max = 51.600 us, min = 51.600 us, total = 51.600 us
	ray::rpc::TaskInfoGcsService.grpc_client.AddTaskEventData.OnReplyReceived - 1 total (0 active), Execution time: mean = 15.700 us, total = 15.700 us, Queueing time: mean = 14.500 us, max = 14.500 us, min = 14.500 us, total = 14.500 us
	ray::rpc::TaskInfoGcsService.grpc_client.AddTaskEventData - 1 total (0 active), Execution time: mean = 348.500 us, total = 348.500 us, Queueing time: mean = 0.000 s, max = -0.000 s, min = 9223372036.855 s, total = 0.000 s
Other Stats:
	grpc_in_progress:0
	current number of task status events in buffer: 0
	current number of profile events in buffer: 0
	current number of dropped task attempts tracked: 0
	total task events sent: 0 MiB
	total number of task attempts sent: 0
	total number of task attempts dropped reported: 0
	total number of sent failure: 0
	num status task events dropped: 0
	num profile task events dropped: 0


[2025-10-16 23:24:41,867 I 64004 27852] event.cc:500: Ray Event initialized for CORE_WORKER
[2025-10-16 23:24:41,867 I 64004 27852] event.cc:500: Ray Event initialized for EXPORT_TASK
[2025-10-16 23:24:41,867 I 64004 27852] event.cc:331: Set ray event level to warning
[2025-10-16 23:24:41,874 I 64004 61480] accessor.cc:760: Received notification for node, IsAlive = 1 node_id=0c68fd3bdbbb7de7cdddb49a9c81c23906fe48ddb7b690d2134ce7cd
[2025-10-16 23:24:41,874 I 64004 61480] core_worker.cc:5080: Number of alive nodes:1
[2025-10-16 23:24:42,887 I 64004 61480] core_worker.cc:1171: Exit signal received, this process will exit after all outstanding tasks have finished, exit_type=INTENDED_SYSTEM_EXIT, detail=Worker exits because it was idle (it doesn't have objects it owns while no task or actor has been scheduled) for a long time.
[2025-10-16 23:24:42,889 I 64004 27852] core_worker.cc:1102: Sending disconnect message to the local raylet.
[2025-10-16 23:24:42,889 I 64004 27852] raylet_client.cc:73: RayletClient::Disconnect, exit_type=INTENDED_SYSTEM_EXIT, exit_detail=Worker exits because it was idle (it doesn't have objects it owns while no task or actor has been scheduled) for a long time., has creation_task_exception_pb_bytes=0
[2025-10-16 23:24:42,890 I 64004 27852] core_worker.cc:1108: Disconnected from the local raylet.
[2025-10-16 23:24:42,890 I 64004 27852] core_worker.cc:1017: Shutting down a core worker.
[2025-10-16 23:24:42,890 I 64004 27852] task_event_buffer.cc:292: Shutting down TaskEventBuffer.
[2025-10-16 23:24:42,890 I 64004 80680] task_event_buffer.cc:260: Task event buffer io service stopped.
[2025-10-16 23:24:42,890 I 64004 27852] core_worker.cc:1039: Waiting for joining a core worker io thread. If it hangs here, there might be deadlock or a high load in the core worker io service.
[2025-10-16 23:24:42,890 I 64004 61480] core_worker.cc:1275: Core worker main io service stopped.
[2025-10-16 23:24:42,977 I 64004 27852] core_worker.cc:1051: Disconnecting a GCS client.
[2025-10-16 23:24:42,977 I 64004 27852] core_worker.cc:1058: Core worker ready to be deallocated.
[2025-10-16 23:24:42,977 I 64004 27852] core_worker_process.cc:330: Task execution loop terminated. Removing the global worker.
[2025-10-16 23:24:42,977 I 64004 27852] core_worker.cc:1008: Core worker is destructed
[2025-10-16 23:24:42,977 I 64004 27852] task_event_buffer.cc:292: Shutting down TaskEventBuffer.
[2025-10-16 23:24:43,149 I 64004 27852] core_worker_process.cc:232: Destructing CoreWorkerProcessImpl. pid: 64004
[2025-10-16 23:24:43,149 I 64004 27852] io_service_pool.cc:47: IOServicePool is stopped.
[2025-10-16 23:24:43,443 I 64004 27852] stats.h:120: Stats module has shutdown.
[2025-10-16 23:24:43,464 W 64004 27852] core_worker_process.cc:246: The core worker process is not initialized yet or already shutdown.
