[2025-10-16 23:24:41,272 I 65292 80160] core_worker_process.cc:187: Constructing CoreWorkerProcess. pid: 65292
[2025-10-16 23:24:41,276 I 65292 80160] io_service_pool.cc:35: IOServicePool is running with 1 io_service.
[2025-10-16 23:24:41,279 I 65292 80160] grpc_server.cc:137: worker server started, listening on port 49692.
[2025-10-16 23:24:41,281 I 65292 80160] core_worker.cc:526: Initializing worker at address: 127.0.0.1:49692 worker_id=45b4f86044b21cec22d81430abc2d6c83a4055f07d02c6fea7dc6b52 node_id=0c68fd3bdbbb7de7cdddb49a9c81c23906fe48ddb7b690d2134ce7cd
[2025-10-16 23:24:41,282 I 65292 80160] task_event_buffer.cc:281: Reporting task events to GCS every 1000ms.
[2025-10-16 23:24:41,285 I 65292 75032] accessor.cc:760: Received notification for node, IsAlive = 1 node_id=0c68fd3bdbbb7de7cdddb49a9c81c23906fe48ddb7b690d2134ce7cd
[2025-10-16 23:24:41,285 I 65292 75032] core_worker.cc:5080: Number of alive nodes:1
[2025-10-16 23:24:41,285 I 65292 75032] core_worker.cc:914: Event stats:


Global stats: 12 total (4 active)
Queueing time: mean = 30.808 us, max = 227.100 us, min = 26.200 us, total = 369.700 us
Execution time:  mean = 242.550 us, total = 2.911 ms
Event stats:
	PeriodicalRunner.RunFnPeriodically - 3 total (1 active, 1 running), Execution time: mean = 15.800 us, total = 47.400 us, Queueing time: mean = 84.433 us, max = 227.100 us, min = 26.200 us, total = 253.300 us
	ray::rpc::WorkerInfoGcsService.grpc_client.AddWorkerInfo - 1 total (0 active), Execution time: mean = 806.300 us, total = 806.300 us, Queueing time: mean = 0.000 s, max = -0.000 s, min = 9223372036.855 s, total = 0.000 s
	CoreWorker.ExitIfParentRayletDies - 1 total (1 active), Execution time: mean = 0.000 s, total = 0.000 s, Queueing time: mean = 0.000 s, max = -0.000 s, min = 9223372036.855 s, total = 0.000 s
	Publisher.CheckDeadSubscribers - 1 total (1 active), Execution time: mean = 0.000 s, total = 0.000 s, Queueing time: mean = 0.000 s, max = -0.000 s, min = 9223372036.855 s, total = 0.000 s
	ray::rpc::InternalPubSubGcsService.grpc_client.GcsSubscriberCommandBatch.OnReplyReceived - 1 total (0 active), Execution time: mean = 392.400 us, total = 392.400 us, Queueing time: mean = 42.400 us, max = 42.400 us, min = 42.400 us, total = 42.400 us
	ray::rpc::InternalPubSubGcsService.grpc_client.GcsSubscriberCommandBatch - 1 total (0 active), Execution time: mean = 764.500 us, total = 764.500 us, Queueing time: mean = 0.000 s, max = -0.000 s, min = 9223372036.855 s, total = 0.000 s
	ray::rpc::NodeInfoGcsService.grpc_client.GetAllNodeInfo.OnReplyReceived - 1 total (0 active), Execution time: mean = 223.200 us, total = 223.200 us, Queueing time: mean = 29.200 us, max = 29.200 us, min = 29.200 us, total = 29.200 us
	ray::rpc::NodeInfoGcsService.grpc_client.GetAllNodeInfo - 1 total (0 active), Execution time: mean = 640.500 us, total = 640.500 us, Queueing time: mean = 0.000 s, max = -0.000 s, min = 9223372036.855 s, total = 0.000 s
	ray::rpc::WorkerInfoGcsService.grpc_client.AddWorkerInfo.OnReplyReceived - 1 total (0 active), Execution time: mean = 36.300 us, total = 36.300 us, Queueing time: mean = 44.800 us, max = 44.800 us, min = 44.800 us, total = 44.800 us
	ray::rpc::InternalPubSubGcsService.grpc_client.GcsSubscriberPoll - 1 total (1 active), Execution time: mean = 0.000 s, total = 0.000 s, Queueing time: mean = 0.000 s, max = -0.000 s, min = 9223372036.855 s, total = 0.000 s

-----------------
Task execution event stats:

Global stats: 0 total (0 active)
Queueing time: mean = -nan(ind) s, max = -0.000 s, min = 9223372036.855 s, total = 0.000 s
Execution time:  mean = -nan(ind) s, total = 0.000 s
Event stats:

-----------------
Task Event stats:

IO Service Stats:

Global stats: 4 total (1 active)
Queueing time: mean = 14.325 us, max = 33.100 us, min = 24.200 us, total = 57.300 us
Execution time:  mean = 232.300 us, total = 929.200 us
Event stats:
	CoreWorker.deadline_timer.flush_task_events - 1 total (1 active), Execution time: mean = 0.000 s, total = 0.000 s, Queueing time: mean = 0.000 s, max = -0.000 s, min = 9223372036.855 s, total = 0.000 s
	ray::rpc::TaskInfoGcsService.grpc_client.AddTaskEventData - 1 total (0 active), Execution time: mean = 753.800 us, total = 753.800 us, Queueing time: mean = 0.000 s, max = -0.000 s, min = 9223372036.855 s, total = 0.000 s
	PeriodicalRunner.RunFnPeriodically - 1 total (0 active), Execution time: mean = 150.300 us, total = 150.300 us, Queueing time: mean = 24.200 us, max = 24.200 us, min = 24.200 us, total = 24.200 us
	ray::rpc::TaskInfoGcsService.grpc_client.AddTaskEventData.OnReplyReceived - 1 total (0 active), Execution time: mean = 25.100 us, total = 25.100 us, Queueing time: mean = 33.100 us, max = 33.100 us, min = 33.100 us, total = 33.100 us
Other Stats:
	grpc_in_progress:0
	current number of task status events in buffer: 0
	current number of profile events in buffer: 0
	current number of dropped task attempts tracked: 0
	total task events sent: 0 MiB
	total number of task attempts sent: 0
	total number of task attempts dropped reported: 0
	total number of sent failure: 0
	num status task events dropped: 0
	num profile task events dropped: 0


[2025-10-16 23:24:41,289 I 65292 80160] event.cc:500: Ray Event initialized for CORE_WORKER
[2025-10-16 23:24:41,289 I 65292 80160] event.cc:500: Ray Event initialized for EXPORT_TASK
[2025-10-16 23:24:41,289 I 65292 80160] event.cc:331: Set ray event level to warning
[2025-10-16 23:24:42,482 I 65292 75032] core_worker.cc:1171: Exit signal received, this process will exit after all outstanding tasks have finished, exit_type=INTENDED_SYSTEM_EXIT, detail=Worker exits because it was idle (it doesn't have objects it owns while no task or actor has been scheduled) for a long time.
[2025-10-16 23:24:42,483 I 65292 80160] core_worker.cc:1102: Sending disconnect message to the local raylet.
[2025-10-16 23:24:42,483 I 65292 80160] raylet_client.cc:73: RayletClient::Disconnect, exit_type=INTENDED_SYSTEM_EXIT, exit_detail=Worker exits because it was idle (it doesn't have objects it owns while no task or actor has been scheduled) for a long time., has creation_task_exception_pb_bytes=0
[2025-10-16 23:24:42,484 I 65292 80160] core_worker.cc:1108: Disconnected from the local raylet.
[2025-10-16 23:24:42,484 I 65292 80160] core_worker.cc:1017: Shutting down a core worker.
[2025-10-16 23:24:42,484 I 65292 80160] task_event_buffer.cc:292: Shutting down TaskEventBuffer.
[2025-10-16 23:24:42,484 I 65292 68488] task_event_buffer.cc:260: Task event buffer io service stopped.
[2025-10-16 23:24:42,484 I 65292 80160] core_worker.cc:1039: Waiting for joining a core worker io thread. If it hangs here, there might be deadlock or a high load in the core worker io service.
[2025-10-16 23:24:42,484 I 65292 75032] core_worker.cc:1275: Core worker main io service stopped.
[2025-10-16 23:24:42,485 I 65292 80160] core_worker.cc:1051: Disconnecting a GCS client.
[2025-10-16 23:24:42,485 I 65292 80160] core_worker.cc:1058: Core worker ready to be deallocated.
[2025-10-16 23:24:42,485 I 65292 80160] core_worker_process.cc:330: Task execution loop terminated. Removing the global worker.
[2025-10-16 23:24:42,485 I 65292 80160] core_worker.cc:1008: Core worker is destructed
[2025-10-16 23:24:42,485 I 65292 80160] task_event_buffer.cc:292: Shutting down TaskEventBuffer.
[2025-10-16 23:24:42,486 I 65292 80160] core_worker_process.cc:232: Destructing CoreWorkerProcessImpl. pid: 65292
[2025-10-16 23:24:42,486 I 65292 80160] io_service_pool.cc:47: IOServicePool is stopped.
[2025-10-16 23:24:42,853 I 65292 80160] stats.h:120: Stats module has shutdown.
[2025-10-16 23:24:42,874 W 65292 80160] core_worker_process.cc:246: The core worker process is not initialized yet or already shutdown.
