[2025-10-16 23:24:41,756 I 41608 37588] core_worker_process.cc:187: Constructing CoreWorkerProcess. pid: 41608
[2025-10-16 23:24:41,758 I 41608 37588] io_service_pool.cc:35: IOServicePool is running with 1 io_service.
[2025-10-16 23:24:41,760 I 41608 37588] grpc_server.cc:137: worker server started, listening on port 49787.
[2025-10-16 23:24:41,761 I 41608 37588] core_worker.cc:526: Initializing worker at address: 127.0.0.1:49787 worker_id=8f17db81c2cb999f0eecd7210de1e39d9dabaaa1a95f2964af0b85c2 node_id=0c68fd3bdbbb7de7cdddb49a9c81c23906fe48ddb7b690d2134ce7cd
[2025-10-16 23:24:41,762 I 41608 37588] task_event_buffer.cc:281: Reporting task events to GCS every 1000ms.
[2025-10-16 23:24:41,763 I 41608 48852] accessor.cc:760: Received notification for node, IsAlive = 1 node_id=0c68fd3bdbbb7de7cdddb49a9c81c23906fe48ddb7b690d2134ce7cd
[2025-10-16 23:24:41,763 I 41608 48852] core_worker.cc:5080: Number of alive nodes:1
[2025-10-16 23:24:41,763 I 41608 48852] core_worker.cc:914: Event stats:


Global stats: 12 total (4 active)
Queueing time: mean = 11.392 us, max = 79.400 us, min = 9.700 us, total = 136.700 us
Execution time:  mean = 111.758 us, total = 1.341 ms
Event stats:
	PeriodicalRunner.RunFnPeriodically - 3 total (1 active, 1 running), Execution time: mean = 7.967 us, total = 23.900 us, Queueing time: mean = 30.633 us, max = 79.400 us, min = 12.500 us, total = 91.900 us
	ray::rpc::InternalPubSubGcsService.grpc_client.GcsSubscriberPoll - 1 total (1 active), Execution time: mean = 0.000 s, total = 0.000 s, Queueing time: mean = 0.000 s, max = -0.000 s, min = 9223372036.855 s, total = 0.000 s
	Publisher.CheckDeadSubscribers - 1 total (1 active), Execution time: mean = 0.000 s, total = 0.000 s, Queueing time: mean = 0.000 s, max = -0.000 s, min = 9223372036.855 s, total = 0.000 s
	CoreWorker.ExitIfParentRayletDies - 1 total (1 active), Execution time: mean = 0.000 s, total = 0.000 s, Queueing time: mean = 0.000 s, max = -0.000 s, min = 9223372036.855 s, total = 0.000 s
	ray::rpc::WorkerInfoGcsService.grpc_client.AddWorkerInfo - 1 total (0 active), Execution time: mean = 480.900 us, total = 480.900 us, Queueing time: mean = 0.000 s, max = -0.000 s, min = 9223372036.855 s, total = 0.000 s
	ray::rpc::InternalPubSubGcsService.grpc_client.GcsSubscriberCommandBatch.OnReplyReceived - 1 total (0 active), Execution time: mean = 102.000 us, total = 102.000 us, Queueing time: mean = 9.700 us, max = 9.700 us, min = 9.700 us, total = 9.700 us
	ray::rpc::InternalPubSubGcsService.grpc_client.GcsSubscriberCommandBatch - 1 total (0 active), Execution time: mean = 392.600 us, total = 392.600 us, Queueing time: mean = 0.000 s, max = -0.000 s, min = 9223372036.855 s, total = 0.000 s
	ray::rpc::NodeInfoGcsService.grpc_client.GetAllNodeInfo.OnReplyReceived - 1 total (0 active), Execution time: mean = 59.200 us, total = 59.200 us, Queueing time: mean = 12.400 us, max = 12.400 us, min = 12.400 us, total = 12.400 us
	ray::rpc::WorkerInfoGcsService.grpc_client.AddWorkerInfo.OnReplyReceived - 1 total (0 active), Execution time: mean = 18.900 us, total = 18.900 us, Queueing time: mean = 22.700 us, max = 22.700 us, min = 22.700 us, total = 22.700 us
	ray::rpc::NodeInfoGcsService.grpc_client.GetAllNodeInfo - 1 total (0 active), Execution time: mean = 263.600 us, total = 263.600 us, Queueing time: mean = 0.000 s, max = -0.000 s, min = 9223372036.855 s, total = 0.000 s

-----------------
Task execution event stats:

Global stats: 0 total (0 active)
Queueing time: mean = -nan(ind) s, max = -0.000 s, min = 9223372036.855 s, total = 0.000 s
Execution time:  mean = -nan(ind) s, total = 0.000 s
Event stats:

-----------------
Task Event stats:

IO Service Stats:

Global stats: 4 total (1 active)
Queueing time: mean = 10.000 us, max = 26.000 us, min = 14.000 us, total = 40.000 us
Execution time:  mean = 116.125 us, total = 464.500 us
Event stats:
	PeriodicalRunner.RunFnPeriodically - 1 total (0 active), Execution time: mean = 77.100 us, total = 77.100 us, Queueing time: mean = 26.000 us, max = 26.000 us, min = 26.000 us, total = 26.000 us
	ray::rpc::TaskInfoGcsService.grpc_client.AddTaskEventData - 1 total (0 active), Execution time: mean = 373.500 us, total = 373.500 us, Queueing time: mean = 0.000 s, max = -0.000 s, min = 9223372036.855 s, total = 0.000 s
	CoreWorker.deadline_timer.flush_task_events - 1 total (1 active), Execution time: mean = 0.000 s, total = 0.000 s, Queueing time: mean = 0.000 s, max = -0.000 s, min = 9223372036.855 s, total = 0.000 s
	ray::rpc::TaskInfoGcsService.grpc_client.AddTaskEventData.OnReplyReceived - 1 total (0 active), Execution time: mean = 13.900 us, total = 13.900 us, Queueing time: mean = 14.000 us, max = 14.000 us, min = 14.000 us, total = 14.000 us
Other Stats:
	grpc_in_progress:0
	current number of task status events in buffer: 0
	current number of profile events in buffer: 0
	current number of dropped task attempts tracked: 0
	total task events sent: 0 MiB
	total number of task attempts sent: 0
	total number of task attempts dropped reported: 0
	total number of sent failure: 0
	num status task events dropped: 0
	num profile task events dropped: 0


[2025-10-16 23:24:41,765 I 41608 37588] event.cc:500: Ray Event initialized for CORE_WORKER
[2025-10-16 23:24:41,765 I 41608 37588] event.cc:500: Ray Event initialized for EXPORT_TASK
[2025-10-16 23:24:41,765 I 41608 37588] event.cc:331: Set ray event level to warning
[2025-10-16 23:24:42,888 I 41608 48852] core_worker.cc:1171: Exit signal received, this process will exit after all outstanding tasks have finished, exit_type=INTENDED_SYSTEM_EXIT, detail=Worker exits because it was idle (it doesn't have objects it owns while no task or actor has been scheduled) for a long time.
[2025-10-16 23:24:42,890 I 41608 37588] core_worker.cc:1102: Sending disconnect message to the local raylet.
[2025-10-16 23:24:42,890 I 41608 37588] raylet_client.cc:73: RayletClient::Disconnect, exit_type=INTENDED_SYSTEM_EXIT, exit_detail=Worker exits because it was idle (it doesn't have objects it owns while no task or actor has been scheduled) for a long time., has creation_task_exception_pb_bytes=0
[2025-10-16 23:24:42,891 I 41608 37588] core_worker.cc:1108: Disconnected from the local raylet.
[2025-10-16 23:24:42,891 I 41608 37588] core_worker.cc:1017: Shutting down a core worker.
[2025-10-16 23:24:42,891 I 41608 37588] task_event_buffer.cc:292: Shutting down TaskEventBuffer.
[2025-10-16 23:24:42,891 I 41608 71016] task_event_buffer.cc:260: Task event buffer io service stopped.
[2025-10-16 23:24:42,891 I 41608 37588] core_worker.cc:1039: Waiting for joining a core worker io thread. If it hangs here, there might be deadlock or a high load in the core worker io service.
[2025-10-16 23:24:42,891 I 41608 48852] core_worker.cc:1275: Core worker main io service stopped.
[2025-10-16 23:24:42,893 I 41608 37588] core_worker.cc:1051: Disconnecting a GCS client.
[2025-10-16 23:24:42,893 I 41608 37588] core_worker.cc:1058: Core worker ready to be deallocated.
[2025-10-16 23:24:42,893 I 41608 37588] core_worker_process.cc:330: Task execution loop terminated. Removing the global worker.
[2025-10-16 23:24:42,893 I 41608 37588] core_worker.cc:1008: Core worker is destructed
[2025-10-16 23:24:42,893 I 41608 37588] task_event_buffer.cc:292: Shutting down TaskEventBuffer.
[2025-10-16 23:24:43,150 I 41608 37588] core_worker_process.cc:232: Destructing CoreWorkerProcessImpl. pid: 41608
[2025-10-16 23:24:43,150 I 41608 37588] io_service_pool.cc:47: IOServicePool is stopped.
[2025-10-16 23:24:43,335 I 41608 37588] stats.h:120: Stats module has shutdown.
[2025-10-16 23:24:43,356 W 41608 37588] core_worker_process.cc:246: The core worker process is not initialized yet or already shutdown.
