[2025-10-16 23:24:41,678 I 14660 39340] core_worker_process.cc:187: Constructing CoreWorkerProcess. pid: 14660
[2025-10-16 23:24:41,689 I 14660 39340] io_service_pool.cc:35: IOServicePool is running with 1 io_service.
[2025-10-16 23:24:41,692 I 14660 39340] grpc_server.cc:137: worker server started, listening on port 49753.
[2025-10-16 23:24:41,694 I 14660 39340] core_worker.cc:526: Initializing worker at address: 127.0.0.1:49753 worker_id=c6001a360d8f84dfa1562c0808078f9adc8a0d956b3de1b15a2eb59b node_id=0c68fd3bdbbb7de7cdddb49a9c81c23906fe48ddb7b690d2134ce7cd
[2025-10-16 23:24:41,695 I 14660 39340] task_event_buffer.cc:281: Reporting task events to GCS every 1000ms.
[2025-10-16 23:24:41,696 I 14660 53548] accessor.cc:760: Received notification for node, IsAlive = 1 node_id=0c68fd3bdbbb7de7cdddb49a9c81c23906fe48ddb7b690d2134ce7cd
[2025-10-16 23:24:41,696 I 14660 53548] core_worker.cc:5080: Number of alive nodes:1
[2025-10-16 23:24:41,697 I 14660 53548] core_worker.cc:914: Event stats:


Global stats: 12 total (4 active)
Queueing time: mean = 80.675 us, max = 715.300 us, min = 29.600 us, total = 968.100 us
Execution time:  mean = 137.625 us, total = 1.651 ms
Event stats:
	PeriodicalRunner.RunFnPeriodically - 3 total (1 active, 1 running), Execution time: mean = 10.667 us, total = 32.000 us, Queueing time: mean = 262.800 us, max = 715.300 us, min = 73.100 us, total = 788.400 us
	CoreWorker.ExitIfParentRayletDies - 1 total (1 active), Execution time: mean = 0.000 s, total = 0.000 s, Queueing time: mean = 0.000 s, max = -0.000 s, min = 9223372036.855 s, total = 0.000 s
	ray::rpc::WorkerInfoGcsService.grpc_client.AddWorkerInfo - 1 total (0 active), Execution time: mean = 424.200 us, total = 424.200 us, Queueing time: mean = 0.000 s, max = -0.000 s, min = 9223372036.855 s, total = 0.000 s
	ray::rpc::InternalPubSubGcsService.grpc_client.GcsSubscriberPoll - 1 total (1 active), Execution time: mean = 0.000 s, total = 0.000 s, Queueing time: mean = 0.000 s, max = -0.000 s, min = 9223372036.855 s, total = 0.000 s
	ray::rpc::InternalPubSubGcsService.grpc_client.GcsSubscriberCommandBatch.OnReplyReceived - 1 total (0 active), Execution time: mean = 205.600 us, total = 205.600 us, Queueing time: mean = 114.000 us, max = 114.000 us, min = 114.000 us, total = 114.000 us
	ray::rpc::WorkerInfoGcsService.grpc_client.AddWorkerInfo.OnReplyReceived - 1 total (0 active), Execution time: mean = 48.800 us, total = 48.800 us, Queueing time: mean = 29.600 us, max = 29.600 us, min = 29.600 us, total = 29.600 us
	ray::rpc::NodeInfoGcsService.grpc_client.GetAllNodeInfo - 1 total (0 active), Execution time: mean = 408.300 us, total = 408.300 us, Queueing time: mean = 0.000 s, max = -0.000 s, min = 9223372036.855 s, total = 0.000 s
	ray::rpc::NodeInfoGcsService.grpc_client.GetAllNodeInfo.OnReplyReceived - 1 total (0 active), Execution time: mean = 113.400 us, total = 113.400 us, Queueing time: mean = 36.100 us, max = 36.100 us, min = 36.100 us, total = 36.100 us
	ray::rpc::InternalPubSubGcsService.grpc_client.GcsSubscriberCommandBatch - 1 total (0 active), Execution time: mean = 419.200 us, total = 419.200 us, Queueing time: mean = 0.000 s, max = -0.000 s, min = 9223372036.855 s, total = 0.000 s
	Publisher.CheckDeadSubscribers - 1 total (1 active), Execution time: mean = 0.000 s, total = 0.000 s, Queueing time: mean = 0.000 s, max = -0.000 s, min = 9223372036.855 s, total = 0.000 s

-----------------
Task execution event stats:

Global stats: 0 total (0 active)
Queueing time: mean = -nan(ind) s, max = -0.000 s, min = 9223372036.855 s, total = 0.000 s
Execution time:  mean = -nan(ind) s, total = 0.000 s
Event stats:

-----------------
Task Event stats:

IO Service Stats:

Global stats: 4 total (1 active)
Queueing time: mean = 9.750 us, max = 21.000 us, min = 18.000 us, total = 39.000 us
Execution time:  mean = 188.975 us, total = 755.900 us
Event stats:
	PeriodicalRunner.RunFnPeriodically - 1 total (0 active), Execution time: mean = 102.300 us, total = 102.300 us, Queueing time: mean = 18.000 us, max = 18.000 us, min = 18.000 us, total = 18.000 us
	CoreWorker.deadline_timer.flush_task_events - 1 total (1 active), Execution time: mean = 0.000 s, total = 0.000 s, Queueing time: mean = 0.000 s, max = -0.000 s, min = 9223372036.855 s, total = 0.000 s
	ray::rpc::TaskInfoGcsService.grpc_client.AddTaskEventData - 1 total (0 active), Execution time: mean = 641.600 us, total = 641.600 us, Queueing time: mean = 0.000 s, max = -0.000 s, min = 9223372036.855 s, total = 0.000 s
	ray::rpc::TaskInfoGcsService.grpc_client.AddTaskEventData.OnReplyReceived - 1 total (0 active), Execution time: mean = 12.000 us, total = 12.000 us, Queueing time: mean = 21.000 us, max = 21.000 us, min = 21.000 us, total = 21.000 us
Other Stats:
	grpc_in_progress:0
	current number of task status events in buffer: 0
	current number of profile events in buffer: 0
	current number of dropped task attempts tracked: 0
	total task events sent: 0 MiB
	total number of task attempts sent: 0
	total number of task attempts dropped reported: 0
	total number of sent failure: 0
	num status task events dropped: 0
	num profile task events dropped: 0


[2025-10-16 23:24:41,699 I 14660 39340] event.cc:500: Ray Event initialized for CORE_WORKER
[2025-10-16 23:24:41,699 I 14660 39340] event.cc:500: Ray Event initialized for EXPORT_TASK
[2025-10-16 23:24:41,699 I 14660 39340] event.cc:331: Set ray event level to warning
[2025-10-16 23:24:42,891 I 14660 53548] core_worker.cc:1171: Exit signal received, this process will exit after all outstanding tasks have finished, exit_type=INTENDED_SYSTEM_EXIT, detail=Worker exits because it was idle (it doesn't have objects it owns while no task or actor has been scheduled) for a long time.
[2025-10-16 23:24:42,892 I 14660 39340] core_worker.cc:1102: Sending disconnect message to the local raylet.
[2025-10-16 23:24:42,892 I 14660 39340] raylet_client.cc:73: RayletClient::Disconnect, exit_type=INTENDED_SYSTEM_EXIT, exit_detail=Worker exits because it was idle (it doesn't have objects it owns while no task or actor has been scheduled) for a long time., has creation_task_exception_pb_bytes=0
[2025-10-16 23:24:42,894 I 14660 39340] core_worker.cc:1108: Disconnected from the local raylet.
[2025-10-16 23:24:42,894 I 14660 39340] core_worker.cc:1017: Shutting down a core worker.
[2025-10-16 23:24:42,894 I 14660 39340] task_event_buffer.cc:292: Shutting down TaskEventBuffer.
[2025-10-16 23:24:42,894 I 14660 81528] task_event_buffer.cc:260: Task event buffer io service stopped.
[2025-10-16 23:24:42,894 I 14660 39340] core_worker.cc:1039: Waiting for joining a core worker io thread. If it hangs here, there might be deadlock or a high load in the core worker io service.
[2025-10-16 23:24:42,894 I 14660 53548] core_worker.cc:1275: Core worker main io service stopped.
[2025-10-16 23:24:42,896 I 14660 39340] core_worker.cc:1051: Disconnecting a GCS client.
[2025-10-16 23:24:42,896 I 14660 39340] core_worker.cc:1058: Core worker ready to be deallocated.
[2025-10-16 23:24:42,896 I 14660 39340] core_worker_process.cc:330: Task execution loop terminated. Removing the global worker.
[2025-10-16 23:24:42,896 I 14660 39340] core_worker.cc:1008: Core worker is destructed
[2025-10-16 23:24:42,896 I 14660 39340] task_event_buffer.cc:292: Shutting down TaskEventBuffer.
[2025-10-16 23:24:43,149 I 14660 39340] core_worker_process.cc:232: Destructing CoreWorkerProcessImpl. pid: 14660
[2025-10-16 23:24:43,149 I 14660 39340] io_service_pool.cc:47: IOServicePool is stopped.
[2025-10-16 23:24:43,535 I 14660 39340] stats.h:120: Stats module has shutdown.
[2025-10-16 23:24:43,562 W 14660 39340] core_worker_process.cc:246: The core worker process is not initialized yet or already shutdown.
