Windows fatal exception: access violation

[2025-10-16 23:24:58,064 E 38064 81732] (raylet.exe) agent_manager.cc:84: The raylet exited immediately because one Ray agent failed, agent_name = runtime_env_agent.
The raylet fate shares with the agent. This can happen because
- The version of `grpcio` doesn't follow Ray's requirement. Agent can segfault with the incorrect `grpcio` version. Check the grpcio version `pip freeze | grep grpcio`.
- The agent failed to start because of unexpected error or port conflict. Read the log `cat /tmp/ray/session_latest/logs/{dashboard_agent|runtime_env_agent}.log`. You can find the log file structure here https://docs.ray.io/en/master/ray-observability/user-guides/configure-logging.html#logging-directory-structure.
- The agent is killed by the OS (e.g., out of memory).
*** SIGSEGV received at time=1760628298 ***
    @   00007FF683325C89  (unknown)  (unknown)
    @   00007FFDAF57F47F  (unknown)  (unknown)
    @   00007FFDC5B066AF  (unknown)  (unknown)
    @   00007FFDC5A29CD7  (unknown)  (unknown)
    @   00007FFDC5B05FEE  (unknown)  (unknown)
    @   00007FF682BBDB8A  (unknown)  (unknown)
    @   00007FF682CF2914  (unknown)  (unknown)
    @   00007FF682CF137F  (unknown)  (unknown)
    @   00007FF682CF485D  (unknown)  (unknown)
    @   00007FF682BBF472  (unknown)  (unknown)
    @   00007FF682BBA660  (unknown)  (unknown)
    @   00007FF682A21204  (unknown)  (unknown)
    @   00007FF682A52A38  (unknown)  (unknown)
    @   00007FF682A70139  (unknown)  (unknown)
    @   00007FF682D48C19  (unknown)  (unknown)
    @   00007FF682D41A7A  (unknown)  (unknown)
    @   00007FF682D41FB4  (unknown)  (unknown)
    @   00007FF68329F86C  (unknown)  (unknown)
    @   00007FF6832A4AF4  (unknown)  (unknown)
    @   00007FF6832A3E53  (unknown)  (unknown)
    @   00007FF6829CFCD9  (unknown)  (unknown)
    @   00007FF6832E0E58  (unknown)  (unknown)
    @   00007FFDC3D7E8D7  (unknown)  (unknown)
    @   00007FFDC5A3C5DC  (unknown)  (unknown)
[2025-10-16 23:24:58,267 E 38064 68044] (raylet.exe) logging.cc:497: *** SIGSEGV received at time=1760628298 ***
[2025-10-16 23:24:58,267 E 38064 68044] (raylet.exe) logging.cc:497:     @   00007FF683325C89  (unknown)  (unknown)
[2025-10-16 23:24:58,267 E 38064 68044] (raylet.exe) logging.cc:497:     @   00007FFDAF57F47F  (unknown)  (unknown)
[2025-10-16 23:24:58,267 E 38064 68044] (raylet.exe) logging.cc:497:     @   00007FFDC5B066AF  (unknown)  (unknown)
[2025-10-16 23:24:58,267 E 38064 68044] (raylet.exe) logging.cc:497:     @   00007FFDC5A29CD7  (unknown)  (unknown)
[2025-10-16 23:24:58,267 E 38064 68044] (raylet.exe) logging.cc:497:     @   00007FFDC5B05FEE  (unknown)  (unknown)
[2025-10-16 23:24:58,267 E 38064 68044] (raylet.exe) logging.cc:497:     @   00007FF682BBDB8A  (unknown)  (unknown)
[2025-10-16 23:24:58,267 E 38064 68044] (raylet.exe) logging.cc:497:     @   00007FF682CF2914  (unknown)  (unknown)
[2025-10-16 23:24:58,267 E 38064 68044] (raylet.exe) logging.cc:497:     @   00007FF682CF137F  (unknown)  (unknown)
[2025-10-16 23:24:58,267 E 38064 68044] (raylet.exe) logging.cc:497:     @   00007FF682CF485D  (unknown)  (unknown)
[2025-10-16 23:24:58,267 E 38064 68044] (raylet.exe) logging.cc:497:     @   00007FF682BBF472  (unknown)  (unknown)
[2025-10-16 23:24:58,267 E 38064 68044] (raylet.exe) logging.cc:497:     @   00007FF682BBA660  (unknown)  (unknown)
[2025-10-16 23:24:58,267 E 38064 68044] (raylet.exe) logging.cc:497:     @   00007FF682A21204  (unknown)  (unknown)
[2025-10-16 23:24:58,267 E 38064 68044] (raylet.exe) logging.cc:497:     @   00007FF682A52A38  (unknown)  (unknown)
[2025-10-16 23:24:58,267 E 38064 68044] (raylet.exe) logging.cc:497:     @   00007FF682A70139  (unknown)  (unknown)
[2025-10-16 23:24:58,267 E 38064 68044] (raylet.exe) logging.cc:497:     @   00007FF682D48C19  (unknown)  (unknown)
[2025-10-16 23:24:58,267 E 38064 68044] (raylet.exe) logging.cc:497:     @   00007FF682D41A7A  (unknown)  (unknown)
[2025-10-16 23:24:58,267 E 38064 68044] (raylet.exe) logging.cc:497:     @   00007FF682D41FB4  (unknown)  (unknown)
[2025-10-16 23:24:58,267 E 38064 68044] (raylet.exe) logging.cc:497:     @   00007FF68329F86C  (unknown)  (unknown)
[2025-10-16 23:24:58,267 E 38064 68044] (raylet.exe) logging.cc:497:     @   00007FF6832A4AF4  (unknown)  (unknown)
[2025-10-16 23:24:58,267 E 38064 68044] (raylet.exe) logging.cc:497:     @   00007FF6832A3E53  (unknown)  (unknown)
[2025-10-16 23:24:58,267 E 38064 68044] (raylet.exe) logging.cc:497:     @   00007FF6829CFCD9  (unknown)  (unknown)
[2025-10-16 23:24:58,267 E 38064 68044] (raylet.exe) logging.cc:497:     @   00007FF6832E0E58  (unknown)  (unknown)
[2025-10-16 23:24:58,267 E 38064 68044] (raylet.exe) logging.cc:497:     @   00007FFDC3D7E8D7  (unknown)  (unknown)
[2025-10-16 23:24:58,267 E 38064 68044] (raylet.exe) logging.cc:497:     @   00007FFDC5A3C5DC  (unknown)  (unknown)
