2025-10-16 23:08:39,141	INFO utils.py:314 -- Get all modules by type: DashboardHeadModule
2025-10-16 23:08:39,147	INFO utils.py:325 -- Module ray.dashboard.modules.actor.actor_head cannot be loaded because we cannot import all dependencies. Install this module using `pip install 'ray[default]'` for the full dashboard functionality. Error: No module named 'aiohttp'
2025-10-16 23:08:39,227	INFO utils.py:325 -- Module ray.dashboard.modules.data.data_head cannot be loaded because we cannot import all dependencies. Install this module using `pip install 'ray[default]'` for the full dashboard functionality. Error: No module named 'aiohttp'
2025-10-16 23:08:39,274	INFO utils.py:325 -- Module ray.dashboard.modules.event.event_head cannot be loaded because we cannot import all dependencies. Install this module using `pip install 'ray[default]'` for the full dashboard functionality. Error: No module named 'aiohttp'
2025-10-16 23:08:39,278	INFO utils.py:325 -- Module ray.dashboard.modules.healthz.healthz_agent cannot be loaded because we cannot import all dependencies. Install this module using `pip install 'ray[default]'` for the full dashboard functionality. Error: No module named 'aiohttp'
2025-10-16 23:08:39,279	INFO utils.py:325 -- Module ray.dashboard.modules.healthz.healthz_head cannot be loaded because we cannot import all dependencies. Install this module using `pip install 'ray[default]'` for the full dashboard functionality. Error: No module named 'aiohttp'
2025-10-16 23:08:39,362	INFO utils.py:325 -- Module ray.dashboard.modules.job.job_agent cannot be loaded because we cannot import all dependencies. Install this module using `pip install 'ray[default]'` for the full dashboard functionality. Error: No module named 'aiohttp'
2025-10-16 23:08:39,363	INFO utils.py:325 -- Module ray.dashboard.modules.job.job_head cannot be loaded because we cannot import all dependencies. Install this module using `pip install 'ray[default]'` for the full dashboard functionality. Error: No module named 'aiohttp'
2025-10-16 23:08:39,366	WARNING job_supervisor.py:49 -- Failed to Import win32api. For best usage experience run 'conda install pywin32'. Import error: No module named 'win32api'
2025-10-16 23:08:39,371	INFO utils.py:325 -- Module ray.dashboard.modules.log.log_agent cannot be loaded because we cannot import all dependencies. Install this module using `pip install 'ray[default]'` for the full dashboard functionality. Error: No module named 'aiohttp'
2025-10-16 23:08:39,502	INFO utils.py:325 -- Module ray.dashboard.modules.log.log_manager cannot be loaded because we cannot import all dependencies. Install this module using `pip install 'ray[default]'` for the full dashboard functionality. Error: No module named 'aiohttp'
2025-10-16 23:08:39,516	INFO utils.py:325 -- Module ray.dashboard.modules.metrics.metrics_head cannot be loaded because we cannot import all dependencies. Install this module using `pip install 'ray[default]'` for the full dashboard functionality. Error: No module named 'aiohttp'
2025-10-16 23:08:39,520	INFO utils.py:325 -- Module ray.dashboard.modules.node.node_head cannot be loaded because we cannot import all dependencies. Install this module using `pip install 'ray[default]'` for the full dashboard functionality. Error: No module named 'aiohttp'
2025-10-16 23:08:39,525	INFO utils.py:325 -- Module ray.dashboard.modules.reporter.reporter_agent cannot be loaded because we cannot import all dependencies. Install this module using `pip install 'ray[default]'` for the full dashboard functionality. Error: No module named 'opencensus'
2025-10-16 23:08:39,527	INFO utils.py:325 -- Module ray.dashboard.modules.reporter.reporter_head cannot be loaded because we cannot import all dependencies. Install this module using `pip install 'ray[default]'` for the full dashboard functionality. Error: No module named 'aiohttp'
2025-10-16 23:08:39,533	INFO utils.py:325 -- Module ray.dashboard.modules.serve.serve_agent cannot be loaded because we cannot import all dependencies. Install this module using `pip install 'ray[default]'` for the full dashboard functionality. Error: No module named 'aiohttp'
2025-10-16 23:08:39,535	INFO utils.py:325 -- Module ray.dashboard.modules.serve.serve_head cannot be loaded because we cannot import all dependencies. Install this module using `pip install 'ray[default]'` for the full dashboard functionality. Error: No module named 'aiohttp'
2025-10-16 23:08:39,537	INFO utils.py:325 -- Module ray.dashboard.modules.serve.serve_rest_api_impl cannot be loaded because we cannot import all dependencies. Install this module using `pip install 'ray[default]'` for the full dashboard functionality. Error: No module named 'aiohttp'
2025-10-16 23:08:39,540	INFO utils.py:325 -- Module ray.dashboard.modules.snapshot.snapshot_head cannot be loaded because we cannot import all dependencies. Install this module using `pip install 'ray[default]'` for the full dashboard functionality. Error: No module named 'aiohttp'
2025-10-16 23:08:39,543	INFO utils.py:325 -- Module ray.dashboard.modules.state.state_head cannot be loaded because we cannot import all dependencies. Install this module using `pip install 'ray[default]'` for the full dashboard functionality. Error: No module named 'aiohttp'
2025-10-16 23:08:39,546	INFO utils.py:325 -- Module ray.dashboard.modules.train.train_head cannot be loaded because we cannot import all dependencies. Install this module using `pip install 'ray[default]'` for the full dashboard functionality. Error: No module named 'aiohttp'
2025-10-16 23:08:39,553	INFO utils.py:347 -- Available modules: [<class 'ray.dashboard.modules.usage_stats.usage_stats_head.UsageStatsHead'>]
2025-10-16 23:08:39,554	INFO head.py:202 -- Modules to load: {'UsageStatsHead'}
2025-10-16 23:08:39,554	INFO head.py:205 -- Loading DashboardHeadModule: <class 'ray.dashboard.modules.usage_stats.usage_stats_head.UsageStatsHead'>
2025-10-16 23:08:39,554	INFO head.py:219 -- Loaded 1 modules. [<ray.dashboard.modules.usage_stats.usage_stats_head.UsageStatsHead object at 0x000001F47B943990>]
2025-10-16 23:08:39,554	INFO head.py:303 -- http server disabled.
2025-10-16 23:08:39,556	INFO usage_stats_head.py:197 -- Usage reporting is disabled.
