[2025-10-16 23:08:37,942 I 37520 36400] (gcs_server.exe) gcs_server_main.cc:89: Ray cluster metadata ray_version=2.44.1 ray_commit=daca7b2b1a950dc7f731e34e74c76ae383794ffe
[2025-10-16 23:08:37,943 I 37520 36400] (gcs_server.exe) io_service_pool.cc:35: IOServicePool is running with 1 io_service.
[2025-10-16 23:08:37,950 I 37520 36400] (gcs_server.exe) event.cc:500: Ray Event initialized for GCS
[2025-10-16 23:08:37,950 I 37520 36400] (gcs_server.exe) event.cc:500: Ray Event initialized for EXPORT_NODE
[2025-10-16 23:08:37,950 I 37520 36400] (gcs_server.exe) event.cc:500: Ray Event initialized for EXPORT_ACTOR
[2025-10-16 23:08:37,950 I 37520 36400] (gcs_server.exe) event.cc:500: Ray Event initialized for EXPORT_DRIVER_JOB
[2025-10-16 23:08:37,951 I 37520 36400] (gcs_server.exe) event.cc:331: Set ray event level to warning
[2025-10-16 23:08:37,951 I 37520 36400] (gcs_server.exe) gcs_server.cc:73: GCS storage type is StorageType::IN_MEMORY
[2025-10-16 23:08:37,952 I 37520 36400] (gcs_server.exe) gcs_init_data.cc:42: Loading job table data.
[2025-10-16 23:08:37,952 I 37520 36400] (gcs_server.exe) gcs_init_data.cc:52: Loading node table data.
[2025-10-16 23:08:37,952 I 37520 36400] (gcs_server.exe) gcs_init_data.cc:74: Loading actor table data.
[2025-10-16 23:08:37,952 I 37520 36400] (gcs_server.exe) gcs_init_data.cc:85: Loading actor task spec table data.
[2025-10-16 23:08:37,952 I 37520 36400] (gcs_server.exe) gcs_init_data.cc:62: Loading placement group table data.
[2025-10-16 23:08:37,952 I 37520 36400] (gcs_server.exe) gcs_init_data.cc:48: Finished loading job table data, size = 0
[2025-10-16 23:08:37,952 I 37520 36400] (gcs_server.exe) gcs_init_data.cc:58: Finished loading node table data, size = 0
[2025-10-16 23:08:37,952 I 37520 36400] (gcs_server.exe) gcs_init_data.cc:81: Finished loading actor table data, size = 0
[2025-10-16 23:08:37,952 I 37520 36400] (gcs_server.exe) gcs_init_data.cc:94: Finished loading actor task spec table data, size = 0
[2025-10-16 23:08:37,952 I 37520 36400] (gcs_server.exe) gcs_init_data.cc:70: Finished loading placement group table data, size = 0
[2025-10-16 23:08:37,952 I 37520 36400] (gcs_server.exe) gcs_server.cc:157: No existing server cluster ID found. Generating new ID: 2ac9cc1b124601802309fe9af0c44c8249687ab53f2c6c68a4f6ca91
[2025-10-16 23:08:37,953 I 37520 36400] (gcs_server.exe) gcs_server.cc:672: Autoscaler V2 enabled: 0
[2025-10-16 23:08:37,954 I 37520 36400] (gcs_server.exe) grpc_server.cc:137: GcsServer server started, listening on port 60527.
[2025-10-16 23:08:37,987 I 37520 36400] (gcs_server.exe) gcs_server.cc:245: Gcs Debug state:

GcsNodeManager: 
- RegisterNode request count: 0
- DrainNode request count: 0
- GetAllNodeInfo request count: 0

GcsActorManager: 
- RegisterActor request count: 0
- CreateActor request count: 0
- GetActorInfo request count: 0
- GetNamedActorInfo request count: 0
- GetAllActorInfo request count: 0
- KillActor request count: 0
- ListNamedActors request count: 0
- Registered actors count: 0
- Destroyed actors count: 0
- Named actors count: 0
- Unresolved actors count: 0
- Pending actors count: 0
- Created actors count: 0
- owners_: 0
- actor_to_register_callbacks_: 0
- actor_to_restart_callbacks_: 0
- actor_to_create_callbacks_: 0
- sorted_destroyed_actor_list_: 0

GcsResourceManager: 
- GetAllAvailableResources request count: 0
- GetAllTotalResources request count: 0
- GetAllResourceUsage request count: 0

GcsPlacementGroupManager: 
- CreatePlacementGroup request count: 0
- RemovePlacementGroup request count: 0
- GetPlacementGroup request count: 0
- GetAllPlacementGroup request count: 0
- WaitPlacementGroupUntilReady request count: 0
- GetNamedPlacementGroup request count: 0
- Scheduling pending placement group count: 0
- Registered placement groups count: 0
- Named placement group count: 0
- Pending placement groups count: 0
- Infeasible placement groups count: 0

Publisher:

[runtime env manager] ID to URIs table:
[runtime env manager] URIs reference table:

GcsTaskManager: 
-Total num task events reported: 0
-Total num status task events dropped: 0
-Total num profile events dropped: 0
-Current num of task events stored: 0
-Total num of actor creation tasks: 0
-Total num of actor tasks: 0
-Total num of normal tasks: 0
-Total num of driver tasks: 0

GcsAutoscalerStateManager: 
- last_seen_autoscaler_state_version_: 0
- last_cluster_resource_state_version_: 0
- pending demands:



[2025-10-16 23:08:37,987 I 37520 36400] (gcs_server.exe) gcs_server.cc:870: Main service Event stats:


Global stats: 24 total (4 active)
Queueing time: mean = 13.299 ms, max = 34.648 ms, min = 200.000 ns, total = 319.185 ms
Execution time:  mean = 2.898 ms, total = 69.553 ms
Event stats:
	GcsInMemoryStore.Put - 8 total (0 active), Execution time: mean = 4.333 ms, total = 34.667 ms, Queueing time: mean = 30.066 ms, max = 34.503 ms, min = 2.000 us, total = 240.531 ms
	GcsInMemoryStore.GetAll - 5 total (0 active), Execution time: mean = 6.820 us, total = 34.100 us, Queueing time: mean = 30.780 us, max = 36.800 us, min = 24.600 us, total = 153.900 us
	PeriodicalRunner.RunFnPeriodically - 4 total (2 active, 1 running), Execution time: mean = 3.025 us, total = 12.100 us, Queueing time: mean = 17.314 ms, max = 34.648 ms, min = 34.609 ms, total = 69.257 ms
	event_loop_lag_probe - 2 total (0 active), Execution time: mean = 71.100 us, total = 142.200 us, Queueing time: mean = 4.549 ms, max = 9.059 ms, min = 38.400 us, total = 9.097 ms
	GcsServer.GetOrGenerateClusterId.continuation - 1 total (0 active), Execution time: mean = 34.654 ms, total = 34.654 ms, Queueing time: mean = 200.000 ns, max = 200.000 ns, min = 200.000 ns, total = 200.000 ns
	ClusterResourceManager.ResetRemoteNodeView - 1 total (1 active), Execution time: mean = 0.000 s, total = 0.000 s, Queueing time: mean = 0.000 s, max = -0.000 s, min = 9223372036.855 s, total = 0.000 s
	GcsInitData::AsyncLoad - 1 total (0 active), Execution time: mean = 9.800 us, total = 9.800 us, Queueing time: mean = 1.500 us, max = 1.500 us, min = 1.500 us, total = 1.500 us
	GcsInMemoryStore.Get - 1 total (0 active), Execution time: mean = 34.500 us, total = 34.500 us, Queueing time: mean = 144.600 us, max = 144.600 us, min = 144.600 us, total = 144.600 us
	RayletLoadPulled - 1 total (1 active), Execution time: mean = 0.000 s, total = 0.000 s, Queueing time: mean = 0.000 s, max = -0.000 s, min = 9223372036.855 s, total = 0.000 s


[2025-10-16 23:08:37,987 I 37520 36400] (gcs_server.exe) gcs_server.cc:874: task_io_context Event stats:


Global stats: 4 total (1 active)
Queueing time: mean = 30.075 us, max = 105.200 us, min = 6.200 us, total = 120.300 us
Execution time:  mean = 280.050 us, total = 1.120 ms
Event stats:
	event_loop_lag_probe - 2 total (0 active), Execution time: mean = 558.650 us, total = 1.117 ms, Queueing time: mean = 55.700 us, max = 105.200 us, min = 6.200 us, total = 111.400 us
	PeriodicalRunner.RunFnPeriodically - 1 total (0 active), Execution time: mean = 2.900 us, total = 2.900 us, Queueing time: mean = 8.900 us, max = 8.900 us, min = 8.900 us, total = 8.900 us
	GcsTaskManager.GcJobSummary - 1 total (1 active), Execution time: mean = 0.000 s, total = 0.000 s, Queueing time: mean = 0.000 s, max = -0.000 s, min = 9223372036.855 s, total = 0.000 s


[2025-10-16 23:08:37,987 I 37520 36400] (gcs_server.exe) gcs_server.cc:874: pubsub_io_context Event stats:


Global stats: 4 total (1 active)
Queueing time: mean = 195.350 us, max = 768.900 us, min = 1.800 us, total = 781.400 us
Execution time:  mean = 171.600 us, total = 686.400 us
Event stats:
	event_loop_lag_probe - 2 total (0 active), Execution time: mean = 340.650 us, total = 681.300 us, Queueing time: mean = 385.350 us, max = 768.900 us, min = 1.800 us, total = 770.700 us
	PeriodicalRunner.RunFnPeriodically - 1 total (0 active), Execution time: mean = 5.100 us, total = 5.100 us, Queueing time: mean = 10.700 us, max = 10.700 us, min = 10.700 us, total = 10.700 us
	Publisher.CheckDeadSubscribers - 1 total (1 active), Execution time: mean = 0.000 s, total = 0.000 s, Queueing time: mean = 0.000 s, max = -0.000 s, min = 9223372036.855 s, total = 0.000 s


[2025-10-16 23:08:37,988 I 37520 36400] (gcs_server.exe) gcs_server.cc:874: ray_syncer_io_context Event stats:


Global stats: 4 total (0 active)
Queueing time: mean = 47.800 us, max = 163.800 us, min = 1.800 us, total = 191.200 us
Execution time:  mean = 218.100 us, total = 872.400 us
Event stats:
	RaySyncerRegister - 2 total (0 active), Execution time: mean = 1.650 us, total = 3.300 us, Queueing time: mean = 12.800 us, max = 13.800 us, min = 11.800 us, total = 25.600 us
	event_loop_lag_probe - 2 total (0 active), Execution time: mean = 434.550 us, total = 869.100 us, Queueing time: mean = 82.800 us, max = 163.800 us, min = 1.800 us, total = 165.600 us


[2025-10-16 23:08:39,695 I 37520 36400] (gcs_server.exe) gcs_node_manager.cc:88: Registering node info, address = 127.0.0.1, node name = 127.0.0.1 node_id=729f71eab2186e545850979d054f69fa84fc0f7028e87e3d6af4f9c8
[2025-10-16 23:08:39,695 I 37520 36400] (gcs_server.exe) gcs_node_manager.cc:94: Finished registering node info, address = 127.0.0.1, node name = 127.0.0.1, is_head_node = 1 node_id=729f71eab2186e545850979d054f69fa84fc0f7028e87e3d6af4f9c8
[2025-10-16 23:08:39,695 I 37520 36400] (gcs_server.exe) gcs_placement_group_manager.cc:830: A new node: 729f71eab2186e545850979d054f69fa84fc0f7028e87e3d6af4f9c8 registered, will try to reschedule all the infeasible placement groups.
[2025-10-16 23:08:39,701 I 37520 45228] (gcs_server.exe) ray_syncer.cc:244: Get connection node_id=729f71eab2186e545850979d054f69fa84fc0f7028e87e3d6af4f9c8
[2025-10-16 23:08:43,005 I 37520 36400] (gcs_server.exe) gcs_job_manager.cc:90: Adding job, job id = 01000000, driver pid = 15752
[2025-10-16 23:08:43,006 I 37520 36400] (gcs_server.exe) gcs_job_manager.cc:111: Finished adding job, job id = 01000000, driver pid = 15752
[2025-10-16 23:08:50,104 W 37520 3812] (gcs_server.exe) metric_exporter.cc:105: [1] Export metrics to agent failed: RpcError: RPC Error message: failed to connect to all addresses; last error: UNAVAILABLE: ipv4:127.0.0.1:61356: Connection refused; RPC Error details: . This won't affect Ray, but you can lose metrics from the cluster.
[2025-10-16 23:08:58,809 I 37520 36400] (gcs_server.exe) gcs_job_manager.cc:149: Finished marking job state, job id = 01000000
[2025-10-16 23:08:59,210 I 37520 36400] (gcs_server.exe) gcs_node_manager.cc:382: Removing node, node name = 127.0.0.1, death reason = EXPECTED_TERMINATION, death message = received SIGTERM node_id=729f71eab2186e545850979d054f69fa84fc0f7028e87e3d6af4f9c8
[2025-10-16 23:08:59,210 I 37520 36400] (gcs_server.exe) gcs_placement_group_manager.cc:800: Node failed, rescheduling the placement groups on the dead node. node_id=729f71eab2186e545850979d054f69fa84fc0f7028e87e3d6af4f9c8
[2025-10-16 23:08:59,210 I 37520 36400] (gcs_server.exe) gcs_actor_manager.cc:1292: Node failed, reconstructing actors. node_id=729f71eab2186e545850979d054f69fa84fc0f7028e87e3d6af4f9c8
[2025-10-16 23:08:59,210 I 37520 36400] (gcs_server.exe) gcs_job_manager.cc:467: Node failed, mark all jobs from this node as finished node_id=729f71eab2186e545850979d054f69fa84fc0f7028e87e3d6af4f9c8
[2025-10-16 23:08:59,331 I 37520 33756] (gcs_server.exe) ray_syncer_bidi_reactor_base.h:182: Failed to read the message from: 729f71eab2186e545850979d054f69fa84fc0f7028e87e3d6af4f9c8
[2025-10-16 23:08:59,331 I 37520 33756] (gcs_server.exe) ray_syncer.cc:241: Connection is broken. node_id=729f71eab2186e545850979d054f69fa84fc0f7028e87e3d6af4f9c8
[2025-10-16 23:08:59,335 I 37520 36400] (gcs_server.exe) gcs_server_main.cc:169: GCS server received SIGTERM, shutting down...
[2025-10-16 23:08:59,336 I 37520 36400] (gcs_server.exe) gcs_server.cc:267: Stopping GCS server.
[2025-10-16 23:08:59,361 I 37520 36400] (gcs_server.exe) gcs_server.cc:284: GCS server stopped.
[2025-10-16 23:08:59,361 I 37520 36400] (gcs_server.exe) io_service_pool.cc:47: IOServicePool is stopped.
[2025-10-16 23:08:59,466 I 37520 36400] (gcs_server.exe) stats.h:120: Stats module has shutdown.
