2025-10-16 23:08:41,781	INFO log_monitor.py:155 -- Starting log monitor with [max open files=200], [is_autoscaler_v2=False]
2025-10-16 23:08:41,783	INFO log_monitor.py:278 -- Beginning to track file raylet.err
2025-10-16 23:08:41,783	INFO log_monitor.py:278 -- Beginning to track file monitor.log
2025-10-16 23:08:41,784	INFO log_monitor.py:278 -- Beginning to track file gcs_server.err
2025-10-16 23:08:41,993	INFO log_monitor.py:278 -- Beginning to track file worker-c3f807b4fd5f9967f13c937feafeaa311e22d00c0baf3a12d86c1fc5-ffffffff-42060.err
2025-10-16 23:08:41,994	INFO log_monitor.py:278 -- Beginning to track file worker-c3f807b4fd5f9967f13c937feafeaa311e22d00c0baf3a12d86c1fc5-ffffffff-42060.out
2025-10-16 23:08:42,099	INFO log_monitor.py:278 -- Beginning to track file worker-abd0f598251aaa3f2adbaa16fb077576569f5d8242f5d6a33118d6fd-ffffffff-61348.err
2025-10-16 23:08:42,100	INFO log_monitor.py:278 -- Beginning to track file worker-abd0f598251aaa3f2adbaa16fb077576569f5d8242f5d6a33118d6fd-ffffffff-61348.out
2025-10-16 23:08:42,320	INFO log_monitor.py:278 -- Beginning to track file worker-743740998695c391eeb904e2141c956b5a6f710317eaf546c4605866-ffffffff-30320.err
2025-10-16 23:08:42,320	INFO log_monitor.py:278 -- Beginning to track file worker-743740998695c391eeb904e2141c956b5a6f710317eaf546c4605866-ffffffff-30320.out
2025-10-16 23:08:42,845	INFO log_monitor.py:278 -- Beginning to track file worker-7b1514fa829a79c0c698d5ac07e9ddad71c74c3520372f3f5b7a77dd-ffffffff-65916.err
2025-10-16 23:08:42,846	INFO log_monitor.py:278 -- Beginning to track file worker-7b1514fa829a79c0c698d5ac07e9ddad71c74c3520372f3f5b7a77dd-ffffffff-65916.out
2025-10-16 23:08:42,846	INFO log_monitor.py:278 -- Beginning to track file worker-aafdf08f709c92a3fca08879c6ef347816ab48ecfa84a48699f3fb26-ffffffff-56732.err
2025-10-16 23:08:42,846	INFO log_monitor.py:278 -- Beginning to track file worker-aafdf08f709c92a3fca08879c6ef347816ab48ecfa84a48699f3fb26-ffffffff-56732.out
2025-10-16 23:08:42,847	INFO log_monitor.py:278 -- Beginning to track file worker-e74e543d618233d9e3605642c267f4cee6e91a12df9740147b90f375-ffffffff-74988.err
2025-10-16 23:08:42,847	INFO log_monitor.py:278 -- Beginning to track file worker-e74e543d618233d9e3605642c267f4cee6e91a12df9740147b90f375-ffffffff-74988.out
2025-10-16 23:08:42,948	INFO log_monitor.py:278 -- Beginning to track file worker-0cc6b320632ad2fbfa690c2ac94678f4cbe52d1c3f5e08c00ca06c15-ffffffff-66016.err
2025-10-16 23:08:42,949	INFO log_monitor.py:278 -- Beginning to track file worker-0cc6b320632ad2fbfa690c2ac94678f4cbe52d1c3f5e08c00ca06c15-ffffffff-66016.out
2025-10-16 23:08:42,949	INFO log_monitor.py:278 -- Beginning to track file worker-4eab351b8953f54ebe0385c76cd1bfb08c17b45b46a2b220a6f6f15c-ffffffff-17984.err
2025-10-16 23:08:42,949	INFO log_monitor.py:278 -- Beginning to track file worker-4eab351b8953f54ebe0385c76cd1bfb08c17b45b46a2b220a6f6f15c-ffffffff-17984.out
2025-10-16 23:08:42,949	INFO log_monitor.py:278 -- Beginning to track file worker-7765903282e5190b6f460ce95f0200d4c18d0d5cbd5dfa25a88bd8a2-ffffffff-8564.err
2025-10-16 23:08:42,949	INFO log_monitor.py:278 -- Beginning to track file worker-7765903282e5190b6f460ce95f0200d4c18d0d5cbd5dfa25a88bd8a2-ffffffff-8564.out
2025-10-16 23:08:42,949	INFO log_monitor.py:278 -- Beginning to track file worker-8e00bda8fbe468d6e8227d43e991c6defb93ee499ba7482943cebb8e-ffffffff-63180.err
2025-10-16 23:08:42,949	INFO log_monitor.py:278 -- Beginning to track file worker-8e00bda8fbe468d6e8227d43e991c6defb93ee499ba7482943cebb8e-ffffffff-63180.out
2025-10-16 23:08:42,949	INFO log_monitor.py:278 -- Beginning to track file worker-bb48ed803ce6ae3d2e359553c4e06bdbd5508f325adc811d80cbaa08-ffffffff-81712.err
2025-10-16 23:08:42,949	INFO log_monitor.py:278 -- Beginning to track file worker-bb48ed803ce6ae3d2e359553c4e06bdbd5508f325adc811d80cbaa08-ffffffff-81712.out
2025-10-16 23:08:42,950	INFO log_monitor.py:278 -- Beginning to track file worker-e7f17dcc5f4bc2c3f639708649e1317007235fe137551c3788275d6c-ffffffff-46900.err
2025-10-16 23:08:42,950	INFO log_monitor.py:278 -- Beginning to track file worker-e7f17dcc5f4bc2c3f639708649e1317007235fe137551c3788275d6c-ffffffff-46900.out
2025-10-16 23:08:42,950	INFO log_monitor.py:278 -- Beginning to track file worker-f31757cb3224a9ccf666204eb5e9084e1ab5822c37fb0f5f21b3e663-ffffffff-13928.err
2025-10-16 23:08:42,950	INFO log_monitor.py:278 -- Beginning to track file worker-f31757cb3224a9ccf666204eb5e9084e1ab5822c37fb0f5f21b3e663-ffffffff-13928.out
2025-10-16 23:08:43,053	INFO log_monitor.py:278 -- Beginning to track file worker-0261eb43257b1bbeb0e7790b25f0895a1d03eaa46c0ce37cd4e8f6e3-ffffffff-57584.err
2025-10-16 23:08:43,053	INFO log_monitor.py:278 -- Beginning to track file worker-0261eb43257b1bbeb0e7790b25f0895a1d03eaa46c0ce37cd4e8f6e3-ffffffff-57584.out
2025-10-16 23:08:43,053	INFO log_monitor.py:278 -- Beginning to track file worker-51c520481d5b98a7bae0a9a5e6de71fd0b833e0940cb750eb4ab2cb2-ffffffff-45236.err
2025-10-16 23:08:43,053	INFO log_monitor.py:278 -- Beginning to track file worker-51c520481d5b98a7bae0a9a5e6de71fd0b833e0940cb750eb4ab2cb2-ffffffff-45236.out
2025-10-16 23:08:43,053	INFO log_monitor.py:278 -- Beginning to track file worker-56ab445aaf9244a3b8e06d5df826a2e1c38cccd0b86ef8d49a90703d-ffffffff-46884.err
2025-10-16 23:08:43,053	INFO log_monitor.py:278 -- Beginning to track file worker-56ab445aaf9244a3b8e06d5df826a2e1c38cccd0b86ef8d49a90703d-ffffffff-46884.out
2025-10-16 23:08:43,053	INFO log_monitor.py:278 -- Beginning to track file worker-87fb95662db31769aaa06343eeac9468ac46cb41e50c0b17da26944d-ffffffff-16696.err
2025-10-16 23:08:43,054	INFO log_monitor.py:278 -- Beginning to track file worker-87fb95662db31769aaa06343eeac9468ac46cb41e50c0b17da26944d-ffffffff-16696.out
2025-10-16 23:08:43,054	INFO log_monitor.py:278 -- Beginning to track file worker-dd91a03db87368c5671b2b009f0a5b25cb253733dfc204c492fbe4d7-ffffffff-46480.err
2025-10-16 23:08:43,054	INFO log_monitor.py:278 -- Beginning to track file worker-dd91a03db87368c5671b2b009f0a5b25cb253733dfc204c492fbe4d7-ffffffff-46480.out
