[2025-10-16 23:08:42,953 I 46884 13492] core_worker_process.cc:187: Constructing CoreWorkerProcess. pid: 46884
[2025-10-16 23:08:42,956 I 46884 13492] io_service_pool.cc:35: IOServicePool is running with 1 io_service.
[2025-10-16 23:08:42,958 I 46884 13492] grpc_server.cc:137: worker server started, listening on port 60418.
[2025-10-16 23:08:42,959 I 46884 13492] core_worker.cc:526: Initializing worker at address: 127.0.0.1:60418 worker_id=56ab445aaf9244a3b8e06d5df826a2e1c38cccd0b86ef8d49a90703d node_id=729f71eab2186e545850979d054f69fa84fc0f7028e87e3d6af4f9c8
[2025-10-16 23:08:42,960 I 46884 13492] task_event_buffer.cc:281: Reporting task events to GCS every 1000ms.
[2025-10-16 23:08:42,962 I 46884 22348] accessor.cc:760: Received notification for node, IsAlive = 1 node_id=729f71eab2186e545850979d054f69fa84fc0f7028e87e3d6af4f9c8
[2025-10-16 23:08:42,962 I 46884 22348] core_worker.cc:5080: Number of alive nodes:1
[2025-10-16 23:08:42,962 I 46884 22348] core_worker.cc:914: Event stats:


Global stats: 12 total (4 active)
Queueing time: mean = 20.092 us, max = 126.200 us, min = 13.900 us, total = 241.100 us
Execution time:  mean = 152.608 us, total = 1.831 ms
Event stats:
	PeriodicalRunner.RunFnPeriodically - 3 total (1 active, 1 running), Execution time: mean = 8.967 us, total = 26.900 us, Queueing time: mean = 59.700 us, max = 126.200 us, min = 52.900 us, total = 179.100 us
	ray::rpc::WorkerInfoGcsService.grpc_client.AddWorkerInfo - 1 total (0 active), Execution time: mean = 515.500 us, total = 515.500 us, Queueing time: mean = 0.000 s, max = -0.000 s, min = 9223372036.855 s, total = 0.000 s
	Publisher.CheckDeadSubscribers - 1 total (1 active), Execution time: mean = 0.000 s, total = 0.000 s, Queueing time: mean = 0.000 s, max = -0.000 s, min = 9223372036.855 s, total = 0.000 s
	CoreWorker.ExitIfParentRayletDies - 1 total (1 active), Execution time: mean = 0.000 s, total = 0.000 s, Queueing time: mean = 0.000 s, max = -0.000 s, min = 9223372036.855 s, total = 0.000 s
	ray::rpc::InternalPubSubGcsService.grpc_client.GcsSubscriberPoll - 1 total (1 active), Execution time: mean = 0.000 s, total = 0.000 s, Queueing time: mean = 0.000 s, max = -0.000 s, min = 9223372036.855 s, total = 0.000 s
	ray::rpc::InternalPubSubGcsService.grpc_client.GcsSubscriberCommandBatch.OnReplyReceived - 1 total (0 active), Execution time: mean = 191.300 us, total = 191.300 us, Queueing time: mean = 26.500 us, max = 26.500 us, min = 26.500 us, total = 26.500 us
	ray::rpc::WorkerInfoGcsService.grpc_client.AddWorkerInfo.OnReplyReceived - 1 total (0 active), Execution time: mean = 27.400 us, total = 27.400 us, Queueing time: mean = 21.600 us, max = 21.600 us, min = 21.600 us, total = 21.600 us
	ray::rpc::NodeInfoGcsService.grpc_client.GetAllNodeInfo - 1 total (0 active), Execution time: mean = 488.200 us, total = 488.200 us, Queueing time: mean = 0.000 s, max = -0.000 s, min = 9223372036.855 s, total = 0.000 s
	ray::rpc::NodeInfoGcsService.grpc_client.GetAllNodeInfo.OnReplyReceived - 1 total (0 active), Execution time: mean = 73.600 us, total = 73.600 us, Queueing time: mean = 13.900 us, max = 13.900 us, min = 13.900 us, total = 13.900 us
	ray::rpc::InternalPubSubGcsService.grpc_client.GcsSubscriberCommandBatch - 1 total (0 active), Execution time: mean = 508.400 us, total = 508.400 us, Queueing time: mean = 0.000 s, max = -0.000 s, min = 9223372036.855 s, total = 0.000 s

-----------------
Task execution event stats:

Global stats: 0 total (0 active)
Queueing time: mean = -nan(ind) s, max = -0.000 s, min = 9223372036.855 s, total = 0.000 s
Execution time:  mean = -nan(ind) s, total = 0.000 s
Event stats:

-----------------
Task Event stats:

IO Service Stats:

Global stats: 4 total (1 active)
Queueing time: mean = 10.000 us, max = 24.300 us, min = 15.700 us, total = 40.000 us
Execution time:  mean = 163.250 us, total = 653.000 us
Event stats:
	PeriodicalRunner.RunFnPeriodically - 1 total (0 active), Execution time: mean = 103.500 us, total = 103.500 us, Queueing time: mean = 15.700 us, max = 15.700 us, min = 15.700 us, total = 15.700 us
	ray::rpc::TaskInfoGcsService.grpc_client.AddTaskEventData - 1 total (0 active), Execution time: mean = 526.800 us, total = 526.800 us, Queueing time: mean = 0.000 s, max = -0.000 s, min = 9223372036.855 s, total = 0.000 s
	CoreWorker.deadline_timer.flush_task_events - 1 total (1 active), Execution time: mean = 0.000 s, total = 0.000 s, Queueing time: mean = 0.000 s, max = -0.000 s, min = 9223372036.855 s, total = 0.000 s
	ray::rpc::TaskInfoGcsService.grpc_client.AddTaskEventData.OnReplyReceived - 1 total (0 active), Execution time: mean = 22.700 us, total = 22.700 us, Queueing time: mean = 24.300 us, max = 24.300 us, min = 24.300 us, total = 24.300 us
Other Stats:
	grpc_in_progress:0
	current number of task status events in buffer: 0
	current number of profile events in buffer: 0
	current number of dropped task attempts tracked: 0
	total task events sent: 0 MiB
	total number of task attempts sent: 0
	total number of task attempts dropped reported: 0
	total number of sent failure: 0
	num status task events dropped: 0
	num profile task events dropped: 0


[2025-10-16 23:08:42,965 I 46884 13492] event.cc:500: Ray Event initialized for CORE_WORKER
[2025-10-16 23:08:42,965 I 46884 13492] event.cc:500: Ray Event initialized for EXPORT_TASK
[2025-10-16 23:08:42,965 I 46884 13492] event.cc:331: Set ray event level to warning
[2025-10-16 23:08:43,992 I 46884 22348] core_worker.cc:1171: Exit signal received, this process will exit after all outstanding tasks have finished, exit_type=INTENDED_SYSTEM_EXIT, detail=Worker exits because it was idle (it doesn't have objects it owns while no task or actor has been scheduled) for a long time.
[2025-10-16 23:08:43,994 I 46884 13492] core_worker.cc:1102: Sending disconnect message to the local raylet.
[2025-10-16 23:08:43,994 I 46884 13492] raylet_client.cc:73: RayletClient::Disconnect, exit_type=INTENDED_SYSTEM_EXIT, exit_detail=Worker exits because it was idle (it doesn't have objects it owns while no task or actor has been scheduled) for a long time., has creation_task_exception_pb_bytes=0
[2025-10-16 23:08:43,995 I 46884 13492] core_worker.cc:1108: Disconnected from the local raylet.
[2025-10-16 23:08:43,995 I 46884 13492] core_worker.cc:1017: Shutting down a core worker.
[2025-10-16 23:08:43,995 I 46884 13492] task_event_buffer.cc:292: Shutting down TaskEventBuffer.
[2025-10-16 23:08:43,995 I 46884 24884] task_event_buffer.cc:260: Task event buffer io service stopped.
[2025-10-16 23:08:43,996 I 46884 13492] core_worker.cc:1039: Waiting for joining a core worker io thread. If it hangs here, there might be deadlock or a high load in the core worker io service.
[2025-10-16 23:08:43,996 I 46884 22348] core_worker.cc:1275: Core worker main io service stopped.
[2025-10-16 23:08:44,083 I 46884 13492] core_worker.cc:1051: Disconnecting a GCS client.
[2025-10-16 23:08:44,083 I 46884 13492] core_worker.cc:1058: Core worker ready to be deallocated.
[2025-10-16 23:08:44,083 I 46884 13492] core_worker_process.cc:330: Task execution loop terminated. Removing the global worker.
[2025-10-16 23:08:44,083 I 46884 13492] core_worker.cc:1008: Core worker is destructed
[2025-10-16 23:08:44,083 I 46884 13492] task_event_buffer.cc:292: Shutting down TaskEventBuffer.
[2025-10-16 23:08:44,255 I 46884 13492] core_worker_process.cc:232: Destructing CoreWorkerProcessImpl. pid: 46884
[2025-10-16 23:08:44,255 I 46884 13492] io_service_pool.cc:47: IOServicePool is stopped.
[2025-10-16 23:08:44,518 I 46884 13492] stats.h:120: Stats module has shutdown.
[2025-10-16 23:08:44,541 W 46884 13492] core_worker_process.cc:246: The core worker process is not initialized yet or already shutdown.
