[2025-10-16 23:08:42,839 I 74988 75804] core_worker_process.cc:187: Constructing CoreWorkerProcess. pid: 74988
[2025-10-16 23:08:42,844 I 74988 75804] io_service_pool.cc:35: IOServicePool is running with 1 io_service.
[2025-10-16 23:08:42,848 I 74988 75804] grpc_server.cc:137: worker server started, listening on port 60366.
[2025-10-16 23:08:42,850 I 74988 75804] core_worker.cc:526: Initializing worker at address: 127.0.0.1:60366 worker_id=e74e543d618233d9e3605642c267f4cee6e91a12df9740147b90f375 node_id=729f71eab2186e545850979d054f69fa84fc0f7028e87e3d6af4f9c8
[2025-10-16 23:08:42,852 I 74988 75804] task_event_buffer.cc:281: Reporting task events to GCS every 1000ms.
[2025-10-16 23:08:42,855 I 74988 35764] core_worker.cc:914: Event stats:


Global stats: 11 total (5 active)
Queueing time: mean = 304.855 us, max = 1.184 ms, min = 445.500 us, total = 3.353 ms
Execution time:  mean = 351.536 us, total = 3.867 ms
Event stats:
	PeriodicalRunner.RunFnPeriodically - 3 total (1 active, 1 running), Execution time: mean = 15.667 us, total = 47.000 us, Queueing time: mean = 783.433 us, max = 1.184 ms, min = 1.166 ms, total = 2.350 ms
	ray::rpc::WorkerInfoGcsService.grpc_client.AddWorkerInfo - 1 total (0 active), Execution time: mean = 1.851 ms, total = 1.851 ms, Queueing time: mean = 0.000 s, max = -0.000 s, min = 9223372036.855 s, total = 0.000 s
	ray::rpc::InternalPubSubGcsService.grpc_client.GcsSubscriberPoll - 1 total (1 active), Execution time: mean = 0.000 s, total = 0.000 s, Queueing time: mean = 0.000 s, max = -0.000 s, min = 9223372036.855 s, total = 0.000 s
	ray::rpc::InternalPubSubGcsService.grpc_client.GcsSubscriberCommandBatch.OnReplyReceived - 1 total (0 active), Execution time: mean = 714.000 us, total = 714.000 us, Queueing time: mean = 445.500 us, max = 445.500 us, min = 445.500 us, total = 445.500 us
	ray::rpc::WorkerInfoGcsService.grpc_client.AddWorkerInfo.OnReplyReceived - 1 total (0 active), Execution time: mean = 285.900 us, total = 285.900 us, Queueing time: mean = 557.600 us, max = 557.600 us, min = 557.600 us, total = 557.600 us
	Publisher.CheckDeadSubscribers - 1 total (1 active), Execution time: mean = 0.000 s, total = 0.000 s, Queueing time: mean = 0.000 s, max = -0.000 s, min = 9223372036.855 s, total = 0.000 s
	ray::rpc::NodeInfoGcsService.grpc_client.GetAllNodeInfo - 1 total (1 active), Execution time: mean = 0.000 s, total = 0.000 s, Queueing time: mean = 0.000 s, max = -0.000 s, min = 9223372036.855 s, total = 0.000 s
	ray::rpc::InternalPubSubGcsService.grpc_client.GcsSubscriberCommandBatch - 1 total (0 active), Execution time: mean = 969.200 us, total = 969.200 us, Queueing time: mean = 0.000 s, max = -0.000 s, min = 9223372036.855 s, total = 0.000 s
	CoreWorker.ExitIfParentRayletDies - 1 total (1 active), Execution time: mean = 0.000 s, total = 0.000 s, Queueing time: mean = 0.000 s, max = -0.000 s, min = 9223372036.855 s, total = 0.000 s

-----------------
Task execution event stats:

Global stats: 0 total (0 active)
Queueing time: mean = -nan(ind) s, max = -0.000 s, min = 9223372036.855 s, total = 0.000 s
Execution time:  mean = -nan(ind) s, total = 0.000 s
Event stats:

-----------------
Task Event stats:

IO Service Stats:

Global stats: 4 total (1 active)
Queueing time: mean = 57.225 us, max = 199.600 us, min = 29.300 us, total = 228.900 us
Execution time:  mean = 337.375 us, total = 1.349 ms
Event stats:
	PeriodicalRunner.RunFnPeriodically - 1 total (0 active), Execution time: mean = 293.800 us, total = 293.800 us, Queueing time: mean = 29.300 us, max = 29.300 us, min = 29.300 us, total = 29.300 us
	ray::rpc::TaskInfoGcsService.grpc_client.AddTaskEventData - 1 total (0 active), Execution time: mean = 1.033 ms, total = 1.033 ms, Queueing time: mean = 0.000 s, max = -0.000 s, min = 9223372036.855 s, total = 0.000 s
	CoreWorker.deadline_timer.flush_task_events - 1 total (1 active), Execution time: mean = 0.000 s, total = 0.000 s, Queueing time: mean = 0.000 s, max = -0.000 s, min = 9223372036.855 s, total = 0.000 s
	ray::rpc::TaskInfoGcsService.grpc_client.AddTaskEventData.OnReplyReceived - 1 total (0 active), Execution time: mean = 23.100 us, total = 23.100 us, Queueing time: mean = 199.600 us, max = 199.600 us, min = 199.600 us, total = 199.600 us
Other Stats:
	grpc_in_progress:0
	current number of task status events in buffer: 0
	current number of profile events in buffer: 0
	current number of dropped task attempts tracked: 0
	total task events sent: 0 MiB
	total number of task attempts sent: 0
	total number of task attempts dropped reported: 0
	total number of sent failure: 0
	num status task events dropped: 0
	num profile task events dropped: 0


[2025-10-16 23:08:42,855 I 74988 35764] accessor.cc:760: Received notification for node, IsAlive = 1 node_id=729f71eab2186e545850979d054f69fa84fc0f7028e87e3d6af4f9c8
[2025-10-16 23:08:42,855 I 74988 35764] core_worker.cc:5080: Number of alive nodes:1
[2025-10-16 23:08:42,859 I 74988 75804] event.cc:500: Ray Event initialized for CORE_WORKER
[2025-10-16 23:08:42,859 I 74988 75804] event.cc:500: Ray Event initialized for EXPORT_TASK
[2025-10-16 23:08:42,859 I 74988 75804] event.cc:331: Set ray event level to warning
[2025-10-16 23:08:43,996 I 74988 35764] core_worker.cc:1171: Exit signal received, this process will exit after all outstanding tasks have finished, exit_type=INTENDED_SYSTEM_EXIT, detail=Worker exits because it was idle (it doesn't have objects it owns while no task or actor has been scheduled) for a long time.
[2025-10-16 23:08:43,998 I 74988 75804] core_worker.cc:1102: Sending disconnect message to the local raylet.
[2025-10-16 23:08:43,998 I 74988 75804] raylet_client.cc:73: RayletClient::Disconnect, exit_type=INTENDED_SYSTEM_EXIT, exit_detail=Worker exits because it was idle (it doesn't have objects it owns while no task or actor has been scheduled) for a long time., has creation_task_exception_pb_bytes=0
[2025-10-16 23:08:43,999 I 74988 75804] core_worker.cc:1108: Disconnected from the local raylet.
[2025-10-16 23:08:43,999 I 74988 75804] core_worker.cc:1017: Shutting down a core worker.
[2025-10-16 23:08:43,999 I 74988 75804] task_event_buffer.cc:292: Shutting down TaskEventBuffer.
[2025-10-16 23:08:43,999 I 74988 13216] task_event_buffer.cc:260: Task event buffer io service stopped.
[2025-10-16 23:08:44,000 I 74988 75804] core_worker.cc:1039: Waiting for joining a core worker io thread. If it hangs here, there might be deadlock or a high load in the core worker io service.
[2025-10-16 23:08:44,000 I 74988 35764] core_worker.cc:1275: Core worker main io service stopped.
[2025-10-16 23:08:44,001 I 74988 75804] core_worker.cc:1051: Disconnecting a GCS client.
[2025-10-16 23:08:44,001 I 74988 75804] core_worker.cc:1058: Core worker ready to be deallocated.
[2025-10-16 23:08:44,001 I 74988 75804] core_worker_process.cc:330: Task execution loop terminated. Removing the global worker.
[2025-10-16 23:08:44,001 I 74988 75804] core_worker.cc:1008: Core worker is destructed
[2025-10-16 23:08:44,001 I 74988 75804] task_event_buffer.cc:292: Shutting down TaskEventBuffer.
[2025-10-16 23:08:44,255 I 74988 75804] core_worker_process.cc:232: Destructing CoreWorkerProcessImpl. pid: 74988
[2025-10-16 23:08:44,255 I 74988 75804] io_service_pool.cc:47: IOServicePool is stopped.
[2025-10-16 23:08:44,689 I 74988 75804] stats.h:120: Stats module has shutdown.
[2025-10-16 23:08:44,709 W 74988 75804] core_worker_process.cc:246: The core worker process is not initialized yet or already shutdown.
