[2025-10-16 23:08:42,843 I 65916 1616] core_worker_process.cc:187: Constructing CoreWorkerProcess. pid: 65916
[2025-10-16 23:08:42,848 I 65916 1616] io_service_pool.cc:35: IOServicePool is running with 1 io_service.
[2025-10-16 23:08:42,852 I 65916 1616] grpc_server.cc:137: worker server started, listening on port 60368.
[2025-10-16 23:08:42,854 I 65916 1616] core_worker.cc:526: Initializing worker at address: 127.0.0.1:60368 worker_id=7b1514fa829a79c0c698d5ac07e9ddad71c74c3520372f3f5b7a77dd node_id=729f71eab2186e545850979d054f69fa84fc0f7028e87e3d6af4f9c8
[2025-10-16 23:08:42,856 I 65916 1616] task_event_buffer.cc:281: Reporting task events to GCS every 1000ms.
[2025-10-16 23:08:42,859 I 65916 21788] core_worker.cc:914: Event stats:


Global stats: 11 total (5 active)
Queueing time: mean = 307.882 us, max = 1.835 ms, min = 96.500 us, total = 3.387 ms
Execution time:  mean = 220.382 us, total = 2.424 ms
Event stats:
	PeriodicalRunner.RunFnPeriodically - 3 total (1 active, 1 running), Execution time: mean = 16.367 us, total = 49.100 us, Queueing time: mean = 738.767 us, max = 1.835 ms, min = 380.800 us, total = 2.216 ms
	ray::rpc::InternalPubSubGcsService.grpc_client.GcsSubscriberCommandBatch - 1 total (0 active), Execution time: mean = 966.000 us, total = 966.000 us, Queueing time: mean = 0.000 s, max = -0.000 s, min = 9223372036.855 s, total = 0.000 s
	CoreWorker.ExitIfParentRayletDies - 1 total (1 active), Execution time: mean = 0.000 s, total = 0.000 s, Queueing time: mean = 0.000 s, max = -0.000 s, min = 9223372036.855 s, total = 0.000 s
	Publisher.CheckDeadSubscribers - 1 total (1 active), Execution time: mean = 0.000 s, total = 0.000 s, Queueing time: mean = 0.000 s, max = -0.000 s, min = 9223372036.855 s, total = 0.000 s
	ray::rpc::WorkerInfoGcsService.grpc_client.AddWorkerInfo - 1 total (0 active), Execution time: mean = 938.100 us, total = 938.100 us, Queueing time: mean = 0.000 s, max = -0.000 s, min = 9223372036.855 s, total = 0.000 s
	ray::rpc::InternalPubSubGcsService.grpc_client.GcsSubscriberPoll - 1 total (1 active), Execution time: mean = 0.000 s, total = 0.000 s, Queueing time: mean = 0.000 s, max = -0.000 s, min = 9223372036.855 s, total = 0.000 s
	ray::rpc::InternalPubSubGcsService.grpc_client.GcsSubscriberCommandBatch.OnReplyReceived - 1 total (0 active), Execution time: mean = 403.700 us, total = 403.700 us, Queueing time: mean = 1.074 ms, max = 1.074 ms, min = 1.074 ms, total = 1.074 ms
	ray::rpc::NodeInfoGcsService.grpc_client.GetAllNodeInfo - 1 total (1 active), Execution time: mean = 0.000 s, total = 0.000 s, Queueing time: mean = 0.000 s, max = -0.000 s, min = 9223372036.855 s, total = 0.000 s
	ray::rpc::WorkerInfoGcsService.grpc_client.AddWorkerInfo.OnReplyReceived - 1 total (0 active), Execution time: mean = 67.300 us, total = 67.300 us, Queueing time: mean = 96.500 us, max = 96.500 us, min = 96.500 us, total = 96.500 us

-----------------
Task execution event stats:

Global stats: 0 total (0 active)
Queueing time: mean = -nan(ind) s, max = -0.000 s, min = 9223372036.855 s, total = 0.000 s
Execution time:  mean = -nan(ind) s, total = 0.000 s
Event stats:

-----------------
Task Event stats:

IO Service Stats:

Global stats: 4 total (1 active)
Queueing time: mean = 14.925 us, max = 34.500 us, min = 25.200 us, total = 59.700 us
Execution time:  mean = 331.450 us, total = 1.326 ms
Event stats:
	PeriodicalRunner.RunFnPeriodically - 1 total (0 active), Execution time: mean = 390.000 us, total = 390.000 us, Queueing time: mean = 34.500 us, max = 34.500 us, min = 34.500 us, total = 34.500 us
	ray::rpc::TaskInfoGcsService.grpc_client.AddTaskEventData - 1 total (0 active), Execution time: mean = 907.700 us, total = 907.700 us, Queueing time: mean = 0.000 s, max = -0.000 s, min = 9223372036.855 s, total = 0.000 s
	CoreWorker.deadline_timer.flush_task_events - 1 total (1 active), Execution time: mean = 0.000 s, total = 0.000 s, Queueing time: mean = 0.000 s, max = -0.000 s, min = 9223372036.855 s, total = 0.000 s
	ray::rpc::TaskInfoGcsService.grpc_client.AddTaskEventData.OnReplyReceived - 1 total (0 active), Execution time: mean = 28.100 us, total = 28.100 us, Queueing time: mean = 25.200 us, max = 25.200 us, min = 25.200 us, total = 25.200 us
Other Stats:
	grpc_in_progress:0
	current number of task status events in buffer: 0
	current number of profile events in buffer: 0
	current number of dropped task attempts tracked: 0
	total task events sent: 0 MiB
	total number of task attempts sent: 0
	total number of task attempts dropped reported: 0
	total number of sent failure: 0
	num status task events dropped: 0
	num profile task events dropped: 0


[2025-10-16 23:08:42,860 I 65916 21788] accessor.cc:760: Received notification for node, IsAlive = 1 node_id=729f71eab2186e545850979d054f69fa84fc0f7028e87e3d6af4f9c8
[2025-10-16 23:08:42,860 I 65916 21788] core_worker.cc:5080: Number of alive nodes:1
[2025-10-16 23:08:42,862 I 65916 1616] event.cc:500: Ray Event initialized for CORE_WORKER
[2025-10-16 23:08:42,862 I 65916 1616] event.cc:500: Ray Event initialized for EXPORT_TASK
[2025-10-16 23:08:42,862 I 65916 1616] event.cc:331: Set ray event level to warning
[2025-10-16 23:08:43,996 I 65916 21788] core_worker.cc:1171: Exit signal received, this process will exit after all outstanding tasks have finished, exit_type=INTENDED_SYSTEM_EXIT, detail=Worker exits because it was idle (it doesn't have objects it owns while no task or actor has been scheduled) for a long time.
[2025-10-16 23:08:43,997 I 65916 1616] core_worker.cc:1102: Sending disconnect message to the local raylet.
[2025-10-16 23:08:43,997 I 65916 1616] raylet_client.cc:73: RayletClient::Disconnect, exit_type=INTENDED_SYSTEM_EXIT, exit_detail=Worker exits because it was idle (it doesn't have objects it owns while no task or actor has been scheduled) for a long time., has creation_task_exception_pb_bytes=0
[2025-10-16 23:08:43,999 I 65916 1616] core_worker.cc:1108: Disconnected from the local raylet.
[2025-10-16 23:08:43,999 I 65916 1616] core_worker.cc:1017: Shutting down a core worker.
[2025-10-16 23:08:43,999 I 65916 1616] task_event_buffer.cc:292: Shutting down TaskEventBuffer.
[2025-10-16 23:08:43,999 I 65916 19720] task_event_buffer.cc:260: Task event buffer io service stopped.
[2025-10-16 23:08:43,999 I 65916 1616] core_worker.cc:1039: Waiting for joining a core worker io thread. If it hangs here, there might be deadlock or a high load in the core worker io service.
[2025-10-16 23:08:43,999 I 65916 21788] core_worker.cc:1275: Core worker main io service stopped.
[2025-10-16 23:08:44,001 I 65916 1616] core_worker.cc:1051: Disconnecting a GCS client.
[2025-10-16 23:08:44,001 I 65916 1616] core_worker.cc:1058: Core worker ready to be deallocated.
[2025-10-16 23:08:44,001 I 65916 1616] core_worker_process.cc:330: Task execution loop terminated. Removing the global worker.
[2025-10-16 23:08:44,001 I 65916 1616] core_worker.cc:1008: Core worker is destructed
[2025-10-16 23:08:44,001 I 65916 1616] task_event_buffer.cc:292: Shutting down TaskEventBuffer.
[2025-10-16 23:08:44,002 I 65916 1616] core_worker_process.cc:232: Destructing CoreWorkerProcessImpl. pid: 65916
[2025-10-16 23:08:44,002 I 65916 1616] io_service_pool.cc:47: IOServicePool is stopped.
[2025-10-16 23:08:44,162 I 65916 1616] stats.h:120: Stats module has shutdown.
[2025-10-16 23:08:44,187 W 65916 1616] core_worker_process.cc:246: The core worker process is not initialized yet or already shutdown.
