[2025-10-16 23:08:42,899 I 81712 70680] core_worker_process.cc:187: Constructing CoreWorkerProcess. pid: 81712
[2025-10-16 23:08:42,903 I 81712 70680] io_service_pool.cc:35: IOServicePool is running with 1 io_service.
[2025-10-16 23:08:42,906 I 81712 70680] grpc_server.cc:137: worker server started, listening on port 60391.
[2025-10-16 23:08:42,908 I 81712 70680] core_worker.cc:526: Initializing worker at address: 127.0.0.1:60391 worker_id=bb48ed803ce6ae3d2e359553c4e06bdbd5508f325adc811d80cbaa08 node_id=729f71eab2186e545850979d054f69fa84fc0f7028e87e3d6af4f9c8
[2025-10-16 23:08:42,910 I 81712 70680] task_event_buffer.cc:281: Reporting task events to GCS every 1000ms.
[2025-10-16 23:08:42,912 I 81712 7572] accessor.cc:760: Received notification for node, IsAlive = 1 node_id=729f71eab2186e545850979d054f69fa84fc0f7028e87e3d6af4f9c8
[2025-10-16 23:08:42,912 I 81712 7572] core_worker.cc:5080: Number of alive nodes:1
[2025-10-16 23:08:42,913 I 81712 7572] core_worker.cc:914: Event stats:


Global stats: 12 total (4 active)
Queueing time: mean = 28.075 us, max = 178.100 us, min = 27.600 us, total = 336.900 us
Execution time:  mean = 215.658 us, total = 2.588 ms
Event stats:
	PeriodicalRunner.RunFnPeriodically - 3 total (1 active, 1 running), Execution time: mean = 12.967 us, total = 38.900 us, Queueing time: mean = 69.267 us, max = 178.100 us, min = 29.700 us, total = 207.800 us
	ray::rpc::InternalPubSubGcsService.grpc_client.GcsSubscriberCommandBatch - 1 total (0 active), Execution time: mean = 688.300 us, total = 688.300 us, Queueing time: mean = 0.000 s, max = -0.000 s, min = 9223372036.855 s, total = 0.000 s
	Publisher.CheckDeadSubscribers - 1 total (1 active), Execution time: mean = 0.000 s, total = 0.000 s, Queueing time: mean = 0.000 s, max = -0.000 s, min = 9223372036.855 s, total = 0.000 s
	CoreWorker.ExitIfParentRayletDies - 1 total (1 active), Execution time: mean = 0.000 s, total = 0.000 s, Queueing time: mean = 0.000 s, max = -0.000 s, min = 9223372036.855 s, total = 0.000 s
	ray::rpc::WorkerInfoGcsService.grpc_client.AddWorkerInfo - 1 total (0 active), Execution time: mean = 860.300 us, total = 860.300 us, Queueing time: mean = 0.000 s, max = -0.000 s, min = 9223372036.855 s, total = 0.000 s
	ray::rpc::InternalPubSubGcsService.grpc_client.GcsSubscriberCommandBatch.OnReplyReceived - 1 total (0 active), Execution time: mean = 306.700 us, total = 306.700 us, Queueing time: mean = 64.000 us, max = 64.000 us, min = 64.000 us, total = 64.000 us
	ray::rpc::InternalPubSubGcsService.grpc_client.GcsSubscriberPoll - 1 total (1 active), Execution time: mean = 0.000 s, total = 0.000 s, Queueing time: mean = 0.000 s, max = -0.000 s, min = 9223372036.855 s, total = 0.000 s
	ray::rpc::NodeInfoGcsService.grpc_client.GetAllNodeInfo.OnReplyReceived - 1 total (0 active), Execution time: mean = 109.700 us, total = 109.700 us, Queueing time: mean = 37.500 us, max = 37.500 us, min = 37.500 us, total = 37.500 us
	ray::rpc::WorkerInfoGcsService.grpc_client.AddWorkerInfo.OnReplyReceived - 1 total (0 active), Execution time: mean = 31.800 us, total = 31.800 us, Queueing time: mean = 27.600 us, max = 27.600 us, min = 27.600 us, total = 27.600 us
	ray::rpc::NodeInfoGcsService.grpc_client.GetAllNodeInfo - 1 total (0 active), Execution time: mean = 552.200 us, total = 552.200 us, Queueing time: mean = 0.000 s, max = -0.000 s, min = 9223372036.855 s, total = 0.000 s

-----------------
Task execution event stats:

Global stats: 0 total (0 active)
Queueing time: mean = -nan(ind) s, max = -0.000 s, min = 9223372036.855 s, total = 0.000 s
Execution time:  mean = -nan(ind) s, total = 0.000 s
Event stats:

-----------------
Task Event stats:

IO Service Stats:

Global stats: 4 total (1 active)
Queueing time: mean = 18.700 us, max = 47.100 us, min = 27.700 us, total = 74.800 us
Execution time:  mean = 233.300 us, total = 933.200 us
Event stats:
	ray::rpc::TaskInfoGcsService.grpc_client.AddTaskEventData - 1 total (0 active), Execution time: mean = 627.600 us, total = 627.600 us, Queueing time: mean = 0.000 s, max = -0.000 s, min = 9223372036.855 s, total = 0.000 s
	CoreWorker.deadline_timer.flush_task_events - 1 total (1 active), Execution time: mean = 0.000 s, total = 0.000 s, Queueing time: mean = 0.000 s, max = -0.000 s, min = 9223372036.855 s, total = 0.000 s
	ray::rpc::TaskInfoGcsService.grpc_client.AddTaskEventData.OnReplyReceived - 1 total (0 active), Execution time: mean = 26.400 us, total = 26.400 us, Queueing time: mean = 47.100 us, max = 47.100 us, min = 47.100 us, total = 47.100 us
	PeriodicalRunner.RunFnPeriodically - 1 total (0 active), Execution time: mean = 279.200 us, total = 279.200 us, Queueing time: mean = 27.700 us, max = 27.700 us, min = 27.700 us, total = 27.700 us
Other Stats:
	grpc_in_progress:0
	current number of task status events in buffer: 0
	current number of profile events in buffer: 0
	current number of dropped task attempts tracked: 0
	total task events sent: 0 MiB
	total number of task attempts sent: 0
	total number of task attempts dropped reported: 0
	total number of sent failure: 0
	num status task events dropped: 0
	num profile task events dropped: 0


[2025-10-16 23:08:42,915 I 81712 70680] event.cc:500: Ray Event initialized for CORE_WORKER
[2025-10-16 23:08:42,916 I 81712 70680] event.cc:500: Ray Event initialized for EXPORT_TASK
[2025-10-16 23:08:42,916 I 81712 70680] event.cc:331: Set ray event level to warning
[2025-10-16 23:08:43,994 I 81712 7572] core_worker.cc:1171: Exit signal received, this process will exit after all outstanding tasks have finished, exit_type=INTENDED_SYSTEM_EXIT, detail=Worker exits because it was idle (it doesn't have objects it owns while no task or actor has been scheduled) for a long time.
[2025-10-16 23:08:43,996 I 81712 70680] core_worker.cc:1102: Sending disconnect message to the local raylet.
[2025-10-16 23:08:43,996 I 81712 70680] raylet_client.cc:73: RayletClient::Disconnect, exit_type=INTENDED_SYSTEM_EXIT, exit_detail=Worker exits because it was idle (it doesn't have objects it owns while no task or actor has been scheduled) for a long time., has creation_task_exception_pb_bytes=0
[2025-10-16 23:08:43,998 I 81712 70680] core_worker.cc:1108: Disconnected from the local raylet.
[2025-10-16 23:08:43,998 I 81712 70680] core_worker.cc:1017: Shutting down a core worker.
[2025-10-16 23:08:43,998 I 81712 70680] task_event_buffer.cc:292: Shutting down TaskEventBuffer.
[2025-10-16 23:08:43,998 I 81712 35604] task_event_buffer.cc:260: Task event buffer io service stopped.
[2025-10-16 23:08:43,998 I 81712 70680] core_worker.cc:1039: Waiting for joining a core worker io thread. If it hangs here, there might be deadlock or a high load in the core worker io service.
[2025-10-16 23:08:43,998 I 81712 7572] core_worker.cc:1275: Core worker main io service stopped.
[2025-10-16 23:08:44,020 I 81712 70680] core_worker.cc:1051: Disconnecting a GCS client.
[2025-10-16 23:08:44,021 I 81712 70680] core_worker.cc:1058: Core worker ready to be deallocated.
[2025-10-16 23:08:44,021 I 81712 70680] core_worker_process.cc:330: Task execution loop terminated. Removing the global worker.
[2025-10-16 23:08:44,021 I 81712 70680] core_worker.cc:1008: Core worker is destructed
[2025-10-16 23:08:44,021 I 81712 70680] task_event_buffer.cc:292: Shutting down TaskEventBuffer.
[2025-10-16 23:08:44,255 I 81712 70680] core_worker_process.cc:232: Destructing CoreWorkerProcessImpl. pid: 81712
[2025-10-16 23:08:44,255 I 81712 70680] io_service_pool.cc:47: IOServicePool is stopped.
[2025-10-16 23:08:44,487 I 81712 70680] stats.h:120: Stats module has shutdown.
[2025-10-16 23:08:44,509 W 81712 70680] core_worker_process.cc:246: The core worker process is not initialized yet or already shutdown.
