[2025-10-16 23:08:42,984 I 45236 37788] core_worker_process.cc:187: Constructing CoreWorkerProcess. pid: 45236
[2025-10-16 23:08:42,987 I 45236 37788] io_service_pool.cc:35: IOServicePool is running with 1 io_service.
[2025-10-16 23:08:42,989 I 45236 37788] grpc_server.cc:137: worker server started, listening on port 60435.
[2025-10-16 23:08:42,990 I 45236 37788] core_worker.cc:526: Initializing worker at address: 127.0.0.1:60435 worker_id=51c520481d5b98a7bae0a9a5e6de71fd0b833e0940cb750eb4ab2cb2 node_id=729f71eab2186e545850979d054f69fa84fc0f7028e87e3d6af4f9c8
[2025-10-16 23:08:42,991 I 45236 37788] task_event_buffer.cc:281: Reporting task events to GCS every 1000ms.
[2025-10-16 23:08:42,992 I 45236 37464] accessor.cc:760: Received notification for node, IsAlive = 1 node_id=729f71eab2186e545850979d054f69fa84fc0f7028e87e3d6af4f9c8
[2025-10-16 23:08:42,992 I 45236 37464] core_worker.cc:5080: Number of alive nodes:1
[2025-10-16 23:08:42,992 I 45236 37464] core_worker.cc:914: Event stats:


Global stats: 12 total (4 active)
Queueing time: mean = 21.000 us, max = 154.800 us, min = 13.900 us, total = 252.000 us
Execution time:  mean = 124.667 us, total = 1.496 ms
Event stats:
	PeriodicalRunner.RunFnPeriodically - 3 total (1 active, 1 running), Execution time: mean = 9.167 us, total = 27.500 us, Queueing time: mean = 59.167 us, max = 154.800 us, min = 22.700 us, total = 177.500 us
	ray::rpc::NodeInfoGcsService.grpc_client.GetAllNodeInfo - 1 total (0 active), Execution time: mean = 279.500 us, total = 279.500 us, Queueing time: mean = 0.000 s, max = -0.000 s, min = 9223372036.855 s, total = 0.000 s
	ray::rpc::WorkerInfoGcsService.grpc_client.AddWorkerInfo.OnReplyReceived - 1 total (0 active), Execution time: mean = 21.200 us, total = 21.200 us, Queueing time: mean = 23.900 us, max = 23.900 us, min = 23.900 us, total = 23.900 us
	ray::rpc::InternalPubSubGcsService.grpc_client.GcsSubscriberPoll - 1 total (1 active), Execution time: mean = 0.000 s, total = 0.000 s, Queueing time: mean = 0.000 s, max = -0.000 s, min = 9223372036.855 s, total = 0.000 s
	Publisher.CheckDeadSubscribers - 1 total (1 active), Execution time: mean = 0.000 s, total = 0.000 s, Queueing time: mean = 0.000 s, max = -0.000 s, min = 9223372036.855 s, total = 0.000 s
	ray::rpc::WorkerInfoGcsService.grpc_client.AddWorkerInfo - 1 total (0 active), Execution time: mean = 500.000 us, total = 500.000 us, Queueing time: mean = 0.000 s, max = -0.000 s, min = 9223372036.855 s, total = 0.000 s
	CoreWorker.ExitIfParentRayletDies - 1 total (1 active), Execution time: mean = 0.000 s, total = 0.000 s, Queueing time: mean = 0.000 s, max = -0.000 s, min = 9223372036.855 s, total = 0.000 s
	ray::rpc::InternalPubSubGcsService.grpc_client.GcsSubscriberCommandBatch.OnReplyReceived - 1 total (0 active), Execution time: mean = 106.000 us, total = 106.000 us, Queueing time: mean = 13.900 us, max = 13.900 us, min = 13.900 us, total = 13.900 us
	ray::rpc::InternalPubSubGcsService.grpc_client.GcsSubscriberCommandBatch - 1 total (0 active), Execution time: mean = 475.900 us, total = 475.900 us, Queueing time: mean = 0.000 s, max = -0.000 s, min = 9223372036.855 s, total = 0.000 s
	ray::rpc::NodeInfoGcsService.grpc_client.GetAllNodeInfo.OnReplyReceived - 1 total (0 active), Execution time: mean = 85.900 us, total = 85.900 us, Queueing time: mean = 36.700 us, max = 36.700 us, min = 36.700 us, total = 36.700 us

-----------------
Task execution event stats:

Global stats: 0 total (0 active)
Queueing time: mean = -nan(ind) s, max = -0.000 s, min = 9223372036.855 s, total = 0.000 s
Execution time:  mean = -nan(ind) s, total = 0.000 s
Event stats:

-----------------
Task Event stats:

IO Service Stats:

Global stats: 4 total (1 active)
Queueing time: mean = 12.250 us, max = 32.700 us, min = 16.300 us, total = 49.000 us
Execution time:  mean = 158.750 us, total = 635.000 us
Event stats:
	ray::rpc::TaskInfoGcsService.grpc_client.AddTaskEventData - 1 total (0 active), Execution time: mean = 450.200 us, total = 450.200 us, Queueing time: mean = 0.000 s, max = -0.000 s, min = 9223372036.855 s, total = 0.000 s
	PeriodicalRunner.RunFnPeriodically - 1 total (0 active), Execution time: mean = 169.700 us, total = 169.700 us, Queueing time: mean = 16.300 us, max = 16.300 us, min = 16.300 us, total = 16.300 us
	ray::rpc::TaskInfoGcsService.grpc_client.AddTaskEventData.OnReplyReceived - 1 total (0 active), Execution time: mean = 15.100 us, total = 15.100 us, Queueing time: mean = 32.700 us, max = 32.700 us, min = 32.700 us, total = 32.700 us
	CoreWorker.deadline_timer.flush_task_events - 1 total (1 active), Execution time: mean = 0.000 s, total = 0.000 s, Queueing time: mean = 0.000 s, max = -0.000 s, min = 9223372036.855 s, total = 0.000 s
Other Stats:
	grpc_in_progress:0
	current number of task status events in buffer: 0
	current number of profile events in buffer: 0
	current number of dropped task attempts tracked: 0
	total task events sent: 0 MiB
	total number of task attempts sent: 0
	total number of task attempts dropped reported: 0
	total number of sent failure: 0
	num status task events dropped: 0
	num profile task events dropped: 0


[2025-10-16 23:08:42,994 I 45236 37788] event.cc:500: Ray Event initialized for CORE_WORKER
[2025-10-16 23:08:42,995 I 45236 37788] event.cc:500: Ray Event initialized for EXPORT_TASK
[2025-10-16 23:08:42,995 I 45236 37788] event.cc:331: Set ray event level to warning
[2025-10-16 23:08:44,210 I 45236 37464] core_worker.cc:1171: Exit signal received, this process will exit after all outstanding tasks have finished, exit_type=INTENDED_SYSTEM_EXIT, detail=Worker exits because it was idle (it doesn't have objects it owns while no task or actor has been scheduled) for a long time.
[2025-10-16 23:08:44,212 I 45236 37788] core_worker.cc:1102: Sending disconnect message to the local raylet.
[2025-10-16 23:08:44,212 I 45236 37788] raylet_client.cc:73: RayletClient::Disconnect, exit_type=INTENDED_SYSTEM_EXIT, exit_detail=Worker exits because it was idle (it doesn't have objects it owns while no task or actor has been scheduled) for a long time., has creation_task_exception_pb_bytes=0
[2025-10-16 23:08:44,212 I 45236 37788] core_worker.cc:1108: Disconnected from the local raylet.
[2025-10-16 23:08:44,212 I 45236 37788] core_worker.cc:1017: Shutting down a core worker.
[2025-10-16 23:08:44,212 I 45236 37788] task_event_buffer.cc:292: Shutting down TaskEventBuffer.
[2025-10-16 23:08:44,213 I 45236 51112] task_event_buffer.cc:260: Task event buffer io service stopped.
[2025-10-16 23:08:44,213 I 45236 37788] core_worker.cc:1039: Waiting for joining a core worker io thread. If it hangs here, there might be deadlock or a high load in the core worker io service.
[2025-10-16 23:08:44,213 I 45236 37464] core_worker.cc:1275: Core worker main io service stopped.
[2025-10-16 23:08:44,215 I 45236 37788] core_worker.cc:1051: Disconnecting a GCS client.
[2025-10-16 23:08:44,215 I 45236 37788] core_worker.cc:1058: Core worker ready to be deallocated.
[2025-10-16 23:08:44,215 I 45236 37788] core_worker_process.cc:330: Task execution loop terminated. Removing the global worker.
[2025-10-16 23:08:44,215 I 45236 37788] core_worker.cc:1008: Core worker is destructed
[2025-10-16 23:08:44,215 I 45236 37788] task_event_buffer.cc:292: Shutting down TaskEventBuffer.
[2025-10-16 23:08:44,473 I 45236 37788] core_worker_process.cc:232: Destructing CoreWorkerProcessImpl. pid: 45236
[2025-10-16 23:08:44,473 I 45236 37788] io_service_pool.cc:47: IOServicePool is stopped.
[2025-10-16 23:08:44,829 I 45236 37788] stats.h:120: Stats module has shutdown.
[2025-10-16 23:08:44,851 W 45236 37788] core_worker_process.cc:246: The core worker process is not initialized yet or already shutdown.
