[2025-10-16 23:08:42,215 I 30320 77740] core_worker_process.cc:187: Constructing CoreWorkerProcess. pid: 30320
[2025-10-16 23:08:42,220 I 30320 77740] io_service_pool.cc:35: IOServicePool is running with 1 io_service.
[2025-10-16 23:08:42,224 I 30320 77740] grpc_server.cc:137: worker server started, listening on port 60332.
[2025-10-16 23:08:42,226 I 30320 77740] core_worker.cc:526: Initializing worker at address: 127.0.0.1:60332 worker_id=743740998695c391eeb904e2141c956b5a6f710317eaf546c4605866 node_id=729f71eab2186e545850979d054f69fa84fc0f7028e87e3d6af4f9c8
[2025-10-16 23:08:42,229 I 30320 77740] task_event_buffer.cc:281: Reporting task events to GCS every 1000ms.
[2025-10-16 23:08:42,232 I 30320 25100] core_worker.cc:914: Event stats:


Global stats: 11 total (5 active)
Queueing time: mean = 263.855 us, max = 1.492 ms, min = 181.900 us, total = 2.902 ms
Execution time:  mean = 342.364 us, total = 3.766 ms
Event stats:
	PeriodicalRunner.RunFnPeriodically - 3 total (1 active, 1 running), Execution time: mean = 21.500 us, total = 64.500 us, Queueing time: mean = 557.967 us, max = 1.492 ms, min = 181.900 us, total = 1.674 ms
	Publisher.CheckDeadSubscribers - 1 total (1 active), Execution time: mean = 0.000 s, total = 0.000 s, Queueing time: mean = 0.000 s, max = -0.000 s, min = 9223372036.855 s, total = 0.000 s
	ray::rpc::InternalPubSubGcsService.grpc_client.GcsSubscriberPoll - 1 total (1 active), Execution time: mean = 0.000 s, total = 0.000 s, Queueing time: mean = 0.000 s, max = -0.000 s, min = 9223372036.855 s, total = 0.000 s
	ray::rpc::InternalPubSubGcsService.grpc_client.GcsSubscriberCommandBatch.OnReplyReceived - 1 total (0 active), Execution time: mean = 397.600 us, total = 397.600 us, Queueing time: mean = 650.000 us, max = 650.000 us, min = 650.000 us, total = 650.000 us
	ray::rpc::NodeInfoGcsService.grpc_client.GetAllNodeInfo - 1 total (1 active), Execution time: mean = 0.000 s, total = 0.000 s, Queueing time: mean = 0.000 s, max = -0.000 s, min = 9223372036.855 s, total = 0.000 s
	ray::rpc::WorkerInfoGcsService.grpc_client.AddWorkerInfo.OnReplyReceived - 1 total (0 active), Execution time: mean = 54.400 us, total = 54.400 us, Queueing time: mean = 578.500 us, max = 578.500 us, min = 578.500 us, total = 578.500 us
	ray::rpc::InternalPubSubGcsService.grpc_client.GcsSubscriberCommandBatch - 1 total (0 active), Execution time: mean = 1.471 ms, total = 1.471 ms, Queueing time: mean = 0.000 s, max = -0.000 s, min = 9223372036.855 s, total = 0.000 s
	CoreWorker.ExitIfParentRayletDies - 1 total (1 active), Execution time: mean = 0.000 s, total = 0.000 s, Queueing time: mean = 0.000 s, max = -0.000 s, min = 9223372036.855 s, total = 0.000 s
	ray::rpc::WorkerInfoGcsService.grpc_client.AddWorkerInfo - 1 total (0 active), Execution time: mean = 1.778 ms, total = 1.778 ms, Queueing time: mean = 0.000 s, max = -0.000 s, min = 9223372036.855 s, total = 0.000 s

-----------------
Task execution event stats:

Global stats: 0 total (0 active)
Queueing time: mean = -nan(ind) s, max = -0.000 s, min = 9223372036.855 s, total = 0.000 s
Execution time:  mean = -nan(ind) s, total = 0.000 s
Event stats:

-----------------
Task Event stats:

IO Service Stats:

Global stats: 4 total (1 active)
Queueing time: mean = 41.750 us, max = 135.300 us, min = 31.700 us, total = 167.000 us
Execution time:  mean = 611.775 us, total = 2.447 ms
Event stats:
	ray::rpc::TaskInfoGcsService.grpc_client.AddTaskEventData - 1 total (0 active), Execution time: mean = 1.500 ms, total = 1.500 ms, Queueing time: mean = 0.000 s, max = -0.000 s, min = 9223372036.855 s, total = 0.000 s
	PeriodicalRunner.RunFnPeriodically - 1 total (0 active), Execution time: mean = 912.500 us, total = 912.500 us, Queueing time: mean = 31.700 us, max = 31.700 us, min = 31.700 us, total = 31.700 us
	ray::rpc::TaskInfoGcsService.grpc_client.AddTaskEventData.OnReplyReceived - 1 total (0 active), Execution time: mean = 34.500 us, total = 34.500 us, Queueing time: mean = 135.300 us, max = 135.300 us, min = 135.300 us, total = 135.300 us
	CoreWorker.deadline_timer.flush_task_events - 1 total (1 active), Execution time: mean = 0.000 s, total = 0.000 s, Queueing time: mean = 0.000 s, max = -0.000 s, min = 9223372036.855 s, total = 0.000 s
Other Stats:
	grpc_in_progress:0
	current number of task status events in buffer: 0
	current number of profile events in buffer: 0
	current number of dropped task attempts tracked: 0
	total task events sent: 0 MiB
	total number of task attempts sent: 0
	total number of task attempts dropped reported: 0
	total number of sent failure: 0
	num status task events dropped: 0
	num profile task events dropped: 0


[2025-10-16 23:08:42,233 I 30320 25100] accessor.cc:760: Received notification for node, IsAlive = 1 node_id=729f71eab2186e545850979d054f69fa84fc0f7028e87e3d6af4f9c8
[2025-10-16 23:08:42,233 I 30320 25100] core_worker.cc:5080: Number of alive nodes:1
[2025-10-16 23:08:42,236 I 30320 77740] event.cc:500: Ray Event initialized for CORE_WORKER
[2025-10-16 23:08:42,236 I 30320 77740] event.cc:500: Ray Event initialized for EXPORT_TASK
[2025-10-16 23:08:42,236 I 30320 77740] event.cc:331: Set ray event level to warning
[2025-10-16 23:08:43,388 I 30320 25100] core_worker.cc:1171: Exit signal received, this process will exit after all outstanding tasks have finished, exit_type=INTENDED_SYSTEM_EXIT, detail=Worker exits because it was idle (it doesn't have objects it owns while no task or actor has been scheduled) for a long time.
[2025-10-16 23:08:43,390 I 30320 77740] core_worker.cc:1102: Sending disconnect message to the local raylet.
[2025-10-16 23:08:43,390 I 30320 77740] raylet_client.cc:73: RayletClient::Disconnect, exit_type=INTENDED_SYSTEM_EXIT, exit_detail=Worker exits because it was idle (it doesn't have objects it owns while no task or actor has been scheduled) for a long time., has creation_task_exception_pb_bytes=0
[2025-10-16 23:08:43,390 I 30320 77740] core_worker.cc:1108: Disconnected from the local raylet.
[2025-10-16 23:08:43,390 I 30320 77740] core_worker.cc:1017: Shutting down a core worker.
[2025-10-16 23:08:43,390 I 30320 77740] task_event_buffer.cc:292: Shutting down TaskEventBuffer.
[2025-10-16 23:08:43,390 I 30320 44148] task_event_buffer.cc:260: Task event buffer io service stopped.
[2025-10-16 23:08:43,390 I 30320 77740] core_worker.cc:1039: Waiting for joining a core worker io thread. If it hangs here, there might be deadlock or a high load in the core worker io service.
[2025-10-16 23:08:43,390 I 30320 25100] core_worker.cc:1275: Core worker main io service stopped.
[2025-10-16 23:08:43,392 I 30320 77740] core_worker.cc:1051: Disconnecting a GCS client.
[2025-10-16 23:08:43,392 I 30320 77740] core_worker.cc:1058: Core worker ready to be deallocated.
[2025-10-16 23:08:43,392 I 30320 77740] core_worker_process.cc:330: Task execution loop terminated. Removing the global worker.
[2025-10-16 23:08:43,392 I 30320 77740] core_worker.cc:1008: Core worker is destructed
[2025-10-16 23:08:43,392 I 30320 77740] task_event_buffer.cc:292: Shutting down TaskEventBuffer.
[2025-10-16 23:08:43,393 I 30320 77740] core_worker_process.cc:232: Destructing CoreWorkerProcessImpl. pid: 30320
[2025-10-16 23:08:43,393 I 30320 77740] io_service_pool.cc:47: IOServicePool is stopped.
[2025-10-16 23:08:43,524 I 30320 77740] stats.h:120: Stats module has shutdown.
[2025-10-16 23:08:43,548 W 30320 77740] core_worker_process.cc:246: The core worker process is not initialized yet or already shutdown.
