[2025-10-16 23:08:42,988 I 46480 73692] core_worker_process.cc:187: Constructing CoreWorkerProcess. pid: 46480
[2025-10-16 23:08:42,990 I 46480 73692] io_service_pool.cc:35: IOServicePool is running with 1 io_service.
[2025-10-16 23:08:42,992 I 46480 73692] grpc_server.cc:137: worker server started, listening on port 60439.
[2025-10-16 23:08:42,993 I 46480 73692] core_worker.cc:526: Initializing worker at address: 127.0.0.1:60439 worker_id=dd91a03db87368c5671b2b009f0a5b25cb253733dfc204c492fbe4d7 node_id=729f71eab2186e545850979d054f69fa84fc0f7028e87e3d6af4f9c8
[2025-10-16 23:08:42,994 I 46480 73692] task_event_buffer.cc:281: Reporting task events to GCS every 1000ms.
[2025-10-16 23:08:42,996 I 46480 41400] accessor.cc:760: Received notification for node, IsAlive = 1 node_id=729f71eab2186e545850979d054f69fa84fc0f7028e87e3d6af4f9c8
[2025-10-16 23:08:42,996 I 46480 41400] core_worker.cc:5080: Number of alive nodes:1
[2025-10-16 23:08:42,996 I 46480 41400] core_worker.cc:914: Event stats:


Global stats: 12 total (4 active)
Queueing time: mean = 21.825 us, max = 171.800 us, min = 12.600 us, total = 261.900 us
Execution time:  mean = 134.933 us, total = 1.619 ms
Event stats:
	PeriodicalRunner.RunFnPeriodically - 3 total (1 active, 1 running), Execution time: mean = 9.433 us, total = 28.300 us, Queueing time: mean = 66.367 us, max = 171.800 us, min = 27.300 us, total = 199.100 us
	ray::rpc::NodeInfoGcsService.grpc_client.GetAllNodeInfo - 1 total (0 active), Execution time: mean = 413.700 us, total = 413.700 us, Queueing time: mean = 0.000 s, max = -0.000 s, min = 9223372036.855 s, total = 0.000 s
	ray::rpc::WorkerInfoGcsService.grpc_client.AddWorkerInfo.OnReplyReceived - 1 total (0 active), Execution time: mean = 22.000 us, total = 22.000 us, Queueing time: mean = 35.000 us, max = 35.000 us, min = 35.000 us, total = 35.000 us
	ray::rpc::InternalPubSubGcsService.grpc_client.GcsSubscriberPoll - 1 total (1 active), Execution time: mean = 0.000 s, total = 0.000 s, Queueing time: mean = 0.000 s, max = -0.000 s, min = 9223372036.855 s, total = 0.000 s
	Publisher.CheckDeadSubscribers - 1 total (1 active), Execution time: mean = 0.000 s, total = 0.000 s, Queueing time: mean = 0.000 s, max = -0.000 s, min = 9223372036.855 s, total = 0.000 s
	CoreWorker.ExitIfParentRayletDies - 1 total (1 active), Execution time: mean = 0.000 s, total = 0.000 s, Queueing time: mean = 0.000 s, max = -0.000 s, min = 9223372036.855 s, total = 0.000 s
	ray::rpc::WorkerInfoGcsService.grpc_client.AddWorkerInfo - 1 total (0 active), Execution time: mean = 577.200 us, total = 577.200 us, Queueing time: mean = 0.000 s, max = -0.000 s, min = 9223372036.855 s, total = 0.000 s
	ray::rpc::InternalPubSubGcsService.grpc_client.GcsSubscriberCommandBatch.OnReplyReceived - 1 total (0 active), Execution time: mean = 139.500 us, total = 139.500 us, Queueing time: mean = 15.200 us, max = 15.200 us, min = 15.200 us, total = 15.200 us
	ray::rpc::InternalPubSubGcsService.grpc_client.GcsSubscriberCommandBatch - 1 total (0 active), Execution time: mean = 366.500 us, total = 366.500 us, Queueing time: mean = 0.000 s, max = -0.000 s, min = 9223372036.855 s, total = 0.000 s
	ray::rpc::NodeInfoGcsService.grpc_client.GetAllNodeInfo.OnReplyReceived - 1 total (0 active), Execution time: mean = 72.000 us, total = 72.000 us, Queueing time: mean = 12.600 us, max = 12.600 us, min = 12.600 us, total = 12.600 us

-----------------
Task execution event stats:

Global stats: 0 total (0 active)
Queueing time: mean = -nan(ind) s, max = -0.000 s, min = 9223372036.855 s, total = 0.000 s
Execution time:  mean = -nan(ind) s, total = 0.000 s
Event stats:

-----------------
Task Event stats:

IO Service Stats:

Global stats: 4 total (1 active)
Queueing time: mean = 14.175 us, max = 36.900 us, min = 19.800 us, total = 56.700 us
Execution time:  mean = 186.125 us, total = 744.500 us
Event stats:
	ray::rpc::TaskInfoGcsService.grpc_client.AddTaskEventData - 1 total (0 active), Execution time: mean = 596.400 us, total = 596.400 us, Queueing time: mean = 0.000 s, max = -0.000 s, min = 9223372036.855 s, total = 0.000 s
	CoreWorker.deadline_timer.flush_task_events - 1 total (1 active), Execution time: mean = 0.000 s, total = 0.000 s, Queueing time: mean = 0.000 s, max = -0.000 s, min = 9223372036.855 s, total = 0.000 s
	ray::rpc::TaskInfoGcsService.grpc_client.AddTaskEventData.OnReplyReceived - 1 total (0 active), Execution time: mean = 40.300 us, total = 40.300 us, Queueing time: mean = 36.900 us, max = 36.900 us, min = 36.900 us, total = 36.900 us
	PeriodicalRunner.RunFnPeriodically - 1 total (0 active), Execution time: mean = 107.800 us, total = 107.800 us, Queueing time: mean = 19.800 us, max = 19.800 us, min = 19.800 us, total = 19.800 us
Other Stats:
	grpc_in_progress:0
	current number of task status events in buffer: 0
	current number of profile events in buffer: 0
	current number of dropped task attempts tracked: 0
	total task events sent: 0 MiB
	total number of task attempts sent: 0
	total number of task attempts dropped reported: 0
	total number of sent failure: 0
	num status task events dropped: 0
	num profile task events dropped: 0


[2025-10-16 23:08:42,998 I 46480 73692] event.cc:500: Ray Event initialized for CORE_WORKER
[2025-10-16 23:08:42,998 I 46480 73692] event.cc:500: Ray Event initialized for EXPORT_TASK
[2025-10-16 23:08:42,998 I 46480 73692] event.cc:331: Set ray event level to warning
[2025-10-16 23:08:44,210 I 46480 41400] core_worker.cc:1171: Exit signal received, this process will exit after all outstanding tasks have finished, exit_type=INTENDED_SYSTEM_EXIT, detail=Worker exits because it was idle (it doesn't have objects it owns while no task or actor has been scheduled) for a long time.
[2025-10-16 23:08:44,212 I 46480 73692] core_worker.cc:1102: Sending disconnect message to the local raylet.
[2025-10-16 23:08:44,212 I 46480 73692] raylet_client.cc:73: RayletClient::Disconnect, exit_type=INTENDED_SYSTEM_EXIT, exit_detail=Worker exits because it was idle (it doesn't have objects it owns while no task or actor has been scheduled) for a long time., has creation_task_exception_pb_bytes=0
[2025-10-16 23:08:44,212 I 46480 73692] core_worker.cc:1108: Disconnected from the local raylet.
[2025-10-16 23:08:44,212 I 46480 73692] core_worker.cc:1017: Shutting down a core worker.
[2025-10-16 23:08:44,212 I 46480 73692] task_event_buffer.cc:292: Shutting down TaskEventBuffer.
[2025-10-16 23:08:44,212 I 46480 12812] task_event_buffer.cc:260: Task event buffer io service stopped.
[2025-10-16 23:08:44,212 I 46480 73692] core_worker.cc:1039: Waiting for joining a core worker io thread. If it hangs here, there might be deadlock or a high load in the core worker io service.
[2025-10-16 23:08:44,212 I 46480 41400] core_worker.cc:1275: Core worker main io service stopped.
[2025-10-16 23:08:44,214 I 46480 73692] core_worker.cc:1051: Disconnecting a GCS client.
[2025-10-16 23:08:44,214 I 46480 73692] core_worker.cc:1058: Core worker ready to be deallocated.
[2025-10-16 23:08:44,214 I 46480 73692] core_worker_process.cc:330: Task execution loop terminated. Removing the global worker.
[2025-10-16 23:08:44,214 I 46480 73692] core_worker.cc:1008: Core worker is destructed
[2025-10-16 23:08:44,214 I 46480 73692] task_event_buffer.cc:292: Shutting down TaskEventBuffer.
[2025-10-16 23:08:44,473 I 46480 73692] core_worker_process.cc:232: Destructing CoreWorkerProcessImpl. pid: 46480
[2025-10-16 23:08:44,473 I 46480 73692] io_service_pool.cc:47: IOServicePool is stopped.
[2025-10-16 23:08:44,829 I 46480 73692] stats.h:120: Stats module has shutdown.
[2025-10-16 23:08:44,851 W 46480 73692] core_worker_process.cc:246: The core worker process is not initialized yet or already shutdown.
