[2025-10-16 23:08:42,007 I 61348 43704] core_worker_process.cc:187: Constructing CoreWorkerProcess. pid: 61348
[2025-10-16 23:08:42,011 I 61348 43704] io_service_pool.cc:35: IOServicePool is running with 1 io_service.
[2025-10-16 23:08:42,018 I 61348 43704] grpc_server.cc:137: worker server started, listening on port 60326.
[2025-10-16 23:08:42,020 I 61348 43704] core_worker.cc:526: Initializing worker at address: 127.0.0.1:60326 worker_id=abd0f598251aaa3f2adbaa16fb077576569f5d8242f5d6a33118d6fd node_id=729f71eab2186e545850979d054f69fa84fc0f7028e87e3d6af4f9c8
[2025-10-16 23:08:42,022 I 61348 43704] task_event_buffer.cc:281: Reporting task events to GCS every 1000ms.
[2025-10-16 23:08:42,027 I 61348 37972] core_worker.cc:914: Event stats:


Global stats: 11 total (5 active)
Queueing time: mean = 491.009 us, max = 2.327 ms, min = 237.200 us, total = 5.401 ms
Execution time:  mean = 377.136 us, total = 4.149 ms
Event stats:
	PeriodicalRunner.RunFnPeriodically - 3 total (1 active, 1 running), Execution time: mean = 17.367 us, total = 52.100 us, Queueing time: mean = 1.374 ms, max = 2.327 ms, min = 1.794 ms, total = 4.121 ms
	ray::rpc::InternalPubSubGcsService.grpc_client.GcsSubscriberCommandBatch - 1 total (0 active), Execution time: mean = 711.600 us, total = 711.600 us, Queueing time: mean = 0.000 s, max = -0.000 s, min = 9223372036.855 s, total = 0.000 s
	CoreWorker.ExitIfParentRayletDies - 1 total (1 active), Execution time: mean = 0.000 s, total = 0.000 s, Queueing time: mean = 0.000 s, max = -0.000 s, min = 9223372036.855 s, total = 0.000 s
	ray::rpc::WorkerInfoGcsService.grpc_client.AddWorkerInfo - 1 total (0 active), Execution time: mean = 1.152 ms, total = 1.152 ms, Queueing time: mean = 0.000 s, max = -0.000 s, min = 9223372036.855 s, total = 0.000 s
	ray::rpc::InternalPubSubGcsService.grpc_client.GcsSubscriberCommandBatch.OnReplyReceived - 1 total (0 active), Execution time: mean = 2.198 ms, total = 2.198 ms, Queueing time: mean = 1.043 ms, max = 1.043 ms, min = 1.043 ms, total = 1.043 ms
	ray::rpc::InternalPubSubGcsService.grpc_client.GcsSubscriberPoll - 1 total (1 active), Execution time: mean = 0.000 s, total = 0.000 s, Queueing time: mean = 0.000 s, max = -0.000 s, min = 9223372036.855 s, total = 0.000 s
	Publisher.CheckDeadSubscribers - 1 total (1 active), Execution time: mean = 0.000 s, total = 0.000 s, Queueing time: mean = 0.000 s, max = -0.000 s, min = 9223372036.855 s, total = 0.000 s
	ray::rpc::NodeInfoGcsService.grpc_client.GetAllNodeInfo - 1 total (1 active), Execution time: mean = 0.000 s, total = 0.000 s, Queueing time: mean = 0.000 s, max = -0.000 s, min = 9223372036.855 s, total = 0.000 s
	ray::rpc::WorkerInfoGcsService.grpc_client.AddWorkerInfo.OnReplyReceived - 1 total (0 active), Execution time: mean = 35.400 us, total = 35.400 us, Queueing time: mean = 237.200 us, max = 237.200 us, min = 237.200 us, total = 237.200 us

-----------------
Task execution event stats:

Global stats: 0 total (0 active)
Queueing time: mean = -nan(ind) s, max = -0.000 s, min = 9223372036.855 s, total = 0.000 s
Execution time:  mean = -nan(ind) s, total = 0.000 s
Event stats:

-----------------
Task Event stats:

IO Service Stats:

Global stats: 4 total (1 active)
Queueing time: mean = 19.750 us, max = 54.100 us, min = 24.900 us, total = 79.000 us
Execution time:  mean = 222.375 us, total = 889.500 us
Event stats:
	ray::rpc::TaskInfoGcsService.grpc_client.AddTaskEventData - 1 total (0 active), Execution time: mean = 706.700 us, total = 706.700 us, Queueing time: mean = 0.000 s, max = -0.000 s, min = 9223372036.855 s, total = 0.000 s
	CoreWorker.deadline_timer.flush_task_events - 1 total (1 active), Execution time: mean = 0.000 s, total = 0.000 s, Queueing time: mean = 0.000 s, max = -0.000 s, min = 9223372036.855 s, total = 0.000 s
	ray::rpc::TaskInfoGcsService.grpc_client.AddTaskEventData.OnReplyReceived - 1 total (0 active), Execution time: mean = 21.900 us, total = 21.900 us, Queueing time: mean = 54.100 us, max = 54.100 us, min = 54.100 us, total = 54.100 us
	PeriodicalRunner.RunFnPeriodically - 1 total (0 active), Execution time: mean = 160.900 us, total = 160.900 us, Queueing time: mean = 24.900 us, max = 24.900 us, min = 24.900 us, total = 24.900 us
Other Stats:
	grpc_in_progress:0
	current number of task status events in buffer: 0
	current number of profile events in buffer: 0
	current number of dropped task attempts tracked: 0
	total task events sent: 0 MiB
	total number of task attempts sent: 0
	total number of task attempts dropped reported: 0
	total number of sent failure: 0
	num status task events dropped: 0
	num profile task events dropped: 0


[2025-10-16 23:08:42,028 I 61348 37972] accessor.cc:760: Received notification for node, IsAlive = 1 node_id=729f71eab2186e545850979d054f69fa84fc0f7028e87e3d6af4f9c8
[2025-10-16 23:08:42,028 I 61348 43704] event.cc:500: Ray Event initialized for CORE_WORKER
[2025-10-16 23:08:42,029 I 61348 43704] event.cc:500: Ray Event initialized for EXPORT_TASK
[2025-10-16 23:08:42,029 I 61348 43704] event.cc:331: Set ray event level to warning
[2025-10-16 23:08:42,029 I 61348 37972] core_worker.cc:5080: Number of alive nodes:1
[2025-10-16 23:08:43,185 I 61348 37972] core_worker.cc:1171: Exit signal received, this process will exit after all outstanding tasks have finished, exit_type=INTENDED_SYSTEM_EXIT, detail=Worker exits because it was idle (it doesn't have objects it owns while no task or actor has been scheduled) for a long time.
[2025-10-16 23:08:43,186 I 61348 43704] core_worker.cc:1102: Sending disconnect message to the local raylet.
[2025-10-16 23:08:43,186 I 61348 43704] raylet_client.cc:73: RayletClient::Disconnect, exit_type=INTENDED_SYSTEM_EXIT, exit_detail=Worker exits because it was idle (it doesn't have objects it owns while no task or actor has been scheduled) for a long time., has creation_task_exception_pb_bytes=0
[2025-10-16 23:08:43,186 I 61348 43704] core_worker.cc:1108: Disconnected from the local raylet.
[2025-10-16 23:08:43,186 I 61348 43704] core_worker.cc:1017: Shutting down a core worker.
[2025-10-16 23:08:43,186 I 61348 43704] task_event_buffer.cc:292: Shutting down TaskEventBuffer.
[2025-10-16 23:08:43,187 I 61348 42448] task_event_buffer.cc:260: Task event buffer io service stopped.
[2025-10-16 23:08:43,187 I 61348 43704] core_worker.cc:1039: Waiting for joining a core worker io thread. If it hangs here, there might be deadlock or a high load in the core worker io service.
[2025-10-16 23:08:43,187 I 61348 37972] core_worker.cc:1275: Core worker main io service stopped.
[2025-10-16 23:08:43,188 I 61348 43704] core_worker.cc:1051: Disconnecting a GCS client.
[2025-10-16 23:08:43,188 I 61348 43704] core_worker.cc:1058: Core worker ready to be deallocated.
[2025-10-16 23:08:43,188 I 61348 43704] core_worker_process.cc:330: Task execution loop terminated. Removing the global worker.
[2025-10-16 23:08:43,188 I 61348 43704] core_worker.cc:1008: Core worker is destructed
[2025-10-16 23:08:43,188 I 61348 43704] task_event_buffer.cc:292: Shutting down TaskEventBuffer.
[2025-10-16 23:08:43,189 I 61348 43704] core_worker_process.cc:232: Destructing CoreWorkerProcessImpl. pid: 61348
[2025-10-16 23:08:43,189 I 61348 43704] io_service_pool.cc:47: IOServicePool is stopped.
[2025-10-16 23:08:43,322 I 61348 43704] stats.h:120: Stats module has shutdown.
[2025-10-16 23:08:43,346 W 61348 43704] core_worker_process.cc:246: The core worker process is not initialized yet or already shutdown.
