[2025-10-16 23:08:39,659 I 53016 3756] (raylet.exe) main.cc:219: Setting cluster ID to: 2ac9cc1b124601802309fe9af0c44c8249687ab53f2c6c68a4f6ca91
[2025-10-16 23:08:39,666 I 53016 3756] (raylet.exe) main.cc:492: Raylet is not set to kill unknown children.
[2025-10-16 23:08:39,666 I 53016 3756] (raylet.exe) io_service_pool.cc:35: IOServicePool is running with 1 io_service.
[2025-10-16 23:08:39,666 I 53016 3756] (raylet.exe) main.cc:492: Setting node ID node_id=729f71eab2186e545850979d054f69fa84fc0f7028e87e3d6af4f9c8
[2025-10-16 23:08:39,667 I 53016 3756] (raylet.exe) store_runner.cc:51: Allowing the Plasma store to use up to 0.916352GB of memory.
[2025-10-16 23:08:39,667 I 53016 3756] (raylet.exe) store_runner.cc:67: Starting object store with directory C:\Users\Smoluanu\AppData\Local\Temp, fallback D:\Code\dynamic_class/ray_tmp/, and huge page support disabled
[2025-10-16 23:08:39,668 I 53016 67992] (raylet.exe) store.cc:583: Plasma store debug dump: 
Current usage: 0 / 0.916352 GB
- num bytes created total: 0
0 pending objects of total size 0MB
- objects spillable: 0
- bytes spillable: 0
- objects unsealed: 0
- bytes unsealed: 0
- objects in use: 0
- bytes in use: 0
- objects evictable: 0
- bytes evictable: 0

- objects created by worker: 0
- bytes created by worker: 0
- objects restored: 0
- bytes restored: 0
- objects received: 0
- bytes received: 0
- objects errored: 0
- bytes errored: 0

[2025-10-16 23:08:39,672 I 53016 3756] (raylet.exe) grpc_server.cc:137: ObjectManager server started, listening on port 60301.
[2025-10-16 23:08:39,673 I 53016 3756] (raylet.exe) worker_killing_policy.cc:101: Running GroupByOwner policy.
[2025-10-16 23:08:39,673 W 53016 3756] (raylet.exe) memory_monitor.cc:68: Not running MemoryMonitor. It is currently supported only on Linux.
[2025-10-16 23:08:39,673 I 53016 3756] (raylet.exe) node_manager.cc:298: Initializing NodeManager node_id=729f71eab2186e545850979d054f69fa84fc0f7028e87e3d6af4f9c8
[2025-10-16 23:08:39,675 I 53016 3756] (raylet.exe) grpc_server.cc:137: NodeManager server started, listening on port 60303.
[2025-10-16 23:08:39,683 I 53016 70972] (raylet.exe) agent_manager.cc:78: Monitor agent process with name dashboard_agent/15724
[2025-10-16 23:08:39,690 I 53016 75324] (raylet.exe) agent_manager.cc:78: Monitor agent process with name runtime_env_agent
[2025-10-16 23:08:39,694 I 53016 3756] (raylet.exe) event.cc:500: Ray Event initialized for RAYLET
[2025-10-16 23:08:39,694 I 53016 3756] (raylet.exe) event.cc:331: Set ray event level to warning
[2025-10-16 23:08:39,695 I 53016 3756] (raylet.exe) raylet.cc:134: Raylet of id, 729f71eab2186e545850979d054f69fa84fc0f7028e87e3d6af4f9c8 started. Raylet consists of node_manager and object_manager. node_manager address: 127.0.0.1:60303 object_manager address: 127.0.0.1:60301 hostname: LAPTOP-O8RA8S5A
[2025-10-16 23:08:39,699 I 53016 3756] (raylet.exe) node_manager.cc:540: [state-dump] NodeManager:
[state-dump] Node ID: 729f71eab2186e545850979d054f69fa84fc0f7028e87e3d6af4f9c8
[state-dump] Node name: 127.0.0.1
[state-dump] InitialConfigResources: {memory: 2.13815e+09, CPU: 18, node:127.0.0.1: 1, object_store_memory: 9.16352e+08, node:__internal_head__: 1}
[state-dump] ClusterTaskManager:
[state-dump] ========== Node: 729f71eab2186e545850979d054f69fa84fc0f7028e87e3d6af4f9c8 =================
[state-dump] Infeasible queue length: 0
[state-dump] Schedule queue length: 0
[state-dump] Dispatch queue length: 0
[state-dump] num_waiting_for_resource: 0
[state-dump] num_waiting_for_plasma_memory: 0
[state-dump] num_waiting_for_remote_node_resources: 0
[state-dump] num_worker_not_started_by_job_config_not_exist: 0
[state-dump] num_worker_not_started_by_registration_timeout: 0
[state-dump] num_tasks_waiting_for_workers: 0
[state-dump] num_cancelled_tasks: 0
[state-dump] cluster_resource_scheduler state: 
[state-dump] Local id: 8497863907384593671 Local resources: {"total":{object_store_memory: [9163517950000], CPU: [180000], node:127.0.0.1: [10000], memory: [21381541890000], node:__internal_head__: [10000]}}, "available": {object_store_memory: [9163517950000], CPU: [180000], node:127.0.0.1: [10000], memory: [21381541890000], node:__internal_head__: [10000]}}, "labels":{"ray.io/node_id":"729f71eab2186e545850979d054f69fa84fc0f7028e87e3d6af4f9c8",} is_draining: 0 is_idle: 1 Cluster resources: node id: 8497863907384593671{"total":{node:__internal_head__: 10000, node:127.0.0.1: 10000, CPU: 180000, object_store_memory: 9163517950000, memory: 21381541890000}}, "available": {object_store_memory: 9163517950000, CPU: 180000, node:127.0.0.1: 10000, memory: 21381541890000, node:__internal_head__: 10000}}, "labels":{"ray.io/node_id":"729f71eab2186e545850979d054f69fa84fc0f7028e87e3d6af4f9c8",}, "is_draining": 0, "draining_deadline_timestamp_ms": -1} { "placement group locations": [], "node to bundles": []}
[state-dump] Waiting tasks size: 0
[state-dump] Number of executing tasks: 0
[state-dump] Number of pinned task arguments: 0
[state-dump] Number of total spilled tasks: 0
[state-dump] Number of spilled waiting tasks: 0
[state-dump] Number of spilled unschedulable tasks: 0
[state-dump] Resource usage {
[state-dump] }
[state-dump] Backlog Size per scheduling descriptor :{workerId: num backlogs}:
[state-dump] 
[state-dump] Running tasks by scheduling class:
[state-dump] ==================================================
[state-dump] 
[state-dump] ClusterResources:
[state-dump] LocalObjectManager:
[state-dump] - num pinned objects: 0
[state-dump] - pinned objects size: 0
[state-dump] - num objects pending restore: 0
[state-dump] - num objects pending spill: 0
[state-dump] - num bytes pending spill: 0
[state-dump] - num bytes currently spilled: 0
[state-dump] - cumulative spill requests: 0
[state-dump] - cumulative restore requests: 0
[state-dump] - spilled objects pending delete: 0
[state-dump] 
[state-dump] ObjectManager:
[state-dump] - num local objects: 0
[state-dump] - num unfulfilled push requests: 0
[state-dump] - num object pull requests: 0
[state-dump] - num chunks received total: 0
[state-dump] - num chunks received failed (all): 0
[state-dump] - num chunks received failed / cancelled: 0
[state-dump] - num chunks received failed / plasma error: 0
[state-dump] Event stats:
[state-dump] Global stats: 0 total (0 active)
[state-dump] Queueing time: mean = -nan(ind) s, max = -0.000 s, min = 9223372036.855 s, total = 0.000 s
[state-dump] Execution time:  mean = -nan(ind) s, total = 0.000 s
[state-dump] Event stats:
[state-dump] PushManager:
[state-dump] - num pushes in flight: 0
[state-dump] - num chunks in flight: 0
[state-dump] - num chunks remaining: 0
[state-dump] - max chunks allowed: 409
[state-dump] OwnershipBasedObjectDirectory:
[state-dump] - num listeners: 0
[state-dump] - cumulative location updates: 0
[state-dump] - num location updates per second: 576937944405333.250
[state-dump] - num location lookups per second: 0.000
[state-dump] - num locations added per second: 0.000
[state-dump] - num locations removed per second: 576937944405333.250
[state-dump] BufferPool:
[state-dump] - create buffer state map size: 0
[state-dump] PullManager:
[state-dump] - num bytes available for pulled objects: 916351795
[state-dump] - num bytes being pulled (all): 0
[state-dump] - num bytes being pulled / pinned: 0
[state-dump] - get request bundles: BundlePullRequestQueue{0 total, 0 active, 0 inactive, 0 unpullable}
[state-dump] - wait request bundles: BundlePullRequestQueue{0 total, 0 active, 0 inactive, 0 unpullable}
[state-dump] - task request bundles: BundlePullRequestQueue{0 total, 0 active, 0 inactive, 0 unpullable}
[state-dump] - first get request bundle: N/A
[state-dump] - first wait request bundle: N/A
[state-dump] - first task request bundle: N/A
[state-dump] - num objects queued: 0
[state-dump] - num objects actively pulled (all): 0
[state-dump] - num objects actively pulled / pinned: 0
[state-dump] - num bundles being pulled: 0
[state-dump] - num pull retries: 0
[state-dump] - max timeout seconds: 0
[state-dump] - max timeout request is already processed. No entry.
[state-dump] 
[state-dump] WorkerPool:
[state-dump] - registered jobs: 0
[state-dump] - process_failed_job_config_missing: 0
[state-dump] - process_failed_rate_limited: 0
[state-dump] - process_failed_pending_registration: 0
[state-dump] - process_failed_runtime_env_setup_failed: 0
[state-dump] - num PYTHON workers: 0
[state-dump] - num PYTHON drivers: 0
[state-dump] - num PYTHON pending start requests: 0
[state-dump] - num PYTHON pending registration requests: 0
[state-dump] - num object spill callbacks queued: 0
[state-dump] - num object restore queued: 0
[state-dump] - num util functions queued: 0
[state-dump] - num idle workers: 0
[state-dump] TaskDependencyManager:
[state-dump] - task deps map size: 0
[state-dump] - get req map size: 0
[state-dump] - wait req map size: 0
[state-dump] - local objects map size: 0
[state-dump] WaitManager:
[state-dump] - num active wait requests: 0
[state-dump] Subscriber:
[state-dump] Channel WORKER_REF_REMOVED_CHANNEL
[state-dump] - cumulative subscribe requests: 0
[state-dump] - cumulative unsubscribe requests: 0
[state-dump] - active subscribed publishers: 0
[state-dump] - cumulative published messages: 0
[state-dump] - cumulative processed messages: 0
[state-dump] Channel WORKER_OBJECT_EVICTION
[state-dump] - cumulative subscribe requests: 0
[state-dump] - cumulative unsubscribe requests: 0
[state-dump] - active subscribed publishers: 0
[state-dump] - cumulative published messages: 0
[state-dump] - cumulative processed messages: 0
[state-dump] Channel WORKER_OBJECT_LOCATIONS_CHANNEL
[state-dump] - cumulative subscribe requests: 0
[state-dump] - cumulative unsubscribe requests: 0
[state-dump] - active subscribed publishers: 0
[state-dump] - cumulative published messages: 0
[state-dump] - cumulative processed messages: 0
[state-dump] num async plasma notifications: 0
[state-dump] Remote node managers: 
[state-dump] Event stats:
[state-dump] Global stats: 27 total (13 active)
[state-dump] Queueing time: mean = 2.947 ms, max = 20.423 ms, min = 40.400 us, total = 79.573 ms
[state-dump] Execution time:  mean = 1.330 ms, total = 35.916 ms
[state-dump] Event stats:
[state-dump] 	PeriodicalRunner.RunFnPeriodically - 11 total (2 active, 1 running), Execution time: mean = 235.118 us, total = 2.586 ms, Queueing time: mean = 7.223 ms, max = 20.423 ms, min = 40.400 us, total = 79.451 ms
[state-dump] 	NodeManager.deadline_timer.debug_state_dump - 1 total (1 active), Execution time: mean = 0.000 s, total = 0.000 s, Queueing time: mean = 0.000 s, max = -0.000 s, min = 9223372036.855 s, total = 0.000 s
[state-dump] 	ray::rpc::InternalKVGcsService.grpc_client.GetInternalConfig - 1 total (0 active), Execution time: mean = 758.600 us, total = 758.600 us, Queueing time: mean = 0.000 s, max = -0.000 s, min = 9223372036.855 s, total = 0.000 s
[state-dump] 	ray::rpc::NodeInfoGcsService.grpc_client.RegisterNode - 1 total (0 active), Execution time: mean = 1.570 ms, total = 1.570 ms, Queueing time: mean = 0.000 s, max = -0.000 s, min = 9223372036.855 s, total = 0.000 s
[state-dump] 	NodeManager.GCTaskFailureReason - 1 total (1 active), Execution time: mean = 0.000 s, total = 0.000 s, Queueing time: mean = 0.000 s, max = -0.000 s, min = 9223372036.855 s, total = 0.000 s
[state-dump] 	NodeManager.deadline_timer.record_metrics - 1 total (1 active), Execution time: mean = 0.000 s, total = 0.000 s, Queueing time: mean = 0.000 s, max = -0.000 s, min = 9223372036.855 s, total = 0.000 s
[state-dump] 	RayletWorkerPool.deadline_timer.kill_idle_workers - 1 total (1 active), Execution time: mean = 0.000 s, total = 0.000 s, Queueing time: mean = 0.000 s, max = -0.000 s, min = 9223372036.855 s, total = 0.000 s
[state-dump] 	ray::rpc::InternalKVGcsService.grpc_client.GetInternalConfig.OnReplyReceived - 1 total (0 active), Execution time: mean = 29.054 ms, total = 29.054 ms, Queueing time: mean = 45.100 us, max = 45.100 us, min = 45.100 us, total = 45.100 us
[state-dump] 	NodeManager.ScheduleAndDispatchTasks - 1 total (1 active), Execution time: mean = 0.000 s, total = 0.000 s, Queueing time: mean = 0.000 s, max = -0.000 s, min = 9223372036.855 s, total = 0.000 s
[state-dump] 	ray::rpc::InternalPubSubGcsService.grpc_client.GcsSubscriberPoll - 1 total (1 active), Execution time: mean = 0.000 s, total = 0.000 s, Queueing time: mean = 0.000 s, max = -0.000 s, min = 9223372036.855 s, total = 0.000 s
[state-dump] 	NodeManager.CheckForUnexpectedWorkerDisconnects - 1 total (1 active), Execution time: mean = 0.000 s, total = 0.000 s, Queueing time: mean = 0.000 s, max = -0.000 s, min = 9223372036.855 s, total = 0.000 s
[state-dump] 	ray::rpc::NodeInfoGcsService.grpc_client.RegisterNode.OnReplyReceived - 1 total (0 active), Execution time: mean = 453.100 us, total = 453.100 us, Queueing time: mean = 76.800 us, max = 76.800 us, min = 76.800 us, total = 76.800 us
[state-dump] 	NodeManager.deadline_timer.flush_free_objects - 1 total (1 active), Execution time: mean = 0.000 s, total = 0.000 s, Queueing time: mean = 0.000 s, max = -0.000 s, min = 9223372036.855 s, total = 0.000 s
[state-dump] 	NodeManager.deadline_timer.spill_objects_when_over_threshold - 1 total (1 active), Execution time: mean = 0.000 s, total = 0.000 s, Queueing time: mean = 0.000 s, max = -0.000 s, min = 9223372036.855 s, total = 0.000 s
[state-dump] 	ClusterResourceManager.ResetRemoteNodeView - 1 total (1 active), Execution time: mean = 0.000 s, total = 0.000 s, Queueing time: mean = 0.000 s, max = -0.000 s, min = 9223372036.855 s, total = 0.000 s
[state-dump] 	ray::rpc::InternalPubSubGcsService.grpc_client.GcsSubscriberCommandBatch.OnReplyReceived - 1 total (1 active), Execution time: mean = 0.000 s, total = 0.000 s, Queueing time: mean = 0.000 s, max = -0.000 s, min = 9223372036.855 s, total = 0.000 s
[state-dump] 	ray::rpc::InternalPubSubGcsService.grpc_client.GcsSubscriberCommandBatch - 1 total (0 active), Execution time: mean = 1.495 ms, total = 1.495 ms, Queueing time: mean = 0.000 s, max = -0.000 s, min = 9223372036.855 s, total = 0.000 s
[state-dump] DebugString() time ms: 0
[state-dump] 
[state-dump] 
[2025-10-16 23:08:39,701 I 53016 3756] (raylet.exe) accessor.cc:760: Received notification for node, IsAlive = 1 node_id=729f71eab2186e545850979d054f69fa84fc0f7028e87e3d6af4f9c8
[2025-10-16 23:08:39,774 I 53016 3756] (raylet.exe) worker_pool.cc:522: Started worker process with pid 46480, the token is 0
[2025-10-16 23:08:39,779 I 53016 3756] (raylet.exe) worker_pool.cc:522: Started worker process with pid 65916, the token is 1
[2025-10-16 23:08:39,785 I 53016 3756] (raylet.exe) worker_pool.cc:522: Started worker process with pid 42060, the token is 2
[2025-10-16 23:08:39,790 I 53016 3756] (raylet.exe) worker_pool.cc:522: Started worker process with pid 61348, the token is 3
[2025-10-16 23:08:39,796 I 53016 3756] (raylet.exe) worker_pool.cc:522: Started worker process with pid 30320, the token is 4
[2025-10-16 23:08:39,801 I 53016 3756] (raylet.exe) worker_pool.cc:522: Started worker process with pid 45236, the token is 5
[2025-10-16 23:08:39,806 I 53016 3756] (raylet.exe) worker_pool.cc:522: Started worker process with pid 17984, the token is 6
[2025-10-16 23:08:39,811 I 53016 3756] (raylet.exe) worker_pool.cc:522: Started worker process with pid 57584, the token is 7
[2025-10-16 23:08:39,817 I 53016 3756] (raylet.exe) worker_pool.cc:522: Started worker process with pid 63180, the token is 8
[2025-10-16 23:08:39,822 I 53016 3756] (raylet.exe) worker_pool.cc:522: Started worker process with pid 46884, the token is 9
[2025-10-16 23:08:39,828 I 53016 3756] (raylet.exe) worker_pool.cc:522: Started worker process with pid 16696, the token is 10
[2025-10-16 23:08:39,833 I 53016 3756] (raylet.exe) worker_pool.cc:522: Started worker process with pid 56732, the token is 11
[2025-10-16 23:08:39,839 I 53016 3756] (raylet.exe) worker_pool.cc:522: Started worker process with pid 66016, the token is 12
[2025-10-16 23:08:39,845 I 53016 3756] (raylet.exe) worker_pool.cc:522: Started worker process with pid 46900, the token is 13
[2025-10-16 23:08:39,850 I 53016 3756] (raylet.exe) worker_pool.cc:522: Started worker process with pid 74988, the token is 14
[2025-10-16 23:08:39,856 I 53016 3756] (raylet.exe) worker_pool.cc:522: Started worker process with pid 8564, the token is 15
[2025-10-16 23:08:39,862 I 53016 3756] (raylet.exe) worker_pool.cc:522: Started worker process with pid 13928, the token is 16
[2025-10-16 23:08:39,868 I 53016 3756] (raylet.exe) worker_pool.cc:522: Started worker process with pid 81712, the token is 17
[2025-10-16 23:08:41,945 I 53016 67992] (raylet.exe) object_store.cc:38: Object store current usage 8e-09 / 0.916352 GB.
[2025-10-16 23:08:43,006 I 53016 3756] (raylet.exe) worker_pool.cc:719: Job 01000000 already started in worker pool.
[2025-10-16 23:08:43,186 I 53016 3756] (raylet.exe) node_manager.cc:1636: Disconnecting client, graceful=true, disconnect_type=1, has_creation_task_exception=false worker_id=abd0f598251aaa3f2adbaa16fb077576569f5d8242f5d6a33118d6fd
[2025-10-16 23:08:43,188 W 53016 67992] (raylet.exe) store.cc:371: Disconnecting client due to connection error with code 2: End of file
[2025-10-16 23:08:43,229 I 53016 3756] (raylet.exe) local_resource_manager.cc:292: Object store memory is not idle.
[2025-10-16 23:08:43,390 I 53016 3756] (raylet.exe) node_manager.cc:1636: Disconnecting client, graceful=true, disconnect_type=1, has_creation_task_exception=false worker_id=743740998695c391eeb904e2141c956b5a6f710317eaf546c4605866
[2025-10-16 23:08:43,392 W 53016 67992] (raylet.exe) store.cc:371: Disconnecting client due to connection error with code 2: End of file
[2025-10-16 23:08:43,995 I 53016 3756] (raylet.exe) node_manager.cc:1636: Disconnecting client, graceful=true, disconnect_type=1, has_creation_task_exception=false worker_id=0261eb43257b1bbeb0e7790b25f0895a1d03eaa46c0ce37cd4e8f6e3
[2025-10-16 23:08:43,995 I 53016 3756] (raylet.exe) node_manager.cc:1636: Disconnecting client, graceful=true, disconnect_type=1, has_creation_task_exception=false worker_id=56ab445aaf9244a3b8e06d5df826a2e1c38cccd0b86ef8d49a90703d
[2025-10-16 23:08:43,995 I 53016 3756] (raylet.exe) node_manager.cc:1636: Disconnecting client, graceful=true, disconnect_type=1, has_creation_task_exception=false worker_id=0cc6b320632ad2fbfa690c2ac94678f4cbe52d1c3f5e08c00ca06c15
[2025-10-16 23:08:43,996 I 53016 3756] (raylet.exe) node_manager.cc:1636: Disconnecting client, graceful=true, disconnect_type=1, has_creation_task_exception=false worker_id=8e00bda8fbe468d6e8227d43e991c6defb93ee499ba7482943cebb8e
[2025-10-16 23:08:43,997 I 53016 3756] (raylet.exe) node_manager.cc:1636: Disconnecting client, graceful=true, disconnect_type=1, has_creation_task_exception=false worker_id=7765903282e5190b6f460ce95f0200d4c18d0d5cbd5dfa25a88bd8a2
[2025-10-16 23:08:43,998 I 53016 3756] (raylet.exe) node_manager.cc:1636: Disconnecting client, graceful=true, disconnect_type=1, has_creation_task_exception=false worker_id=bb48ed803ce6ae3d2e359553c4e06bdbd5508f325adc811d80cbaa08
[2025-10-16 23:08:43,998 I 53016 3756] (raylet.exe) node_manager.cc:1636: Disconnecting client, graceful=true, disconnect_type=1, has_creation_task_exception=false worker_id=e7f17dcc5f4bc2c3f639708649e1317007235fe137551c3788275d6c
[2025-10-16 23:08:43,998 I 53016 3756] (raylet.exe) node_manager.cc:1636: Disconnecting client, graceful=true, disconnect_type=1, has_creation_task_exception=false worker_id=f31757cb3224a9ccf666204eb5e9084e1ab5822c37fb0f5f21b3e663
[2025-10-16 23:08:43,999 I 53016 3756] (raylet.exe) node_manager.cc:1636: Disconnecting client, graceful=true, disconnect_type=1, has_creation_task_exception=false worker_id=4eab351b8953f54ebe0385c76cd1bfb08c17b45b46a2b220a6f6f15c
[2025-10-16 23:08:43,999 I 53016 3756] (raylet.exe) node_manager.cc:1636: Disconnecting client, graceful=true, disconnect_type=1, has_creation_task_exception=false worker_id=7b1514fa829a79c0c698d5ac07e9ddad71c74c3520372f3f5b7a77dd
[2025-10-16 23:08:43,999 I 53016 3756] (raylet.exe) node_manager.cc:1636: Disconnecting client, graceful=true, disconnect_type=1, has_creation_task_exception=false worker_id=e74e543d618233d9e3605642c267f4cee6e91a12df9740147b90f375
[2025-10-16 23:08:43,999 I 53016 3756] (raylet.exe) node_manager.cc:1636: Disconnecting client, graceful=true, disconnect_type=1, has_creation_task_exception=false worker_id=aafdf08f709c92a3fca08879c6ef347816ab48ecfa84a48699f3fb26
[2025-10-16 23:08:44,001 W 53016 67992] (raylet.exe) store.cc:371: Disconnecting client due to connection error with code 2: End of file
[2025-10-16 23:08:44,002 W 53016 67992] (raylet.exe) store.cc:371: Disconnecting client due to connection error with code 2: End of file
[2025-10-16 23:08:44,212 I 53016 3756] (raylet.exe) node_manager.cc:1636: Disconnecting client, graceful=true, disconnect_type=1, has_creation_task_exception=false worker_id=dd91a03db87368c5671b2b009f0a5b25cb253733dfc204c492fbe4d7
[2025-10-16 23:08:44,212 I 53016 3756] (raylet.exe) node_manager.cc:1636: Disconnecting client, graceful=true, disconnect_type=1, has_creation_task_exception=false worker_id=87fb95662db31769aaa06343eeac9468ac46cb41e50c0b17da26944d
[2025-10-16 23:08:44,212 I 53016 3756] (raylet.exe) node_manager.cc:1636: Disconnecting client, graceful=true, disconnect_type=1, has_creation_task_exception=false worker_id=51c520481d5b98a7bae0a9a5e6de71fd0b833e0940cb750eb4ab2cb2
[2025-10-16 23:08:44,215 W 53016 67992] (raylet.exe) store.cc:371: Disconnecting client due to connection error with code 2: End of file
[2025-10-16 23:08:44,253 W 53016 67992] (raylet.exe) store.cc:371: Disconnecting client due to connection error with code 2: End of file
[2025-10-16 23:08:44,253 W 53016 67992] (raylet.exe) store.cc:371: Disconnecting client due to connection error with code 2: End of file
[2025-10-16 23:08:44,253 W 53016 67992] (raylet.exe) store.cc:371: Disconnecting client due to connection error with code 2: End of file
[2025-10-16 23:08:44,254 W 53016 67992] (raylet.exe) store.cc:371: Disconnecting client due to connection error with code 2: End of file
[2025-10-16 23:08:44,254 W 53016 67992] (raylet.exe) store.cc:371: Disconnecting client due to connection error with code 2: End of file
[2025-10-16 23:08:44,254 W 53016 67992] (raylet.exe) store.cc:371: Disconnecting client due to connection error with code 2: End of file
[2025-10-16 23:08:44,254 W 53016 67992] (raylet.exe) store.cc:371: Disconnecting client due to connection error with code 2: End of file
[2025-10-16 23:08:44,254 W 53016 67992] (raylet.exe) store.cc:371: Disconnecting client due to connection error with code 2: End of file
[2025-10-16 23:08:44,254 W 53016 67992] (raylet.exe) store.cc:371: Disconnecting client due to connection error with code 2: End of file
[2025-10-16 23:08:44,254 W 53016 67992] (raylet.exe) store.cc:371: Disconnecting client due to connection error with code 2: End of file
[2025-10-16 23:08:44,472 W 53016 67992] (raylet.exe) store.cc:371: Disconnecting client due to connection error with code 2: End of file
[2025-10-16 23:08:44,472 W 53016 67992] (raylet.exe) store.cc:371: Disconnecting client due to connection error with code 2: End of file
[2025-10-16 23:08:51,828 W 53016 18904] (raylet.exe) metric_exporter.cc:105: [1] Export metrics to agent failed: RpcError: RPC Error message: failed to connect to all addresses; last error: UNAVAILABLE: ipv4:127.0.0.1:61356: Connection refused; RPC Error details: . This won't affect Ray, but you can lose metrics from the cluster.
[2025-10-16 23:08:58,334 I 53016 3756] (raylet.exe) local_resource_manager.cc:288: Object store memory is idle.
[2025-10-16 23:08:58,808 I 53016 3756] (raylet.exe) node_manager.cc:1636: Disconnecting client, graceful=true, disconnect_type=3, has_creation_task_exception=false worker_id=01000000ffffffffffffffffffffffffffffffffffffffffffffffff
[2025-10-16 23:08:58,808 I 53016 3756] (raylet.exe) node_manager.cc:1728: Driver (pid=15752) is disconnected. worker_id=01000000ffffffffffffffffffffffffffffffffffffffffffffffff job_id=01000000
[2025-10-16 23:08:58,809 I 53016 3756] (raylet.exe) worker_pool.cc:719: Job 01000000 already started in worker pool.
[2025-10-16 23:08:58,880 I 53016 3756] (raylet.exe) worker_pool.cc:1224: Force exiting worker whose job has exited c3f807b4fd5f9967f13c937feafeaa311e22d00c0baf3a12d86c1fc5
[2025-10-16 23:08:58,896 I 53016 3756] (raylet.exe) node_manager.cc:1636: Disconnecting client, graceful=true, disconnect_type=1, has_creation_task_exception=false worker_id=c3f807b4fd5f9967f13c937feafeaa311e22d00c0baf3a12d86c1fc5
[2025-10-16 23:08:58,965 W 53016 67992] (raylet.exe) store.cc:371: Disconnecting client due to connection error with code 10054: 远程主机强迫关闭了一个现有的连接。
[2025-10-16 23:08:59,066 W 53016 67992] (raylet.exe) store.cc:371: Disconnecting client due to connection error with code 2: End of file
[2025-10-16 23:08:59,209 I 53016 3756] (raylet.exe) main.cc:499: received SIGTERM. Existing local drain request = None
[2025-10-16 23:08:59,209 I 53016 3756] (raylet.exe) main.cc:300: Raylet graceful shutdown triggered, reason = EXPECTED_TERMINATION, reason message = received SIGTERM
[2025-10-16 23:08:59,209 I 53016 3756] (raylet.exe) main.cc:303: Shutting down...
[2025-10-16 23:08:59,209 I 53016 3756] (raylet.exe) accessor.cc:511: Unregistering node node_id=729f71eab2186e545850979d054f69fa84fc0f7028e87e3d6af4f9c8
[2025-10-16 23:08:59,210 I 53016 3756] (raylet.exe) accessor.cc:524: Finished unregistering node info, status = OK node_id=729f71eab2186e545850979d054f69fa84fc0f7028e87e3d6af4f9c8
[2025-10-16 23:08:59,210 W 53016 67992] (raylet.exe) store.cc:371: Disconnecting client due to connection error with code 2: End of file
[2025-10-16 23:08:59,211 I 53016 3756] (raylet.exe) agent_manager.cc:113: Killing agent dashboard_agent/15724, pid 52412.
[2025-10-16 23:08:59,219 I 53016 70972] (raylet.exe) agent_manager.cc:80: Agent process with name dashboard_agent/15724 exited, exit code -1073741510.
[2025-10-16 23:08:59,219 I 53016 75324] (raylet.exe) agent_manager.cc:80: Agent process with name runtime_env_agent exited, exit code -1073741510.
[2025-10-16 23:08:59,219 E 53016 75324] (raylet.exe) agent_manager.cc:84: The raylet exited immediately because one Ray agent failed, agent_name = runtime_env_agent.
The raylet fate shares with the agent. This can happen because
- The version of `grpcio` doesn't follow Ray's requirement. Agent can segfault with the incorrect `grpcio` version. Check the grpcio version `pip freeze | grep grpcio`.
- The agent failed to start because of unexpected error or port conflict. Read the log `cat /tmp/ray/session_latest/logs/{dashboard_agent|runtime_env_agent}.log`. You can find the log file structure here https://docs.ray.io/en/master/ray-observability/user-guides/configure-logging.html#logging-directory-structure.
- The agent is killed by the OS (e.g., out of memory).
[2025-10-16 23:08:59,219 I 53016 3756] (raylet.exe) agent_manager.cc:113: Killing agent runtime_env_agent, pid 37276.
[2025-10-16 23:08:59,220 I 53016 3756] (raylet.exe) io_service_pool.cc:47: IOServicePool is stopped.
[2025-10-16 23:08:59,329 I 53016 3756] (raylet.exe) stats.h:120: Stats module has shutdown.
[2025-10-16 23:08:59,329 E 53016 3756] (raylet.exe) logging.cc:497: *** SIGSEGV received at time=1760627339 ***
[2025-10-16 23:08:59,329 E 53016 3756] (raylet.exe) logging.cc:497:     @   00007FF683325C89  (unknown)  (unknown)
[2025-10-16 23:08:59,329 E 53016 3756] (raylet.exe) logging.cc:497:     @   00007FFDAF57F47F  (unknown)  (unknown)
[2025-10-16 23:08:59,329 E 53016 3756] (raylet.exe) logging.cc:497:     @   00007FFDC5B066AF  (unknown)  (unknown)
[2025-10-16 23:08:59,329 E 53016 3756] (raylet.exe) logging.cc:497:     @   00007FFDC5A29CD7  (unknown)  (unknown)
[2025-10-16 23:08:59,329 E 53016 3756] (raylet.exe) logging.cc:497:     @   00007FFDC5B05FEE  (unknown)  (unknown)
[2025-10-16 23:08:59,329 E 53016 3756] (raylet.exe) logging.cc:497:     @   00007FF682BBDB8A  (unknown)  (unknown)
[2025-10-16 23:08:59,329 E 53016 3756] (raylet.exe) logging.cc:497:     @   00007FF682CF2914  (unknown)  (unknown)
[2025-10-16 23:08:59,329 E 53016 3756] (raylet.exe) logging.cc:497:     @   00007FF682CF137F  (unknown)  (unknown)
[2025-10-16 23:08:59,329 E 53016 3756] (raylet.exe) logging.cc:497:     @   00007FF682CF485D  (unknown)  (unknown)
[2025-10-16 23:08:59,329 E 53016 3756] (raylet.exe) logging.cc:497:     @   00007FF682BBF472  (unknown)  (unknown)
[2025-10-16 23:08:59,329 E 53016 3756] (raylet.exe) logging.cc:497:     @   00007FF682BBA660  (unknown)  (unknown)
[2025-10-16 23:08:59,329 E 53016 3756] (raylet.exe) logging.cc:497:     @   00007FF682A21204  (unknown)  (unknown)
[2025-10-16 23:08:59,329 E 53016 3756] (raylet.exe) logging.cc:497:     @   00007FF682A52A38  (unknown)  (unknown)
[2025-10-16 23:08:59,329 E 53016 3756] (raylet.exe) logging.cc:497:     @   00007FF682A70139  (unknown)  (unknown)
[2025-10-16 23:08:59,329 E 53016 3756] (raylet.exe) logging.cc:497:     @   00007FF682D48C19  (unknown)  (unknown)
[2025-10-16 23:08:59,329 E 53016 3756] (raylet.exe) logging.cc:497:     @   00007FF682D41A7A  (unknown)  (unknown)
[2025-10-16 23:08:59,329 E 53016 3756] (raylet.exe) logging.cc:497:     @   00007FF682D41FB4  (unknown)  (unknown)
[2025-10-16 23:08:59,329 E 53016 3756] (raylet.exe) logging.cc:497:     @   00007FF68329F86C  (unknown)  (unknown)
[2025-10-16 23:08:59,329 E 53016 3756] (raylet.exe) logging.cc:497:     @   00007FF6832A4AF4  (unknown)  (unknown)
[2025-10-16 23:08:59,329 E 53016 3756] (raylet.exe) logging.cc:497:     @   00007FF6832A3E53  (unknown)  (unknown)
[2025-10-16 23:08:59,329 E 53016 3756] (raylet.exe) logging.cc:497:     @   00007FF6829CFCD9  (unknown)  (unknown)
[2025-10-16 23:08:59,329 E 53016 3756] (raylet.exe) logging.cc:497:     @   00007FF6832E0E58  (unknown)  (unknown)
[2025-10-16 23:08:59,329 E 53016 3756] (raylet.exe) logging.cc:497:     @   00007FFDC3D7E8D7  (unknown)  (unknown)
[2025-10-16 23:08:59,329 E 53016 3756] (raylet.exe) logging.cc:497:     @   00007FFDC5A3C5DC  (unknown)  (unknown)
