2025-10-16 23:11:14,348	INFO log_monitor.py:155 -- Starting log monitor with [max open files=200], [is_autoscaler_v2=False]
2025-10-16 23:11:14,350	INFO log_monitor.py:278 -- Beginning to track file raylet.err
2025-10-16 23:11:14,350	INFO log_monitor.py:278 -- Beginning to track file monitor.log
2025-10-16 23:11:14,351	INFO log_monitor.py:278 -- Beginning to track file gcs_server.err
2025-10-16 23:11:14,663	INFO log_monitor.py:278 -- Beginning to track file worker-5eb0c301803b02a144f655bd48287ad6ae5a75df8743231917bea330-ffffffff-78832.err
2025-10-16 23:11:14,663	INFO log_monitor.py:278 -- Beginning to track file worker-5eb0c301803b02a144f655bd48287ad6ae5a75df8743231917bea330-ffffffff-78832.out
2025-10-16 23:11:14,668	INFO log_monitor.py:278 -- Beginning to track file worker-d65a89b883ad67a64fc2aed2e8055f8967d2e43d851e340932d24865-ffffffff-81132.err
2025-10-16 23:11:14,669	INFO log_monitor.py:278 -- Beginning to track file worker-d65a89b883ad67a64fc2aed2e8055f8967d2e43d851e340932d24865-ffffffff-81132.out
2025-10-16 23:11:14,975	INFO log_monitor.py:278 -- Beginning to track file worker-d9d9ad64eadee29758162bcc0ed7e64478447b3e7b5ff7700a2bf190-ffffffff-11876.err
2025-10-16 23:11:14,975	INFO log_monitor.py:278 -- Beginning to track file worker-d9d9ad64eadee29758162bcc0ed7e64478447b3e7b5ff7700a2bf190-ffffffff-11876.out
2025-10-16 23:11:15,078	INFO log_monitor.py:278 -- Beginning to track file worker-ed9b407199c7436a27d90d8f03ab50b1019422f31cb77763a37531b3-ffffffff-52728.err
2025-10-16 23:11:15,078	INFO log_monitor.py:278 -- Beginning to track file worker-ed9b407199c7436a27d90d8f03ab50b1019422f31cb77763a37531b3-ffffffff-52728.out
2025-10-16 23:11:15,180	INFO log_monitor.py:278 -- Beginning to track file worker-72366fd2526ead84c5cb916c84a77d71bbc7bef04eebdad32af1cf23-ffffffff-69680.err
2025-10-16 23:11:15,181	INFO log_monitor.py:278 -- Beginning to track file worker-72366fd2526ead84c5cb916c84a77d71bbc7bef04eebdad32af1cf23-ffffffff-69680.out
2025-10-16 23:11:15,181	INFO log_monitor.py:278 -- Beginning to track file worker-9e6fa528e81a39c0a99c50d4693c5ccf364bfd494d7ddab6ec3a300a-ffffffff-30408.err
2025-10-16 23:11:15,181	INFO log_monitor.py:278 -- Beginning to track file worker-9e6fa528e81a39c0a99c50d4693c5ccf364bfd494d7ddab6ec3a300a-ffffffff-30408.out
2025-10-16 23:11:15,181	INFO log_monitor.py:278 -- Beginning to track file worker-bdc7de1c10c9ecbbb7e52756420b5298dfe446b3e3d51624e898f369-ffffffff-37176.err
2025-10-16 23:11:15,182	INFO log_monitor.py:278 -- Beginning to track file worker-bdc7de1c10c9ecbbb7e52756420b5298dfe446b3e3d51624e898f369-ffffffff-37176.out
2025-10-16 23:11:15,284	INFO log_monitor.py:278 -- Beginning to track file worker-19f0416230f85e530d5b59dad72329b6a066ecc7d31280c362386863-ffffffff-35260.err
2025-10-16 23:11:15,285	INFO log_monitor.py:278 -- Beginning to track file worker-19f0416230f85e530d5b59dad72329b6a066ecc7d31280c362386863-ffffffff-35260.out
2025-10-16 23:11:15,285	INFO log_monitor.py:278 -- Beginning to track file worker-28294442f26c7ab0a91bc5efc42e27db8574a7318678590a13aae3d2-ffffffff-36808.err
2025-10-16 23:11:15,285	INFO log_monitor.py:278 -- Beginning to track file worker-28294442f26c7ab0a91bc5efc42e27db8574a7318678590a13aae3d2-ffffffff-36808.out
2025-10-16 23:11:15,285	INFO log_monitor.py:278 -- Beginning to track file worker-620d3b801ee2330abc1e4ef4d073e3439a56cfe9600a26f5860034c0-ffffffff-38900.err
2025-10-16 23:11:15,285	INFO log_monitor.py:278 -- Beginning to track file worker-620d3b801ee2330abc1e4ef4d073e3439a56cfe9600a26f5860034c0-ffffffff-38900.out
2025-10-16 23:11:15,285	INFO log_monitor.py:278 -- Beginning to track file worker-7595d26779ce35eacbf736c14b13c594bde9a1bdd14fa534d18fa207-ffffffff-74648.err
2025-10-16 23:11:15,285	INFO log_monitor.py:278 -- Beginning to track file worker-7595d26779ce35eacbf736c14b13c594bde9a1bdd14fa534d18fa207-ffffffff-74648.out
2025-10-16 23:11:15,285	INFO log_monitor.py:278 -- Beginning to track file worker-bbc99adec8221ef76da7fb5c909b9d3b8ef9a912634731fa4d48a39e-ffffffff-76044.err
2025-10-16 23:11:15,285	INFO log_monitor.py:278 -- Beginning to track file worker-bbc99adec8221ef76da7fb5c909b9d3b8ef9a912634731fa4d48a39e-ffffffff-76044.out
2025-10-16 23:11:15,286	INFO log_monitor.py:278 -- Beginning to track file worker-f08bdf4be4e0bf0e5f7e95b266f83367ce812496becccd2b047d4357-ffffffff-65408.err
2025-10-16 23:11:15,286	INFO log_monitor.py:278 -- Beginning to track file worker-f08bdf4be4e0bf0e5f7e95b266f83367ce812496becccd2b047d4357-ffffffff-65408.out
2025-10-16 23:11:15,286	INFO log_monitor.py:278 -- Beginning to track file worker-fa82cb4aa6b120faad67d3259ff72e459f816bb1491186178cc5b5d9-ffffffff-82360.err
2025-10-16 23:11:15,286	INFO log_monitor.py:278 -- Beginning to track file worker-fa82cb4aa6b120faad67d3259ff72e459f816bb1491186178cc5b5d9-ffffffff-82360.out
2025-10-16 23:11:15,388	INFO log_monitor.py:278 -- Beginning to track file worker-4bc5220226835fb63c3bf1cdf1af267e2b6a0ca24cd84654a90a7b99-ffffffff-17684.err
2025-10-16 23:11:15,388	INFO log_monitor.py:278 -- Beginning to track file worker-4bc5220226835fb63c3bf1cdf1af267e2b6a0ca24cd84654a90a7b99-ffffffff-17684.out
2025-10-16 23:11:15,388	INFO log_monitor.py:278 -- Beginning to track file worker-4e7e23f3032c0a5feca63ed2ad4b79e990f07090a0e109971c300e89-ffffffff-74336.err
2025-10-16 23:11:15,388	INFO log_monitor.py:278 -- Beginning to track file worker-4e7e23f3032c0a5feca63ed2ad4b79e990f07090a0e109971c300e89-ffffffff-74336.out
2025-10-16 23:11:15,388	INFO log_monitor.py:278 -- Beginning to track file worker-662262a09f7ac5307d15bafa910f509bbda7f45c68f5f911e067f5b0-ffffffff-73256.err
2025-10-16 23:11:15,388	INFO log_monitor.py:278 -- Beginning to track file worker-662262a09f7ac5307d15bafa910f509bbda7f45c68f5f911e067f5b0-ffffffff-73256.out
2025-10-16 23:11:15,389	INFO log_monitor.py:278 -- Beginning to track file worker-b995138005e0f368e8d1e551d3bf89ece70d1721d87db0fb2b238580-ffffffff-9020.err
2025-10-16 23:11:15,389	INFO log_monitor.py:278 -- Beginning to track file worker-b995138005e0f368e8d1e551d3bf89ece70d1721d87db0fb2b238580-ffffffff-9020.out
