2025-10-16 23:11:12,033	INFO monitor.py:698 -- Starting monitor using ray installation: D:\anaconda3\envs\metavobox_env\Lib\site-packages\ray\__init__.py
2025-10-16 23:11:12,034	INFO monitor.py:699 -- Ray version: 2.44.1
2025-10-16 23:11:12,034	INFO monitor.py:700 -- Ray commit: daca7b2b1a950dc7f731e34e74c76ae383794ffe
2025-10-16 23:11:12,034	INFO monitor.py:701 -- Monitor started with command: ['D:\\anaconda3\\envs\\metavobox_env\\Lib\\site-packages\\ray\\autoscaler\\_private\\monitor.py', '--logs-dir=D:\\Code\\dynamic_class/ray_tmp/session_2025-10-16_23-11-10_871166_41724\\logs', '--logging-rotate-bytes=536870912', '--logging-rotate-backup-count=5', '--gcs-address=127.0.0.1:59534', '--monitor-ip=127.0.0.1']
2025-10-16 23:11:12,037	INFO monitor.py:160 -- session_name: session_2025-10-16_23-11-10_871166_41724
2025-10-16 23:11:12,038	WARNING monitor.py:213 -- `prometheus_client` not found, so metrics will not be exported.
2025-10-16 23:11:12,038	INFO monitor.py:217 -- Monitor: Started
2025-10-16 23:11:12,044	INFO autoscaler.py:279 -- disable_node_updaters:False
2025-10-16 23:11:12,044	INFO autoscaler.py:287 -- disable_launch_config_check:True
2025-10-16 23:11:12,044	INFO autoscaler.py:299 -- foreground_node_launch:False
2025-10-16 23:11:12,044	INFO autoscaler.py:309 -- worker_liveness_check:True
2025-10-16 23:11:12,045	INFO autoscaler.py:359 -- StandardAutoscaler: {'cluster_name': 'default', 'max_workers': 0, 'upscaling_speed': 1.0, 'docker': {}, 'idle_timeout_minutes': 0, 'provider': {'type': 'readonly', 'use_node_id_as_ip': True, 'disable_launch_config_check': True}, 'auth': {}, 'available_node_types': {'ray.head.default': {'resources': {}, 'node_config': {}, 'max_workers': 0}}, 'head_node_type': 'ray.head.default', 'file_mounts': {}, 'cluster_synced_files': [], 'file_mounts_sync_continuously': False, 'rsync_exclude': [], 'rsync_filter': [], 'initialization_commands': [], 'setup_commands': [], 'head_setup_commands': [], 'worker_setup_commands': [], 'head_start_ray_commands': [], 'worker_start_ray_commands': []}
2025-10-16 23:11:12,046	INFO monitor.py:403 -- Autoscaler has not yet received load metrics. Waiting.
2025-10-16 23:11:17,049	INFO autoscaler.py:146 -- The autoscaler took 0.0 seconds to fetch the list of non-terminated nodes.
2025-10-16 23:11:17,050	INFO autoscaler.py:418 -- 
======== Autoscaler status: 2025-10-16 23:11:17.050246 ========
Node status
---------------------------------------------------------------
Active:
 1 node_67b6ad1ca744a0ca62827ff69c6fe61d7e230d326f2752e02638edda
Pending:
 (no pending nodes)
Recent failures:
 (no failures)

Resources
---------------------------------------------------------------
Usage:
 18.0/18.0 CPU
 0B/1.98GiB memory
 302.24KiB/868.24MiB object_store_memory

Demands:
 (no resource demands)
2025-10-16 23:11:17,050	INFO autoscaler.py:461 -- The autoscaler took 0.001 seconds to complete the update iteration.
2025-10-16 23:11:22,053	INFO autoscaler.py:146 -- The autoscaler took 0.0 seconds to fetch the list of non-terminated nodes.
2025-10-16 23:11:22,053	INFO autoscaler.py:418 -- 
======== Autoscaler status: 2025-10-16 23:11:22.053471 ========
Node status
---------------------------------------------------------------
Active:
 1 node_67b6ad1ca744a0ca62827ff69c6fe61d7e230d326f2752e02638edda
Pending:
 (no pending nodes)
Recent failures:
 (no failures)

Resources
---------------------------------------------------------------
Usage:
 18.0/18.0 CPU
 0B/1.98GiB memory
 302.24KiB/868.24MiB object_store_memory

Demands:
 (no resource demands)
2025-10-16 23:11:22,054	INFO autoscaler.py:461 -- The autoscaler took 0.001 seconds to complete the update iteration.
2025-10-16 23:11:27,056	INFO autoscaler.py:146 -- The autoscaler took 0.0 seconds to fetch the list of non-terminated nodes.
2025-10-16 23:11:27,057	INFO autoscaler.py:418 -- 
======== Autoscaler status: 2025-10-16 23:11:27.056974 ========
Node status
---------------------------------------------------------------
Active:
 1 node_67b6ad1ca744a0ca62827ff69c6fe61d7e230d326f2752e02638edda
Pending:
 (no pending nodes)
Recent failures:
 (no failures)

Resources
---------------------------------------------------------------
Usage:
 18.0/18.0 CPU
 0B/1.98GiB memory
 302.24KiB/868.24MiB object_store_memory

Demands:
 (no resource demands)
2025-10-16 23:11:27,057	INFO autoscaler.py:461 -- The autoscaler took 0.001 seconds to complete the update iteration.
