[2025-10-16 23:11:15,252 I 36808 82024] core_worker_process.cc:187: Constructing CoreWorkerProcess. pid: 36808
[2025-10-16 23:11:15,255 I 36808 82024] io_service_pool.cc:35: IOServicePool is running with 1 io_service.
[2025-10-16 23:11:15,257 I 36808 82024] grpc_server.cc:137: worker server started, listening on port 65493.
[2025-10-16 23:11:15,259 I 36808 82024] core_worker.cc:526: Initializing worker at address: 127.0.0.1:65493 worker_id=28294442f26c7ab0a91bc5efc42e27db8574a7318678590a13aae3d2 node_id=67b6ad1ca744a0ca62827ff69c6fe61d7e230d326f2752e02638edda
[2025-10-16 23:11:15,260 I 36808 82024] task_event_buffer.cc:281: Reporting task events to GCS every 1000ms.
[2025-10-16 23:11:15,261 I 36808 51628] accessor.cc:760: Received notification for node, IsAlive = 1 node_id=67b6ad1ca744a0ca62827ff69c6fe61d7e230d326f2752e02638edda
[2025-10-16 23:11:15,261 I 36808 51628] core_worker.cc:5080: Number of alive nodes:1
[2025-10-16 23:11:15,261 I 36808 51628] core_worker.cc:914: Event stats:


Global stats: 12 total (4 active)
Queueing time: mean = 27.008 us, max = 211.100 us, min = 14.500 us, total = 324.100 us
Execution time:  mean = 135.208 us, total = 1.623 ms
Event stats:
	PeriodicalRunner.RunFnPeriodically - 3 total (1 active, 1 running), Execution time: mean = 12.067 us, total = 36.200 us, Queueing time: mean = 90.033 us, max = 211.100 us, min = 59.000 us, total = 270.100 us
	ray::rpc::WorkerInfoGcsService.grpc_client.AddWorkerInfo.OnReplyReceived - 1 total (0 active), Execution time: mean = 20.000 us, total = 20.000 us, Queueing time: mean = 19.500 us, max = 19.500 us, min = 19.500 us, total = 19.500 us
	ray::rpc::InternalPubSubGcsService.grpc_client.GcsSubscriberCommandBatch.OnReplyReceived - 1 total (0 active), Execution time: mean = 124.000 us, total = 124.000 us, Queueing time: mean = 14.500 us, max = 14.500 us, min = 14.500 us, total = 14.500 us
	ray::rpc::NodeInfoGcsService.grpc_client.GetAllNodeInfo.OnReplyReceived - 1 total (0 active), Execution time: mean = 75.000 us, total = 75.000 us, Queueing time: mean = 20.000 us, max = 20.000 us, min = 20.000 us, total = 20.000 us
	ray::rpc::NodeInfoGcsService.grpc_client.GetAllNodeInfo - 1 total (0 active), Execution time: mean = 320.500 us, total = 320.500 us, Queueing time: mean = 0.000 s, max = -0.000 s, min = 9223372036.855 s, total = 0.000 s
	ray::rpc::InternalPubSubGcsService.grpc_client.GcsSubscriberPoll - 1 total (1 active), Execution time: mean = 0.000 s, total = 0.000 s, Queueing time: mean = 0.000 s, max = -0.000 s, min = 9223372036.855 s, total = 0.000 s
	CoreWorker.ExitIfParentRayletDies - 1 total (1 active), Execution time: mean = 0.000 s, total = 0.000 s, Queueing time: mean = 0.000 s, max = -0.000 s, min = 9223372036.855 s, total = 0.000 s
	Publisher.CheckDeadSubscribers - 1 total (1 active), Execution time: mean = 0.000 s, total = 0.000 s, Queueing time: mean = 0.000 s, max = -0.000 s, min = 9223372036.855 s, total = 0.000 s
	ray::rpc::WorkerInfoGcsService.grpc_client.AddWorkerInfo - 1 total (0 active), Execution time: mean = 502.600 us, total = 502.600 us, Queueing time: mean = 0.000 s, max = -0.000 s, min = 9223372036.855 s, total = 0.000 s
	ray::rpc::InternalPubSubGcsService.grpc_client.GcsSubscriberCommandBatch - 1 total (0 active), Execution time: mean = 544.200 us, total = 544.200 us, Queueing time: mean = 0.000 s, max = -0.000 s, min = 9223372036.855 s, total = 0.000 s

-----------------
Task execution event stats:

Global stats: 0 total (0 active)
Queueing time: mean = -nan(ind) s, max = -0.000 s, min = 9223372036.855 s, total = 0.000 s
Execution time:  mean = -nan(ind) s, total = 0.000 s
Event stats:

-----------------
Task Event stats:

IO Service Stats:

Global stats: 4 total (1 active)
Queueing time: mean = 10.700 us, max = 24.800 us, min = 18.000 us, total = 42.800 us
Execution time:  mean = 159.125 us, total = 636.500 us
Event stats:
	PeriodicalRunner.RunFnPeriodically - 1 total (0 active), Execution time: mean = 134.400 us, total = 134.400 us, Queueing time: mean = 18.000 us, max = 18.000 us, min = 18.000 us, total = 18.000 us
	ray::rpc::TaskInfoGcsService.grpc_client.AddTaskEventData - 1 total (0 active), Execution time: mean = 488.500 us, total = 488.500 us, Queueing time: mean = 0.000 s, max = -0.000 s, min = 9223372036.855 s, total = 0.000 s
	CoreWorker.deadline_timer.flush_task_events - 1 total (1 active), Execution time: mean = 0.000 s, total = 0.000 s, Queueing time: mean = 0.000 s, max = -0.000 s, min = 9223372036.855 s, total = 0.000 s
	ray::rpc::TaskInfoGcsService.grpc_client.AddTaskEventData.OnReplyReceived - 1 total (0 active), Execution time: mean = 13.600 us, total = 13.600 us, Queueing time: mean = 24.800 us, max = 24.800 us, min = 24.800 us, total = 24.800 us
Other Stats:
	grpc_in_progress:0
	current number of task status events in buffer: 0
	current number of profile events in buffer: 0
	current number of dropped task attempts tracked: 0
	total task events sent: 0 MiB
	total number of task attempts sent: 0
	total number of task attempts dropped reported: 0
	total number of sent failure: 0
	num status task events dropped: 0
	num profile task events dropped: 0


[2025-10-16 23:11:15,263 I 36808 82024] event.cc:500: Ray Event initialized for CORE_WORKER
[2025-10-16 23:11:15,263 I 36808 82024] event.cc:500: Ray Event initialized for EXPORT_TASK
[2025-10-16 23:11:15,263 I 36808 82024] event.cc:331: Set ray event level to warning
[2025-10-16 23:11:16,441 I 36808 51628] core_worker.cc:1171: Exit signal received, this process will exit after all outstanding tasks have finished, exit_type=INTENDED_SYSTEM_EXIT, detail=Worker exits because it was idle (it doesn't have objects it owns while no task or actor has been scheduled) for a long time.
[2025-10-16 23:11:16,442 I 36808 82024] core_worker.cc:1102: Sending disconnect message to the local raylet.
[2025-10-16 23:11:16,442 I 36808 82024] raylet_client.cc:73: RayletClient::Disconnect, exit_type=INTENDED_SYSTEM_EXIT, exit_detail=Worker exits because it was idle (it doesn't have objects it owns while no task or actor has been scheduled) for a long time., has creation_task_exception_pb_bytes=0
[2025-10-16 23:11:16,446 I 36808 82024] core_worker.cc:1108: Disconnected from the local raylet.
[2025-10-16 23:11:16,446 I 36808 82024] core_worker.cc:1017: Shutting down a core worker.
[2025-10-16 23:11:16,446 I 36808 82024] task_event_buffer.cc:292: Shutting down TaskEventBuffer.
[2025-10-16 23:11:16,446 I 36808 57416] task_event_buffer.cc:260: Task event buffer io service stopped.
[2025-10-16 23:11:16,446 I 36808 82024] core_worker.cc:1039: Waiting for joining a core worker io thread. If it hangs here, there might be deadlock or a high load in the core worker io service.
[2025-10-16 23:11:16,446 I 36808 51628] core_worker.cc:1275: Core worker main io service stopped.
[2025-10-16 23:11:16,448 I 36808 82024] core_worker.cc:1051: Disconnecting a GCS client.
[2025-10-16 23:11:16,448 I 36808 82024] core_worker.cc:1058: Core worker ready to be deallocated.
[2025-10-16 23:11:16,448 I 36808 82024] core_worker_process.cc:330: Task execution loop terminated. Removing the global worker.
[2025-10-16 23:11:16,448 I 36808 82024] core_worker.cc:1008: Core worker is destructed
[2025-10-16 23:11:16,448 I 36808 82024] task_event_buffer.cc:292: Shutting down TaskEventBuffer.
[2025-10-16 23:11:16,449 I 36808 82024] core_worker_process.cc:232: Destructing CoreWorkerProcessImpl. pid: 36808
[2025-10-16 23:11:16,449 I 36808 82024] io_service_pool.cc:47: IOServicePool is stopped.
[2025-10-16 23:11:16,819 I 36808 82024] stats.h:120: Stats module has shutdown.
[2025-10-16 23:11:16,841 W 36808 82024] core_worker_process.cc:246: The core worker process is not initialized yet or already shutdown.
