[2025-10-16 23:11:15,101 I 37176 74716] core_worker_process.cc:187: Constructing CoreWorkerProcess. pid: 37176
[2025-10-16 23:11:15,105 I 37176 74716] io_service_pool.cc:35: IOServicePool is running with 1 io_service.
[2025-10-16 23:11:15,108 I 37176 74716] grpc_server.cc:137: worker server started, listening on port 65452.
[2025-10-16 23:11:15,109 I 37176 74716] core_worker.cc:526: Initializing worker at address: 127.0.0.1:65452 worker_id=bdc7de1c10c9ecbbb7e52756420b5298dfe446b3e3d51624e898f369 node_id=67b6ad1ca744a0ca62827ff69c6fe61d7e230d326f2752e02638edda
[2025-10-16 23:11:15,111 I 37176 74716] task_event_buffer.cc:281: Reporting task events to GCS every 1000ms.
[2025-10-16 23:11:15,113 I 37176 51568] accessor.cc:760: Received notification for node, IsAlive = 1 node_id=67b6ad1ca744a0ca62827ff69c6fe61d7e230d326f2752e02638edda
[2025-10-16 23:11:15,113 I 37176 51568] core_worker.cc:5080: Number of alive nodes:1
[2025-10-16 23:11:15,114 I 37176 51568] core_worker.cc:914: Event stats:


Global stats: 12 total (4 active)
Queueing time: mean = 25.808 us, max = 194.100 us, min = 19.500 us, total = 309.700 us
Execution time:  mean = 196.008 us, total = 2.352 ms
Event stats:
	PeriodicalRunner.RunFnPeriodically - 3 total (1 active, 1 running), Execution time: mean = 26.933 us, total = 80.800 us, Queueing time: mean = 75.200 us, max = 194.100 us, min = 31.500 us, total = 225.600 us
	CoreWorker.ExitIfParentRayletDies - 1 total (1 active), Execution time: mean = 0.000 s, total = 0.000 s, Queueing time: mean = 0.000 s, max = -0.000 s, min = 9223372036.855 s, total = 0.000 s
	ray::rpc::WorkerInfoGcsService.grpc_client.AddWorkerInfo - 1 total (0 active), Execution time: mean = 777.700 us, total = 777.700 us, Queueing time: mean = 0.000 s, max = -0.000 s, min = 9223372036.855 s, total = 0.000 s
	ray::rpc::InternalPubSubGcsService.grpc_client.GcsSubscriberPoll - 1 total (1 active), Execution time: mean = 0.000 s, total = 0.000 s, Queueing time: mean = 0.000 s, max = -0.000 s, min = 9223372036.855 s, total = 0.000 s
	ray::rpc::InternalPubSubGcsService.grpc_client.GcsSubscriberCommandBatch.OnReplyReceived - 1 total (0 active), Execution time: mean = 231.900 us, total = 231.900 us, Queueing time: mean = 19.500 us, max = 19.500 us, min = 19.500 us, total = 19.500 us
	ray::rpc::WorkerInfoGcsService.grpc_client.AddWorkerInfo.OnReplyReceived - 1 total (0 active), Execution time: mean = 30.800 us, total = 30.800 us, Queueing time: mean = 27.200 us, max = 27.200 us, min = 27.200 us, total = 27.200 us
	ray::rpc::NodeInfoGcsService.grpc_client.GetAllNodeInfo - 1 total (0 active), Execution time: mean = 547.200 us, total = 547.200 us, Queueing time: mean = 0.000 s, max = -0.000 s, min = 9223372036.855 s, total = 0.000 s
	ray::rpc::NodeInfoGcsService.grpc_client.GetAllNodeInfo.OnReplyReceived - 1 total (0 active), Execution time: mean = 95.500 us, total = 95.500 us, Queueing time: mean = 37.400 us, max = 37.400 us, min = 37.400 us, total = 37.400 us
	ray::rpc::InternalPubSubGcsService.grpc_client.GcsSubscriberCommandBatch - 1 total (0 active), Execution time: mean = 588.200 us, total = 588.200 us, Queueing time: mean = 0.000 s, max = -0.000 s, min = 9223372036.855 s, total = 0.000 s
	Publisher.CheckDeadSubscribers - 1 total (1 active), Execution time: mean = 0.000 s, total = 0.000 s, Queueing time: mean = 0.000 s, max = -0.000 s, min = 9223372036.855 s, total = 0.000 s

-----------------
Task execution event stats:

Global stats: 0 total (0 active)
Queueing time: mean = -nan(ind) s, max = -0.000 s, min = 9223372036.855 s, total = 0.000 s
Execution time:  mean = -nan(ind) s, total = 0.000 s
Event stats:

-----------------
Task Event stats:

IO Service Stats:

Global stats: 4 total (1 active)
Queueing time: mean = 16.900 us, max = 40.700 us, min = 26.900 us, total = 67.600 us
Execution time:  mean = 232.100 us, total = 928.400 us
Event stats:
	ray::rpc::TaskInfoGcsService.grpc_client.AddTaskEventData - 1 total (0 active), Execution time: mean = 723.500 us, total = 723.500 us, Queueing time: mean = 0.000 s, max = -0.000 s, min = 9223372036.855 s, total = 0.000 s
	CoreWorker.deadline_timer.flush_task_events - 1 total (1 active), Execution time: mean = 0.000 s, total = 0.000 s, Queueing time: mean = 0.000 s, max = -0.000 s, min = 9223372036.855 s, total = 0.000 s
	ray::rpc::TaskInfoGcsService.grpc_client.AddTaskEventData.OnReplyReceived - 1 total (0 active), Execution time: mean = 23.100 us, total = 23.100 us, Queueing time: mean = 40.700 us, max = 40.700 us, min = 40.700 us, total = 40.700 us
	PeriodicalRunner.RunFnPeriodically - 1 total (0 active), Execution time: mean = 181.800 us, total = 181.800 us, Queueing time: mean = 26.900 us, max = 26.900 us, min = 26.900 us, total = 26.900 us
Other Stats:
	grpc_in_progress:0
	current number of task status events in buffer: 0
	current number of profile events in buffer: 0
	current number of dropped task attempts tracked: 0
	total task events sent: 0 MiB
	total number of task attempts sent: 0
	total number of task attempts dropped reported: 0
	total number of sent failure: 0
	num status task events dropped: 0
	num profile task events dropped: 0


[2025-10-16 23:11:15,118 I 37176 74716] event.cc:500: Ray Event initialized for CORE_WORKER
[2025-10-16 23:11:15,118 I 37176 74716] event.cc:500: Ray Event initialized for EXPORT_TASK
[2025-10-16 23:11:15,118 I 37176 74716] event.cc:331: Set ray event level to warning
[2025-10-16 23:11:16,222 I 37176 51568] core_worker.cc:1171: Exit signal received, this process will exit after all outstanding tasks have finished, exit_type=INTENDED_SYSTEM_EXIT, detail=Worker exits because it was idle (it doesn't have objects it owns while no task or actor has been scheduled) for a long time.
[2025-10-16 23:11:16,224 I 37176 74716] core_worker.cc:1102: Sending disconnect message to the local raylet.
[2025-10-16 23:11:16,224 I 37176 74716] raylet_client.cc:73: RayletClient::Disconnect, exit_type=INTENDED_SYSTEM_EXIT, exit_detail=Worker exits because it was idle (it doesn't have objects it owns while no task or actor has been scheduled) for a long time., has creation_task_exception_pb_bytes=0
[2025-10-16 23:11:16,224 I 37176 74716] core_worker.cc:1108: Disconnected from the local raylet.
[2025-10-16 23:11:16,224 I 37176 74716] core_worker.cc:1017: Shutting down a core worker.
[2025-10-16 23:11:16,224 I 37176 74716] task_event_buffer.cc:292: Shutting down TaskEventBuffer.
[2025-10-16 23:11:16,224 I 37176 46680] task_event_buffer.cc:260: Task event buffer io service stopped.
[2025-10-16 23:11:16,224 I 37176 74716] core_worker.cc:1039: Waiting for joining a core worker io thread. If it hangs here, there might be deadlock or a high load in the core worker io service.
[2025-10-16 23:11:16,224 I 37176 51568] core_worker.cc:1275: Core worker main io service stopped.
[2025-10-16 23:11:16,225 I 37176 74716] core_worker.cc:1051: Disconnecting a GCS client.
[2025-10-16 23:11:16,225 I 37176 74716] core_worker.cc:1058: Core worker ready to be deallocated.
[2025-10-16 23:11:16,225 I 37176 74716] core_worker_process.cc:330: Task execution loop terminated. Removing the global worker.
[2025-10-16 23:11:16,225 I 37176 74716] core_worker.cc:1008: Core worker is destructed
[2025-10-16 23:11:16,225 I 37176 74716] task_event_buffer.cc:292: Shutting down TaskEventBuffer.
[2025-10-16 23:11:16,226 I 37176 74716] core_worker_process.cc:232: Destructing CoreWorkerProcessImpl. pid: 37176
[2025-10-16 23:11:16,227 I 37176 74716] io_service_pool.cc:47: IOServicePool is stopped.
[2025-10-16 23:11:16,417 I 37176 74716] stats.h:120: Stats module has shutdown.
[2025-10-16 23:11:16,442 W 37176 74716] core_worker_process.cc:246: The core worker process is not initialized yet or already shutdown.
