[2025-10-16 23:11:15,221 I 82360 77316] core_worker_process.cc:187: Constructing CoreWorkerProcess. pid: 82360
[2025-10-16 23:11:15,223 I 82360 77316] io_service_pool.cc:35: IOServicePool is running with 1 io_service.
[2025-10-16 23:11:15,226 I 82360 77316] grpc_server.cc:137: worker server started, listening on port 65476.
[2025-10-16 23:11:15,228 I 82360 77316] core_worker.cc:526: Initializing worker at address: 127.0.0.1:65476 worker_id=fa82cb4aa6b120faad67d3259ff72e459f816bb1491186178cc5b5d9 node_id=67b6ad1ca744a0ca62827ff69c6fe61d7e230d326f2752e02638edda
[2025-10-16 23:11:15,229 I 82360 77316] task_event_buffer.cc:281: Reporting task events to GCS every 1000ms.
[2025-10-16 23:11:15,231 I 82360 74208] accessor.cc:760: Received notification for node, IsAlive = 1 node_id=67b6ad1ca744a0ca62827ff69c6fe61d7e230d326f2752e02638edda
[2025-10-16 23:11:15,231 I 82360 74208] core_worker.cc:5080: Number of alive nodes:1
[2025-10-16 23:11:15,232 I 82360 74208] core_worker.cc:914: Event stats:


Global stats: 12 total (4 active)
Queueing time: mean = 28.083 us, max = 181.700 us, min = 19.500 us, total = 337.000 us
Execution time:  mean = 175.183 us, total = 2.102 ms
Event stats:
	PeriodicalRunner.RunFnPeriodically - 3 total (1 active, 1 running), Execution time: mean = 10.967 us, total = 32.900 us, Queueing time: mean = 87.433 us, max = 181.700 us, min = 80.600 us, total = 262.300 us
	ray::rpc::WorkerInfoGcsService.grpc_client.AddWorkerInfo - 1 total (0 active), Execution time: mean = 732.200 us, total = 732.200 us, Queueing time: mean = 0.000 s, max = -0.000 s, min = 9223372036.855 s, total = 0.000 s
	Publisher.CheckDeadSubscribers - 1 total (1 active), Execution time: mean = 0.000 s, total = 0.000 s, Queueing time: mean = 0.000 s, max = -0.000 s, min = 9223372036.855 s, total = 0.000 s
	ray::rpc::InternalPubSubGcsService.grpc_client.GcsSubscriberPoll - 1 total (1 active), Execution time: mean = 0.000 s, total = 0.000 s, Queueing time: mean = 0.000 s, max = -0.000 s, min = 9223372036.855 s, total = 0.000 s
	ray::rpc::WorkerInfoGcsService.grpc_client.AddWorkerInfo.OnReplyReceived - 1 total (0 active), Execution time: mean = 25.800 us, total = 25.800 us, Queueing time: mean = 31.700 us, max = 31.700 us, min = 31.700 us, total = 31.700 us
	ray::rpc::InternalPubSubGcsService.grpc_client.GcsSubscriberCommandBatch.OnReplyReceived - 1 total (0 active), Execution time: mean = 183.900 us, total = 183.900 us, Queueing time: mean = 19.500 us, max = 19.500 us, min = 19.500 us, total = 19.500 us
	ray::rpc::NodeInfoGcsService.grpc_client.GetAllNodeInfo.OnReplyReceived - 1 total (0 active), Execution time: mean = 87.000 us, total = 87.000 us, Queueing time: mean = 23.500 us, max = 23.500 us, min = 23.500 us, total = 23.500 us
	ray::rpc::NodeInfoGcsService.grpc_client.GetAllNodeInfo - 1 total (0 active), Execution time: mean = 481.600 us, total = 481.600 us, Queueing time: mean = 0.000 s, max = -0.000 s, min = 9223372036.855 s, total = 0.000 s
	ray::rpc::InternalPubSubGcsService.grpc_client.GcsSubscriberCommandBatch - 1 total (0 active), Execution time: mean = 558.800 us, total = 558.800 us, Queueing time: mean = 0.000 s, max = -0.000 s, min = 9223372036.855 s, total = 0.000 s
	CoreWorker.ExitIfParentRayletDies - 1 total (1 active), Execution time: mean = 0.000 s, total = 0.000 s, Queueing time: mean = 0.000 s, max = -0.000 s, min = 9223372036.855 s, total = 0.000 s

-----------------
Task execution event stats:

Global stats: 0 total (0 active)
Queueing time: mean = -nan(ind) s, max = -0.000 s, min = 9223372036.855 s, total = 0.000 s
Execution time:  mean = -nan(ind) s, total = 0.000 s
Event stats:

-----------------
Task Event stats:

IO Service Stats:

Global stats: 4 total (1 active)
Queueing time: mean = 41.750 us, max = 146.200 us, min = 20.800 us, total = 167.000 us
Execution time:  mean = 193.175 us, total = 772.700 us
Event stats:
	CoreWorker.deadline_timer.flush_task_events - 1 total (1 active), Execution time: mean = 0.000 s, total = 0.000 s, Queueing time: mean = 0.000 s, max = -0.000 s, min = 9223372036.855 s, total = 0.000 s
	ray::rpc::TaskInfoGcsService.grpc_client.AddTaskEventData - 1 total (0 active), Execution time: mean = 517.000 us, total = 517.000 us, Queueing time: mean = 0.000 s, max = -0.000 s, min = 9223372036.855 s, total = 0.000 s
	ray::rpc::TaskInfoGcsService.grpc_client.AddTaskEventData.OnReplyReceived - 1 total (0 active), Execution time: mean = 15.100 us, total = 15.100 us, Queueing time: mean = 20.800 us, max = 20.800 us, min = 20.800 us, total = 20.800 us
	PeriodicalRunner.RunFnPeriodically - 1 total (0 active), Execution time: mean = 240.600 us, total = 240.600 us, Queueing time: mean = 146.200 us, max = 146.200 us, min = 146.200 us, total = 146.200 us
Other Stats:
	grpc_in_progress:0
	current number of task status events in buffer: 0
	current number of profile events in buffer: 0
	current number of dropped task attempts tracked: 0
	total task events sent: 0 MiB
	total number of task attempts sent: 0
	total number of task attempts dropped reported: 0
	total number of sent failure: 0
	num status task events dropped: 0
	num profile task events dropped: 0


[2025-10-16 23:11:15,235 I 82360 77316] event.cc:500: Ray Event initialized for CORE_WORKER
[2025-10-16 23:11:15,235 I 82360 77316] event.cc:500: Ray Event initialized for EXPORT_TASK
[2025-10-16 23:11:15,235 I 82360 77316] event.cc:331: Set ray event level to warning
[2025-10-16 23:11:16,442 I 82360 74208] core_worker.cc:1171: Exit signal received, this process will exit after all outstanding tasks have finished, exit_type=INTENDED_SYSTEM_EXIT, detail=Worker exits because it was idle (it doesn't have objects it owns while no task or actor has been scheduled) for a long time.
[2025-10-16 23:11:16,445 I 82360 77316] core_worker.cc:1102: Sending disconnect message to the local raylet.
[2025-10-16 23:11:16,445 I 82360 77316] raylet_client.cc:73: RayletClient::Disconnect, exit_type=INTENDED_SYSTEM_EXIT, exit_detail=Worker exits because it was idle (it doesn't have objects it owns while no task or actor has been scheduled) for a long time., has creation_task_exception_pb_bytes=0
[2025-10-16 23:11:16,447 I 82360 77316] core_worker.cc:1108: Disconnected from the local raylet.
[2025-10-16 23:11:16,447 I 82360 77316] core_worker.cc:1017: Shutting down a core worker.
[2025-10-16 23:11:16,447 I 82360 77316] task_event_buffer.cc:292: Shutting down TaskEventBuffer.
[2025-10-16 23:11:16,447 I 82360 13912] task_event_buffer.cc:260: Task event buffer io service stopped.
[2025-10-16 23:11:16,447 I 82360 77316] core_worker.cc:1039: Waiting for joining a core worker io thread. If it hangs here, there might be deadlock or a high load in the core worker io service.
[2025-10-16 23:11:16,447 I 82360 74208] core_worker.cc:1275: Core worker main io service stopped.
[2025-10-16 23:11:16,449 I 82360 77316] core_worker.cc:1051: Disconnecting a GCS client.
[2025-10-16 23:11:16,449 I 82360 77316] core_worker.cc:1058: Core worker ready to be deallocated.
[2025-10-16 23:11:16,449 I 82360 77316] core_worker_process.cc:330: Task execution loop terminated. Removing the global worker.
[2025-10-16 23:11:16,449 I 82360 77316] core_worker.cc:1008: Core worker is destructed
[2025-10-16 23:11:16,449 I 82360 77316] task_event_buffer.cc:292: Shutting down TaskEventBuffer.
[2025-10-16 23:11:16,712 I 82360 77316] core_worker_process.cc:232: Destructing CoreWorkerProcessImpl. pid: 82360
[2025-10-16 23:11:16,712 I 82360 77316] io_service_pool.cc:47: IOServicePool is stopped.
[2025-10-16 23:11:17,039 I 82360 77316] stats.h:120: Stats module has shutdown.
[2025-10-16 23:11:17,060 W 82360 77316] core_worker_process.cc:246: The core worker process is not initialized yet or already shutdown.
