[2025-10-16 23:11:15,350 I 9020 32484] core_worker_process.cc:187: Constructing CoreWorkerProcess. pid: 9020
[2025-10-16 23:11:15,353 I 9020 32484] io_service_pool.cc:35: IOServicePool is running with 1 io_service.
[2025-10-16 23:11:15,355 I 9020 32484] grpc_server.cc:137: worker server started, listening on port 65534.
[2025-10-16 23:11:15,356 I 9020 32484] core_worker.cc:526: Initializing worker at address: 127.0.0.1:65534 worker_id=b995138005e0f368e8d1e551d3bf89ece70d1721d87db0fb2b238580 node_id=67b6ad1ca744a0ca62827ff69c6fe61d7e230d326f2752e02638edda
[2025-10-16 23:11:15,357 I 9020 32484] task_event_buffer.cc:281: Reporting task events to GCS every 1000ms.
[2025-10-16 23:11:15,359 I 9020 43288] accessor.cc:760: Received notification for node, IsAlive = 1 node_id=67b6ad1ca744a0ca62827ff69c6fe61d7e230d326f2752e02638edda
[2025-10-16 23:11:15,359 I 9020 43288] core_worker.cc:5080: Number of alive nodes:1
[2025-10-16 23:11:15,359 I 9020 43288] core_worker.cc:914: Event stats:


Global stats: 12 total (4 active)
Queueing time: mean = 25.125 us, max = 168.200 us, min = 13.200 us, total = 301.500 us
Execution time:  mean = 160.792 us, total = 1.929 ms
Event stats:
	PeriodicalRunner.RunFnPeriodically - 3 total (1 active, 1 running), Execution time: mean = 8.367 us, total = 25.100 us, Queueing time: mean = 71.267 us, max = 168.200 us, min = 45.600 us, total = 213.800 us
	CoreWorker.ExitIfParentRayletDies - 1 total (1 active), Execution time: mean = 0.000 s, total = 0.000 s, Queueing time: mean = 0.000 s, max = -0.000 s, min = 9223372036.855 s, total = 0.000 s
	ray::rpc::WorkerInfoGcsService.grpc_client.AddWorkerInfo - 1 total (0 active), Execution time: mean = 589.800 us, total = 589.800 us, Queueing time: mean = 0.000 s, max = -0.000 s, min = 9223372036.855 s, total = 0.000 s
	Publisher.CheckDeadSubscribers - 1 total (1 active), Execution time: mean = 0.000 s, total = 0.000 s, Queueing time: mean = 0.000 s, max = -0.000 s, min = 9223372036.855 s, total = 0.000 s
	ray::rpc::InternalPubSubGcsService.grpc_client.GcsSubscriberCommandBatch - 1 total (0 active), Execution time: mean = 633.000 us, total = 633.000 us, Queueing time: mean = 0.000 s, max = -0.000 s, min = 9223372036.855 s, total = 0.000 s
	ray::rpc::InternalPubSubGcsService.grpc_client.GcsSubscriberCommandBatch.OnReplyReceived - 1 total (0 active), Execution time: mean = 183.500 us, total = 183.500 us, Queueing time: mean = 58.200 us, max = 58.200 us, min = 58.200 us, total = 58.200 us
	ray::rpc::NodeInfoGcsService.grpc_client.GetAllNodeInfo.OnReplyReceived - 1 total (0 active), Execution time: mean = 72.700 us, total = 72.700 us, Queueing time: mean = 13.200 us, max = 13.200 us, min = 13.200 us, total = 13.200 us
	ray::rpc::NodeInfoGcsService.grpc_client.GetAllNodeInfo - 1 total (0 active), Execution time: mean = 407.300 us, total = 407.300 us, Queueing time: mean = 0.000 s, max = -0.000 s, min = 9223372036.855 s, total = 0.000 s
	ray::rpc::WorkerInfoGcsService.grpc_client.AddWorkerInfo.OnReplyReceived - 1 total (0 active), Execution time: mean = 18.100 us, total = 18.100 us, Queueing time: mean = 16.300 us, max = 16.300 us, min = 16.300 us, total = 16.300 us
	ray::rpc::InternalPubSubGcsService.grpc_client.GcsSubscriberPoll - 1 total (1 active), Execution time: mean = 0.000 s, total = 0.000 s, Queueing time: mean = 0.000 s, max = -0.000 s, min = 9223372036.855 s, total = 0.000 s

-----------------
Task execution event stats:

Global stats: 0 total (0 active)
Queueing time: mean = -nan(ind) s, max = -0.000 s, min = 9223372036.855 s, total = 0.000 s
Execution time:  mean = -nan(ind) s, total = 0.000 s
Event stats:

-----------------
Task Event stats:

IO Service Stats:

Global stats: 4 total (1 active)
Queueing time: mean = 8.175 us, max = 18.200 us, min = 14.500 us, total = 32.700 us
Execution time:  mean = 270.350 us, total = 1.081 ms
Event stats:
	CoreWorker.deadline_timer.flush_task_events - 1 total (1 active), Execution time: mean = 0.000 s, total = 0.000 s, Queueing time: mean = 0.000 s, max = -0.000 s, min = 9223372036.855 s, total = 0.000 s
	ray::rpc::TaskInfoGcsService.grpc_client.AddTaskEventData - 1 total (0 active), Execution time: mean = 671.200 us, total = 671.200 us, Queueing time: mean = 0.000 s, max = -0.000 s, min = 9223372036.855 s, total = 0.000 s
	ray::rpc::TaskInfoGcsService.grpc_client.AddTaskEventData.OnReplyReceived - 1 total (0 active), Execution time: mean = 17.000 us, total = 17.000 us, Queueing time: mean = 18.200 us, max = 18.200 us, min = 18.200 us, total = 18.200 us
	PeriodicalRunner.RunFnPeriodically - 1 total (0 active), Execution time: mean = 393.200 us, total = 393.200 us, Queueing time: mean = 14.500 us, max = 14.500 us, min = 14.500 us, total = 14.500 us
Other Stats:
	grpc_in_progress:0
	current number of task status events in buffer: 0
	current number of profile events in buffer: 0
	current number of dropped task attempts tracked: 0
	total task events sent: 0 MiB
	total number of task attempts sent: 0
	total number of task attempts dropped reported: 0
	total number of sent failure: 0
	num status task events dropped: 0
	num profile task events dropped: 0


[2025-10-16 23:11:15,361 I 9020 32484] event.cc:500: Ray Event initialized for CORE_WORKER
[2025-10-16 23:11:15,361 I 9020 32484] event.cc:500: Ray Event initialized for EXPORT_TASK
[2025-10-16 23:11:15,361 I 9020 32484] event.cc:331: Set ray event level to warning
[2025-10-16 23:11:16,436 I 9020 43288] core_worker.cc:1171: Exit signal received, this process will exit after all outstanding tasks have finished, exit_type=INTENDED_SYSTEM_EXIT, detail=Worker exits because it was idle (it doesn't have objects it owns while no task or actor has been scheduled) for a long time.
[2025-10-16 23:11:16,438 I 9020 32484] core_worker.cc:1102: Sending disconnect message to the local raylet.
[2025-10-16 23:11:16,438 I 9020 32484] raylet_client.cc:73: RayletClient::Disconnect, exit_type=INTENDED_SYSTEM_EXIT, exit_detail=Worker exits because it was idle (it doesn't have objects it owns while no task or actor has been scheduled) for a long time., has creation_task_exception_pb_bytes=0
[2025-10-16 23:11:16,441 I 9020 32484] core_worker.cc:1108: Disconnected from the local raylet.
[2025-10-16 23:11:16,441 I 9020 32484] core_worker.cc:1017: Shutting down a core worker.
[2025-10-16 23:11:16,441 I 9020 32484] task_event_buffer.cc:292: Shutting down TaskEventBuffer.
[2025-10-16 23:11:16,441 I 9020 48056] task_event_buffer.cc:260: Task event buffer io service stopped.
[2025-10-16 23:11:16,441 I 9020 32484] core_worker.cc:1039: Waiting for joining a core worker io thread. If it hangs here, there might be deadlock or a high load in the core worker io service.
[2025-10-16 23:11:16,442 I 9020 43288] core_worker.cc:1275: Core worker main io service stopped.
[2025-10-16 23:11:16,480 I 9020 32484] core_worker.cc:1051: Disconnecting a GCS client.
[2025-10-16 23:11:16,480 I 9020 32484] core_worker.cc:1058: Core worker ready to be deallocated.
[2025-10-16 23:11:16,480 I 9020 32484] core_worker_process.cc:330: Task execution loop terminated. Removing the global worker.
[2025-10-16 23:11:16,480 I 9020 32484] core_worker.cc:1008: Core worker is destructed
[2025-10-16 23:11:16,480 I 9020 32484] task_event_buffer.cc:292: Shutting down TaskEventBuffer.
[2025-10-16 23:11:16,697 I 9020 32484] core_worker_process.cc:232: Destructing CoreWorkerProcessImpl. pid: 9020
[2025-10-16 23:11:16,697 I 9020 32484] io_service_pool.cc:47: IOServicePool is stopped.
[2025-10-16 23:11:16,928 I 9020 32484] stats.h:120: Stats module has shutdown.
[2025-10-16 23:11:16,947 W 9020 32484] core_worker_process.cc:246: The core worker process is not initialized yet or already shutdown.
