[2025-10-16 23:11:15,298 I 74336 12396] core_worker_process.cc:187: Constructing CoreWorkerProcess. pid: 74336
[2025-10-16 23:11:15,300 I 74336 12396] io_service_pool.cc:35: IOServicePool is running with 1 io_service.
[2025-10-16 23:11:15,302 I 74336 12396] grpc_server.cc:137: worker server started, listening on port 65523.
[2025-10-16 23:11:15,303 I 74336 12396] core_worker.cc:526: Initializing worker at address: 127.0.0.1:65523 worker_id=4e7e23f3032c0a5feca63ed2ad4b79e990f07090a0e109971c300e89 node_id=67b6ad1ca744a0ca62827ff69c6fe61d7e230d326f2752e02638edda
[2025-10-16 23:11:15,304 I 74336 12396] task_event_buffer.cc:281: Reporting task events to GCS every 1000ms.
[2025-10-16 23:11:15,305 I 74336 45360] accessor.cc:760: Received notification for node, IsAlive = 1 node_id=67b6ad1ca744a0ca62827ff69c6fe61d7e230d326f2752e02638edda
[2025-10-16 23:11:15,305 I 74336 45360] core_worker.cc:5080: Number of alive nodes:1
[2025-10-16 23:11:15,305 I 74336 45360] core_worker.cc:914: Event stats:


Global stats: 12 total (4 active)
Queueing time: mean = 12.400 us, max = 82.400 us, min = 12.000 us, total = 148.800 us
Execution time:  mean = 118.383 us, total = 1.421 ms
Event stats:
	PeriodicalRunner.RunFnPeriodically - 3 total (1 active, 1 running), Execution time: mean = 7.200 us, total = 21.600 us, Queueing time: mean = 31.733 us, max = 82.400 us, min = 12.800 us, total = 95.200 us
	ray::rpc::InternalPubSubGcsService.grpc_client.GcsSubscriberCommandBatch - 1 total (0 active), Execution time: mean = 470.300 us, total = 470.300 us, Queueing time: mean = 0.000 s, max = -0.000 s, min = 9223372036.855 s, total = 0.000 s
	ray::rpc::WorkerInfoGcsService.grpc_client.AddWorkerInfo.OnReplyReceived - 1 total (0 active), Execution time: mean = 21.800 us, total = 21.800 us, Queueing time: mean = 14.200 us, max = 14.200 us, min = 14.200 us, total = 14.200 us
	ray::rpc::NodeInfoGcsService.grpc_client.GetAllNodeInfo - 1 total (0 active), Execution time: mean = 340.500 us, total = 340.500 us, Queueing time: mean = 0.000 s, max = -0.000 s, min = 9223372036.855 s, total = 0.000 s
	ray::rpc::NodeInfoGcsService.grpc_client.GetAllNodeInfo.OnReplyReceived - 1 total (0 active), Execution time: mean = 58.000 us, total = 58.000 us, Queueing time: mean = 12.000 us, max = 12.000 us, min = 12.000 us, total = 12.000 us
	ray::rpc::InternalPubSubGcsService.grpc_client.GcsSubscriberPoll - 1 total (1 active), Execution time: mean = 0.000 s, total = 0.000 s, Queueing time: mean = 0.000 s, max = -0.000 s, min = 9223372036.855 s, total = 0.000 s
	CoreWorker.ExitIfParentRayletDies - 1 total (1 active), Execution time: mean = 0.000 s, total = 0.000 s, Queueing time: mean = 0.000 s, max = -0.000 s, min = 9223372036.855 s, total = 0.000 s
	ray::rpc::WorkerInfoGcsService.grpc_client.AddWorkerInfo - 1 total (0 active), Execution time: mean = 332.800 us, total = 332.800 us, Queueing time: mean = 0.000 s, max = -0.000 s, min = 9223372036.855 s, total = 0.000 s
	Publisher.CheckDeadSubscribers - 1 total (1 active), Execution time: mean = 0.000 s, total = 0.000 s, Queueing time: mean = 0.000 s, max = -0.000 s, min = 9223372036.855 s, total = 0.000 s
	ray::rpc::InternalPubSubGcsService.grpc_client.GcsSubscriberCommandBatch.OnReplyReceived - 1 total (0 active), Execution time: mean = 175.600 us, total = 175.600 us, Queueing time: mean = 27.400 us, max = 27.400 us, min = 27.400 us, total = 27.400 us

-----------------
Task execution event stats:

Global stats: 0 total (0 active)
Queueing time: mean = -nan(ind) s, max = -0.000 s, min = 9223372036.855 s, total = 0.000 s
Execution time:  mean = -nan(ind) s, total = 0.000 s
Event stats:

-----------------
Task Event stats:

IO Service Stats:

Global stats: 4 total (1 active)
Queueing time: mean = 6.700 us, max = 14.500 us, min = 12.300 us, total = 26.800 us
Execution time:  mean = 117.700 us, total = 470.800 us
Event stats:
	PeriodicalRunner.RunFnPeriodically - 1 total (0 active), Execution time: mean = 120.900 us, total = 120.900 us, Queueing time: mean = 12.300 us, max = 12.300 us, min = 12.300 us, total = 12.300 us
	ray::rpc::TaskInfoGcsService.grpc_client.AddTaskEventData - 1 total (0 active), Execution time: mean = 335.100 us, total = 335.100 us, Queueing time: mean = 0.000 s, max = -0.000 s, min = 9223372036.855 s, total = 0.000 s
	CoreWorker.deadline_timer.flush_task_events - 1 total (1 active), Execution time: mean = 0.000 s, total = 0.000 s, Queueing time: mean = 0.000 s, max = -0.000 s, min = 9223372036.855 s, total = 0.000 s
	ray::rpc::TaskInfoGcsService.grpc_client.AddTaskEventData.OnReplyReceived - 1 total (0 active), Execution time: mean = 14.800 us, total = 14.800 us, Queueing time: mean = 14.500 us, max = 14.500 us, min = 14.500 us, total = 14.500 us
Other Stats:
	grpc_in_progress:0
	current number of task status events in buffer: 0
	current number of profile events in buffer: 0
	current number of dropped task attempts tracked: 0
	total task events sent: 0 MiB
	total number of task attempts sent: 0
	total number of task attempts dropped reported: 0
	total number of sent failure: 0
	num status task events dropped: 0
	num profile task events dropped: 0


[2025-10-16 23:11:15,308 I 74336 12396] event.cc:500: Ray Event initialized for CORE_WORKER
[2025-10-16 23:11:15,308 I 74336 12396] event.cc:500: Ray Event initialized for EXPORT_TASK
[2025-10-16 23:11:15,308 I 74336 12396] event.cc:331: Set ray event level to warning
[2025-10-16 23:11:16,437 I 74336 45360] core_worker.cc:1171: Exit signal received, this process will exit after all outstanding tasks have finished, exit_type=INTENDED_SYSTEM_EXIT, detail=Worker exits because it was idle (it doesn't have objects it owns while no task or actor has been scheduled) for a long time.
[2025-10-16 23:11:16,439 I 74336 12396] core_worker.cc:1102: Sending disconnect message to the local raylet.
[2025-10-16 23:11:16,439 I 74336 12396] raylet_client.cc:73: RayletClient::Disconnect, exit_type=INTENDED_SYSTEM_EXIT, exit_detail=Worker exits because it was idle (it doesn't have objects it owns while no task or actor has been scheduled) for a long time., has creation_task_exception_pb_bytes=0
[2025-10-16 23:11:16,442 I 74336 12396] core_worker.cc:1108: Disconnected from the local raylet.
[2025-10-16 23:11:16,442 I 74336 12396] core_worker.cc:1017: Shutting down a core worker.
[2025-10-16 23:11:16,442 I 74336 12396] task_event_buffer.cc:292: Shutting down TaskEventBuffer.
[2025-10-16 23:11:16,442 I 74336 67324] task_event_buffer.cc:260: Task event buffer io service stopped.
[2025-10-16 23:11:16,442 I 74336 12396] core_worker.cc:1039: Waiting for joining a core worker io thread. If it hangs here, there might be deadlock or a high load in the core worker io service.
[2025-10-16 23:11:16,443 I 74336 45360] core_worker.cc:1275: Core worker main io service stopped.
[2025-10-16 23:11:16,444 I 74336 12396] core_worker.cc:1051: Disconnecting a GCS client.
[2025-10-16 23:11:16,444 I 74336 12396] core_worker.cc:1058: Core worker ready to be deallocated.
[2025-10-16 23:11:16,444 I 74336 12396] core_worker_process.cc:330: Task execution loop terminated. Removing the global worker.
[2025-10-16 23:11:16,444 I 74336 12396] core_worker.cc:1008: Core worker is destructed
[2025-10-16 23:11:16,444 I 74336 12396] task_event_buffer.cc:292: Shutting down TaskEventBuffer.
[2025-10-16 23:11:16,697 I 74336 12396] core_worker_process.cc:232: Destructing CoreWorkerProcessImpl. pid: 74336
[2025-10-16 23:11:16,697 I 74336 12396] io_service_pool.cc:47: IOServicePool is stopped.
[2025-10-16 23:11:16,866 I 74336 12396] stats.h:120: Stats module has shutdown.
[2025-10-16 23:11:16,887 W 74336 12396] core_worker_process.cc:246: The core worker process is not initialized yet or already shutdown.
