[2025-10-16 23:11:15,103 I 30408 44400] core_worker_process.cc:187: Constructing CoreWorkerProcess. pid: 30408
[2025-10-16 23:11:15,107 I 30408 44400] io_service_pool.cc:35: IOServicePool is running with 1 io_service.
[2025-10-16 23:11:15,110 I 30408 44400] grpc_server.cc:137: worker server started, listening on port 65454.
[2025-10-16 23:11:15,111 I 30408 44400] core_worker.cc:526: Initializing worker at address: 127.0.0.1:65454 worker_id=9e6fa528e81a39c0a99c50d4693c5ccf364bfd494d7ddab6ec3a300a node_id=67b6ad1ca744a0ca62827ff69c6fe61d7e230d326f2752e02638edda
[2025-10-16 23:11:15,113 I 30408 44400] task_event_buffer.cc:281: Reporting task events to GCS every 1000ms.
[2025-10-16 23:11:15,114 I 30408 80084] accessor.cc:760: Received notification for node, IsAlive = 1 node_id=67b6ad1ca744a0ca62827ff69c6fe61d7e230d326f2752e02638edda
[2025-10-16 23:11:15,115 I 30408 80084] core_worker.cc:5080: Number of alive nodes:1
[2025-10-16 23:11:15,115 I 30408 80084] core_worker.cc:914: Event stats:


Global stats: 12 total (4 active)
Queueing time: mean = 49.475 us, max = 471.400 us, min = 23.600 us, total = 593.700 us
Execution time:  mean = 171.283 us, total = 2.055 ms
Event stats:
	PeriodicalRunner.RunFnPeriodically - 3 total (1 active, 1 running), Execution time: mean = 13.267 us, total = 39.800 us, Queueing time: mean = 169.500 us, max = 471.400 us, min = 37.100 us, total = 508.500 us
	ray::rpc::NodeInfoGcsService.grpc_client.GetAllNodeInfo - 1 total (0 active), Execution time: mean = 549.600 us, total = 549.600 us, Queueing time: mean = 0.000 s, max = -0.000 s, min = 9223372036.855 s, total = 0.000 s
	ray::rpc::InternalPubSubGcsService.grpc_client.GcsSubscriberCommandBatch - 1 total (0 active), Execution time: mean = 468.200 us, total = 468.200 us, Queueing time: mean = 0.000 s, max = -0.000 s, min = 9223372036.855 s, total = 0.000 s
	CoreWorker.ExitIfParentRayletDies - 1 total (1 active), Execution time: mean = 0.000 s, total = 0.000 s, Queueing time: mean = 0.000 s, max = -0.000 s, min = 9223372036.855 s, total = 0.000 s
	ray::rpc::WorkerInfoGcsService.grpc_client.AddWorkerInfo - 1 total (0 active), Execution time: mean = 559.500 us, total = 559.500 us, Queueing time: mean = 0.000 s, max = -0.000 s, min = 9223372036.855 s, total = 0.000 s
	Publisher.CheckDeadSubscribers - 1 total (1 active), Execution time: mean = 0.000 s, total = 0.000 s, Queueing time: mean = 0.000 s, max = -0.000 s, min = 9223372036.855 s, total = 0.000 s
	ray::rpc::InternalPubSubGcsService.grpc_client.GcsSubscriberPoll - 1 total (1 active), Execution time: mean = 0.000 s, total = 0.000 s, Queueing time: mean = 0.000 s, max = -0.000 s, min = 9223372036.855 s, total = 0.000 s
	ray::rpc::InternalPubSubGcsService.grpc_client.GcsSubscriberCommandBatch.OnReplyReceived - 1 total (0 active), Execution time: mean = 194.600 us, total = 194.600 us, Queueing time: mean = 28.600 us, max = 28.600 us, min = 28.600 us, total = 28.600 us
	ray::rpc::WorkerInfoGcsService.grpc_client.AddWorkerInfo.OnReplyReceived - 1 total (0 active), Execution time: mean = 27.000 us, total = 27.000 us, Queueing time: mean = 33.000 us, max = 33.000 us, min = 33.000 us, total = 33.000 us
	ray::rpc::NodeInfoGcsService.grpc_client.GetAllNodeInfo.OnReplyReceived - 1 total (0 active), Execution time: mean = 216.700 us, total = 216.700 us, Queueing time: mean = 23.600 us, max = 23.600 us, min = 23.600 us, total = 23.600 us

-----------------
Task execution event stats:

Global stats: 0 total (0 active)
Queueing time: mean = -nan(ind) s, max = -0.000 s, min = 9223372036.855 s, total = 0.000 s
Execution time:  mean = -nan(ind) s, total = 0.000 s
Event stats:

-----------------
Task Event stats:

IO Service Stats:

Global stats: 4 total (1 active)
Queueing time: mean = 12.800 us, max = 29.200 us, min = 22.000 us, total = 51.200 us
Execution time:  mean = 198.450 us, total = 793.800 us
Event stats:
	CoreWorker.deadline_timer.flush_task_events - 1 total (1 active), Execution time: mean = 0.000 s, total = 0.000 s, Queueing time: mean = 0.000 s, max = -0.000 s, min = 9223372036.855 s, total = 0.000 s
	PeriodicalRunner.RunFnPeriodically - 1 total (0 active), Execution time: mean = 233.300 us, total = 233.300 us, Queueing time: mean = 29.200 us, max = 29.200 us, min = 29.200 us, total = 29.200 us
	ray::rpc::TaskInfoGcsService.grpc_client.AddTaskEventData.OnReplyReceived - 1 total (0 active), Execution time: mean = 23.700 us, total = 23.700 us, Queueing time: mean = 22.000 us, max = 22.000 us, min = 22.000 us, total = 22.000 us
	ray::rpc::TaskInfoGcsService.grpc_client.AddTaskEventData - 1 total (0 active), Execution time: mean = 536.800 us, total = 536.800 us, Queueing time: mean = 0.000 s, max = -0.000 s, min = 9223372036.855 s, total = 0.000 s
Other Stats:
	grpc_in_progress:0
	current number of task status events in buffer: 0
	current number of profile events in buffer: 0
	current number of dropped task attempts tracked: 0
	total task events sent: 0 MiB
	total number of task attempts sent: 0
	total number of task attempts dropped reported: 0
	total number of sent failure: 0
	num status task events dropped: 0
	num profile task events dropped: 0


[2025-10-16 23:11:15,118 I 30408 44400] event.cc:500: Ray Event initialized for CORE_WORKER
[2025-10-16 23:11:15,119 I 30408 44400] event.cc:500: Ray Event initialized for EXPORT_TASK
[2025-10-16 23:11:15,119 I 30408 44400] event.cc:331: Set ray event level to warning
[2025-10-16 23:11:16,221 I 30408 80084] core_worker.cc:1171: Exit signal received, this process will exit after all outstanding tasks have finished, exit_type=INTENDED_SYSTEM_EXIT, detail=Worker exits because it was idle (it doesn't have objects it owns while no task or actor has been scheduled) for a long time.
[2025-10-16 23:11:16,222 I 30408 44400] core_worker.cc:1102: Sending disconnect message to the local raylet.
[2025-10-16 23:11:16,222 I 30408 44400] raylet_client.cc:73: RayletClient::Disconnect, exit_type=INTENDED_SYSTEM_EXIT, exit_detail=Worker exits because it was idle (it doesn't have objects it owns while no task or actor has been scheduled) for a long time., has creation_task_exception_pb_bytes=0
[2025-10-16 23:11:16,223 I 30408 44400] core_worker.cc:1108: Disconnected from the local raylet.
[2025-10-16 23:11:16,223 I 30408 44400] core_worker.cc:1017: Shutting down a core worker.
[2025-10-16 23:11:16,223 I 30408 44400] task_event_buffer.cc:292: Shutting down TaskEventBuffer.
[2025-10-16 23:11:16,223 I 30408 48800] task_event_buffer.cc:260: Task event buffer io service stopped.
[2025-10-16 23:11:16,223 I 30408 44400] core_worker.cc:1039: Waiting for joining a core worker io thread. If it hangs here, there might be deadlock or a high load in the core worker io service.
[2025-10-16 23:11:16,223 I 30408 80084] core_worker.cc:1275: Core worker main io service stopped.
[2025-10-16 23:11:16,233 I 30408 44400] core_worker.cc:1051: Disconnecting a GCS client.
[2025-10-16 23:11:16,233 I 30408 44400] core_worker.cc:1058: Core worker ready to be deallocated.
[2025-10-16 23:11:16,233 I 30408 44400] core_worker_process.cc:330: Task execution loop terminated. Removing the global worker.
[2025-10-16 23:11:16,233 I 30408 44400] core_worker.cc:1008: Core worker is destructed
[2025-10-16 23:11:16,233 I 30408 44400] task_event_buffer.cc:292: Shutting down TaskEventBuffer.
[2025-10-16 23:11:16,233 I 30408 44400] core_worker_process.cc:232: Destructing CoreWorkerProcessImpl. pid: 30408
[2025-10-16 23:11:16,234 I 30408 44400] io_service_pool.cc:47: IOServicePool is stopped.
[2025-10-16 23:11:16,417 I 30408 44400] stats.h:120: Stats module has shutdown.
[2025-10-16 23:11:16,443 W 30408 44400] core_worker_process.cc:246: The core worker process is not initialized yet or already shutdown.
