[2025-10-16 23:11:15,279 I 74648 53824] core_worker_process.cc:187: Constructing CoreWorkerProcess. pid: 74648
[2025-10-16 23:11:15,281 I 74648 53824] io_service_pool.cc:35: IOServicePool is running with 1 io_service.
[2025-10-16 23:11:15,283 I 74648 53824] grpc_server.cc:137: worker server started, listening on port 65507.
[2025-10-16 23:11:15,284 I 74648 53824] core_worker.cc:526: Initializing worker at address: 127.0.0.1:65507 worker_id=7595d26779ce35eacbf736c14b13c594bde9a1bdd14fa534d18fa207 node_id=67b6ad1ca744a0ca62827ff69c6fe61d7e230d326f2752e02638edda
[2025-10-16 23:11:15,285 I 74648 53824] task_event_buffer.cc:281: Reporting task events to GCS every 1000ms.
[2025-10-16 23:11:15,286 I 74648 57056] accessor.cc:760: Received notification for node, IsAlive = 1 node_id=67b6ad1ca744a0ca62827ff69c6fe61d7e230d326f2752e02638edda
[2025-10-16 23:11:15,286 I 74648 57056] core_worker.cc:5080: Number of alive nodes:1
[2025-10-16 23:11:15,287 I 74648 57056] core_worker.cc:914: Event stats:


Global stats: 12 total (4 active)
Queueing time: mean = 13.417 us, max = 80.700 us, min = 13.300 us, total = 161.000 us
Execution time:  mean = 143.375 us, total = 1.720 ms
Event stats:
	PeriodicalRunner.RunFnPeriodically - 3 total (1 active, 1 running), Execution time: mean = 7.500 us, total = 22.500 us, Queueing time: mean = 31.333 us, max = 80.700 us, min = 13.300 us, total = 94.000 us
	CoreWorker.ExitIfParentRayletDies - 1 total (1 active), Execution time: mean = 0.000 s, total = 0.000 s, Queueing time: mean = 0.000 s, max = -0.000 s, min = 9223372036.855 s, total = 0.000 s
	ray::rpc::WorkerInfoGcsService.grpc_client.AddWorkerInfo - 1 total (0 active), Execution time: mean = 647.100 us, total = 647.100 us, Queueing time: mean = 0.000 s, max = -0.000 s, min = 9223372036.855 s, total = 0.000 s
	ray::rpc::InternalPubSubGcsService.grpc_client.GcsSubscriberPoll - 1 total (1 active), Execution time: mean = 0.000 s, total = 0.000 s, Queueing time: mean = 0.000 s, max = -0.000 s, min = 9223372036.855 s, total = 0.000 s
	ray::rpc::InternalPubSubGcsService.grpc_client.GcsSubscriberCommandBatch.OnReplyReceived - 1 total (0 active), Execution time: mean = 184.900 us, total = 184.900 us, Queueing time: mean = 27.200 us, max = 27.200 us, min = 27.200 us, total = 27.200 us
	ray::rpc::WorkerInfoGcsService.grpc_client.AddWorkerInfo.OnReplyReceived - 1 total (0 active), Execution time: mean = 24.500 us, total = 24.500 us, Queueing time: mean = 15.800 us, max = 15.800 us, min = 15.800 us, total = 15.800 us
	ray::rpc::NodeInfoGcsService.grpc_client.GetAllNodeInfo - 1 total (0 active), Execution time: mean = 357.000 us, total = 357.000 us, Queueing time: mean = 0.000 s, max = -0.000 s, min = 9223372036.855 s, total = 0.000 s
	ray::rpc::NodeInfoGcsService.grpc_client.GetAllNodeInfo.OnReplyReceived - 1 total (0 active), Execution time: mean = 83.900 us, total = 83.900 us, Queueing time: mean = 24.000 us, max = 24.000 us, min = 24.000 us, total = 24.000 us
	ray::rpc::InternalPubSubGcsService.grpc_client.GcsSubscriberCommandBatch - 1 total (0 active), Execution time: mean = 400.600 us, total = 400.600 us, Queueing time: mean = 0.000 s, max = -0.000 s, min = 9223372036.855 s, total = 0.000 s
	Publisher.CheckDeadSubscribers - 1 total (1 active), Execution time: mean = 0.000 s, total = 0.000 s, Queueing time: mean = 0.000 s, max = -0.000 s, min = 9223372036.855 s, total = 0.000 s

-----------------
Task execution event stats:

Global stats: 0 total (0 active)
Queueing time: mean = -nan(ind) s, max = -0.000 s, min = 9223372036.855 s, total = 0.000 s
Execution time:  mean = -nan(ind) s, total = 0.000 s
Event stats:

-----------------
Task Event stats:

IO Service Stats:

Global stats: 4 total (1 active)
Queueing time: mean = 8.900 us, max = 20.000 us, min = 15.600 us, total = 35.600 us
Execution time:  mean = 151.925 us, total = 607.700 us
Event stats:
	ray::rpc::TaskInfoGcsService.grpc_client.AddTaskEventData - 1 total (0 active), Execution time: mean = 505.000 us, total = 505.000 us, Queueing time: mean = 0.000 s, max = -0.000 s, min = 9223372036.855 s, total = 0.000 s
	CoreWorker.deadline_timer.flush_task_events - 1 total (1 active), Execution time: mean = 0.000 s, total = 0.000 s, Queueing time: mean = 0.000 s, max = -0.000 s, min = 9223372036.855 s, total = 0.000 s
	ray::rpc::TaskInfoGcsService.grpc_client.AddTaskEventData.OnReplyReceived - 1 total (0 active), Execution time: mean = 16.000 us, total = 16.000 us, Queueing time: mean = 15.600 us, max = 15.600 us, min = 15.600 us, total = 15.600 us
	PeriodicalRunner.RunFnPeriodically - 1 total (0 active), Execution time: mean = 86.700 us, total = 86.700 us, Queueing time: mean = 20.000 us, max = 20.000 us, min = 20.000 us, total = 20.000 us
Other Stats:
	grpc_in_progress:0
	current number of task status events in buffer: 0
	current number of profile events in buffer: 0
	current number of dropped task attempts tracked: 0
	total task events sent: 0 MiB
	total number of task attempts sent: 0
	total number of task attempts dropped reported: 0
	total number of sent failure: 0
	num status task events dropped: 0
	num profile task events dropped: 0


[2025-10-16 23:11:15,288 I 74648 53824] event.cc:500: Ray Event initialized for CORE_WORKER
[2025-10-16 23:11:15,289 I 74648 53824] event.cc:500: Ray Event initialized for EXPORT_TASK
[2025-10-16 23:11:15,289 I 74648 53824] event.cc:331: Set ray event level to warning
[2025-10-16 23:11:16,440 I 74648 57056] core_worker.cc:1171: Exit signal received, this process will exit after all outstanding tasks have finished, exit_type=INTENDED_SYSTEM_EXIT, detail=Worker exits because it was idle (it doesn't have objects it owns while no task or actor has been scheduled) for a long time.
[2025-10-16 23:11:16,441 I 74648 53824] core_worker.cc:1102: Sending disconnect message to the local raylet.
[2025-10-16 23:11:16,441 I 74648 53824] raylet_client.cc:73: RayletClient::Disconnect, exit_type=INTENDED_SYSTEM_EXIT, exit_detail=Worker exits because it was idle (it doesn't have objects it owns while no task or actor has been scheduled) for a long time., has creation_task_exception_pb_bytes=0
[2025-10-16 23:11:16,445 I 74648 53824] core_worker.cc:1108: Disconnected from the local raylet.
[2025-10-16 23:11:16,445 I 74648 53824] core_worker.cc:1017: Shutting down a core worker.
[2025-10-16 23:11:16,445 I 74648 53824] task_event_buffer.cc:292: Shutting down TaskEventBuffer.
[2025-10-16 23:11:16,445 I 74648 10336] task_event_buffer.cc:260: Task event buffer io service stopped.
[2025-10-16 23:11:16,445 I 74648 53824] core_worker.cc:1039: Waiting for joining a core worker io thread. If it hangs here, there might be deadlock or a high load in the core worker io service.
[2025-10-16 23:11:16,446 I 74648 57056] core_worker.cc:1275: Core worker main io service stopped.
[2025-10-16 23:11:16,447 I 74648 53824] core_worker.cc:1051: Disconnecting a GCS client.
[2025-10-16 23:11:16,447 I 74648 53824] core_worker.cc:1058: Core worker ready to be deallocated.
[2025-10-16 23:11:16,447 I 74648 53824] core_worker_process.cc:330: Task execution loop terminated. Removing the global worker.
[2025-10-16 23:11:16,447 I 74648 53824] core_worker.cc:1008: Core worker is destructed
[2025-10-16 23:11:16,447 I 74648 53824] task_event_buffer.cc:292: Shutting down TaskEventBuffer.
[2025-10-16 23:11:16,697 I 74648 53824] core_worker_process.cc:232: Destructing CoreWorkerProcessImpl. pid: 74648
[2025-10-16 23:11:16,697 I 74648 53824] io_service_pool.cc:47: IOServicePool is stopped.
[2025-10-16 23:11:17,116 I 74648 53824] stats.h:120: Stats module has shutdown.
[2025-10-16 23:11:17,138 W 74648 53824] core_worker_process.cc:246: The core worker process is not initialized yet or already shutdown.
