[2025-10-16 23:11:15,054 I 52728 57548] core_worker_process.cc:187: Constructing CoreWorkerProcess. pid: 52728
[2025-10-16 23:11:15,058 I 52728 57548] io_service_pool.cc:35: IOServicePool is running with 1 io_service.
[2025-10-16 23:11:15,062 I 52728 57548] grpc_server.cc:137: worker server started, listening on port 65444.
[2025-10-16 23:11:15,064 I 52728 57548] core_worker.cc:526: Initializing worker at address: 127.0.0.1:65444 worker_id=ed9b407199c7436a27d90d8f03ab50b1019422f31cb77763a37531b3 node_id=67b6ad1ca744a0ca62827ff69c6fe61d7e230d326f2752e02638edda
[2025-10-16 23:11:15,065 I 52728 57548] task_event_buffer.cc:281: Reporting task events to GCS every 1000ms.
[2025-10-16 23:11:15,068 I 52728 72804] accessor.cc:760: Received notification for node, IsAlive = 1 node_id=67b6ad1ca744a0ca62827ff69c6fe61d7e230d326f2752e02638edda
[2025-10-16 23:11:15,068 I 52728 72804] core_worker.cc:5080: Number of alive nodes:1
[2025-10-16 23:11:15,068 I 52728 72804] core_worker.cc:914: Event stats:


Global stats: 12 total (4 active)
Queueing time: mean = 40.742 us, max = 251.000 us, min = 26.200 us, total = 488.900 us
Execution time:  mean = 197.642 us, total = 2.372 ms
Event stats:
	PeriodicalRunner.RunFnPeriodically - 3 total (1 active, 1 running), Execution time: mean = 11.800 us, total = 35.400 us, Queueing time: mean = 92.400 us, max = 251.000 us, min = 26.200 us, total = 277.200 us
	CoreWorker.ExitIfParentRayletDies - 1 total (1 active), Execution time: mean = 0.000 s, total = 0.000 s, Queueing time: mean = 0.000 s, max = -0.000 s, min = 9223372036.855 s, total = 0.000 s
	ray::rpc::WorkerInfoGcsService.grpc_client.AddWorkerInfo - 1 total (0 active), Execution time: mean = 814.600 us, total = 814.600 us, Queueing time: mean = 0.000 s, max = -0.000 s, min = 9223372036.855 s, total = 0.000 s
	Publisher.CheckDeadSubscribers - 1 total (1 active), Execution time: mean = 0.000 s, total = 0.000 s, Queueing time: mean = 0.000 s, max = -0.000 s, min = 9223372036.855 s, total = 0.000 s
	ray::rpc::InternalPubSubGcsService.grpc_client.GcsSubscriberCommandBatch - 1 total (0 active), Execution time: mean = 675.600 us, total = 675.600 us, Queueing time: mean = 0.000 s, max = -0.000 s, min = 9223372036.855 s, total = 0.000 s
	ray::rpc::InternalPubSubGcsService.grpc_client.GcsSubscriberCommandBatch.OnReplyReceived - 1 total (0 active), Execution time: mean = 175.200 us, total = 175.200 us, Queueing time: mean = 142.800 us, max = 142.800 us, min = 142.800 us, total = 142.800 us
	ray::rpc::NodeInfoGcsService.grpc_client.GetAllNodeInfo.OnReplyReceived - 1 total (0 active), Execution time: mean = 128.000 us, total = 128.000 us, Queueing time: mean = 32.400 us, max = 32.400 us, min = 32.400 us, total = 32.400 us
	ray::rpc::NodeInfoGcsService.grpc_client.GetAllNodeInfo - 1 total (0 active), Execution time: mean = 506.300 us, total = 506.300 us, Queueing time: mean = 0.000 s, max = -0.000 s, min = 9223372036.855 s, total = 0.000 s
	ray::rpc::WorkerInfoGcsService.grpc_client.AddWorkerInfo.OnReplyReceived - 1 total (0 active), Execution time: mean = 36.600 us, total = 36.600 us, Queueing time: mean = 36.500 us, max = 36.500 us, min = 36.500 us, total = 36.500 us
	ray::rpc::InternalPubSubGcsService.grpc_client.GcsSubscriberPoll - 1 total (1 active), Execution time: mean = 0.000 s, total = 0.000 s, Queueing time: mean = 0.000 s, max = -0.000 s, min = 9223372036.855 s, total = 0.000 s

-----------------
Task execution event stats:

Global stats: 0 total (0 active)
Queueing time: mean = -nan(ind) s, max = -0.000 s, min = 9223372036.855 s, total = 0.000 s
Execution time:  mean = -nan(ind) s, total = 0.000 s
Event stats:

-----------------
Task Event stats:

IO Service Stats:

Global stats: 4 total (1 active)
Queueing time: mean = 15.275 us, max = 33.700 us, min = 27.400 us, total = 61.100 us
Execution time:  mean = 258.325 us, total = 1.033 ms
Event stats:
	PeriodicalRunner.RunFnPeriodically - 1 total (0 active), Execution time: mean = 228.600 us, total = 228.600 us, Queueing time: mean = 33.700 us, max = 33.700 us, min = 33.700 us, total = 33.700 us
	CoreWorker.deadline_timer.flush_task_events - 1 total (1 active), Execution time: mean = 0.000 s, total = 0.000 s, Queueing time: mean = 0.000 s, max = -0.000 s, min = 9223372036.855 s, total = 0.000 s
	ray::rpc::TaskInfoGcsService.grpc_client.AddTaskEventData - 1 total (0 active), Execution time: mean = 780.800 us, total = 780.800 us, Queueing time: mean = 0.000 s, max = -0.000 s, min = 9223372036.855 s, total = 0.000 s
	ray::rpc::TaskInfoGcsService.grpc_client.AddTaskEventData.OnReplyReceived - 1 total (0 active), Execution time: mean = 23.900 us, total = 23.900 us, Queueing time: mean = 27.400 us, max = 27.400 us, min = 27.400 us, total = 27.400 us
Other Stats:
	grpc_in_progress:0
	current number of task status events in buffer: 0
	current number of profile events in buffer: 0
	current number of dropped task attempts tracked: 0
	total task events sent: 0 MiB
	total number of task attempts sent: 0
	total number of task attempts dropped reported: 0
	total number of sent failure: 0
	num status task events dropped: 0
	num profile task events dropped: 0


[2025-10-16 23:11:15,072 I 52728 57548] event.cc:500: Ray Event initialized for CORE_WORKER
[2025-10-16 23:11:15,072 I 52728 57548] event.cc:500: Ray Event initialized for EXPORT_TASK
[2025-10-16 23:11:15,072 I 52728 57548] event.cc:331: Set ray event level to warning
[2025-10-16 23:11:16,222 I 52728 72804] core_worker.cc:1171: Exit signal received, this process will exit after all outstanding tasks have finished, exit_type=INTENDED_SYSTEM_EXIT, detail=Worker exits because it was idle (it doesn't have objects it owns while no task or actor has been scheduled) for a long time.
[2025-10-16 23:11:16,224 I 52728 57548] core_worker.cc:1102: Sending disconnect message to the local raylet.
[2025-10-16 23:11:16,224 I 52728 57548] raylet_client.cc:73: RayletClient::Disconnect, exit_type=INTENDED_SYSTEM_EXIT, exit_detail=Worker exits because it was idle (it doesn't have objects it owns while no task or actor has been scheduled) for a long time., has creation_task_exception_pb_bytes=0
[2025-10-16 23:11:16,224 I 52728 57548] core_worker.cc:1108: Disconnected from the local raylet.
[2025-10-16 23:11:16,224 I 52728 57548] core_worker.cc:1017: Shutting down a core worker.
[2025-10-16 23:11:16,224 I 52728 57548] task_event_buffer.cc:292: Shutting down TaskEventBuffer.
[2025-10-16 23:11:16,224 I 52728 76336] task_event_buffer.cc:260: Task event buffer io service stopped.
[2025-10-16 23:11:16,224 I 52728 57548] core_worker.cc:1039: Waiting for joining a core worker io thread. If it hangs here, there might be deadlock or a high load in the core worker io service.
[2025-10-16 23:11:16,224 I 52728 72804] core_worker.cc:1275: Core worker main io service stopped.
[2025-10-16 23:11:16,225 I 52728 57548] core_worker.cc:1051: Disconnecting a GCS client.
[2025-10-16 23:11:16,225 I 52728 57548] core_worker.cc:1058: Core worker ready to be deallocated.
[2025-10-16 23:11:16,225 I 52728 57548] core_worker_process.cc:330: Task execution loop terminated. Removing the global worker.
[2025-10-16 23:11:16,225 I 52728 57548] core_worker.cc:1008: Core worker is destructed
[2025-10-16 23:11:16,225 I 52728 57548] task_event_buffer.cc:292: Shutting down TaskEventBuffer.
[2025-10-16 23:11:16,480 I 52728 57548] core_worker_process.cc:232: Destructing CoreWorkerProcessImpl. pid: 52728
[2025-10-16 23:11:16,480 I 52728 57548] io_service_pool.cc:47: IOServicePool is stopped.
[2025-10-16 23:11:16,897 I 52728 57548] stats.h:120: Stats module has shutdown.
[2025-10-16 23:11:16,917 W 52728 57548] core_worker_process.cc:246: The core worker process is not initialized yet or already shutdown.
