[2025-10-16 23:11:14,613 I 78832 10668] core_worker_process.cc:187: Constructing CoreWorkerProcess. pid: 78832
[2025-10-16 23:11:14,618 I 78832 10668] io_service_pool.cc:35: IOServicePool is running with 1 io_service.
[2025-10-16 23:11:14,626 I 78832 10668] grpc_server.cc:137: worker server started, listening on port 65410.
[2025-10-16 23:11:14,627 I 78832 10668] core_worker.cc:526: Initializing worker at address: 127.0.0.1:65410 worker_id=5eb0c301803b02a144f655bd48287ad6ae5a75df8743231917bea330 node_id=67b6ad1ca744a0ca62827ff69c6fe61d7e230d326f2752e02638edda
[2025-10-16 23:11:14,629 I 78832 10668] task_event_buffer.cc:281: Reporting task events to GCS every 1000ms.
[2025-10-16 23:11:14,636 I 78832 81140] core_worker.cc:914: Event stats:


Global stats: 11 total (5 active)
Queueing time: mean = 1.636 ms, max = 9.761 ms, min = 2.139 ms, total = 17.995 ms
Execution time:  mean = 357.400 us, total = 3.931 ms
Event stats:
	PeriodicalRunner.RunFnPeriodically - 3 total (1 active, 1 running), Execution time: mean = 12.933 us, total = 38.800 us, Queueing time: mean = 4.306 ms, max = 9.761 ms, min = 3.158 ms, total = 12.919 ms
	ray::rpc::NodeInfoGcsService.grpc_client.GetAllNodeInfo - 1 total (1 active), Execution time: mean = 0.000 s, total = 0.000 s, Queueing time: mean = 0.000 s, max = -0.000 s, min = 9223372036.855 s, total = 0.000 s
	ray::rpc::InternalPubSubGcsService.grpc_client.GcsSubscriberCommandBatch - 1 total (0 active), Execution time: mean = 1.077 ms, total = 1.077 ms, Queueing time: mean = 0.000 s, max = -0.000 s, min = 9223372036.855 s, total = 0.000 s
	CoreWorker.ExitIfParentRayletDies - 1 total (1 active), Execution time: mean = 0.000 s, total = 0.000 s, Queueing time: mean = 0.000 s, max = -0.000 s, min = 9223372036.855 s, total = 0.000 s
	ray::rpc::WorkerInfoGcsService.grpc_client.AddWorkerInfo - 1 total (0 active), Execution time: mean = 2.093 ms, total = 2.093 ms, Queueing time: mean = 0.000 s, max = -0.000 s, min = 9223372036.855 s, total = 0.000 s
	ray::rpc::InternalPubSubGcsService.grpc_client.GcsSubscriberCommandBatch.OnReplyReceived - 1 total (0 active), Execution time: mean = 617.500 us, total = 617.500 us, Queueing time: mean = 2.139 ms, max = 2.139 ms, min = 2.139 ms, total = 2.139 ms
	ray::rpc::InternalPubSubGcsService.grpc_client.GcsSubscriberPoll - 1 total (1 active), Execution time: mean = 0.000 s, total = 0.000 s, Queueing time: mean = 0.000 s, max = -0.000 s, min = 9223372036.855 s, total = 0.000 s
	Publisher.CheckDeadSubscribers - 1 total (1 active), Execution time: mean = 0.000 s, total = 0.000 s, Queueing time: mean = 0.000 s, max = -0.000 s, min = 9223372036.855 s, total = 0.000 s
	ray::rpc::WorkerInfoGcsService.grpc_client.AddWorkerInfo.OnReplyReceived - 1 total (0 active), Execution time: mean = 105.000 us, total = 105.000 us, Queueing time: mean = 2.937 ms, max = 2.937 ms, min = 2.937 ms, total = 2.937 ms

-----------------
Task execution event stats:

Global stats: 0 total (0 active)
Queueing time: mean = -nan(ind) s, max = -0.000 s, min = 9223372036.855 s, total = 0.000 s
Execution time:  mean = -nan(ind) s, total = 0.000 s
Event stats:

-----------------
Task Event stats:

IO Service Stats:

Global stats: 4 total (1 active)
Queueing time: mean = 100.275 us, max = 364.900 us, min = 36.200 us, total = 401.100 us
Execution time:  mean = 381.225 us, total = 1.525 ms
Event stats:
	PeriodicalRunner.RunFnPeriodically - 1 total (0 active), Execution time: mean = 474.800 us, total = 474.800 us, Queueing time: mean = 364.900 us, max = 364.900 us, min = 364.900 us, total = 364.900 us
	CoreWorker.deadline_timer.flush_task_events - 1 total (1 active), Execution time: mean = 0.000 s, total = 0.000 s, Queueing time: mean = 0.000 s, max = -0.000 s, min = 9223372036.855 s, total = 0.000 s
	ray::rpc::TaskInfoGcsService.grpc_client.AddTaskEventData - 1 total (0 active), Execution time: mean = 1.024 ms, total = 1.024 ms, Queueing time: mean = 0.000 s, max = -0.000 s, min = 9223372036.855 s, total = 0.000 s
	ray::rpc::TaskInfoGcsService.grpc_client.AddTaskEventData.OnReplyReceived - 1 total (0 active), Execution time: mean = 26.000 us, total = 26.000 us, Queueing time: mean = 36.200 us, max = 36.200 us, min = 36.200 us, total = 36.200 us
Other Stats:
	grpc_in_progress:0
	current number of task status events in buffer: 0
	current number of profile events in buffer: 0
	current number of dropped task attempts tracked: 0
	total task events sent: 0 MiB
	total number of task attempts sent: 0
	total number of task attempts dropped reported: 0
	total number of sent failure: 0
	num status task events dropped: 0
	num profile task events dropped: 0


[2025-10-16 23:11:14,638 I 78832 10668] event.cc:500: Ray Event initialized for CORE_WORKER
[2025-10-16 23:11:14,639 I 78832 81140] accessor.cc:760: Received notification for node, IsAlive = 1 node_id=67b6ad1ca744a0ca62827ff69c6fe61d7e230d326f2752e02638edda
[2025-10-16 23:11:14,639 I 78832 81140] core_worker.cc:5080: Number of alive nodes:1
[2025-10-16 23:11:14,639 I 78832 10668] event.cc:500: Ray Event initialized for EXPORT_TASK
[2025-10-16 23:11:14,639 I 78832 10668] event.cc:331: Set ray event level to warning
[2025-10-16 23:11:26,757 W 78832 72616] metric_exporter.cc:105: [1] Export metrics to agent failed: RpcError: RPC Error message: failed to connect to all addresses; last error: UNAVAILABLE: ipv4:127.0.0.1:59071: Connection refused; RPC Error details: . This won't affect Ray, but you can lose metrics from the cluster.
[2025-10-16 23:11:31,227 W 78832 81140] core_worker.cc:1248: Force exit the process.  Details: Worker force exits because its job has finished
[2025-10-16 23:11:31,240 I 78832 81140] core_worker.cc:1102: Sending disconnect message to the local raylet.
[2025-10-16 23:11:31,240 I 78832 81140] raylet_client.cc:73: RayletClient::Disconnect, exit_type=INTENDED_SYSTEM_EXIT, exit_detail=Worker force exits because its job has finished, has creation_task_exception_pb_bytes=0
[2025-10-16 23:11:31,240 I 78832 81140] core_worker.cc:1108: Disconnected from the local raylet.
