[2025-10-16 23:11:14,891 I 11876 76888] core_worker_process.cc:187: Constructing CoreWorkerProcess. pid: 11876
[2025-10-16 23:11:14,895 I 11876 76888] io_service_pool.cc:35: IOServicePool is running with 1 io_service.
[2025-10-16 23:11:14,921 I 11876 76888] grpc_server.cc:137: worker server started, listening on port 65426.
[2025-10-16 23:11:14,968 I 11876 76888] core_worker.cc:526: Initializing worker at address: 127.0.0.1:65426 worker_id=d9d9ad64eadee29758162bcc0ed7e64478447b3e7b5ff7700a2bf190 node_id=67b6ad1ca744a0ca62827ff69c6fe61d7e230d326f2752e02638edda
[2025-10-16 23:11:14,981 I 11876 76888] task_event_buffer.cc:281: Reporting task events to GCS every 1000ms.
[2025-10-16 23:11:14,984 I 11876 54588] core_worker.cc:914: Event stats:


Global stats: 11 total (5 active)
Queueing time: mean = 132.164 us, max = 578.900 us, min = 150.800 us, total = 1.454 ms
Execution time:  mean = 1.183 ms, total = 13.017 ms
Event stats:
	PeriodicalRunner.RunFnPeriodically - 3 total (1 active, 1 running), Execution time: mean = 11.733 us, total = 35.200 us, Queueing time: mean = 168.400 us, max = 354.400 us, min = 150.800 us, total = 505.200 us
	ray::rpc::NodeInfoGcsService.grpc_client.GetAllNodeInfo - 1 total (1 active), Execution time: mean = 0.000 s, total = 0.000 s, Queueing time: mean = 0.000 s, max = -0.000 s, min = 9223372036.855 s, total = 0.000 s
	ray::rpc::WorkerInfoGcsService.grpc_client.AddWorkerInfo.OnReplyReceived - 1 total (0 active), Execution time: mean = 51.200 us, total = 51.200 us, Queueing time: mean = 369.700 us, max = 369.700 us, min = 369.700 us, total = 369.700 us
	ray::rpc::InternalPubSubGcsService.grpc_client.GcsSubscriberPoll - 1 total (1 active), Execution time: mean = 0.000 s, total = 0.000 s, Queueing time: mean = 0.000 s, max = -0.000 s, min = 9223372036.855 s, total = 0.000 s
	ray::rpc::WorkerInfoGcsService.grpc_client.AddWorkerInfo - 1 total (0 active), Execution time: mean = 11.712 ms, total = 11.712 ms, Queueing time: mean = 0.000 s, max = -0.000 s, min = 9223372036.855 s, total = 0.000 s
	CoreWorker.ExitIfParentRayletDies - 1 total (1 active), Execution time: mean = 0.000 s, total = 0.000 s, Queueing time: mean = 0.000 s, max = -0.000 s, min = 9223372036.855 s, total = 0.000 s
	Publisher.CheckDeadSubscribers - 1 total (1 active), Execution time: mean = 0.000 s, total = 0.000 s, Queueing time: mean = 0.000 s, max = -0.000 s, min = 9223372036.855 s, total = 0.000 s
	ray::rpc::InternalPubSubGcsService.grpc_client.GcsSubscriberCommandBatch.OnReplyReceived - 1 total (0 active), Execution time: mean = 346.000 us, total = 346.000 us, Queueing time: mean = 578.900 us, max = 578.900 us, min = 578.900 us, total = 578.900 us
	ray::rpc::InternalPubSubGcsService.grpc_client.GcsSubscriberCommandBatch - 1 total (0 active), Execution time: mean = 872.900 us, total = 872.900 us, Queueing time: mean = 0.000 s, max = -0.000 s, min = 9223372036.855 s, total = 0.000 s

-----------------
Task execution event stats:

Global stats: 0 total (0 active)
Queueing time: mean = -nan(ind) s, max = -0.000 s, min = 9223372036.855 s, total = 0.000 s
Execution time:  mean = -nan(ind) s, total = 0.000 s
Event stats:

-----------------
Task Event stats:

IO Service Stats:

Global stats: 4 total (1 active)
Queueing time: mean = 16.950 us, max = 34.000 us, min = 33.800 us, total = 67.800 us
Execution time:  mean = 305.725 us, total = 1.223 ms
Event stats:
	PeriodicalRunner.RunFnPeriodically - 1 total (0 active), Execution time: mean = 323.200 us, total = 323.200 us, Queueing time: mean = 33.800 us, max = 33.800 us, min = 33.800 us, total = 33.800 us
	ray::rpc::TaskInfoGcsService.grpc_client.AddTaskEventData - 1 total (0 active), Execution time: mean = 871.000 us, total = 871.000 us, Queueing time: mean = 0.000 s, max = -0.000 s, min = 9223372036.855 s, total = 0.000 s
	CoreWorker.deadline_timer.flush_task_events - 1 total (1 active), Execution time: mean = 0.000 s, total = 0.000 s, Queueing time: mean = 0.000 s, max = -0.000 s, min = 9223372036.855 s, total = 0.000 s
	ray::rpc::TaskInfoGcsService.grpc_client.AddTaskEventData.OnReplyReceived - 1 total (0 active), Execution time: mean = 28.700 us, total = 28.700 us, Queueing time: mean = 34.000 us, max = 34.000 us, min = 34.000 us, total = 34.000 us
Other Stats:
	grpc_in_progress:0
	current number of task status events in buffer: 0
	current number of profile events in buffer: 0
	current number of dropped task attempts tracked: 0
	total task events sent: 0 MiB
	total number of task attempts sent: 0
	total number of task attempts dropped reported: 0
	total number of sent failure: 0
	num status task events dropped: 0
	num profile task events dropped: 0


[2025-10-16 23:11:14,985 I 11876 54588] accessor.cc:760: Received notification for node, IsAlive = 1 node_id=67b6ad1ca744a0ca62827ff69c6fe61d7e230d326f2752e02638edda
[2025-10-16 23:11:14,985 I 11876 54588] core_worker.cc:5080: Number of alive nodes:1
[2025-10-16 23:11:14,988 I 11876 76888] event.cc:500: Ray Event initialized for CORE_WORKER
[2025-10-16 23:11:14,989 I 11876 76888] event.cc:500: Ray Event initialized for EXPORT_TASK
[2025-10-16 23:11:14,989 I 11876 76888] event.cc:331: Set ray event level to warning
[2025-10-16 23:11:16,004 I 11876 54588] core_worker.cc:1171: Exit signal received, this process will exit after all outstanding tasks have finished, exit_type=INTENDED_SYSTEM_EXIT, detail=Worker exits because it was idle (it doesn't have objects it owns while no task or actor has been scheduled) for a long time.
[2025-10-16 23:11:16,005 I 11876 76888] core_worker.cc:1102: Sending disconnect message to the local raylet.
[2025-10-16 23:11:16,005 I 11876 76888] raylet_client.cc:73: RayletClient::Disconnect, exit_type=INTENDED_SYSTEM_EXIT, exit_detail=Worker exits because it was idle (it doesn't have objects it owns while no task or actor has been scheduled) for a long time., has creation_task_exception_pb_bytes=0
[2025-10-16 23:11:16,006 I 11876 76888] core_worker.cc:1108: Disconnected from the local raylet.
[2025-10-16 23:11:16,006 I 11876 76888] core_worker.cc:1017: Shutting down a core worker.
[2025-10-16 23:11:16,006 I 11876 76888] task_event_buffer.cc:292: Shutting down TaskEventBuffer.
[2025-10-16 23:11:16,006 I 11876 76660] task_event_buffer.cc:260: Task event buffer io service stopped.
[2025-10-16 23:11:16,006 I 11876 76888] core_worker.cc:1039: Waiting for joining a core worker io thread. If it hangs here, there might be deadlock or a high load in the core worker io service.
[2025-10-16 23:11:16,006 I 11876 54588] core_worker.cc:1275: Core worker main io service stopped.
[2025-10-16 23:11:16,032 I 11876 76888] core_worker.cc:1051: Disconnecting a GCS client.
[2025-10-16 23:11:16,033 I 11876 76888] core_worker.cc:1058: Core worker ready to be deallocated.
[2025-10-16 23:11:16,033 I 11876 76888] core_worker_process.cc:330: Task execution loop terminated. Removing the global worker.
[2025-10-16 23:11:16,033 I 11876 76888] core_worker.cc:1008: Core worker is destructed
[2025-10-16 23:11:16,033 I 11876 76888] task_event_buffer.cc:292: Shutting down TaskEventBuffer.
[2025-10-16 23:11:16,033 I 11876 76888] core_worker_process.cc:232: Destructing CoreWorkerProcessImpl. pid: 11876
[2025-10-16 23:11:16,034 I 11876 76888] io_service_pool.cc:47: IOServicePool is stopped.
[2025-10-16 23:11:16,201 I 11876 76888] stats.h:120: Stats module has shutdown.
[2025-10-16 23:11:16,226 W 11876 76888] core_worker_process.cc:246: The core worker process is not initialized yet or already shutdown.
