[2025-10-16 23:11:14,642 I 81132 49160] core_worker_process.cc:187: Constructing CoreWorkerProcess. pid: 81132
[2025-10-16 23:11:14,647 I 81132 49160] io_service_pool.cc:35: IOServicePool is running with 1 io_service.
[2025-10-16 23:11:14,656 I 81132 49160] grpc_server.cc:137: worker server started, listening on port 65415.
[2025-10-16 23:11:14,658 I 81132 49160] core_worker.cc:526: Initializing worker at address: 127.0.0.1:65415 worker_id=d65a89b883ad67a64fc2aed2e8055f8967d2e43d851e340932d24865 node_id=67b6ad1ca744a0ca62827ff69c6fe61d7e230d326f2752e02638edda
[2025-10-16 23:11:14,660 I 81132 49160] task_event_buffer.cc:281: Reporting task events to GCS every 1000ms.
[2025-10-16 23:11:14,664 I 81132 48684] core_worker.cc:914: Event stats:


Global stats: 11 total (6 active)
Queueing time: mean = 1.254 ms, max = 9.322 ms, min = 1.788 ms, total = 13.794 ms
Execution time:  mean = 447.091 us, total = 4.918 ms
Event stats:
	PeriodicalRunner.RunFnPeriodically - 3 total (1 active, 1 running), Execution time: mean = 11.200 us, total = 33.600 us, Queueing time: mean = 4.002 ms, max = 9.322 ms, min = 2.683 ms, total = 12.005 ms
	ray::rpc::NodeInfoGcsService.grpc_client.GetAllNodeInfo - 1 total (1 active), Execution time: mean = 0.000 s, total = 0.000 s, Queueing time: mean = 0.000 s, max = -0.000 s, min = 9223372036.855 s, total = 0.000 s
	ray::rpc::InternalPubSubGcsService.grpc_client.GcsSubscriberCommandBatch - 1 total (0 active), Execution time: mean = 845.200 us, total = 845.200 us, Queueing time: mean = 0.000 s, max = -0.000 s, min = 9223372036.855 s, total = 0.000 s
	CoreWorker.ExitIfParentRayletDies - 1 total (1 active), Execution time: mean = 0.000 s, total = 0.000 s, Queueing time: mean = 0.000 s, max = -0.000 s, min = 9223372036.855 s, total = 0.000 s
	ray::rpc::WorkerInfoGcsService.grpc_client.AddWorkerInfo - 1 total (0 active), Execution time: mean = 3.672 ms, total = 3.672 ms, Queueing time: mean = 0.000 s, max = -0.000 s, min = 9223372036.855 s, total = 0.000 s
	ray::rpc::InternalPubSubGcsService.grpc_client.GcsSubscriberCommandBatch.OnReplyReceived - 1 total (0 active), Execution time: mean = 367.000 us, total = 367.000 us, Queueing time: mean = 1.788 ms, max = 1.788 ms, min = 1.788 ms, total = 1.788 ms
	ray::rpc::InternalPubSubGcsService.grpc_client.GcsSubscriberPoll - 1 total (1 active), Execution time: mean = 0.000 s, total = 0.000 s, Queueing time: mean = 0.000 s, max = -0.000 s, min = 9223372036.855 s, total = 0.000 s
	Publisher.CheckDeadSubscribers - 1 total (1 active), Execution time: mean = 0.000 s, total = 0.000 s, Queueing time: mean = 0.000 s, max = -0.000 s, min = 9223372036.855 s, total = 0.000 s
	ray::rpc::WorkerInfoGcsService.grpc_client.AddWorkerInfo.OnReplyReceived - 1 total (1 active), Execution time: mean = 0.000 s, total = 0.000 s, Queueing time: mean = 0.000 s, max = -0.000 s, min = 9223372036.855 s, total = 0.000 s

-----------------
Task execution event stats:

Global stats: 0 total (0 active)
Queueing time: mean = -nan(ind) s, max = -0.000 s, min = 9223372036.855 s, total = 0.000 s
Execution time:  mean = -nan(ind) s, total = 0.000 s
Event stats:

-----------------
Task Event stats:

IO Service Stats:

Global stats: 4 total (1 active)
Queueing time: mean = 30.350 us, max = 94.900 us, min = 26.500 us, total = 121.400 us
Execution time:  mean = 344.325 us, total = 1.377 ms
Event stats:
	PeriodicalRunner.RunFnPeriodically - 1 total (0 active), Execution time: mean = 426.300 us, total = 426.300 us, Queueing time: mean = 26.500 us, max = 26.500 us, min = 26.500 us, total = 26.500 us
	CoreWorker.deadline_timer.flush_task_events - 1 total (1 active), Execution time: mean = 0.000 s, total = 0.000 s, Queueing time: mean = 0.000 s, max = -0.000 s, min = 9223372036.855 s, total = 0.000 s
	ray::rpc::TaskInfoGcsService.grpc_client.AddTaskEventData - 1 total (0 active), Execution time: mean = 925.900 us, total = 925.900 us, Queueing time: mean = 0.000 s, max = -0.000 s, min = 9223372036.855 s, total = 0.000 s
	ray::rpc::TaskInfoGcsService.grpc_client.AddTaskEventData.OnReplyReceived - 1 total (0 active), Execution time: mean = 25.100 us, total = 25.100 us, Queueing time: mean = 94.900 us, max = 94.900 us, min = 94.900 us, total = 94.900 us
Other Stats:
	grpc_in_progress:0
	current number of task status events in buffer: 0
	current number of profile events in buffer: 0
	current number of dropped task attempts tracked: 0
	total task events sent: 0 MiB
	total number of task attempts sent: 0
	total number of task attempts dropped reported: 0
	total number of sent failure: 0
	num status task events dropped: 0
	num profile task events dropped: 0


[2025-10-16 23:11:14,667 I 81132 49160] event.cc:500: Ray Event initialized for CORE_WORKER
[2025-10-16 23:11:14,667 I 81132 49160] event.cc:500: Ray Event initialized for EXPORT_TASK
[2025-10-16 23:11:14,667 I 81132 49160] event.cc:331: Set ray event level to warning
[2025-10-16 23:11:14,670 I 81132 48684] accessor.cc:760: Received notification for node, IsAlive = 1 node_id=67b6ad1ca744a0ca62827ff69c6fe61d7e230d326f2752e02638edda
[2025-10-16 23:11:14,670 I 81132 48684] core_worker.cc:5080: Number of alive nodes:1
[2025-10-16 23:11:15,802 I 81132 48684] core_worker.cc:1171: Exit signal received, this process will exit after all outstanding tasks have finished, exit_type=INTENDED_SYSTEM_EXIT, detail=Worker exits because it was idle (it doesn't have objects it owns while no task or actor has been scheduled) for a long time.
[2025-10-16 23:11:15,804 I 81132 49160] core_worker.cc:1102: Sending disconnect message to the local raylet.
[2025-10-16 23:11:15,804 I 81132 49160] raylet_client.cc:73: RayletClient::Disconnect, exit_type=INTENDED_SYSTEM_EXIT, exit_detail=Worker exits because it was idle (it doesn't have objects it owns while no task or actor has been scheduled) for a long time., has creation_task_exception_pb_bytes=0
[2025-10-16 23:11:15,804 I 81132 49160] core_worker.cc:1108: Disconnected from the local raylet.
[2025-10-16 23:11:15,804 I 81132 49160] core_worker.cc:1017: Shutting down a core worker.
[2025-10-16 23:11:15,804 I 81132 49160] task_event_buffer.cc:292: Shutting down TaskEventBuffer.
[2025-10-16 23:11:15,804 I 81132 22628] task_event_buffer.cc:260: Task event buffer io service stopped.
[2025-10-16 23:11:15,804 I 81132 49160] core_worker.cc:1039: Waiting for joining a core worker io thread. If it hangs here, there might be deadlock or a high load in the core worker io service.
[2025-10-16 23:11:15,804 I 81132 48684] core_worker.cc:1275: Core worker main io service stopped.
[2025-10-16 23:11:15,806 I 81132 49160] core_worker.cc:1051: Disconnecting a GCS client.
[2025-10-16 23:11:15,806 I 81132 49160] core_worker.cc:1058: Core worker ready to be deallocated.
[2025-10-16 23:11:15,806 I 81132 49160] core_worker_process.cc:330: Task execution loop terminated. Removing the global worker.
[2025-10-16 23:11:15,806 I 81132 49160] core_worker.cc:1008: Core worker is destructed
[2025-10-16 23:11:15,806 I 81132 49160] task_event_buffer.cc:292: Shutting down TaskEventBuffer.
[2025-10-16 23:11:15,807 I 81132 49160] core_worker_process.cc:232: Destructing CoreWorkerProcessImpl. pid: 81132
[2025-10-16 23:11:15,807 I 81132 49160] io_service_pool.cc:47: IOServicePool is stopped.
[2025-10-16 23:11:15,956 I 81132 49160] stats.h:120: Stats module has shutdown.
[2025-10-16 23:11:15,975 W 81132 49160] core_worker_process.cc:246: The core worker process is not initialized yet or already shutdown.
