[2025-10-16 23:11:15,300 I 17684 73556] core_worker_process.cc:187: Constructing CoreWorkerProcess. pid: 17684
[2025-10-16 23:11:15,302 I 17684 73556] io_service_pool.cc:35: IOServicePool is running with 1 io_service.
[2025-10-16 23:11:15,304 I 17684 73556] grpc_server.cc:137: worker server started, listening on port 65526.
[2025-10-16 23:11:15,305 I 17684 73556] core_worker.cc:526: Initializing worker at address: 127.0.0.1:65526 worker_id=4bc5220226835fb63c3bf1cdf1af267e2b6a0ca24cd84654a90a7b99 node_id=67b6ad1ca744a0ca62827ff69c6fe61d7e230d326f2752e02638edda
[2025-10-16 23:11:15,306 I 17684 73556] task_event_buffer.cc:281: Reporting task events to GCS every 1000ms.
[2025-10-16 23:11:15,307 I 17684 15492] accessor.cc:760: Received notification for node, IsAlive = 1 node_id=67b6ad1ca744a0ca62827ff69c6fe61d7e230d326f2752e02638edda
[2025-10-16 23:11:15,307 I 17684 15492] core_worker.cc:5080: Number of alive nodes:1
[2025-10-16 23:11:15,308 I 17684 15492] core_worker.cc:914: Event stats:


Global stats: 12 total (4 active)
Queueing time: mean = 25.858 us, max = 154.300 us, min = 10.500 us, total = 310.300 us
Execution time:  mean = 119.675 us, total = 1.436 ms
Event stats:
	PeriodicalRunner.RunFnPeriodically - 3 total (1 active, 1 running), Execution time: mean = 7.000 us, total = 21.000 us, Queueing time: mean = 54.933 us, max = 154.300 us, min = 10.500 us, total = 164.800 us
	CoreWorker.ExitIfParentRayletDies - 1 total (1 active), Execution time: mean = 0.000 s, total = 0.000 s, Queueing time: mean = 0.000 s, max = -0.000 s, min = 9223372036.855 s, total = 0.000 s
	Publisher.CheckDeadSubscribers - 1 total (1 active), Execution time: mean = 0.000 s, total = 0.000 s, Queueing time: mean = 0.000 s, max = -0.000 s, min = 9223372036.855 s, total = 0.000 s
	ray::rpc::WorkerInfoGcsService.grpc_client.AddWorkerInfo - 1 total (0 active), Execution time: mean = 415.000 us, total = 415.000 us, Queueing time: mean = 0.000 s, max = -0.000 s, min = 9223372036.855 s, total = 0.000 s
	ray::rpc::InternalPubSubGcsService.grpc_client.GcsSubscriberCommandBatch - 1 total (0 active), Execution time: mean = 385.900 us, total = 385.900 us, Queueing time: mean = 0.000 s, max = -0.000 s, min = 9223372036.855 s, total = 0.000 s
	ray::rpc::InternalPubSubGcsService.grpc_client.GcsSubscriberCommandBatch.OnReplyReceived - 1 total (0 active), Execution time: mean = 117.400 us, total = 117.400 us, Queueing time: mean = 81.000 us, max = 81.000 us, min = 81.000 us, total = 81.000 us
	ray::rpc::WorkerInfoGcsService.grpc_client.AddWorkerInfo.OnReplyReceived - 1 total (0 active), Execution time: mean = 42.500 us, total = 42.500 us, Queueing time: mean = 30.500 us, max = 30.500 us, min = 30.500 us, total = 30.500 us
	ray::rpc::NodeInfoGcsService.grpc_client.GetAllNodeInfo.OnReplyReceived - 1 total (0 active), Execution time: mean = 63.800 us, total = 63.800 us, Queueing time: mean = 34.000 us, max = 34.000 us, min = 34.000 us, total = 34.000 us
	ray::rpc::NodeInfoGcsService.grpc_client.GetAllNodeInfo - 1 total (0 active), Execution time: mean = 390.500 us, total = 390.500 us, Queueing time: mean = 0.000 s, max = -0.000 s, min = 9223372036.855 s, total = 0.000 s
	ray::rpc::InternalPubSubGcsService.grpc_client.GcsSubscriberPoll - 1 total (1 active), Execution time: mean = 0.000 s, total = 0.000 s, Queueing time: mean = 0.000 s, max = -0.000 s, min = 9223372036.855 s, total = 0.000 s

-----------------
Task execution event stats:

Global stats: 0 total (0 active)
Queueing time: mean = -nan(ind) s, max = -0.000 s, min = 9223372036.855 s, total = 0.000 s
Execution time:  mean = -nan(ind) s, total = 0.000 s
Event stats:

-----------------
Task Event stats:

IO Service Stats:

Global stats: 4 total (1 active)
Queueing time: mean = 7.500 us, max = 15.200 us, min = 14.800 us, total = 30.000 us
Execution time:  mean = 128.000 us, total = 512.000 us
Event stats:
	PeriodicalRunner.RunFnPeriodically - 1 total (0 active), Execution time: mean = 121.400 us, total = 121.400 us, Queueing time: mean = 15.200 us, max = 15.200 us, min = 15.200 us, total = 15.200 us
	ray::rpc::TaskInfoGcsService.grpc_client.AddTaskEventData - 1 total (0 active), Execution time: mean = 372.400 us, total = 372.400 us, Queueing time: mean = 0.000 s, max = -0.000 s, min = 9223372036.855 s, total = 0.000 s
	CoreWorker.deadline_timer.flush_task_events - 1 total (1 active), Execution time: mean = 0.000 s, total = 0.000 s, Queueing time: mean = 0.000 s, max = -0.000 s, min = 9223372036.855 s, total = 0.000 s
	ray::rpc::TaskInfoGcsService.grpc_client.AddTaskEventData.OnReplyReceived - 1 total (0 active), Execution time: mean = 18.200 us, total = 18.200 us, Queueing time: mean = 14.800 us, max = 14.800 us, min = 14.800 us, total = 14.800 us
Other Stats:
	grpc_in_progress:0
	current number of task status events in buffer: 0
	current number of profile events in buffer: 0
	current number of dropped task attempts tracked: 0
	total task events sent: 0 MiB
	total number of task attempts sent: 0
	total number of task attempts dropped reported: 0
	total number of sent failure: 0
	num status task events dropped: 0
	num profile task events dropped: 0


[2025-10-16 23:11:15,309 I 17684 73556] event.cc:500: Ray Event initialized for CORE_WORKER
[2025-10-16 23:11:15,310 I 17684 73556] event.cc:500: Ray Event initialized for EXPORT_TASK
[2025-10-16 23:11:15,310 I 17684 73556] event.cc:331: Set ray event level to warning
[2025-10-16 23:11:16,437 I 17684 15492] core_worker.cc:1171: Exit signal received, this process will exit after all outstanding tasks have finished, exit_type=INTENDED_SYSTEM_EXIT, detail=Worker exits because it was idle (it doesn't have objects it owns while no task or actor has been scheduled) for a long time.
[2025-10-16 23:11:16,438 I 17684 73556] core_worker.cc:1102: Sending disconnect message to the local raylet.
[2025-10-16 23:11:16,438 I 17684 73556] raylet_client.cc:73: RayletClient::Disconnect, exit_type=INTENDED_SYSTEM_EXIT, exit_detail=Worker exits because it was idle (it doesn't have objects it owns while no task or actor has been scheduled) for a long time., has creation_task_exception_pb_bytes=0
[2025-10-16 23:11:16,442 I 17684 73556] core_worker.cc:1108: Disconnected from the local raylet.
[2025-10-16 23:11:16,442 I 17684 73556] core_worker.cc:1017: Shutting down a core worker.
[2025-10-16 23:11:16,442 I 17684 73556] task_event_buffer.cc:292: Shutting down TaskEventBuffer.
[2025-10-16 23:11:16,442 I 17684 48444] task_event_buffer.cc:260: Task event buffer io service stopped.
[2025-10-16 23:11:16,442 I 17684 73556] core_worker.cc:1039: Waiting for joining a core worker io thread. If it hangs here, there might be deadlock or a high load in the core worker io service.
[2025-10-16 23:11:16,442 I 17684 15492] core_worker.cc:1275: Core worker main io service stopped.
[2025-10-16 23:11:16,444 I 17684 73556] core_worker.cc:1051: Disconnecting a GCS client.
[2025-10-16 23:11:16,444 I 17684 73556] core_worker.cc:1058: Core worker ready to be deallocated.
[2025-10-16 23:11:16,444 I 17684 73556] core_worker_process.cc:330: Task execution loop terminated. Removing the global worker.
[2025-10-16 23:11:16,444 I 17684 73556] core_worker.cc:1008: Core worker is destructed
[2025-10-16 23:11:16,444 I 17684 73556] task_event_buffer.cc:292: Shutting down TaskEventBuffer.
[2025-10-16 23:11:16,697 I 17684 73556] core_worker_process.cc:232: Destructing CoreWorkerProcessImpl. pid: 17684
[2025-10-16 23:11:16,697 I 17684 73556] io_service_pool.cc:47: IOServicePool is stopped.
[2025-10-16 23:11:16,882 I 17684 73556] stats.h:120: Stats module has shutdown.
[2025-10-16 23:11:16,903 W 17684 73556] core_worker_process.cc:246: The core worker process is not initialized yet or already shutdown.
