[2025-10-16 23:11:12,293 I 80032 63472] (raylet.exe) main.cc:219: Setting cluster ID to: 1c8c9fa16ff18c4ac62de9d91cc3d4ef59806a9f73fd2018245a2a60
[2025-10-16 23:11:12,297 I 80032 63472] (raylet.exe) main.cc:492: Raylet is not set to kill unknown children.
[2025-10-16 23:11:12,298 I 80032 63472] (raylet.exe) io_service_pool.cc:35: IOServicePool is running with 1 io_service.
[2025-10-16 23:11:12,298 I 80032 63472] (raylet.exe) main.cc:492: Setting node ID node_id=67b6ad1ca744a0ca62827ff69c6fe61d7e230d326f2752e02638edda
[2025-10-16 23:11:12,298 I 80032 63472] (raylet.exe) store_runner.cc:51: Allowing the Plasma store to use up to 0.910419GB of memory.
[2025-10-16 23:11:12,298 I 80032 63472] (raylet.exe) store_runner.cc:67: Starting object store with directory C:\Users\Smoluanu\AppData\Local\Temp, fallback D:\Code\dynamic_class/ray_tmp/, and huge page support disabled
[2025-10-16 23:11:12,299 I 80032 31136] (raylet.exe) store.cc:583: Plasma store debug dump: 
Current usage: 0 / 0.910419 GB
- num bytes created total: 0
0 pending objects of total size 0MB
- objects spillable: 0
- bytes spillable: 0
- objects unsealed: 0
- bytes unsealed: 0
- objects in use: 0
- bytes in use: 0
- objects evictable: 0
- bytes evictable: 0

- objects created by worker: 0
- bytes created by worker: 0
- objects restored: 0
- bytes restored: 0
- objects received: 0
- bytes received: 0
- objects errored: 0
- bytes errored: 0

[2025-10-16 23:11:12,314 I 80032 63472] (raylet.exe) grpc_server.cc:137: ObjectManager server started, listening on port 58379.
[2025-10-16 23:11:12,315 I 80032 63472] (raylet.exe) worker_killing_policy.cc:101: Running GroupByOwner policy.
[2025-10-16 23:11:12,315 W 80032 63472] (raylet.exe) memory_monitor.cc:68: Not running MemoryMonitor. It is currently supported only on Linux.
[2025-10-16 23:11:12,315 I 80032 63472] (raylet.exe) node_manager.cc:298: Initializing NodeManager node_id=67b6ad1ca744a0ca62827ff69c6fe61d7e230d326f2752e02638edda
[2025-10-16 23:11:12,316 I 80032 63472] (raylet.exe) grpc_server.cc:137: NodeManager server started, listening on port 58381.
[2025-10-16 23:11:12,321 I 80032 45836] (raylet.exe) agent_manager.cc:78: Monitor agent process with name dashboard_agent/15724
[2025-10-16 23:11:12,324 I 80032 8880] (raylet.exe) agent_manager.cc:78: Monitor agent process with name runtime_env_agent
[2025-10-16 23:11:12,327 I 80032 63472] (raylet.exe) event.cc:500: Ray Event initialized for RAYLET
[2025-10-16 23:11:12,327 I 80032 63472] (raylet.exe) event.cc:331: Set ray event level to warning
[2025-10-16 23:11:12,328 I 80032 63472] (raylet.exe) raylet.cc:134: Raylet of id, 67b6ad1ca744a0ca62827ff69c6fe61d7e230d326f2752e02638edda started. Raylet consists of node_manager and object_manager. node_manager address: 127.0.0.1:58381 object_manager address: 127.0.0.1:58379 hostname: LAPTOP-O8RA8S5A
[2025-10-16 23:11:12,331 I 80032 63472] (raylet.exe) node_manager.cc:540: [state-dump] NodeManager:
[state-dump] Node ID: 67b6ad1ca744a0ca62827ff69c6fe61d7e230d326f2752e02638edda
[state-dump] Node name: 127.0.0.1
[state-dump] InitialConfigResources: {object_store_memory: 9.10419e+08, node:127.0.0.1: 1, CPU: 18, memory: 2.12431e+09, node:__internal_head__: 1}
[state-dump] ClusterTaskManager:
[state-dump] ========== Node: 67b6ad1ca744a0ca62827ff69c6fe61d7e230d326f2752e02638edda =================
[state-dump] Infeasible queue length: 0
[state-dump] Schedule queue length: 0
[state-dump] Dispatch queue length: 0
[state-dump] num_waiting_for_resource: 0
[state-dump] num_waiting_for_plasma_memory: 0
[state-dump] num_waiting_for_remote_node_resources: 0
[state-dump] num_worker_not_started_by_job_config_not_exist: 0
[state-dump] num_worker_not_started_by_registration_timeout: 0
[state-dump] num_tasks_waiting_for_workers: 0
[state-dump] num_cancelled_tasks: 0
[state-dump] cluster_resource_scheduler state: 
[state-dump] Local id: 4643694092864967680 Local resources: {"total":{memory: [21243113480000], node:__internal_head__: [10000], node:127.0.0.1: [10000], object_store_memory: [9104191480000], CPU: [180000]}}, "available": {CPU: [180000], memory: [21243113480000], node:__internal_head__: [10000], node:127.0.0.1: [10000], object_store_memory: [9104191480000]}}, "labels":{"ray.io/node_id":"67b6ad1ca744a0ca62827ff69c6fe61d7e230d326f2752e02638edda",} is_draining: 0 is_idle: 1 Cluster resources: node id: 4643694092864967680{"total":{object_store_memory: 9104191480000, node:127.0.0.1: 10000, CPU: 180000, memory: 21243113480000, node:__internal_head__: 10000}}, "available": {object_store_memory: 9104191480000, node:127.0.0.1: 10000, CPU: 180000, memory: 21243113480000, node:__internal_head__: 10000}}, "labels":{"ray.io/node_id":"67b6ad1ca744a0ca62827ff69c6fe61d7e230d326f2752e02638edda",}, "is_draining": 0, "draining_deadline_timestamp_ms": -1} { "placement group locations": [], "node to bundles": []}
[state-dump] Waiting tasks size: 0
[state-dump] Number of executing tasks: 0
[state-dump] Number of pinned task arguments: 0
[state-dump] Number of total spilled tasks: 0
[state-dump] Number of spilled waiting tasks: 0
[state-dump] Number of spilled unschedulable tasks: 0
[state-dump] Resource usage {
[state-dump] }
[state-dump] Backlog Size per scheduling descriptor :{workerId: num backlogs}:
[state-dump] 
[state-dump] Running tasks by scheduling class:
[state-dump] ==================================================
[state-dump] 
[state-dump] ClusterResources:
[state-dump] LocalObjectManager:
[state-dump] - num pinned objects: 0
[state-dump] - pinned objects size: 0
[state-dump] - num objects pending restore: 0
[state-dump] - num objects pending spill: 0
[state-dump] - num bytes pending spill: 0
[state-dump] - num bytes currently spilled: 0
[state-dump] - cumulative spill requests: 0
[state-dump] - cumulative restore requests: 0
[state-dump] - spilled objects pending delete: 0
[state-dump] 
[state-dump] ObjectManager:
[state-dump] - num local objects: 0
[state-dump] - num unfulfilled push requests: 0
[state-dump] - num object pull requests: 0
[state-dump] - num chunks received total: 0
[state-dump] - num chunks received failed (all): 0
[state-dump] - num chunks received failed / cancelled: 0
[state-dump] - num chunks received failed / plasma error: 0
[state-dump] Event stats:
[state-dump] Global stats: 0 total (0 active)
[state-dump] Queueing time: mean = -nan(ind) s, max = -0.000 s, min = 9223372036.855 s, total = 0.000 s
[state-dump] Execution time:  mean = -nan(ind) s, total = 0.000 s
[state-dump] Event stats:
[state-dump] PushManager:
[state-dump] - num pushes in flight: 0
[state-dump] - num chunks in flight: 0
[state-dump] - num chunks remaining: 0
[state-dump] - max chunks allowed: 409
[state-dump] OwnershipBasedObjectDirectory:
[state-dump] - num listeners: 0
[state-dump] - cumulative location updates: 0
[state-dump] - num location updates per second: 0.000
[state-dump] - num location lookups per second: 0.000
[state-dump] - num locations added per second: 0.000
[state-dump] - num locations removed per second: 0.000
[state-dump] BufferPool:
[state-dump] - create buffer state map size: 0
[state-dump] PullManager:
[state-dump] - num bytes available for pulled objects: 910419148
[state-dump] - num bytes being pulled (all): 0
[state-dump] - num bytes being pulled / pinned: 0
[state-dump] - get request bundles: BundlePullRequestQueue{0 total, 0 active, 0 inactive, 0 unpullable}
[state-dump] - wait request bundles: BundlePullRequestQueue{0 total, 0 active, 0 inactive, 0 unpullable}
[state-dump] - task request bundles: BundlePullRequestQueue{0 total, 0 active, 0 inactive, 0 unpullable}
[state-dump] - first get request bundle: N/A
[state-dump] - first wait request bundle: N/A
[state-dump] - first task request bundle: N/A
[state-dump] - num objects queued: 0
[state-dump] - num objects actively pulled (all): 0
[state-dump] - num objects actively pulled / pinned: 0
[state-dump] - num bundles being pulled: 0
[state-dump] - num pull retries: 0
[state-dump] - max timeout seconds: 0
[state-dump] - max timeout request is already processed. No entry.
[state-dump] 
[state-dump] WorkerPool:
[state-dump] - registered jobs: 0
[state-dump] - process_failed_job_config_missing: 0
[state-dump] - process_failed_rate_limited: 0
[state-dump] - process_failed_pending_registration: 0
[state-dump] - process_failed_runtime_env_setup_failed: 0
[state-dump] - num PYTHON workers: 0
[state-dump] - num PYTHON drivers: 0
[state-dump] - num PYTHON pending start requests: 0
[state-dump] - num PYTHON pending registration requests: 0
[state-dump] - num object spill callbacks queued: 0
[state-dump] - num object restore queued: 0
[state-dump] - num util functions queued: 0
[state-dump] - num idle workers: 0
[state-dump] TaskDependencyManager:
[state-dump] - task deps map size: 0
[state-dump] - get req map size: 0
[state-dump] - wait req map size: 0
[state-dump] - local objects map size: 0
[state-dump] WaitManager:
[state-dump] - num active wait requests: 0
[state-dump] Subscriber:
[state-dump] Channel WORKER_OBJECT_EVICTION
[state-dump] - cumulative subscribe requests: 0
[state-dump] - cumulative unsubscribe requests: 0
[state-dump] - active subscribed publishers: 0
[state-dump] - cumulative published messages: 0
[state-dump] - cumulative processed messages: 0
[state-dump] Channel WORKER_REF_REMOVED_CHANNEL
[state-dump] - cumulative subscribe requests: 0
[state-dump] - cumulative unsubscribe requests: 0
[state-dump] - active subscribed publishers: 0
[state-dump] - cumulative published messages: 0
[state-dump] - cumulative processed messages: 0
[state-dump] Channel WORKER_OBJECT_LOCATIONS_CHANNEL
[state-dump] - cumulative subscribe requests: 0
[state-dump] - cumulative unsubscribe requests: 0
[state-dump] - active subscribed publishers: 0
[state-dump] - cumulative published messages: 0
[state-dump] - cumulative processed messages: 0
[state-dump] num async plasma notifications: 0
[state-dump] Remote node managers: 
[state-dump] Event stats:
[state-dump] Global stats: 27 total (13 active)
[state-dump] Queueing time: mean = 1.813 ms, max = 12.667 ms, min = 22.300 us, total = 48.949 ms
[state-dump] Execution time:  mean = 1.281 ms, total = 34.580 ms
[state-dump] Event stats:
[state-dump] 	PeriodicalRunner.RunFnPeriodically - 11 total (2 active, 1 running), Execution time: mean = 142.664 us, total = 1.569 ms, Queueing time: mean = 4.445 ms, max = 12.667 ms, min = 35.200 us, total = 48.897 ms
[state-dump] 	NodeManager.deadline_timer.spill_objects_when_over_threshold - 1 total (1 active), Execution time: mean = 0.000 s, total = 0.000 s, Queueing time: mean = 0.000 s, max = -0.000 s, min = 9223372036.855 s, total = 0.000 s
[state-dump] 	ray::rpc::InternalKVGcsService.grpc_client.GetInternalConfig - 1 total (0 active), Execution time: mean = 547.500 us, total = 547.500 us, Queueing time: mean = 0.000 s, max = -0.000 s, min = 9223372036.855 s, total = 0.000 s
[state-dump] 	ray::rpc::NodeInfoGcsService.grpc_client.RegisterNode - 1 total (0 active), Execution time: mean = 771.000 us, total = 771.000 us, Queueing time: mean = 0.000 s, max = -0.000 s, min = 9223372036.855 s, total = 0.000 s
[state-dump] 	NodeManager.GCTaskFailureReason - 1 total (1 active), Execution time: mean = 0.000 s, total = 0.000 s, Queueing time: mean = 0.000 s, max = -0.000 s, min = 9223372036.855 s, total = 0.000 s
[state-dump] 	NodeManager.deadline_timer.record_metrics - 1 total (1 active), Execution time: mean = 0.000 s, total = 0.000 s, Queueing time: mean = 0.000 s, max = -0.000 s, min = 9223372036.855 s, total = 0.000 s
[state-dump] 	ray::rpc::InternalPubSubGcsService.grpc_client.GcsSubscriberPoll - 1 total (1 active), Execution time: mean = 0.000 s, total = 0.000 s, Queueing time: mean = 0.000 s, max = -0.000 s, min = 9223372036.855 s, total = 0.000 s
[state-dump] 	NodeManager.ScheduleAndDispatchTasks - 1 total (1 active), Execution time: mean = 0.000 s, total = 0.000 s, Queueing time: mean = 0.000 s, max = -0.000 s, min = 9223372036.855 s, total = 0.000 s
[state-dump] 	RayletWorkerPool.deadline_timer.kill_idle_workers - 1 total (1 active), Execution time: mean = 0.000 s, total = 0.000 s, Queueing time: mean = 0.000 s, max = -0.000 s, min = 9223372036.855 s, total = 0.000 s
[state-dump] 	ray::rpc::InternalKVGcsService.grpc_client.GetInternalConfig.OnReplyReceived - 1 total (0 active), Execution time: mean = 30.867 ms, total = 30.867 ms, Queueing time: mean = 29.900 us, max = 29.900 us, min = 29.900 us, total = 29.900 us
[state-dump] 	NodeManager.deadline_timer.flush_free_objects - 1 total (1 active), Execution time: mean = 0.000 s, total = 0.000 s, Queueing time: mean = 0.000 s, max = -0.000 s, min = 9223372036.855 s, total = 0.000 s
[state-dump] 	ray::rpc::NodeInfoGcsService.grpc_client.RegisterNode.OnReplyReceived - 1 total (0 active), Execution time: mean = 348.600 us, total = 348.600 us, Queueing time: mean = 22.300 us, max = 22.300 us, min = 22.300 us, total = 22.300 us
[state-dump] 	NodeManager.CheckForUnexpectedWorkerDisconnects - 1 total (1 active), Execution time: mean = 0.000 s, total = 0.000 s, Queueing time: mean = 0.000 s, max = -0.000 s, min = 9223372036.855 s, total = 0.000 s
[state-dump] 	NodeManager.deadline_timer.debug_state_dump - 1 total (1 active), Execution time: mean = 0.000 s, total = 0.000 s, Queueing time: mean = 0.000 s, max = -0.000 s, min = 9223372036.855 s, total = 0.000 s
[state-dump] 	ray::rpc::InternalPubSubGcsService.grpc_client.GcsSubscriberCommandBatch - 1 total (0 active), Execution time: mean = 476.400 us, total = 476.400 us, Queueing time: mean = 0.000 s, max = -0.000 s, min = 9223372036.855 s, total = 0.000 s
[state-dump] 	ClusterResourceManager.ResetRemoteNodeView - 1 total (1 active), Execution time: mean = 0.000 s, total = 0.000 s, Queueing time: mean = 0.000 s, max = -0.000 s, min = 9223372036.855 s, total = 0.000 s
[state-dump] 	ray::rpc::InternalPubSubGcsService.grpc_client.GcsSubscriberCommandBatch.OnReplyReceived - 1 total (1 active), Execution time: mean = 0.000 s, total = 0.000 s, Queueing time: mean = 0.000 s, max = -0.000 s, min = 9223372036.855 s, total = 0.000 s
[state-dump] DebugString() time ms: 0
[state-dump] 
[state-dump] 
[2025-10-16 23:11:12,331 I 80032 63472] (raylet.exe) accessor.cc:760: Received notification for node, IsAlive = 1 node_id=67b6ad1ca744a0ca62827ff69c6fe61d7e230d326f2752e02638edda
[2025-10-16 23:11:12,405 I 80032 63472] (raylet.exe) worker_pool.cc:522: Started worker process with pid 81132, the token is 0
[2025-10-16 23:11:12,409 I 80032 63472] (raylet.exe) worker_pool.cc:522: Started worker process with pid 78832, the token is 1
[2025-10-16 23:11:12,413 I 80032 63472] (raylet.exe) worker_pool.cc:522: Started worker process with pid 11876, the token is 2
[2025-10-16 23:11:12,418 I 80032 63472] (raylet.exe) worker_pool.cc:522: Started worker process with pid 37176, the token is 3
[2025-10-16 23:11:12,423 I 80032 63472] (raylet.exe) worker_pool.cc:522: Started worker process with pid 82360, the token is 4
[2025-10-16 23:11:12,427 I 80032 63472] (raylet.exe) worker_pool.cc:522: Started worker process with pid 52728, the token is 5
[2025-10-16 23:11:12,433 I 80032 63472] (raylet.exe) worker_pool.cc:522: Started worker process with pid 69680, the token is 6
[2025-10-16 23:11:12,437 I 80032 63472] (raylet.exe) worker_pool.cc:522: Started worker process with pid 30408, the token is 7
[2025-10-16 23:11:12,443 I 80032 63472] (raylet.exe) worker_pool.cc:522: Started worker process with pid 35260, the token is 8
[2025-10-16 23:11:12,449 I 80032 63472] (raylet.exe) worker_pool.cc:522: Started worker process with pid 17684, the token is 9
[2025-10-16 23:11:12,456 I 80032 63472] (raylet.exe) worker_pool.cc:522: Started worker process with pid 76044, the token is 10
[2025-10-16 23:11:12,462 I 80032 63472] (raylet.exe) worker_pool.cc:522: Started worker process with pid 74648, the token is 11
[2025-10-16 23:11:12,467 I 80032 63472] (raylet.exe) worker_pool.cc:522: Started worker process with pid 9020, the token is 12
[2025-10-16 23:11:12,474 I 80032 63472] (raylet.exe) worker_pool.cc:522: Started worker process with pid 73256, the token is 13
[2025-10-16 23:11:12,479 I 80032 63472] (raylet.exe) worker_pool.cc:522: Started worker process with pid 65408, the token is 14
[2025-10-16 23:11:12,485 I 80032 63472] (raylet.exe) worker_pool.cc:522: Started worker process with pid 38900, the token is 15
[2025-10-16 23:11:12,490 I 80032 63472] (raylet.exe) worker_pool.cc:522: Started worker process with pid 36808, the token is 16
[2025-10-16 23:11:12,496 I 80032 63472] (raylet.exe) worker_pool.cc:522: Started worker process with pid 74336, the token is 17
[2025-10-16 23:11:14,631 I 80032 31136] (raylet.exe) object_store.cc:38: Object store current usage 8e-09 / 0.910419 GB.
[2025-10-16 23:11:15,368 I 80032 63472] (raylet.exe) worker_pool.cc:719: Job 01000000 already started in worker pool.
[2025-10-16 23:11:15,537 I 80032 63472] (raylet.exe) local_resource_manager.cc:292: Object store memory is not idle.
[2025-10-16 23:11:15,804 I 80032 63472] (raylet.exe) node_manager.cc:1636: Disconnecting client, graceful=true, disconnect_type=1, has_creation_task_exception=false worker_id=d65a89b883ad67a64fc2aed2e8055f8967d2e43d851e340932d24865
[2025-10-16 23:11:15,806 W 80032 31136] (raylet.exe) store.cc:371: Disconnecting client due to connection error with code 2: End of file
[2025-10-16 23:11:16,005 I 80032 63472] (raylet.exe) node_manager.cc:1636: Disconnecting client, graceful=true, disconnect_type=1, has_creation_task_exception=false worker_id=d9d9ad64eadee29758162bcc0ed7e64478447b3e7b5ff7700a2bf190
[2025-10-16 23:11:16,033 W 80032 31136] (raylet.exe) store.cc:371: Disconnecting client due to connection error with code 2: End of file
[2025-10-16 23:11:16,221 I 80032 63472] (raylet.exe) node_manager.cc:1636: Disconnecting client, graceful=true, disconnect_type=1, has_creation_task_exception=false worker_id=19f0416230f85e530d5b59dad72329b6a066ecc7d31280c362386863
[2025-10-16 23:11:16,222 I 80032 63472] (raylet.exe) node_manager.cc:1636: Disconnecting client, graceful=true, disconnect_type=1, has_creation_task_exception=false worker_id=72366fd2526ead84c5cb916c84a77d71bbc7bef04eebdad32af1cf23
[2025-10-16 23:11:16,223 I 80032 63472] (raylet.exe) node_manager.cc:1636: Disconnecting client, graceful=true, disconnect_type=1, has_creation_task_exception=false worker_id=9e6fa528e81a39c0a99c50d4693c5ccf364bfd494d7ddab6ec3a300a
[2025-10-16 23:11:16,224 I 80032 63472] (raylet.exe) node_manager.cc:1636: Disconnecting client, graceful=true, disconnect_type=1, has_creation_task_exception=false worker_id=bdc7de1c10c9ecbbb7e52756420b5298dfe446b3e3d51624e898f369
[2025-10-16 23:11:16,224 I 80032 63472] (raylet.exe) node_manager.cc:1636: Disconnecting client, graceful=true, disconnect_type=1, has_creation_task_exception=false worker_id=ed9b407199c7436a27d90d8f03ab50b1019422f31cb77763a37531b3
[2025-10-16 23:11:16,226 W 80032 31136] (raylet.exe) store.cc:371: Disconnecting client due to connection error with code 2: End of file
[2025-10-16 23:11:16,233 W 80032 31136] (raylet.exe) store.cc:371: Disconnecting client due to connection error with code 2: End of file
[2025-10-16 23:11:16,441 I 80032 63472] (raylet.exe) node_manager.cc:1636: Disconnecting client, graceful=true, disconnect_type=1, has_creation_task_exception=false worker_id=b995138005e0f368e8d1e551d3bf89ece70d1721d87db0fb2b238580
[2025-10-16 23:11:16,441 I 80032 63472] (raylet.exe) node_manager.cc:1636: Disconnecting client, graceful=true, disconnect_type=1, has_creation_task_exception=false worker_id=4bc5220226835fb63c3bf1cdf1af267e2b6a0ca24cd84654a90a7b99
[2025-10-16 23:11:16,442 I 80032 63472] (raylet.exe) node_manager.cc:1636: Disconnecting client, graceful=true, disconnect_type=1, has_creation_task_exception=false worker_id=4e7e23f3032c0a5feca63ed2ad4b79e990f07090a0e109971c300e89
[2025-10-16 23:11:16,442 I 80032 63472] (raylet.exe) node_manager.cc:1636: Disconnecting client, graceful=true, disconnect_type=1, has_creation_task_exception=false worker_id=662262a09f7ac5307d15bafa910f509bbda7f45c68f5f911e067f5b0
[2025-10-16 23:11:16,443 I 80032 63472] (raylet.exe) node_manager.cc:1636: Disconnecting client, graceful=true, disconnect_type=1, has_creation_task_exception=false worker_id=bbc99adec8221ef76da7fb5c909b9d3b8ef9a912634731fa4d48a39e
[2025-10-16 23:11:16,444 I 80032 63472] (raylet.exe) node_manager.cc:1636: Disconnecting client, graceful=true, disconnect_type=1, has_creation_task_exception=false worker_id=f08bdf4be4e0bf0e5f7e95b266f83367ce812496becccd2b047d4357
[2025-10-16 23:11:16,445 I 80032 63472] (raylet.exe) node_manager.cc:1636: Disconnecting client, graceful=true, disconnect_type=1, has_creation_task_exception=false worker_id=7595d26779ce35eacbf736c14b13c594bde9a1bdd14fa534d18fa207
[2025-10-16 23:11:16,445 I 80032 63472] (raylet.exe) node_manager.cc:1636: Disconnecting client, graceful=true, disconnect_type=1, has_creation_task_exception=false worker_id=28294442f26c7ab0a91bc5efc42e27db8574a7318678590a13aae3d2
[2025-10-16 23:11:16,446 I 80032 63472] (raylet.exe) node_manager.cc:1636: Disconnecting client, graceful=true, disconnect_type=1, has_creation_task_exception=false worker_id=620d3b801ee2330abc1e4ef4d073e3439a56cfe9600a26f5860034c0
[2025-10-16 23:11:16,446 I 80032 63472] (raylet.exe) node_manager.cc:1636: Disconnecting client, graceful=true, disconnect_type=1, has_creation_task_exception=false worker_id=fa82cb4aa6b120faad67d3259ff72e459f816bb1491186178cc5b5d9
[2025-10-16 23:11:16,448 W 80032 31136] (raylet.exe) store.cc:371: Disconnecting client due to connection error with code 2: End of file
[2025-10-16 23:11:16,449 W 80032 31136] (raylet.exe) store.cc:371: Disconnecting client due to connection error with code 2: End of file
[2025-10-16 23:11:16,479 W 80032 31136] (raylet.exe) store.cc:371: Disconnecting client due to connection error with code 2: End of file
[2025-10-16 23:11:16,479 W 80032 31136] (raylet.exe) store.cc:371: Disconnecting client due to connection error with code 2: End of file
[2025-10-16 23:11:16,479 W 80032 31136] (raylet.exe) store.cc:371: Disconnecting client due to connection error with code 2: End of file
[2025-10-16 23:11:16,696 W 80032 31136] (raylet.exe) store.cc:371: Disconnecting client due to connection error with code 2: End of file
[2025-10-16 23:11:16,696 W 80032 31136] (raylet.exe) store.cc:371: Disconnecting client due to connection error with code 2: End of file
[2025-10-16 23:11:16,696 W 80032 31136] (raylet.exe) store.cc:371: Disconnecting client due to connection error with code 2: End of file
[2025-10-16 23:11:16,696 W 80032 31136] (raylet.exe) store.cc:371: Disconnecting client due to connection error with code 2: End of file
[2025-10-16 23:11:16,696 W 80032 31136] (raylet.exe) store.cc:371: Disconnecting client due to connection error with code 2: End of file
[2025-10-16 23:11:16,696 W 80032 31136] (raylet.exe) store.cc:371: Disconnecting client due to connection error with code 2: End of file
[2025-10-16 23:11:16,711 W 80032 31136] (raylet.exe) store.cc:371: Disconnecting client due to connection error with code 2: End of file
[2025-10-16 23:11:16,711 W 80032 31136] (raylet.exe) store.cc:371: Disconnecting client due to connection error with code 2: End of file
[2025-10-16 23:11:24,464 W 80032 41672] (raylet.exe) metric_exporter.cc:105: [1] Export metrics to agent failed: RpcError: RPC Error message: failed to connect to all addresses; last error: UNAVAILABLE: ipv4:127.0.0.1:59071: Connection refused; RPC Error details: . This won't affect Ray, but you can lose metrics from the cluster.
[2025-10-16 23:11:30,650 I 80032 63472] (raylet.exe) local_resource_manager.cc:288: Object store memory is idle.
[2025-10-16 23:11:31,088 I 80032 63472] (raylet.exe) node_manager.cc:1636: Disconnecting client, graceful=true, disconnect_type=3, has_creation_task_exception=false worker_id=01000000ffffffffffffffffffffffffffffffffffffffffffffffff
[2025-10-16 23:11:31,088 I 80032 63472] (raylet.exe) node_manager.cc:1728: Driver (pid=41724) is disconnected. worker_id=01000000ffffffffffffffffffffffffffffffffffffffffffffffff job_id=01000000
[2025-10-16 23:11:31,089 I 80032 63472] (raylet.exe) worker_pool.cc:719: Job 01000000 already started in worker pool.
[2025-10-16 23:11:31,225 I 80032 63472] (raylet.exe) worker_pool.cc:1224: Force exiting worker whose job has exited 5eb0c301803b02a144f655bd48287ad6ae5a75df8743231917bea330
[2025-10-16 23:11:31,240 I 80032 63472] (raylet.exe) node_manager.cc:1636: Disconnecting client, graceful=true, disconnect_type=1, has_creation_task_exception=false worker_id=5eb0c301803b02a144f655bd48287ad6ae5a75df8743231917bea330
[2025-10-16 23:11:31,303 W 80032 31136] (raylet.exe) store.cc:371: Disconnecting client due to connection error with code 10054: 远程主机强迫关闭了一个现有的连接。
[2025-10-16 23:11:31,348 W 80032 31136] (raylet.exe) store.cc:371: Disconnecting client due to connection error with code 2: End of file
[2025-10-16 23:11:31,537 I 80032 63472] (raylet.exe) main.cc:499: received SIGTERM. Existing local drain request = None
[2025-10-16 23:11:31,537 I 80032 63472] (raylet.exe) main.cc:300: Raylet graceful shutdown triggered, reason = EXPECTED_TERMINATION, reason message = received SIGTERM
[2025-10-16 23:11:31,537 I 80032 63472] (raylet.exe) main.cc:303: Shutting down...
[2025-10-16 23:11:31,537 I 80032 63472] (raylet.exe) accessor.cc:511: Unregistering node node_id=67b6ad1ca744a0ca62827ff69c6fe61d7e230d326f2752e02638edda
[2025-10-16 23:11:31,538 I 80032 63472] (raylet.exe) accessor.cc:524: Finished unregistering node info, status = OK node_id=67b6ad1ca744a0ca62827ff69c6fe61d7e230d326f2752e02638edda
[2025-10-16 23:11:31,538 W 80032 31136] (raylet.exe) store.cc:371: Disconnecting client due to connection error with code 2: End of file
[2025-10-16 23:11:31,540 I 80032 63472] (raylet.exe) agent_manager.cc:113: Killing agent dashboard_agent/15724, pid 20224.
[2025-10-16 23:11:31,548 I 80032 45836] (raylet.exe) agent_manager.cc:80: Agent process with name dashboard_agent/15724 exited, exit code -1073741510.
[2025-10-16 23:11:31,548 I 80032 8880] (raylet.exe) agent_manager.cc:80: Agent process with name runtime_env_agent exited, exit code -1073741510.
[2025-10-16 23:11:31,548 E 80032 8880] (raylet.exe) agent_manager.cc:84: The raylet exited immediately because one Ray agent failed, agent_name = runtime_env_agent.
The raylet fate shares with the agent. This can happen because
- The version of `grpcio` doesn't follow Ray's requirement. Agent can segfault with the incorrect `grpcio` version. Check the grpcio version `pip freeze | grep grpcio`.
- The agent failed to start because of unexpected error or port conflict. Read the log `cat /tmp/ray/session_latest/logs/{dashboard_agent|runtime_env_agent}.log`. You can find the log file structure here https://docs.ray.io/en/master/ray-observability/user-guides/configure-logging.html#logging-directory-structure.
- The agent is killed by the OS (e.g., out of memory).
[2025-10-16 23:11:31,548 I 80032 63472] (raylet.exe) agent_manager.cc:113: Killing agent runtime_env_agent, pid 15568.
[2025-10-16 23:11:31,549 I 80032 63472] (raylet.exe) io_service_pool.cc:47: IOServicePool is stopped.
[2025-10-16 23:11:31,750 I 80032 63472] (raylet.exe) stats.h:120: Stats module has shutdown.
[2025-10-16 23:11:31,751 E 80032 63472] (raylet.exe) logging.cc:497: *** SIGSEGV received at time=1760627491 ***
[2025-10-16 23:11:31,751 E 80032 63472] (raylet.exe) logging.cc:497:     @   00007FF683325C89  (unknown)  (unknown)
[2025-10-16 23:11:31,751 E 80032 63472] (raylet.exe) logging.cc:497:     @   00007FFDAF57F47F  (unknown)  (unknown)
[2025-10-16 23:11:31,751 E 80032 63472] (raylet.exe) logging.cc:497:     @   00007FFDC5B066AF  (unknown)  (unknown)
[2025-10-16 23:11:31,751 E 80032 63472] (raylet.exe) logging.cc:497:     @   00007FFDC5A29CD7  (unknown)  (unknown)
[2025-10-16 23:11:31,751 E 80032 63472] (raylet.exe) logging.cc:497:     @   00007FFDC5B05FEE  (unknown)  (unknown)
[2025-10-16 23:11:31,751 E 80032 63472] (raylet.exe) logging.cc:497:     @   00007FF682BBDB8A  (unknown)  (unknown)
[2025-10-16 23:11:31,751 E 80032 63472] (raylet.exe) logging.cc:497:     @   00007FF682CF2914  (unknown)  (unknown)
[2025-10-16 23:11:31,751 E 80032 63472] (raylet.exe) logging.cc:497:     @   00007FF682CF137F  (unknown)  (unknown)
[2025-10-16 23:11:31,751 E 80032 63472] (raylet.exe) logging.cc:497:     @   00007FF682CF485D  (unknown)  (unknown)
[2025-10-16 23:11:31,751 E 80032 63472] (raylet.exe) logging.cc:497:     @   00007FF682BBF472  (unknown)  (unknown)
[2025-10-16 23:11:31,751 E 80032 63472] (raylet.exe) logging.cc:497:     @   00007FF682BBA660  (unknown)  (unknown)
[2025-10-16 23:11:31,751 E 80032 63472] (raylet.exe) logging.cc:497:     @   00007FF682A21204  (unknown)  (unknown)
[2025-10-16 23:11:31,751 E 80032 63472] (raylet.exe) logging.cc:497:     @   00007FF682A52A38  (unknown)  (unknown)
[2025-10-16 23:11:31,751 E 80032 63472] (raylet.exe) logging.cc:497:     @   00007FF682A70139  (unknown)  (unknown)
[2025-10-16 23:11:31,751 E 80032 63472] (raylet.exe) logging.cc:497:     @   00007FF682D48C19  (unknown)  (unknown)
[2025-10-16 23:11:31,751 E 80032 63472] (raylet.exe) logging.cc:497:     @   00007FF682D41A7A  (unknown)  (unknown)
[2025-10-16 23:11:31,751 E 80032 63472] (raylet.exe) logging.cc:497:     @   00007FF682D41FB4  (unknown)  (unknown)
[2025-10-16 23:11:31,751 E 80032 63472] (raylet.exe) logging.cc:497:     @   00007FF68329F86C  (unknown)  (unknown)
[2025-10-16 23:11:31,751 E 80032 63472] (raylet.exe) logging.cc:497:     @   00007FF6832A4AF4  (unknown)  (unknown)
[2025-10-16 23:11:31,751 E 80032 63472] (raylet.exe) logging.cc:497:     @   00007FF6832A3E53  (unknown)  (unknown)
[2025-10-16 23:11:31,751 E 80032 63472] (raylet.exe) logging.cc:497:     @   00007FF6829CFCD9  (unknown)  (unknown)
[2025-10-16 23:11:31,751 E 80032 63472] (raylet.exe) logging.cc:497:     @   00007FF6832E0E58  (unknown)  (unknown)
[2025-10-16 23:11:31,751 E 80032 63472] (raylet.exe) logging.cc:497:     @   00007FFDC3D7E8D7  (unknown)  (unknown)
[2025-10-16 23:11:31,751 E 80032 63472] (raylet.exe) logging.cc:497:     @   00007FFDC5A3C5DC  (unknown)  (unknown)
