2025-10-17 10:09:42,893	INFO log_monitor.py:155 -- Starting log monitor with [max open files=200], [is_autoscaler_v2=False]
2025-10-17 10:09:42,895	INFO log_monitor.py:278 -- Beginning to track file raylet.err
2025-10-17 10:09:42,896	INFO log_monitor.py:278 -- Beginning to track file monitor.log
2025-10-17 10:09:42,896	INFO log_monitor.py:278 -- Beginning to track file gcs_server.err
2025-10-17 10:09:43,214	INFO log_monitor.py:278 -- Beginning to track file worker-6c1b39cda8a02c73c682dae5b8c01c0c71e323f0f84e4dfccea891cd-ffffffff-81640.err
2025-10-17 10:09:43,214	INFO log_monitor.py:278 -- Beginning to track file worker-6c1b39cda8a02c73c682dae5b8c01c0c71e323f0f84e4dfccea891cd-ffffffff-81640.out
2025-10-17 10:09:43,215	INFO log_monitor.py:278 -- Beginning to track file worker-718df7f9b6003b63ca4e6d4023744658f9625c550de27b7ab6178e2a-ffffffff-32484.err
2025-10-17 10:09:43,216	INFO log_monitor.py:278 -- Beginning to track file worker-718df7f9b6003b63ca4e6d4023744658f9625c550de27b7ab6178e2a-ffffffff-32484.out
2025-10-17 10:09:43,216	INFO log_monitor.py:278 -- Beginning to track file worker-d8e5d62dcabeec9129d2aecdc247d2ebf177ac636d6c82eeb8f9940b-ffffffff-57732.err
2025-10-17 10:09:43,217	INFO log_monitor.py:278 -- Beginning to track file worker-d8e5d62dcabeec9129d2aecdc247d2ebf177ac636d6c82eeb8f9940b-ffffffff-57732.out
2025-10-17 10:09:43,319	INFO log_monitor.py:278 -- Beginning to track file worker-1a5780330f8b88ac53acc24a0ea840c80ef52c7dd6f025df3e0af6e7-ffffffff-17924.err
2025-10-17 10:09:43,320	INFO log_monitor.py:278 -- Beginning to track file worker-1a5780330f8b88ac53acc24a0ea840c80ef52c7dd6f025df3e0af6e7-ffffffff-17924.out
2025-10-17 10:09:43,320	INFO log_monitor.py:278 -- Beginning to track file worker-aae5879d378cbfb662bc83245e9e393fb8b3ad67322428313cf98b81-ffffffff-21300.err
2025-10-17 10:09:43,321	INFO log_monitor.py:278 -- Beginning to track file worker-aae5879d378cbfb662bc83245e9e393fb8b3ad67322428313cf98b81-ffffffff-21300.out
2025-10-17 10:09:43,321	INFO log_monitor.py:278 -- Beginning to track file worker-d34d1b1946d00b4d9ec388aa0146d98fc96f00514110a5e179844716-ffffffff-10584.err
2025-10-17 10:09:43,321	INFO log_monitor.py:278 -- Beginning to track file worker-d34d1b1946d00b4d9ec388aa0146d98fc96f00514110a5e179844716-ffffffff-10584.out
2025-10-17 10:09:43,526	INFO log_monitor.py:278 -- Beginning to track file worker-3682a319655652ea4a5c21937edcf2821318f7b49370ea82ae19ecfa-ffffffff-55656.err
2025-10-17 10:09:43,526	INFO log_monitor.py:278 -- Beginning to track file worker-3682a319655652ea4a5c21937edcf2821318f7b49370ea82ae19ecfa-ffffffff-55656.out
2025-10-17 10:09:43,526	INFO log_monitor.py:278 -- Beginning to track file worker-437ef6ea8d3684670a2619169d0c42092984c722cd1db0da95c0630a-ffffffff-69752.err
2025-10-17 10:09:43,526	INFO log_monitor.py:278 -- Beginning to track file worker-437ef6ea8d3684670a2619169d0c42092984c722cd1db0da95c0630a-ffffffff-69752.out
2025-10-17 10:09:43,527	INFO log_monitor.py:278 -- Beginning to track file worker-50a2b9bd42f8f648c62f1a8c022c678f9711c4b6dbaa1a1075f97cb6-ffffffff-70432.err
2025-10-17 10:09:43,527	INFO log_monitor.py:278 -- Beginning to track file worker-50a2b9bd42f8f648c62f1a8c022c678f9711c4b6dbaa1a1075f97cb6-ffffffff-70432.out
2025-10-17 10:09:43,527	INFO log_monitor.py:278 -- Beginning to track file worker-62fc9e5b87ae9fa2dd82ab6676e055099161edd22fc7ab40c37a0b32-ffffffff-37376.err
2025-10-17 10:09:43,527	INFO log_monitor.py:278 -- Beginning to track file worker-62fc9e5b87ae9fa2dd82ab6676e055099161edd22fc7ab40c37a0b32-ffffffff-37376.out
2025-10-17 10:09:43,527	INFO log_monitor.py:278 -- Beginning to track file worker-af6f4a1b1f9b2ac44d53e4b117bdfaa0eb732f960ef54d5e3320b93d-ffffffff-29300.err
2025-10-17 10:09:43,527	INFO log_monitor.py:278 -- Beginning to track file worker-af6f4a1b1f9b2ac44d53e4b117bdfaa0eb732f960ef54d5e3320b93d-ffffffff-29300.out
2025-10-17 10:09:43,529	INFO log_monitor.py:278 -- Beginning to track file worker-bd88034d5ca998966d2b8de14fc3e223f920a1448053f66ab4e810d7-ffffffff-42844.err
2025-10-17 10:09:43,529	INFO log_monitor.py:278 -- Beginning to track file worker-bd88034d5ca998966d2b8de14fc3e223f920a1448053f66ab4e810d7-ffffffff-42844.out
2025-10-17 10:09:43,630	INFO log_monitor.py:278 -- Beginning to track file worker-75509e4353bd3cf0f536998c83096efbb84ce0d8238c2e6c6f7b6035-ffffffff-71956.err
2025-10-17 10:09:43,631	INFO log_monitor.py:278 -- Beginning to track file worker-75509e4353bd3cf0f536998c83096efbb84ce0d8238c2e6c6f7b6035-ffffffff-71956.out
2025-10-17 10:09:43,631	INFO log_monitor.py:278 -- Beginning to track file worker-b9b1bea58dfbc6451d70c72106898e61c566d9114d991ca491d3c0b8-ffffffff-18848.err
2025-10-17 10:09:43,631	INFO log_monitor.py:278 -- Beginning to track file worker-b9b1bea58dfbc6451d70c72106898e61c566d9114d991ca491d3c0b8-ffffffff-18848.out
2025-10-17 10:09:43,631	INFO log_monitor.py:278 -- Beginning to track file worker-ee98e9b3b7d0b04623e55903f6dfe8c568166d459c9f76aae1b79d51-ffffffff-79744.err
2025-10-17 10:09:43,631	INFO log_monitor.py:278 -- Beginning to track file worker-ee98e9b3b7d0b04623e55903f6dfe8c568166d459c9f76aae1b79d51-ffffffff-79744.out
2025-10-17 10:09:43,631	INFO log_monitor.py:278 -- Beginning to track file worker-f30c0f0c5d33d6c5de29bb7bb28b707d2334b644e903449ce767172c-ffffffff-42764.err
2025-10-17 10:09:43,631	INFO log_monitor.py:278 -- Beginning to track file worker-f30c0f0c5d33d6c5de29bb7bb28b707d2334b644e903449ce767172c-ffffffff-42764.out
