[2025-10-17 10:09:43,462 I 69752 75968] core_worker_process.cc:187: Constructing CoreWorkerProcess. pid: 69752
[2025-10-17 10:09:43,465 I 69752 75968] io_service_pool.cc:35: IOServicePool is running with 1 io_service.
[2025-10-17 10:09:43,468 I 69752 75968] grpc_server.cc:137: worker server started, listening on port 65059.
[2025-10-17 10:09:43,469 I 69752 75968] core_worker.cc:526: Initializing worker at address: 127.0.0.1:65059 worker_id=437ef6ea8d3684670a2619169d0c42092984c722cd1db0da95c0630a node_id=bcc2b0c2d8a4ba1e7b3a4c658ad763c05ebab005ed036b3cf45834e3
[2025-10-17 10:09:43,470 I 69752 75968] task_event_buffer.cc:281: Reporting task events to GCS every 1000ms.
[2025-10-17 10:09:43,471 I 69752 4704] accessor.cc:760: Received notification for node, IsAlive = 1 node_id=bcc2b0c2d8a4ba1e7b3a4c658ad763c05ebab005ed036b3cf45834e3
[2025-10-17 10:09:43,471 I 69752 4704] core_worker.cc:5080: Number of alive nodes:1
[2025-10-17 10:09:43,472 I 69752 4704] core_worker.cc:914: Event stats:


Global stats: 12 total (4 active)
Queueing time: mean = 24.075 us, max = 201.100 us, min = 17.800 us, total = 288.900 us
Execution time:  mean = 147.750 us, total = 1.773 ms
Event stats:
	PeriodicalRunner.RunFnPeriodically - 3 total (1 active, 1 running), Execution time: mean = 13.900 us, total = 41.700 us, Queueing time: mean = 74.900 us, max = 201.100 us, min = 23.600 us, total = 224.700 us
	CoreWorker.ExitIfParentRayletDies - 1 total (1 active), Execution time: mean = 0.000 s, total = 0.000 s, Queueing time: mean = 0.000 s, max = -0.000 s, min = 9223372036.855 s, total = 0.000 s
	ray::rpc::InternalPubSubGcsService.grpc_client.GcsSubscriberPoll - 1 total (1 active), Execution time: mean = 0.000 s, total = 0.000 s, Queueing time: mean = 0.000 s, max = -0.000 s, min = 9223372036.855 s, total = 0.000 s
	ray::rpc::WorkerInfoGcsService.grpc_client.AddWorkerInfo.OnReplyReceived - 1 total (0 active), Execution time: mean = 24.600 us, total = 24.600 us, Queueing time: mean = 18.600 us, max = 18.600 us, min = 18.600 us, total = 18.600 us
	ray::rpc::InternalPubSubGcsService.grpc_client.GcsSubscriberCommandBatch.OnReplyReceived - 1 total (0 active), Execution time: mean = 136.300 us, total = 136.300 us, Queueing time: mean = 17.800 us, max = 17.800 us, min = 17.800 us, total = 17.800 us
	ray::rpc::NodeInfoGcsService.grpc_client.GetAllNodeInfo.OnReplyReceived - 1 total (0 active), Execution time: mean = 110.900 us, total = 110.900 us, Queueing time: mean = 27.800 us, max = 27.800 us, min = 27.800 us, total = 27.800 us
	Publisher.CheckDeadSubscribers - 1 total (1 active), Execution time: mean = 0.000 s, total = 0.000 s, Queueing time: mean = 0.000 s, max = -0.000 s, min = 9223372036.855 s, total = 0.000 s
	ray::rpc::InternalPubSubGcsService.grpc_client.GcsSubscriberCommandBatch - 1 total (0 active), Execution time: mean = 507.700 us, total = 507.700 us, Queueing time: mean = 0.000 s, max = -0.000 s, min = 9223372036.855 s, total = 0.000 s
	ray::rpc::NodeInfoGcsService.grpc_client.GetAllNodeInfo - 1 total (0 active), Execution time: mean = 383.900 us, total = 383.900 us, Queueing time: mean = 0.000 s, max = -0.000 s, min = 9223372036.855 s, total = 0.000 s
	ray::rpc::WorkerInfoGcsService.grpc_client.AddWorkerInfo - 1 total (0 active), Execution time: mean = 567.900 us, total = 567.900 us, Queueing time: mean = 0.000 s, max = -0.000 s, min = 9223372036.855 s, total = 0.000 s

-----------------
Task execution event stats:

Global stats: 0 total (0 active)
Queueing time: mean = -nan(ind) s, max = -0.000 s, min = 9223372036.855 s, total = 0.000 s
Execution time:  mean = -nan(ind) s, total = 0.000 s
Event stats:

-----------------
Task Event stats:

IO Service Stats:

Global stats: 4 total (1 active)
Queueing time: mean = 10.450 us, max = 24.800 us, min = 17.000 us, total = 41.800 us
Execution time:  mean = 212.150 us, total = 848.600 us
Event stats:
	PeriodicalRunner.RunFnPeriodically - 1 total (0 active), Execution time: mean = 140.700 us, total = 140.700 us, Queueing time: mean = 17.000 us, max = 17.000 us, min = 17.000 us, total = 17.000 us
	CoreWorker.deadline_timer.flush_task_events - 1 total (1 active), Execution time: mean = 0.000 s, total = 0.000 s, Queueing time: mean = 0.000 s, max = -0.000 s, min = 9223372036.855 s, total = 0.000 s
	ray::rpc::TaskInfoGcsService.grpc_client.AddTaskEventData - 1 total (0 active), Execution time: mean = 692.800 us, total = 692.800 us, Queueing time: mean = 0.000 s, max = -0.000 s, min = 9223372036.855 s, total = 0.000 s
	ray::rpc::TaskInfoGcsService.grpc_client.AddTaskEventData.OnReplyReceived - 1 total (0 active), Execution time: mean = 15.100 us, total = 15.100 us, Queueing time: mean = 24.800 us, max = 24.800 us, min = 24.800 us, total = 24.800 us
Other Stats:
	grpc_in_progress:0
	current number of task status events in buffer: 0
	current number of profile events in buffer: 0
	current number of dropped task attempts tracked: 0
	total task events sent: 0 MiB
	total number of task attempts sent: 0
	total number of task attempts dropped reported: 0
	total number of sent failure: 0
	num status task events dropped: 0
	num profile task events dropped: 0


[2025-10-17 10:09:43,475 I 69752 75968] event.cc:500: Ray Event initialized for CORE_WORKER
[2025-10-17 10:09:43,475 I 69752 75968] event.cc:500: Ray Event initialized for EXPORT_TASK
[2025-10-17 10:09:43,475 I 69752 75968] event.cc:331: Set ray event level to warning
[2025-10-17 10:09:44,528 I 69752 4704] core_worker.cc:1171: Exit signal received, this process will exit after all outstanding tasks have finished, exit_type=INTENDED_SYSTEM_EXIT, detail=Worker exits because it was idle (it doesn't have objects it owns while no task or actor has been scheduled) for a long time.
[2025-10-17 10:09:44,529 I 69752 75968] core_worker.cc:1102: Sending disconnect message to the local raylet.
[2025-10-17 10:09:44,529 I 69752 75968] raylet_client.cc:73: RayletClient::Disconnect, exit_type=INTENDED_SYSTEM_EXIT, exit_detail=Worker exits because it was idle (it doesn't have objects it owns while no task or actor has been scheduled) for a long time., has creation_task_exception_pb_bytes=0
[2025-10-17 10:09:44,530 I 69752 75968] core_worker.cc:1108: Disconnected from the local raylet.
[2025-10-17 10:09:44,530 I 69752 75968] core_worker.cc:1017: Shutting down a core worker.
[2025-10-17 10:09:44,530 I 69752 75968] task_event_buffer.cc:292: Shutting down TaskEventBuffer.
[2025-10-17 10:09:44,530 I 69752 4852] task_event_buffer.cc:260: Task event buffer io service stopped.
[2025-10-17 10:09:44,530 I 69752 75968] core_worker.cc:1039: Waiting for joining a core worker io thread. If it hangs here, there might be deadlock or a high load in the core worker io service.
[2025-10-17 10:09:44,530 I 69752 4704] core_worker.cc:1275: Core worker main io service stopped.
[2025-10-17 10:09:44,586 I 69752 75968] core_worker.cc:1051: Disconnecting a GCS client.
[2025-10-17 10:09:44,586 I 69752 75968] core_worker.cc:1058: Core worker ready to be deallocated.
[2025-10-17 10:09:44,586 I 69752 75968] core_worker_process.cc:330: Task execution loop terminated. Removing the global worker.
[2025-10-17 10:09:44,586 I 69752 75968] core_worker.cc:1008: Core worker is destructed
[2025-10-17 10:09:44,586 I 69752 75968] task_event_buffer.cc:292: Shutting down TaskEventBuffer.
[2025-10-17 10:09:44,587 I 69752 75968] core_worker_process.cc:232: Destructing CoreWorkerProcessImpl. pid: 69752
[2025-10-17 10:09:44,587 I 69752 75968] io_service_pool.cc:47: IOServicePool is stopped.
[2025-10-17 10:09:45,036 I 69752 75968] stats.h:120: Stats module has shutdown.
[2025-10-17 10:09:45,057 W 69752 75968] core_worker_process.cc:246: The core worker process is not initialized yet or already shutdown.
