[2025-10-17 10:09:43,202 I 57732 65856] core_worker_process.cc:187: Constructing CoreWorkerProcess. pid: 57732
[2025-10-17 10:09:43,206 I 57732 65856] io_service_pool.cc:35: IOServicePool is running with 1 io_service.
[2025-10-17 10:09:43,210 I 57732 65856] grpc_server.cc:137: worker server started, listening on port 65024.
[2025-10-17 10:09:43,212 I 57732 65856] core_worker.cc:526: Initializing worker at address: 127.0.0.1:65024 worker_id=d8e5d62dcabeec9129d2aecdc247d2ebf177ac636d6c82eeb8f9940b node_id=bcc2b0c2d8a4ba1e7b3a4c658ad763c05ebab005ed036b3cf45834e3
[2025-10-17 10:09:43,214 I 57732 65856] task_event_buffer.cc:281: Reporting task events to GCS every 1000ms.
[2025-10-17 10:09:43,217 I 57732 31536] core_worker.cc:914: Event stats:


Global stats: 11 total (5 active)
Queueing time: mean = 478.627 us, max = 3.924 ms, min = 270.000 us, total = 5.265 ms
Execution time:  mean = 224.364 us, total = 2.468 ms
Event stats:
	PeriodicalRunner.RunFnPeriodically - 3 total (1 active, 1 running), Execution time: mean = 18.967 us, total = 56.900 us, Queueing time: mean = 1.398 ms, max = 3.924 ms, min = 270.000 us, total = 4.194 ms
	CoreWorker.ExitIfParentRayletDies - 1 total (1 active), Execution time: mean = 0.000 s, total = 0.000 s, Queueing time: mean = 0.000 s, max = -0.000 s, min = 9223372036.855 s, total = 0.000 s
	ray::rpc::WorkerInfoGcsService.grpc_client.AddWorkerInfo - 1 total (0 active), Execution time: mean = 881.900 us, total = 881.900 us, Queueing time: mean = 0.000 s, max = -0.000 s, min = 9223372036.855 s, total = 0.000 s
	ray::rpc::NodeInfoGcsService.grpc_client.GetAllNodeInfo - 1 total (1 active), Execution time: mean = 0.000 s, total = 0.000 s, Queueing time: mean = 0.000 s, max = -0.000 s, min = 9223372036.855 s, total = 0.000 s
	Publisher.CheckDeadSubscribers - 1 total (1 active), Execution time: mean = 0.000 s, total = 0.000 s, Queueing time: mean = 0.000 s, max = -0.000 s, min = 9223372036.855 s, total = 0.000 s
	ray::rpc::InternalPubSubGcsService.grpc_client.GcsSubscriberCommandBatch - 1 total (0 active), Execution time: mean = 855.000 us, total = 855.000 us, Queueing time: mean = 0.000 s, max = -0.000 s, min = 9223372036.855 s, total = 0.000 s
	ray::rpc::WorkerInfoGcsService.grpc_client.AddWorkerInfo.OnReplyReceived - 1 total (0 active), Execution time: mean = 43.800 us, total = 43.800 us, Queueing time: mean = 656.600 us, max = 656.600 us, min = 656.600 us, total = 656.600 us
	ray::rpc::InternalPubSubGcsService.grpc_client.GcsSubscriberCommandBatch.OnReplyReceived - 1 total (0 active), Execution time: mean = 630.400 us, total = 630.400 us, Queueing time: mean = 414.200 us, max = 414.200 us, min = 414.200 us, total = 414.200 us
	ray::rpc::InternalPubSubGcsService.grpc_client.GcsSubscriberPoll - 1 total (1 active), Execution time: mean = 0.000 s, total = 0.000 s, Queueing time: mean = 0.000 s, max = -0.000 s, min = 9223372036.855 s, total = 0.000 s

-----------------
Task execution event stats:

Global stats: 0 total (0 active)
Queueing time: mean = -nan(ind) s, max = -0.000 s, min = 9223372036.855 s, total = 0.000 s
Execution time:  mean = -nan(ind) s, total = 0.000 s
Event stats:

-----------------
Task Event stats:

IO Service Stats:

Global stats: 4 total (1 active)
Queueing time: mean = 15.150 us, max = 33.200 us, min = 27.400 us, total = 60.600 us
Execution time:  mean = 286.750 us, total = 1.147 ms
Event stats:
	PeriodicalRunner.RunFnPeriodically - 1 total (0 active), Execution time: mean = 200.300 us, total = 200.300 us, Queueing time: mean = 33.200 us, max = 33.200 us, min = 33.200 us, total = 33.200 us
	CoreWorker.deadline_timer.flush_task_events - 1 total (1 active), Execution time: mean = 0.000 s, total = 0.000 s, Queueing time: mean = 0.000 s, max = -0.000 s, min = 9223372036.855 s, total = 0.000 s
	ray::rpc::TaskInfoGcsService.grpc_client.AddTaskEventData.OnReplyReceived - 1 total (0 active), Execution time: mean = 29.700 us, total = 29.700 us, Queueing time: mean = 27.400 us, max = 27.400 us, min = 27.400 us, total = 27.400 us
	ray::rpc::TaskInfoGcsService.grpc_client.AddTaskEventData - 1 total (0 active), Execution time: mean = 917.000 us, total = 917.000 us, Queueing time: mean = 0.000 s, max = -0.000 s, min = 9223372036.855 s, total = 0.000 s
Other Stats:
	grpc_in_progress:0
	current number of task status events in buffer: 0
	current number of profile events in buffer: 0
	current number of dropped task attempts tracked: 0
	total task events sent: 0 MiB
	total number of task attempts sent: 0
	total number of task attempts dropped reported: 0
	total number of sent failure: 0
	num status task events dropped: 0
	num profile task events dropped: 0


[2025-10-17 10:09:43,218 I 57732 31536] accessor.cc:760: Received notification for node, IsAlive = 1 node_id=bcc2b0c2d8a4ba1e7b3a4c658ad763c05ebab005ed036b3cf45834e3
[2025-10-17 10:09:43,218 I 57732 31536] core_worker.cc:5080: Number of alive nodes:1
[2025-10-17 10:09:43,220 I 57732 65856] event.cc:500: Ray Event initialized for CORE_WORKER
[2025-10-17 10:09:43,221 I 57732 65856] event.cc:500: Ray Event initialized for EXPORT_TASK
[2025-10-17 10:09:43,221 I 57732 65856] event.cc:331: Set ray event level to warning
[2025-10-17 10:09:44,313 I 57732 31536] core_worker.cc:1171: Exit signal received, this process will exit after all outstanding tasks have finished, exit_type=INTENDED_SYSTEM_EXIT, detail=Worker exits because it was idle (it doesn't have objects it owns while no task or actor has been scheduled) for a long time.
[2025-10-17 10:09:44,314 I 57732 65856] core_worker.cc:1102: Sending disconnect message to the local raylet.
[2025-10-17 10:09:44,314 I 57732 65856] raylet_client.cc:73: RayletClient::Disconnect, exit_type=INTENDED_SYSTEM_EXIT, exit_detail=Worker exits because it was idle (it doesn't have objects it owns while no task or actor has been scheduled) for a long time., has creation_task_exception_pb_bytes=0
[2025-10-17 10:09:44,317 I 57732 65856] core_worker.cc:1108: Disconnected from the local raylet.
[2025-10-17 10:09:44,317 I 57732 65856] core_worker.cc:1017: Shutting down a core worker.
[2025-10-17 10:09:44,317 I 57732 65856] task_event_buffer.cc:292: Shutting down TaskEventBuffer.
[2025-10-17 10:09:44,317 I 57732 57132] task_event_buffer.cc:260: Task event buffer io service stopped.
[2025-10-17 10:09:44,317 I 57732 65856] core_worker.cc:1039: Waiting for joining a core worker io thread. If it hangs here, there might be deadlock or a high load in the core worker io service.
[2025-10-17 10:09:44,317 I 57732 31536] core_worker.cc:1275: Core worker main io service stopped.
[2025-10-17 10:09:44,323 I 57732 65856] core_worker.cc:1051: Disconnecting a GCS client.
[2025-10-17 10:09:44,323 I 57732 65856] core_worker.cc:1058: Core worker ready to be deallocated.
[2025-10-17 10:09:44,323 I 57732 65856] core_worker_process.cc:330: Task execution loop terminated. Removing the global worker.
[2025-10-17 10:09:44,323 I 57732 65856] core_worker.cc:1008: Core worker is destructed
[2025-10-17 10:09:44,323 I 57732 65856] task_event_buffer.cc:292: Shutting down TaskEventBuffer.
[2025-10-17 10:09:44,324 I 57732 65856] core_worker_process.cc:232: Destructing CoreWorkerProcessImpl. pid: 57732
[2025-10-17 10:09:44,324 I 57732 65856] io_service_pool.cc:47: IOServicePool is stopped.
[2025-10-17 10:09:44,524 I 57732 65856] stats.h:120: Stats module has shutdown.
[2025-10-17 10:09:44,559 W 57732 65856] core_worker_process.cc:246: The core worker process is not initialized yet or already shutdown.
