[2025-10-17 10:09:43,516 I 55656 61500] core_worker_process.cc:187: Constructing CoreWorkerProcess. pid: 55656
[2025-10-17 10:09:43,519 I 55656 61500] io_service_pool.cc:35: IOServicePool is running with 1 io_service.
[2025-10-17 10:09:43,522 I 55656 61500] grpc_server.cc:137: worker server started, listening on port 65079.
[2025-10-17 10:09:43,523 I 55656 61500] core_worker.cc:526: Initializing worker at address: 127.0.0.1:65079 worker_id=3682a319655652ea4a5c21937edcf2821318f7b49370ea82ae19ecfa node_id=bcc2b0c2d8a4ba1e7b3a4c658ad763c05ebab005ed036b3cf45834e3
[2025-10-17 10:09:43,524 I 55656 61500] task_event_buffer.cc:281: Reporting task events to GCS every 1000ms.
[2025-10-17 10:09:43,526 I 55656 25512] accessor.cc:760: Received notification for node, IsAlive = 1 node_id=bcc2b0c2d8a4ba1e7b3a4c658ad763c05ebab005ed036b3cf45834e3
[2025-10-17 10:09:43,526 I 55656 25512] core_worker.cc:5080: Number of alive nodes:1
[2025-10-17 10:09:43,527 I 55656 25512] core_worker.cc:914: Event stats:


Global stats: 12 total (4 active)
Queueing time: mean = 24.583 us, max = 192.500 us, min = 14.600 us, total = 295.000 us
Execution time:  mean = 184.608 us, total = 2.215 ms
Event stats:
	PeriodicalRunner.RunFnPeriodically - 3 total (1 active, 1 running), Execution time: mean = 10.433 us, total = 31.300 us, Queueing time: mean = 74.700 us, max = 192.500 us, min = 31.600 us, total = 224.100 us
	ray::rpc::WorkerInfoGcsService.grpc_client.AddWorkerInfo - 1 total (0 active), Execution time: mean = 612.000 us, total = 612.000 us, Queueing time: mean = 0.000 s, max = -0.000 s, min = 9223372036.855 s, total = 0.000 s
	ray::rpc::InternalPubSubGcsService.grpc_client.GcsSubscriberPoll - 1 total (1 active), Execution time: mean = 0.000 s, total = 0.000 s, Queueing time: mean = 0.000 s, max = -0.000 s, min = 9223372036.855 s, total = 0.000 s
	CoreWorker.ExitIfParentRayletDies - 1 total (1 active), Execution time: mean = 0.000 s, total = 0.000 s, Queueing time: mean = 0.000 s, max = -0.000 s, min = 9223372036.855 s, total = 0.000 s
	ray::rpc::WorkerInfoGcsService.grpc_client.AddWorkerInfo.OnReplyReceived - 1 total (0 active), Execution time: mean = 20.900 us, total = 20.900 us, Queueing time: mean = 14.600 us, max = 14.600 us, min = 14.600 us, total = 14.600 us
	ray::rpc::NodeInfoGcsService.grpc_client.GetAllNodeInfo.OnReplyReceived - 1 total (0 active), Execution time: mean = 154.400 us, total = 154.400 us, Queueing time: mean = 31.300 us, max = 31.300 us, min = 31.300 us, total = 31.300 us
	ray::rpc::InternalPubSubGcsService.grpc_client.GcsSubscriberCommandBatch.OnReplyReceived - 1 total (0 active), Execution time: mean = 272.500 us, total = 272.500 us, Queueing time: mean = 25.000 us, max = 25.000 us, min = 25.000 us, total = 25.000 us
	ray::rpc::NodeInfoGcsService.grpc_client.GetAllNodeInfo - 1 total (0 active), Execution time: mean = 505.600 us, total = 505.600 us, Queueing time: mean = 0.000 s, max = -0.000 s, min = 9223372036.855 s, total = 0.000 s
	ray::rpc::InternalPubSubGcsService.grpc_client.GcsSubscriberCommandBatch - 1 total (0 active), Execution time: mean = 618.600 us, total = 618.600 us, Queueing time: mean = 0.000 s, max = -0.000 s, min = 9223372036.855 s, total = 0.000 s
	Publisher.CheckDeadSubscribers - 1 total (1 active), Execution time: mean = 0.000 s, total = 0.000 s, Queueing time: mean = 0.000 s, max = -0.000 s, min = 9223372036.855 s, total = 0.000 s

-----------------
Task execution event stats:

Global stats: 0 total (0 active)
Queueing time: mean = -nan(ind) s, max = -0.000 s, min = 9223372036.855 s, total = 0.000 s
Execution time:  mean = -nan(ind) s, total = 0.000 s
Event stats:

-----------------
Task Event stats:

IO Service Stats:

Global stats: 4 total (1 active)
Queueing time: mean = 13.825 us, max = 33.100 us, min = 22.200 us, total = 55.300 us
Execution time:  mean = 190.875 us, total = 763.500 us
Event stats:
	PeriodicalRunner.RunFnPeriodically - 1 total (0 active), Execution time: mean = 215.200 us, total = 215.200 us, Queueing time: mean = 33.100 us, max = 33.100 us, min = 33.100 us, total = 33.100 us
	ray::rpc::TaskInfoGcsService.grpc_client.AddTaskEventData - 1 total (0 active), Execution time: mean = 526.100 us, total = 526.100 us, Queueing time: mean = 0.000 s, max = -0.000 s, min = 9223372036.855 s, total = 0.000 s
	CoreWorker.deadline_timer.flush_task_events - 1 total (1 active), Execution time: mean = 0.000 s, total = 0.000 s, Queueing time: mean = 0.000 s, max = -0.000 s, min = 9223372036.855 s, total = 0.000 s
	ray::rpc::TaskInfoGcsService.grpc_client.AddTaskEventData.OnReplyReceived - 1 total (0 active), Execution time: mean = 22.200 us, total = 22.200 us, Queueing time: mean = 22.200 us, max = 22.200 us, min = 22.200 us, total = 22.200 us
Other Stats:
	grpc_in_progress:0
	current number of task status events in buffer: 0
	current number of profile events in buffer: 0
	current number of dropped task attempts tracked: 0
	total task events sent: 0 MiB
	total number of task attempts sent: 0
	total number of task attempts dropped reported: 0
	total number of sent failure: 0
	num status task events dropped: 0
	num profile task events dropped: 0


[2025-10-17 10:09:43,529 I 55656 61500] event.cc:500: Ray Event initialized for CORE_WORKER
[2025-10-17 10:09:43,530 I 55656 61500] event.cc:500: Ray Event initialized for EXPORT_TASK
[2025-10-17 10:09:43,530 I 55656 61500] event.cc:331: Set ray event level to warning
[2025-10-17 10:09:44,746 I 55656 25512] core_worker.cc:1171: Exit signal received, this process will exit after all outstanding tasks have finished, exit_type=INTENDED_SYSTEM_EXIT, detail=Worker exits because it was idle (it doesn't have objects it owns while no task or actor has been scheduled) for a long time.
[2025-10-17 10:09:44,748 I 55656 61500] core_worker.cc:1102: Sending disconnect message to the local raylet.
[2025-10-17 10:09:44,748 I 55656 61500] raylet_client.cc:73: RayletClient::Disconnect, exit_type=INTENDED_SYSTEM_EXIT, exit_detail=Worker exits because it was idle (it doesn't have objects it owns while no task or actor has been scheduled) for a long time., has creation_task_exception_pb_bytes=0
[2025-10-17 10:09:44,748 I 55656 61500] core_worker.cc:1108: Disconnected from the local raylet.
[2025-10-17 10:09:44,748 I 55656 61500] core_worker.cc:1017: Shutting down a core worker.
[2025-10-17 10:09:44,748 I 55656 61500] task_event_buffer.cc:292: Shutting down TaskEventBuffer.
[2025-10-17 10:09:44,748 I 55656 44700] task_event_buffer.cc:260: Task event buffer io service stopped.
[2025-10-17 10:09:44,749 I 55656 61500] core_worker.cc:1039: Waiting for joining a core worker io thread. If it hangs here, there might be deadlock or a high load in the core worker io service.
[2025-10-17 10:09:44,749 I 55656 25512] core_worker.cc:1275: Core worker main io service stopped.
[2025-10-17 10:09:44,750 I 55656 61500] core_worker.cc:1051: Disconnecting a GCS client.
[2025-10-17 10:09:44,750 I 55656 61500] core_worker.cc:1058: Core worker ready to be deallocated.
[2025-10-17 10:09:44,750 I 55656 61500] core_worker_process.cc:330: Task execution loop terminated. Removing the global worker.
[2025-10-17 10:09:44,750 I 55656 61500] core_worker.cc:1008: Core worker is destructed
[2025-10-17 10:09:44,750 I 55656 61500] task_event_buffer.cc:292: Shutting down TaskEventBuffer.
[2025-10-17 10:09:45,007 I 55656 61500] core_worker_process.cc:232: Destructing CoreWorkerProcessImpl. pid: 55656
[2025-10-17 10:09:45,007 I 55656 61500] io_service_pool.cc:47: IOServicePool is stopped.
[2025-10-17 10:09:45,361 I 55656 61500] stats.h:120: Stats module has shutdown.
[2025-10-17 10:09:45,382 W 55656 61500] core_worker_process.cc:246: The core worker process is not initialized yet or already shutdown.
