[2025-10-17 10:09:43,170 I 81640 46408] core_worker_process.cc:187: Constructing CoreWorkerProcess. pid: 81640
[2025-10-17 10:09:43,174 I 81640 46408] io_service_pool.cc:35: IOServicePool is running with 1 io_service.
[2025-10-17 10:09:43,177 I 81640 46408] grpc_server.cc:137: worker server started, listening on port 65014.
[2025-10-17 10:09:43,179 I 81640 46408] core_worker.cc:526: Initializing worker at address: 127.0.0.1:65014 worker_id=6c1b39cda8a02c73c682dae5b8c01c0c71e323f0f84e4dfccea891cd node_id=bcc2b0c2d8a4ba1e7b3a4c658ad763c05ebab005ed036b3cf45834e3
[2025-10-17 10:09:43,182 I 81640 46408] task_event_buffer.cc:281: Reporting task events to GCS every 1000ms.
[2025-10-17 10:09:43,184 I 81640 76748] accessor.cc:760: Received notification for node, IsAlive = 1 node_id=bcc2b0c2d8a4ba1e7b3a4c658ad763c05ebab005ed036b3cf45834e3
[2025-10-17 10:09:43,184 I 81640 76748] core_worker.cc:5080: Number of alive nodes:1
[2025-10-17 10:09:43,185 I 81640 76748] core_worker.cc:914: Event stats:


Global stats: 12 total (4 active)
Queueing time: mean = 142.992 us, max = 860.000 us, min = 50.200 us, total = 1.716 ms
Execution time:  mean = 284.233 us, total = 3.411 ms
Event stats:
	PeriodicalRunner.RunFnPeriodically - 3 total (1 active, 1 running), Execution time: mean = 11.733 us, total = 35.200 us, Queueing time: mean = 247.967 us, max = 657.200 us, min = 86.700 us, total = 743.900 us
	ray::rpc::InternalPubSubGcsService.grpc_client.GcsSubscriberPoll - 1 total (1 active), Execution time: mean = 0.000 s, total = 0.000 s, Queueing time: mean = 0.000 s, max = -0.000 s, min = 9223372036.855 s, total = 0.000 s
	CoreWorker.ExitIfParentRayletDies - 1 total (1 active), Execution time: mean = 0.000 s, total = 0.000 s, Queueing time: mean = 0.000 s, max = -0.000 s, min = 9223372036.855 s, total = 0.000 s
	ray::rpc::InternalPubSubGcsService.grpc_client.GcsSubscriberCommandBatch.OnReplyReceived - 1 total (0 active), Execution time: mean = 232.100 us, total = 232.100 us, Queueing time: mean = 50.200 us, max = 50.200 us, min = 50.200 us, total = 50.200 us
	ray::rpc::NodeInfoGcsService.grpc_client.GetAllNodeInfo.OnReplyReceived - 1 total (0 active), Execution time: mean = 110.100 us, total = 110.100 us, Queueing time: mean = 61.800 us, max = 61.800 us, min = 61.800 us, total = 61.800 us
	ray::rpc::WorkerInfoGcsService.grpc_client.AddWorkerInfo.OnReplyReceived - 1 total (0 active), Execution time: mean = 725.000 us, total = 725.000 us, Queueing time: mean = 860.000 us, max = 860.000 us, min = 860.000 us, total = 860.000 us
	Publisher.CheckDeadSubscribers - 1 total (1 active), Execution time: mean = 0.000 s, total = 0.000 s, Queueing time: mean = 0.000 s, max = -0.000 s, min = 9223372036.855 s, total = 0.000 s
	ray::rpc::InternalPubSubGcsService.grpc_client.GcsSubscriberCommandBatch - 1 total (0 active), Execution time: mean = 909.300 us, total = 909.300 us, Queueing time: mean = 0.000 s, max = -0.000 s, min = 9223372036.855 s, total = 0.000 s
	ray::rpc::NodeInfoGcsService.grpc_client.GetAllNodeInfo - 1 total (0 active), Execution time: mean = 630.500 us, total = 630.500 us, Queueing time: mean = 0.000 s, max = -0.000 s, min = 9223372036.855 s, total = 0.000 s
	ray::rpc::WorkerInfoGcsService.grpc_client.AddWorkerInfo - 1 total (0 active), Execution time: mean = 768.600 us, total = 768.600 us, Queueing time: mean = 0.000 s, max = -0.000 s, min = 9223372036.855 s, total = 0.000 s

-----------------
Task execution event stats:

Global stats: 0 total (0 active)
Queueing time: mean = -nan(ind) s, max = -0.000 s, min = 9223372036.855 s, total = 0.000 s
Execution time:  mean = -nan(ind) s, total = 0.000 s
Event stats:

-----------------
Task Event stats:

IO Service Stats:

Global stats: 4 total (1 active)
Queueing time: mean = 16.200 us, max = 42.000 us, min = 22.800 us, total = 64.800 us
Execution time:  mean = 266.700 us, total = 1.067 ms
Event stats:
	PeriodicalRunner.RunFnPeriodically - 1 total (0 active), Execution time: mean = 164.200 us, total = 164.200 us, Queueing time: mean = 42.000 us, max = 42.000 us, min = 42.000 us, total = 42.000 us
	CoreWorker.deadline_timer.flush_task_events - 1 total (1 active), Execution time: mean = 0.000 s, total = 0.000 s, Queueing time: mean = 0.000 s, max = -0.000 s, min = 9223372036.855 s, total = 0.000 s
	ray::rpc::TaskInfoGcsService.grpc_client.AddTaskEventData.OnReplyReceived - 1 total (0 active), Execution time: mean = 28.200 us, total = 28.200 us, Queueing time: mean = 22.800 us, max = 22.800 us, min = 22.800 us, total = 22.800 us
	ray::rpc::TaskInfoGcsService.grpc_client.AddTaskEventData - 1 total (0 active), Execution time: mean = 874.400 us, total = 874.400 us, Queueing time: mean = 0.000 s, max = -0.000 s, min = 9223372036.855 s, total = 0.000 s
Other Stats:
	grpc_in_progress:0
	current number of task status events in buffer: 0
	current number of profile events in buffer: 0
	current number of dropped task attempts tracked: 0
	total task events sent: 0 MiB
	total number of task attempts sent: 0
	total number of task attempts dropped reported: 0
	total number of sent failure: 0
	num status task events dropped: 0
	num profile task events dropped: 0


[2025-10-17 10:09:43,188 I 81640 46408] event.cc:500: Ray Event initialized for CORE_WORKER
[2025-10-17 10:09:43,188 I 81640 46408] event.cc:500: Ray Event initialized for EXPORT_TASK
[2025-10-17 10:09:43,188 I 81640 46408] event.cc:331: Set ray event level to warning
[2025-10-17 10:09:44,313 I 81640 76748] core_worker.cc:1171: Exit signal received, this process will exit after all outstanding tasks have finished, exit_type=INTENDED_SYSTEM_EXIT, detail=Worker exits because it was idle (it doesn't have objects it owns while no task or actor has been scheduled) for a long time.
[2025-10-17 10:09:44,315 I 81640 46408] core_worker.cc:1102: Sending disconnect message to the local raylet.
[2025-10-17 10:09:44,315 I 81640 46408] raylet_client.cc:73: RayletClient::Disconnect, exit_type=INTENDED_SYSTEM_EXIT, exit_detail=Worker exits because it was idle (it doesn't have objects it owns while no task or actor has been scheduled) for a long time., has creation_task_exception_pb_bytes=0
[2025-10-17 10:09:44,317 I 81640 46408] core_worker.cc:1108: Disconnected from the local raylet.
[2025-10-17 10:09:44,317 I 81640 46408] core_worker.cc:1017: Shutting down a core worker.
[2025-10-17 10:09:44,317 I 81640 46408] task_event_buffer.cc:292: Shutting down TaskEventBuffer.
[2025-10-17 10:09:44,317 I 81640 53908] task_event_buffer.cc:260: Task event buffer io service stopped.
[2025-10-17 10:09:44,317 I 81640 46408] core_worker.cc:1039: Waiting for joining a core worker io thread. If it hangs here, there might be deadlock or a high load in the core worker io service.
[2025-10-17 10:09:44,317 I 81640 76748] core_worker.cc:1275: Core worker main io service stopped.
[2025-10-17 10:09:44,319 I 81640 46408] core_worker.cc:1051: Disconnecting a GCS client.
[2025-10-17 10:09:44,319 I 81640 46408] core_worker.cc:1058: Core worker ready to be deallocated.
[2025-10-17 10:09:44,319 I 81640 46408] core_worker_process.cc:330: Task execution loop terminated. Removing the global worker.
[2025-10-17 10:09:44,319 I 81640 46408] core_worker.cc:1008: Core worker is destructed
[2025-10-17 10:09:44,319 I 81640 46408] task_event_buffer.cc:292: Shutting down TaskEventBuffer.
[2025-10-17 10:09:44,320 I 81640 46408] core_worker_process.cc:232: Destructing CoreWorkerProcessImpl. pid: 81640
[2025-10-17 10:09:44,320 I 81640 46408] io_service_pool.cc:47: IOServicePool is stopped.
[2025-10-17 10:09:44,741 I 81640 46408] stats.h:120: Stats module has shutdown.
[2025-10-17 10:09:44,769 W 81640 46408] core_worker_process.cc:246: The core worker process is not initialized yet or already shutdown.
