[2025-10-17 10:09:43,443 I 37376 29268] core_worker_process.cc:187: Constructing CoreWorkerProcess. pid: 37376
[2025-10-17 10:09:43,447 I 37376 29268] io_service_pool.cc:35: IOServicePool is running with 1 io_service.
[2025-10-17 10:09:43,449 I 37376 29268] grpc_server.cc:137: worker server started, listening on port 65054.
[2025-10-17 10:09:43,451 I 37376 29268] core_worker.cc:526: Initializing worker at address: 127.0.0.1:65054 worker_id=62fc9e5b87ae9fa2dd82ab6676e055099161edd22fc7ab40c37a0b32 node_id=bcc2b0c2d8a4ba1e7b3a4c658ad763c05ebab005ed036b3cf45834e3
[2025-10-17 10:09:43,453 I 37376 29268] task_event_buffer.cc:281: Reporting task events to GCS every 1000ms.
[2025-10-17 10:09:43,454 I 37376 28820] accessor.cc:760: Received notification for node, IsAlive = 1 node_id=bcc2b0c2d8a4ba1e7b3a4c658ad763c05ebab005ed036b3cf45834e3
[2025-10-17 10:09:43,454 I 37376 28820] core_worker.cc:5080: Number of alive nodes:1
[2025-10-17 10:09:43,455 I 37376 28820] core_worker.cc:914: Event stats:


Global stats: 12 total (4 active)
Queueing time: mean = 22.542 us, max = 168.300 us, min = 19.600 us, total = 270.500 us
Execution time:  mean = 176.750 us, total = 2.121 ms
Event stats:
	PeriodicalRunner.RunFnPeriodically - 3 total (1 active, 1 running), Execution time: mean = 12.733 us, total = 38.200 us, Queueing time: mean = 64.300 us, max = 168.300 us, min = 24.600 us, total = 192.900 us
	ray::rpc::InternalPubSubGcsService.grpc_client.GcsSubscriberCommandBatch - 1 total (0 active), Execution time: mean = 604.800 us, total = 604.800 us, Queueing time: mean = 0.000 s, max = -0.000 s, min = 9223372036.855 s, total = 0.000 s
	ray::rpc::WorkerInfoGcsService.grpc_client.AddWorkerInfo.OnReplyReceived - 1 total (0 active), Execution time: mean = 30.500 us, total = 30.500 us, Queueing time: mean = 26.600 us, max = 26.600 us, min = 26.600 us, total = 26.600 us
	Publisher.CheckDeadSubscribers - 1 total (1 active), Execution time: mean = 0.000 s, total = 0.000 s, Queueing time: mean = 0.000 s, max = -0.000 s, min = 9223372036.855 s, total = 0.000 s
	ray::rpc::InternalPubSubGcsService.grpc_client.GcsSubscriberCommandBatch.OnReplyReceived - 1 total (0 active), Execution time: mean = 192.000 us, total = 192.000 us, Queueing time: mean = 31.400 us, max = 31.400 us, min = 31.400 us, total = 31.400 us
	ray::rpc::NodeInfoGcsService.grpc_client.GetAllNodeInfo.OnReplyReceived - 1 total (0 active), Execution time: mean = 117.100 us, total = 117.100 us, Queueing time: mean = 19.600 us, max = 19.600 us, min = 19.600 us, total = 19.600 us
	ray::rpc::InternalPubSubGcsService.grpc_client.GcsSubscriberPoll - 1 total (1 active), Execution time: mean = 0.000 s, total = 0.000 s, Queueing time: mean = 0.000 s, max = -0.000 s, min = 9223372036.855 s, total = 0.000 s
	CoreWorker.ExitIfParentRayletDies - 1 total (1 active), Execution time: mean = 0.000 s, total = 0.000 s, Queueing time: mean = 0.000 s, max = -0.000 s, min = 9223372036.855 s, total = 0.000 s
	ray::rpc::WorkerInfoGcsService.grpc_client.AddWorkerInfo - 1 total (0 active), Execution time: mean = 672.300 us, total = 672.300 us, Queueing time: mean = 0.000 s, max = -0.000 s, min = 9223372036.855 s, total = 0.000 s
	ray::rpc::NodeInfoGcsService.grpc_client.GetAllNodeInfo - 1 total (0 active), Execution time: mean = 466.100 us, total = 466.100 us, Queueing time: mean = 0.000 s, max = -0.000 s, min = 9223372036.855 s, total = 0.000 s

-----------------
Task execution event stats:

Global stats: 0 total (0 active)
Queueing time: mean = -nan(ind) s, max = -0.000 s, min = 9223372036.855 s, total = 0.000 s
Execution time:  mean = -nan(ind) s, total = 0.000 s
Event stats:

-----------------
Task Event stats:

IO Service Stats:

Global stats: 4 total (1 active)
Queueing time: mean = 13.375 us, max = 29.900 us, min = 23.600 us, total = 53.500 us
Execution time:  mean = 228.350 us, total = 913.400 us
Event stats:
	PeriodicalRunner.RunFnPeriodically - 1 total (0 active), Execution time: mean = 314.500 us, total = 314.500 us, Queueing time: mean = 29.900 us, max = 29.900 us, min = 29.900 us, total = 29.900 us
	CoreWorker.deadline_timer.flush_task_events - 1 total (1 active), Execution time: mean = 0.000 s, total = 0.000 s, Queueing time: mean = 0.000 s, max = -0.000 s, min = 9223372036.855 s, total = 0.000 s
	ray::rpc::TaskInfoGcsService.grpc_client.AddTaskEventData.OnReplyReceived - 1 total (0 active), Execution time: mean = 22.400 us, total = 22.400 us, Queueing time: mean = 23.600 us, max = 23.600 us, min = 23.600 us, total = 23.600 us
	ray::rpc::TaskInfoGcsService.grpc_client.AddTaskEventData - 1 total (0 active), Execution time: mean = 576.500 us, total = 576.500 us, Queueing time: mean = 0.000 s, max = -0.000 s, min = 9223372036.855 s, total = 0.000 s
Other Stats:
	grpc_in_progress:0
	current number of task status events in buffer: 0
	current number of profile events in buffer: 0
	current number of dropped task attempts tracked: 0
	total task events sent: 0 MiB
	total number of task attempts sent: 0
	total number of task attempts dropped reported: 0
	total number of sent failure: 0
	num status task events dropped: 0
	num profile task events dropped: 0


[2025-10-17 10:09:43,457 I 37376 29268] event.cc:500: Ray Event initialized for CORE_WORKER
[2025-10-17 10:09:43,458 I 37376 29268] event.cc:500: Ray Event initialized for EXPORT_TASK
[2025-10-17 10:09:43,458 I 37376 29268] event.cc:331: Set ray event level to warning
[2025-10-17 10:09:44,529 I 37376 28820] core_worker.cc:1171: Exit signal received, this process will exit after all outstanding tasks have finished, exit_type=INTENDED_SYSTEM_EXIT, detail=Worker exits because it was idle (it doesn't have objects it owns while no task or actor has been scheduled) for a long time.
[2025-10-17 10:09:44,530 I 37376 29268] core_worker.cc:1102: Sending disconnect message to the local raylet.
[2025-10-17 10:09:44,530 I 37376 29268] raylet_client.cc:73: RayletClient::Disconnect, exit_type=INTENDED_SYSTEM_EXIT, exit_detail=Worker exits because it was idle (it doesn't have objects it owns while no task or actor has been scheduled) for a long time., has creation_task_exception_pb_bytes=0
[2025-10-17 10:09:44,530 I 37376 29268] core_worker.cc:1108: Disconnected from the local raylet.
[2025-10-17 10:09:44,530 I 37376 29268] core_worker.cc:1017: Shutting down a core worker.
[2025-10-17 10:09:44,530 I 37376 29268] task_event_buffer.cc:292: Shutting down TaskEventBuffer.
[2025-10-17 10:09:44,530 I 37376 61496] task_event_buffer.cc:260: Task event buffer io service stopped.
[2025-10-17 10:09:44,530 I 37376 29268] core_worker.cc:1039: Waiting for joining a core worker io thread. If it hangs here, there might be deadlock or a high load in the core worker io service.
[2025-10-17 10:09:44,530 I 37376 28820] core_worker.cc:1275: Core worker main io service stopped.
[2025-10-17 10:09:44,570 I 37376 29268] core_worker.cc:1051: Disconnecting a GCS client.
[2025-10-17 10:09:44,570 I 37376 29268] core_worker.cc:1058: Core worker ready to be deallocated.
[2025-10-17 10:09:44,571 I 37376 29268] core_worker_process.cc:330: Task execution loop terminated. Removing the global worker.
[2025-10-17 10:09:44,571 I 37376 29268] core_worker.cc:1008: Core worker is destructed
[2025-10-17 10:09:44,571 I 37376 29268] task_event_buffer.cc:292: Shutting down TaskEventBuffer.
[2025-10-17 10:09:44,571 I 37376 29268] core_worker_process.cc:232: Destructing CoreWorkerProcessImpl. pid: 37376
[2025-10-17 10:09:44,571 I 37376 29268] io_service_pool.cc:47: IOServicePool is stopped.
[2025-10-17 10:09:44,757 I 37376 29268] stats.h:120: Stats module has shutdown.
[2025-10-17 10:09:44,779 W 37376 29268] core_worker_process.cc:246: The core worker process is not initialized yet or already shutdown.
