[2025-10-17 10:09:43,225 I 21300 51040] core_worker_process.cc:187: Constructing CoreWorkerProcess. pid: 21300
[2025-10-17 10:09:43,229 I 21300 51040] io_service_pool.cc:35: IOServicePool is running with 1 io_service.
[2025-10-17 10:09:43,232 I 21300 51040] grpc_server.cc:137: worker server started, listening on port 65035.
[2025-10-17 10:09:43,234 I 21300 51040] core_worker.cc:526: Initializing worker at address: 127.0.0.1:65035 worker_id=aae5879d378cbfb662bc83245e9e393fb8b3ad67322428313cf98b81 node_id=bcc2b0c2d8a4ba1e7b3a4c658ad763c05ebab005ed036b3cf45834e3
[2025-10-17 10:09:43,236 I 21300 51040] task_event_buffer.cc:281: Reporting task events to GCS every 1000ms.
[2025-10-17 10:09:43,239 I 21300 34336] accessor.cc:760: Received notification for node, IsAlive = 1 node_id=bcc2b0c2d8a4ba1e7b3a4c658ad763c05ebab005ed036b3cf45834e3
[2025-10-17 10:09:43,239 I 21300 34336] core_worker.cc:5080: Number of alive nodes:1
[2025-10-17 10:09:43,239 I 21300 34336] core_worker.cc:914: Event stats:


Global stats: 12 total (4 active)
Queueing time: mean = 127.250 us, max = 509.600 us, min = 21.300 us, total = 1.527 ms
Execution time:  mean = 268.250 us, total = 3.219 ms
Event stats:
	PeriodicalRunner.RunFnPeriodically - 3 total (1 active, 1 running), Execution time: mean = 13.233 us, total = 39.700 us, Queueing time: mean = 230.700 us, max = 446.300 us, min = 245.800 us, total = 692.100 us
	ray::rpc::WorkerInfoGcsService.grpc_client.AddWorkerInfo - 1 total (0 active), Execution time: mean = 834.300 us, total = 834.300 us, Queueing time: mean = 0.000 s, max = -0.000 s, min = 9223372036.855 s, total = 0.000 s
	ray::rpc::InternalPubSubGcsService.grpc_client.GcsSubscriberCommandBatch - 1 total (0 active), Execution time: mean = 619.800 us, total = 619.800 us, Queueing time: mean = 0.000 s, max = -0.000 s, min = 9223372036.855 s, total = 0.000 s
	Publisher.CheckDeadSubscribers - 1 total (1 active), Execution time: mean = 0.000 s, total = 0.000 s, Queueing time: mean = 0.000 s, max = -0.000 s, min = 9223372036.855 s, total = 0.000 s
	ray::rpc::NodeInfoGcsService.grpc_client.GetAllNodeInfo - 1 total (0 active), Execution time: mean = 881.000 us, total = 881.000 us, Queueing time: mean = 0.000 s, max = -0.000 s, min = 9223372036.855 s, total = 0.000 s
	ray::rpc::InternalPubSubGcsService.grpc_client.GcsSubscriberCommandBatch.OnReplyReceived - 1 total (0 active), Execution time: mean = 472.300 us, total = 472.300 us, Queueing time: mean = 304.000 us, max = 304.000 us, min = 304.000 us, total = 304.000 us
	ray::rpc::NodeInfoGcsService.grpc_client.GetAllNodeInfo.OnReplyReceived - 1 total (0 active), Execution time: mean = 341.200 us, total = 341.200 us, Queueing time: mean = 509.600 us, max = 509.600 us, min = 509.600 us, total = 509.600 us
	ray::rpc::WorkerInfoGcsService.grpc_client.AddWorkerInfo.OnReplyReceived - 1 total (0 active), Execution time: mean = 30.700 us, total = 30.700 us, Queueing time: mean = 21.300 us, max = 21.300 us, min = 21.300 us, total = 21.300 us
	CoreWorker.ExitIfParentRayletDies - 1 total (1 active), Execution time: mean = 0.000 s, total = 0.000 s, Queueing time: mean = 0.000 s, max = -0.000 s, min = 9223372036.855 s, total = 0.000 s
	ray::rpc::InternalPubSubGcsService.grpc_client.GcsSubscriberPoll - 1 total (1 active), Execution time: mean = 0.000 s, total = 0.000 s, Queueing time: mean = 0.000 s, max = -0.000 s, min = 9223372036.855 s, total = 0.000 s

-----------------
Task execution event stats:

Global stats: 0 total (0 active)
Queueing time: mean = -nan(ind) s, max = -0.000 s, min = 9223372036.855 s, total = 0.000 s
Execution time:  mean = -nan(ind) s, total = 0.000 s
Event stats:

-----------------
Task Event stats:

IO Service Stats:

Global stats: 4 total (1 active)
Queueing time: mean = 14.700 us, max = 32.700 us, min = 26.100 us, total = 58.800 us
Execution time:  mean = 206.775 us, total = 827.100 us
Event stats:
	CoreWorker.deadline_timer.flush_task_events - 1 total (1 active), Execution time: mean = 0.000 s, total = 0.000 s, Queueing time: mean = 0.000 s, max = -0.000 s, min = 9223372036.855 s, total = 0.000 s
	PeriodicalRunner.RunFnPeriodically - 1 total (0 active), Execution time: mean = 147.800 us, total = 147.800 us, Queueing time: mean = 26.100 us, max = 26.100 us, min = 26.100 us, total = 26.100 us
	ray::rpc::TaskInfoGcsService.grpc_client.AddTaskEventData.OnReplyReceived - 1 total (0 active), Execution time: mean = 22.400 us, total = 22.400 us, Queueing time: mean = 32.700 us, max = 32.700 us, min = 32.700 us, total = 32.700 us
	ray::rpc::TaskInfoGcsService.grpc_client.AddTaskEventData - 1 total (0 active), Execution time: mean = 656.900 us, total = 656.900 us, Queueing time: mean = 0.000 s, max = -0.000 s, min = 9223372036.855 s, total = 0.000 s
Other Stats:
	grpc_in_progress:0
	current number of task status events in buffer: 0
	current number of profile events in buffer: 0
	current number of dropped task attempts tracked: 0
	total task events sent: 0 MiB
	total number of task attempts sent: 0
	total number of task attempts dropped reported: 0
	total number of sent failure: 0
	num status task events dropped: 0
	num profile task events dropped: 0


[2025-10-17 10:09:43,242 I 21300 51040] event.cc:500: Ray Event initialized for CORE_WORKER
[2025-10-17 10:09:43,242 I 21300 51040] event.cc:500: Ray Event initialized for EXPORT_TASK
[2025-10-17 10:09:43,242 I 21300 51040] event.cc:331: Set ray event level to warning
[2025-10-17 10:09:44,312 I 21300 34336] core_worker.cc:1171: Exit signal received, this process will exit after all outstanding tasks have finished, exit_type=INTENDED_SYSTEM_EXIT, detail=Worker exits because it was idle (it doesn't have objects it owns while no task or actor has been scheduled) for a long time.
[2025-10-17 10:09:44,314 I 21300 51040] core_worker.cc:1102: Sending disconnect message to the local raylet.
[2025-10-17 10:09:44,314 I 21300 51040] raylet_client.cc:73: RayletClient::Disconnect, exit_type=INTENDED_SYSTEM_EXIT, exit_detail=Worker exits because it was idle (it doesn't have objects it owns while no task or actor has been scheduled) for a long time., has creation_task_exception_pb_bytes=0
[2025-10-17 10:09:44,317 I 21300 51040] core_worker.cc:1108: Disconnected from the local raylet.
[2025-10-17 10:09:44,317 I 21300 51040] core_worker.cc:1017: Shutting down a core worker.
[2025-10-17 10:09:44,317 I 21300 51040] task_event_buffer.cc:292: Shutting down TaskEventBuffer.
[2025-10-17 10:09:44,317 I 21300 2996] task_event_buffer.cc:260: Task event buffer io service stopped.
[2025-10-17 10:09:44,317 I 21300 51040] core_worker.cc:1039: Waiting for joining a core worker io thread. If it hangs here, there might be deadlock or a high load in the core worker io service.
[2025-10-17 10:09:44,317 I 21300 34336] core_worker.cc:1275: Core worker main io service stopped.
[2025-10-17 10:09:44,354 I 21300 51040] core_worker.cc:1051: Disconnecting a GCS client.
[2025-10-17 10:09:44,354 I 21300 51040] core_worker.cc:1058: Core worker ready to be deallocated.
[2025-10-17 10:09:44,354 I 21300 51040] core_worker_process.cc:330: Task execution loop terminated. Removing the global worker.
[2025-10-17 10:09:44,354 I 21300 51040] core_worker.cc:1008: Core worker is destructed
[2025-10-17 10:09:44,354 I 21300 51040] task_event_buffer.cc:292: Shutting down TaskEventBuffer.
[2025-10-17 10:09:44,355 I 21300 51040] core_worker_process.cc:232: Destructing CoreWorkerProcessImpl. pid: 21300
[2025-10-17 10:09:44,355 I 21300 51040] io_service_pool.cc:47: IOServicePool is stopped.
[2025-10-17 10:09:44,539 I 21300 51040] stats.h:120: Stats module has shutdown.
[2025-10-17 10:09:44,560 W 21300 51040] core_worker_process.cc:246: The core worker process is not initialized yet or already shutdown.
