[2025-10-17 10:09:43,543 I 18848 41336] core_worker_process.cc:187: Constructing CoreWorkerProcess. pid: 18848
[2025-10-17 10:09:43,546 I 18848 41336] io_service_pool.cc:35: IOServicePool is running with 1 io_service.
[2025-10-17 10:09:43,548 I 18848 41336] grpc_server.cc:137: worker server started, listening on port 65090.
[2025-10-17 10:09:43,549 I 18848 41336] core_worker.cc:526: Initializing worker at address: 127.0.0.1:65090 worker_id=b9b1bea58dfbc6451d70c72106898e61c566d9114d991ca491d3c0b8 node_id=bcc2b0c2d8a4ba1e7b3a4c658ad763c05ebab005ed036b3cf45834e3
[2025-10-17 10:09:43,550 I 18848 41336] task_event_buffer.cc:281: Reporting task events to GCS every 1000ms.
[2025-10-17 10:09:43,552 I 18848 51272] accessor.cc:760: Received notification for node, IsAlive = 1 node_id=bcc2b0c2d8a4ba1e7b3a4c658ad763c05ebab005ed036b3cf45834e3
[2025-10-17 10:09:43,552 I 18848 51272] core_worker.cc:5080: Number of alive nodes:1
[2025-10-17 10:09:43,553 I 18848 51272] core_worker.cc:914: Event stats:


Global stats: 12 total (4 active)
Queueing time: mean = 20.500 us, max = 129.200 us, min = 22.400 us, total = 246.000 us
Execution time:  mean = 163.483 us, total = 1.962 ms
Event stats:
	PeriodicalRunner.RunFnPeriodically - 3 total (1 active, 1 running), Execution time: mean = 9.633 us, total = 28.900 us, Queueing time: mean = 56.133 us, max = 129.200 us, min = 39.200 us, total = 168.400 us
	ray::rpc::WorkerInfoGcsService.grpc_client.AddWorkerInfo - 1 total (0 active), Execution time: mean = 568.700 us, total = 568.700 us, Queueing time: mean = 0.000 s, max = -0.000 s, min = 9223372036.855 s, total = 0.000 s
	Publisher.CheckDeadSubscribers - 1 total (1 active), Execution time: mean = 0.000 s, total = 0.000 s, Queueing time: mean = 0.000 s, max = -0.000 s, min = 9223372036.855 s, total = 0.000 s
	ray::rpc::InternalPubSubGcsService.grpc_client.GcsSubscriberCommandBatch - 1 total (0 active), Execution time: mean = 437.600 us, total = 437.600 us, Queueing time: mean = 0.000 s, max = -0.000 s, min = 9223372036.855 s, total = 0.000 s
	ray::rpc::NodeInfoGcsService.grpc_client.GetAllNodeInfo - 1 total (0 active), Execution time: mean = 567.500 us, total = 567.500 us, Queueing time: mean = 0.000 s, max = -0.000 s, min = 9223372036.855 s, total = 0.000 s
	ray::rpc::InternalPubSubGcsService.grpc_client.GcsSubscriberCommandBatch.OnReplyReceived - 1 total (0 active), Execution time: mean = 182.100 us, total = 182.100 us, Queueing time: mean = 22.400 us, max = 22.400 us, min = 22.400 us, total = 22.400 us
	ray::rpc::NodeInfoGcsService.grpc_client.GetAllNodeInfo.OnReplyReceived - 1 total (0 active), Execution time: mean = 116.600 us, total = 116.600 us, Queueing time: mean = 25.000 us, max = 25.000 us, min = 25.000 us, total = 25.000 us
	ray::rpc::WorkerInfoGcsService.grpc_client.AddWorkerInfo.OnReplyReceived - 1 total (0 active), Execution time: mean = 60.400 us, total = 60.400 us, Queueing time: mean = 30.200 us, max = 30.200 us, min = 30.200 us, total = 30.200 us
	CoreWorker.ExitIfParentRayletDies - 1 total (1 active), Execution time: mean = 0.000 s, total = 0.000 s, Queueing time: mean = 0.000 s, max = -0.000 s, min = 9223372036.855 s, total = 0.000 s
	ray::rpc::InternalPubSubGcsService.grpc_client.GcsSubscriberPoll - 1 total (1 active), Execution time: mean = 0.000 s, total = 0.000 s, Queueing time: mean = 0.000 s, max = -0.000 s, min = 9223372036.855 s, total = 0.000 s

-----------------
Task execution event stats:

Global stats: 0 total (0 active)
Queueing time: mean = -nan(ind) s, max = -0.000 s, min = 9223372036.855 s, total = 0.000 s
Execution time:  mean = -nan(ind) s, total = 0.000 s
Event stats:

-----------------
Task Event stats:

IO Service Stats:

Global stats: 4 total (1 active)
Queueing time: mean = 10.700 us, max = 23.600 us, min = 19.200 us, total = 42.800 us
Execution time:  mean = 144.550 us, total = 578.200 us
Event stats:
	PeriodicalRunner.RunFnPeriodically - 1 total (0 active), Execution time: mean = 133.800 us, total = 133.800 us, Queueing time: mean = 19.200 us, max = 19.200 us, min = 19.200 us, total = 19.200 us
	CoreWorker.deadline_timer.flush_task_events - 1 total (1 active), Execution time: mean = 0.000 s, total = 0.000 s, Queueing time: mean = 0.000 s, max = -0.000 s, min = 9223372036.855 s, total = 0.000 s
	ray::rpc::TaskInfoGcsService.grpc_client.AddTaskEventData.OnReplyReceived - 1 total (0 active), Execution time: mean = 13.200 us, total = 13.200 us, Queueing time: mean = 23.600 us, max = 23.600 us, min = 23.600 us, total = 23.600 us
	ray::rpc::TaskInfoGcsService.grpc_client.AddTaskEventData - 1 total (0 active), Execution time: mean = 431.200 us, total = 431.200 us, Queueing time: mean = 0.000 s, max = -0.000 s, min = 9223372036.855 s, total = 0.000 s
Other Stats:
	grpc_in_progress:0
	current number of task status events in buffer: 0
	current number of profile events in buffer: 0
	current number of dropped task attempts tracked: 0
	total task events sent: 0 MiB
	total number of task attempts sent: 0
	total number of task attempts dropped reported: 0
	total number of sent failure: 0
	num status task events dropped: 0
	num profile task events dropped: 0


[2025-10-17 10:09:43,554 I 18848 41336] event.cc:500: Ray Event initialized for CORE_WORKER
[2025-10-17 10:09:43,555 I 18848 41336] event.cc:500: Ray Event initialized for EXPORT_TASK
[2025-10-17 10:09:43,555 I 18848 41336] event.cc:331: Set ray event level to warning
[2025-10-17 10:09:44,745 I 18848 51272] core_worker.cc:1171: Exit signal received, this process will exit after all outstanding tasks have finished, exit_type=INTENDED_SYSTEM_EXIT, detail=Worker exits because it was idle (it doesn't have objects it owns while no task or actor has been scheduled) for a long time.
[2025-10-17 10:09:44,747 I 18848 41336] core_worker.cc:1102: Sending disconnect message to the local raylet.
[2025-10-17 10:09:44,747 I 18848 41336] raylet_client.cc:73: RayletClient::Disconnect, exit_type=INTENDED_SYSTEM_EXIT, exit_detail=Worker exits because it was idle (it doesn't have objects it owns while no task or actor has been scheduled) for a long time., has creation_task_exception_pb_bytes=0
[2025-10-17 10:09:44,747 I 18848 41336] core_worker.cc:1108: Disconnected from the local raylet.
[2025-10-17 10:09:44,747 I 18848 41336] core_worker.cc:1017: Shutting down a core worker.
[2025-10-17 10:09:44,747 I 18848 41336] task_event_buffer.cc:292: Shutting down TaskEventBuffer.
[2025-10-17 10:09:44,747 I 18848 27008] task_event_buffer.cc:260: Task event buffer io service stopped.
[2025-10-17 10:09:44,748 I 18848 41336] core_worker.cc:1039: Waiting for joining a core worker io thread. If it hangs here, there might be deadlock or a high load in the core worker io service.
[2025-10-17 10:09:44,748 I 18848 51272] core_worker.cc:1275: Core worker main io service stopped.
[2025-10-17 10:09:44,749 I 18848 41336] core_worker.cc:1051: Disconnecting a GCS client.
[2025-10-17 10:09:44,749 I 18848 41336] core_worker.cc:1058: Core worker ready to be deallocated.
[2025-10-17 10:09:44,749 I 18848 41336] core_worker_process.cc:330: Task execution loop terminated. Removing the global worker.
[2025-10-17 10:09:44,749 I 18848 41336] core_worker.cc:1008: Core worker is destructed
[2025-10-17 10:09:44,749 I 18848 41336] task_event_buffer.cc:292: Shutting down TaskEventBuffer.
[2025-10-17 10:09:44,750 I 18848 41336] core_worker_process.cc:232: Destructing CoreWorkerProcessImpl. pid: 18848
[2025-10-17 10:09:44,751 I 18848 41336] io_service_pool.cc:47: IOServicePool is stopped.
[2025-10-17 10:09:45,114 I 18848 41336] stats.h:120: Stats module has shutdown.
[2025-10-17 10:09:45,135 W 18848 41336] core_worker_process.cc:246: The core worker process is not initialized yet or already shutdown.
