[2025-10-17 10:09:43,592 I 42764 5904] core_worker_process.cc:187: Constructing CoreWorkerProcess. pid: 42764
[2025-10-17 10:09:43,594 I 42764 5904] io_service_pool.cc:35: IOServicePool is running with 1 io_service.
[2025-10-17 10:09:43,626 I 42764 5904] grpc_server.cc:137: worker server started, listening on port 65107.
[2025-10-17 10:09:43,674 I 42764 5904] core_worker.cc:526: Initializing worker at address: 127.0.0.1:65107 worker_id=f30c0f0c5d33d6c5de29bb7bb28b707d2334b644e903449ce767172c node_id=bcc2b0c2d8a4ba1e7b3a4c658ad763c05ebab005ed036b3cf45834e3
[2025-10-17 10:09:43,684 I 42764 5904] task_event_buffer.cc:281: Reporting task events to GCS every 1000ms.
[2025-10-17 10:09:43,686 I 42764 22700] accessor.cc:760: Received notification for node, IsAlive = 1 node_id=bcc2b0c2d8a4ba1e7b3a4c658ad763c05ebab005ed036b3cf45834e3
[2025-10-17 10:09:43,686 I 42764 22700] core_worker.cc:5080: Number of alive nodes:1
[2025-10-17 10:09:43,686 I 42764 22700] core_worker.cc:914: Event stats:


Global stats: 12 total (4 active)
Queueing time: mean = 15.575 us, max = 88.600 us, min = 12.000 us, total = 186.900 us
Execution time:  mean = 900.342 us, total = 10.804 ms
Event stats:
	PeriodicalRunner.RunFnPeriodically - 3 total (1 active, 1 running), Execution time: mean = 8.567 us, total = 25.700 us, Queueing time: mean = 47.000 us, max = 88.600 us, min = 52.400 us, total = 141.000 us
	ray::rpc::NodeInfoGcsService.grpc_client.GetAllNodeInfo.OnReplyReceived - 1 total (0 active), Execution time: mean = 140.200 us, total = 140.200 us, Queueing time: mean = 14.400 us, max = 14.400 us, min = 14.400 us, total = 14.400 us
	Publisher.CheckDeadSubscribers - 1 total (1 active), Execution time: mean = 0.000 s, total = 0.000 s, Queueing time: mean = 0.000 s, max = -0.000 s, min = 9223372036.855 s, total = 0.000 s
	ray::rpc::InternalPubSubGcsService.grpc_client.GcsSubscriberCommandBatch - 1 total (0 active), Execution time: mean = 594.100 us, total = 594.100 us, Queueing time: mean = 0.000 s, max = -0.000 s, min = 9223372036.855 s, total = 0.000 s
	ray::rpc::NodeInfoGcsService.grpc_client.GetAllNodeInfo - 1 total (0 active), Execution time: mean = 297.400 us, total = 297.400 us, Queueing time: mean = 0.000 s, max = -0.000 s, min = 9223372036.855 s, total = 0.000 s
	ray::rpc::WorkerInfoGcsService.grpc_client.AddWorkerInfo - 1 total (0 active), Execution time: mean = 9.586 ms, total = 9.586 ms, Queueing time: mean = 0.000 s, max = -0.000 s, min = 9223372036.855 s, total = 0.000 s
	ray::rpc::InternalPubSubGcsService.grpc_client.GcsSubscriberPoll - 1 total (1 active), Execution time: mean = 0.000 s, total = 0.000 s, Queueing time: mean = 0.000 s, max = -0.000 s, min = 9223372036.855 s, total = 0.000 s
	ray::rpc::WorkerInfoGcsService.grpc_client.AddWorkerInfo.OnReplyReceived - 1 total (0 active), Execution time: mean = 27.600 us, total = 27.600 us, Queueing time: mean = 19.500 us, max = 19.500 us, min = 19.500 us, total = 19.500 us
	CoreWorker.ExitIfParentRayletDies - 1 total (1 active), Execution time: mean = 0.000 s, total = 0.000 s, Queueing time: mean = 0.000 s, max = -0.000 s, min = 9223372036.855 s, total = 0.000 s
	ray::rpc::InternalPubSubGcsService.grpc_client.GcsSubscriberCommandBatch.OnReplyReceived - 1 total (0 active), Execution time: mean = 133.000 us, total = 133.000 us, Queueing time: mean = 12.000 us, max = 12.000 us, min = 12.000 us, total = 12.000 us

-----------------
Task execution event stats:

Global stats: 0 total (0 active)
Queueing time: mean = -nan(ind) s, max = -0.000 s, min = 9223372036.855 s, total = 0.000 s
Execution time:  mean = -nan(ind) s, total = 0.000 s
Event stats:

-----------------
Task Event stats:

IO Service Stats:

Global stats: 4 total (1 active)
Queueing time: mean = 9.300 us, max = 22.200 us, min = 15.000 us, total = 37.200 us
Execution time:  mean = 235.450 us, total = 941.800 us
Event stats:
	ray::rpc::TaskInfoGcsService.grpc_client.AddTaskEventData - 1 total (0 active), Execution time: mean = 821.300 us, total = 821.300 us, Queueing time: mean = 0.000 s, max = -0.000 s, min = 9223372036.855 s, total = 0.000 s
	ray::rpc::TaskInfoGcsService.grpc_client.AddTaskEventData.OnReplyReceived - 1 total (0 active), Execution time: mean = 11.600 us, total = 11.600 us, Queueing time: mean = 15.000 us, max = 15.000 us, min = 15.000 us, total = 15.000 us
	CoreWorker.deadline_timer.flush_task_events - 1 total (1 active), Execution time: mean = 0.000 s, total = 0.000 s, Queueing time: mean = 0.000 s, max = -0.000 s, min = 9223372036.855 s, total = 0.000 s
	PeriodicalRunner.RunFnPeriodically - 1 total (0 active), Execution time: mean = 108.900 us, total = 108.900 us, Queueing time: mean = 22.200 us, max = 22.200 us, min = 22.200 us, total = 22.200 us
Other Stats:
	grpc_in_progress:0
	current number of task status events in buffer: 0
	current number of profile events in buffer: 0
	current number of dropped task attempts tracked: 0
	total task events sent: 0 MiB
	total number of task attempts sent: 0
	total number of task attempts dropped reported: 0
	total number of sent failure: 0
	num status task events dropped: 0
	num profile task events dropped: 0


[2025-10-17 10:09:43,688 I 42764 5904] event.cc:500: Ray Event initialized for CORE_WORKER
[2025-10-17 10:09:43,689 I 42764 5904] event.cc:500: Ray Event initialized for EXPORT_TASK
[2025-10-17 10:09:43,689 I 42764 5904] event.cc:331: Set ray event level to warning
[2025-10-17 10:09:44,744 I 42764 22700] core_worker.cc:1171: Exit signal received, this process will exit after all outstanding tasks have finished, exit_type=INTENDED_SYSTEM_EXIT, detail=Worker exits because it was idle (it doesn't have objects it owns while no task or actor has been scheduled) for a long time.
[2025-10-17 10:09:44,746 I 42764 5904] core_worker.cc:1102: Sending disconnect message to the local raylet.
[2025-10-17 10:09:44,746 I 42764 5904] raylet_client.cc:73: RayletClient::Disconnect, exit_type=INTENDED_SYSTEM_EXIT, exit_detail=Worker exits because it was idle (it doesn't have objects it owns while no task or actor has been scheduled) for a long time., has creation_task_exception_pb_bytes=0
[2025-10-17 10:09:44,746 I 42764 5904] core_worker.cc:1108: Disconnected from the local raylet.
[2025-10-17 10:09:44,746 I 42764 5904] core_worker.cc:1017: Shutting down a core worker.
[2025-10-17 10:09:44,746 I 42764 5904] task_event_buffer.cc:292: Shutting down TaskEventBuffer.
[2025-10-17 10:09:44,746 I 42764 65864] task_event_buffer.cc:260: Task event buffer io service stopped.
[2025-10-17 10:09:44,747 I 42764 5904] core_worker.cc:1039: Waiting for joining a core worker io thread. If it hangs here, there might be deadlock or a high load in the core worker io service.
[2025-10-17 10:09:44,747 I 42764 22700] core_worker.cc:1275: Core worker main io service stopped.
[2025-10-17 10:09:44,749 I 42764 5904] core_worker.cc:1051: Disconnecting a GCS client.
[2025-10-17 10:09:44,749 I 42764 5904] core_worker.cc:1058: Core worker ready to be deallocated.
[2025-10-17 10:09:44,749 I 42764 5904] core_worker_process.cc:330: Task execution loop terminated. Removing the global worker.
[2025-10-17 10:09:44,749 I 42764 5904] core_worker.cc:1008: Core worker is destructed
[2025-10-17 10:09:44,749 I 42764 5904] task_event_buffer.cc:292: Shutting down TaskEventBuffer.
[2025-10-17 10:09:45,007 I 42764 5904] core_worker_process.cc:232: Destructing CoreWorkerProcessImpl. pid: 42764
[2025-10-17 10:09:45,007 I 42764 5904] io_service_pool.cc:47: IOServicePool is stopped.
[2025-10-17 10:09:45,440 I 42764 5904] stats.h:120: Stats module has shutdown.
[2025-10-17 10:09:45,462 W 42764 5904] core_worker_process.cc:246: The core worker process is not initialized yet or already shutdown.
