[2025-10-17 10:09:43,222 I 10584 17576] core_worker_process.cc:187: Constructing CoreWorkerProcess. pid: 10584
[2025-10-17 10:09:43,226 I 10584 17576] io_service_pool.cc:35: IOServicePool is running with 1 io_service.
[2025-10-17 10:09:43,229 I 10584 17576] grpc_server.cc:137: worker server started, listening on port 65033.
[2025-10-17 10:09:43,232 I 10584 17576] core_worker.cc:526: Initializing worker at address: 127.0.0.1:65033 worker_id=d34d1b1946d00b4d9ec388aa0146d98fc96f00514110a5e179844716 node_id=bcc2b0c2d8a4ba1e7b3a4c658ad763c05ebab005ed036b3cf45834e3
[2025-10-17 10:09:43,234 I 10584 17576] task_event_buffer.cc:281: Reporting task events to GCS every 1000ms.
[2025-10-17 10:09:43,236 I 10584 29832] core_worker.cc:914: Event stats:


Global stats: 11 total (5 active)
Queueing time: mean = 45.891 us, max = 295.600 us, min = 17.600 us, total = 504.800 us
Execution time:  mean = 227.100 us, total = 2.498 ms
Event stats:
	PeriodicalRunner.RunFnPeriodically - 3 total (1 active, 1 running), Execution time: mean = 10.967 us, total = 32.900 us, Queueing time: mean = 63.867 us, max = 168.200 us, min = 23.400 us, total = 191.600 us
	ray::rpc::WorkerInfoGcsService.grpc_client.AddWorkerInfo - 1 total (0 active), Execution time: mean = 1.020 ms, total = 1.020 ms, Queueing time: mean = 0.000 s, max = -0.000 s, min = 9223372036.855 s, total = 0.000 s
	ray::rpc::NodeInfoGcsService.grpc_client.GetAllNodeInfo - 1 total (1 active), Execution time: mean = 0.000 s, total = 0.000 s, Queueing time: mean = 0.000 s, max = -0.000 s, min = 9223372036.855 s, total = 0.000 s
	Publisher.CheckDeadSubscribers - 1 total (1 active), Execution time: mean = 0.000 s, total = 0.000 s, Queueing time: mean = 0.000 s, max = -0.000 s, min = 9223372036.855 s, total = 0.000 s
	ray::rpc::InternalPubSubGcsService.grpc_client.GcsSubscriberCommandBatch - 1 total (0 active), Execution time: mean = 861.100 us, total = 861.100 us, Queueing time: mean = 0.000 s, max = -0.000 s, min = 9223372036.855 s, total = 0.000 s
	ray::rpc::InternalPubSubGcsService.grpc_client.GcsSubscriberCommandBatch.OnReplyReceived - 1 total (0 active), Execution time: mean = 543.600 us, total = 543.600 us, Queueing time: mean = 17.600 us, max = 17.600 us, min = 17.600 us, total = 17.600 us
	ray::rpc::WorkerInfoGcsService.grpc_client.AddWorkerInfo.OnReplyReceived - 1 total (0 active), Execution time: mean = 40.200 us, total = 40.200 us, Queueing time: mean = 295.600 us, max = 295.600 us, min = 295.600 us, total = 295.600 us
	ray::rpc::InternalPubSubGcsService.grpc_client.GcsSubscriberPoll - 1 total (1 active), Execution time: mean = 0.000 s, total = 0.000 s, Queueing time: mean = 0.000 s, max = -0.000 s, min = 9223372036.855 s, total = 0.000 s
	CoreWorker.ExitIfParentRayletDies - 1 total (1 active), Execution time: mean = 0.000 s, total = 0.000 s, Queueing time: mean = 0.000 s, max = -0.000 s, min = 9223372036.855 s, total = 0.000 s

-----------------
Task execution event stats:

Global stats: 0 total (0 active)
Queueing time: mean = -nan(ind) s, max = -0.000 s, min = 9223372036.855 s, total = 0.000 s
Execution time:  mean = -nan(ind) s, total = 0.000 s
Event stats:

-----------------
Task Event stats:

IO Service Stats:

Global stats: 4 total (1 active)
Queueing time: mean = 10.300 us, max = 22.100 us, min = 19.100 us, total = 41.200 us
Execution time:  mean = 300.525 us, total = 1.202 ms
Event stats:
	CoreWorker.deadline_timer.flush_task_events - 1 total (1 active), Execution time: mean = 0.000 s, total = 0.000 s, Queueing time: mean = 0.000 s, max = -0.000 s, min = 9223372036.855 s, total = 0.000 s
	ray::rpc::TaskInfoGcsService.grpc_client.AddTaskEventData - 1 total (0 active), Execution time: mean = 840.800 us, total = 840.800 us, Queueing time: mean = 0.000 s, max = -0.000 s, min = 9223372036.855 s, total = 0.000 s
	ray::rpc::TaskInfoGcsService.grpc_client.AddTaskEventData.OnReplyReceived - 1 total (0 active), Execution time: mean = 23.400 us, total = 23.400 us, Queueing time: mean = 22.100 us, max = 22.100 us, min = 22.100 us, total = 22.100 us
	PeriodicalRunner.RunFnPeriodically - 1 total (0 active), Execution time: mean = 337.900 us, total = 337.900 us, Queueing time: mean = 19.100 us, max = 19.100 us, min = 19.100 us, total = 19.100 us
Other Stats:
	grpc_in_progress:0
	current number of task status events in buffer: 0
	current number of profile events in buffer: 0
	current number of dropped task attempts tracked: 0
	total task events sent: 0 MiB
	total number of task attempts sent: 0
	total number of task attempts dropped reported: 0
	total number of sent failure: 0
	num status task events dropped: 0
	num profile task events dropped: 0


[2025-10-17 10:09:43,236 I 10584 29832] accessor.cc:760: Received notification for node, IsAlive = 1 node_id=bcc2b0c2d8a4ba1e7b3a4c658ad763c05ebab005ed036b3cf45834e3
[2025-10-17 10:09:43,236 I 10584 29832] core_worker.cc:5080: Number of alive nodes:1
[2025-10-17 10:09:43,239 I 10584 17576] event.cc:500: Ray Event initialized for CORE_WORKER
[2025-10-17 10:09:43,240 I 10584 17576] event.cc:500: Ray Event initialized for EXPORT_TASK
[2025-10-17 10:09:43,240 I 10584 17576] event.cc:331: Set ray event level to warning
[2025-10-17 10:09:44,313 I 10584 29832] core_worker.cc:1171: Exit signal received, this process will exit after all outstanding tasks have finished, exit_type=INTENDED_SYSTEM_EXIT, detail=Worker exits because it was idle (it doesn't have objects it owns while no task or actor has been scheduled) for a long time.
[2025-10-17 10:09:44,314 I 10584 17576] core_worker.cc:1102: Sending disconnect message to the local raylet.
[2025-10-17 10:09:44,314 I 10584 17576] raylet_client.cc:73: RayletClient::Disconnect, exit_type=INTENDED_SYSTEM_EXIT, exit_detail=Worker exits because it was idle (it doesn't have objects it owns while no task or actor has been scheduled) for a long time., has creation_task_exception_pb_bytes=0
[2025-10-17 10:09:44,317 I 10584 17576] core_worker.cc:1108: Disconnected from the local raylet.
[2025-10-17 10:09:44,317 I 10584 17576] core_worker.cc:1017: Shutting down a core worker.
[2025-10-17 10:09:44,317 I 10584 17576] task_event_buffer.cc:292: Shutting down TaskEventBuffer.
[2025-10-17 10:09:44,317 I 10584 75220] task_event_buffer.cc:260: Task event buffer io service stopped.
[2025-10-17 10:09:44,317 I 10584 17576] core_worker.cc:1039: Waiting for joining a core worker io thread. If it hangs here, there might be deadlock or a high load in the core worker io service.
[2025-10-17 10:09:44,317 I 10584 29832] core_worker.cc:1275: Core worker main io service stopped.
[2025-10-17 10:09:44,338 I 10584 17576] core_worker.cc:1051: Disconnecting a GCS client.
[2025-10-17 10:09:44,338 I 10584 17576] core_worker.cc:1058: Core worker ready to be deallocated.
[2025-10-17 10:09:44,338 I 10584 17576] core_worker_process.cc:330: Task execution loop terminated. Removing the global worker.
[2025-10-17 10:09:44,338 I 10584 17576] core_worker.cc:1008: Core worker is destructed
[2025-10-17 10:09:44,338 I 10584 17576] task_event_buffer.cc:292: Shutting down TaskEventBuffer.
[2025-10-17 10:09:44,339 I 10584 17576] core_worker_process.cc:232: Destructing CoreWorkerProcessImpl. pid: 10584
[2025-10-17 10:09:44,339 I 10584 17576] io_service_pool.cc:47: IOServicePool is stopped.
[2025-10-17 10:09:44,539 I 10584 17576] stats.h:120: Stats module has shutdown.
[2025-10-17 10:09:44,561 W 10584 17576] core_worker_process.cc:246: The core worker process is not initialized yet or already shutdown.
