[2025-10-17 10:09:41,216 I 78732 26244] (raylet.exe) main.cc:219: Setting cluster ID to: b44526ef50304308768794fe4eda24be5b444295b363699933de767a
[2025-10-17 10:09:41,221 I 78732 26244] (raylet.exe) main.cc:492: Raylet is not set to kill unknown children.
[2025-10-17 10:09:41,221 I 78732 26244] (raylet.exe) io_service_pool.cc:35: IOServicePool is running with 1 io_service.
[2025-10-17 10:09:41,222 I 78732 26244] (raylet.exe) main.cc:492: Setting node ID node_id=bcc2b0c2d8a4ba1e7b3a4c658ad763c05ebab005ed036b3cf45834e3
[2025-10-17 10:09:41,222 I 78732 26244] (raylet.exe) store_runner.cc:51: Allowing the Plasma store to use up to 0.686327GB of memory.
[2025-10-17 10:09:41,222 I 78732 26244] (raylet.exe) store_runner.cc:67: Starting object store with directory C:\Users\Smoluanu\AppData\Local\Temp, fallback D:\Code\dynamic_class/ray_tmp/, and huge page support disabled
[2025-10-17 10:09:41,223 I 78732 54952] (raylet.exe) store.cc:583: Plasma store debug dump: 
Current usage: 0 / 0.686327 GB
- num bytes created total: 0
0 pending objects of total size 0MB
- objects spillable: 0
- bytes spillable: 0
- objects unsealed: 0
- bytes unsealed: 0
- objects in use: 0
- bytes in use: 0
- objects evictable: 0
- bytes evictable: 0

- objects created by worker: 0
- bytes created by worker: 0
- objects restored: 0
- bytes restored: 0
- objects received: 0
- bytes received: 0
- objects errored: 0
- bytes errored: 0

[2025-10-17 10:09:41,239 I 78732 26244] (raylet.exe) grpc_server.cc:137: ObjectManager server started, listening on port 63005.
[2025-10-17 10:09:41,241 I 78732 26244] (raylet.exe) worker_killing_policy.cc:101: Running GroupByOwner policy.
[2025-10-17 10:09:41,241 W 78732 26244] (raylet.exe) memory_monitor.cc:68: Not running MemoryMonitor. It is currently supported only on Linux.
[2025-10-17 10:09:41,241 I 78732 26244] (raylet.exe) node_manager.cc:298: Initializing NodeManager node_id=bcc2b0c2d8a4ba1e7b3a4c658ad763c05ebab005ed036b3cf45834e3
[2025-10-17 10:09:41,241 I 78732 26244] (raylet.exe) grpc_server.cc:137: NodeManager server started, listening on port 63007.
[2025-10-17 10:09:41,247 I 78732 79444] (raylet.exe) agent_manager.cc:78: Monitor agent process with name dashboard_agent/15724
[2025-10-17 10:09:41,250 I 78732 48040] (raylet.exe) agent_manager.cc:78: Monitor agent process with name runtime_env_agent
[2025-10-17 10:09:41,253 I 78732 26244] (raylet.exe) event.cc:500: Ray Event initialized for RAYLET
[2025-10-17 10:09:41,253 I 78732 26244] (raylet.exe) event.cc:331: Set ray event level to warning
[2025-10-17 10:09:41,258 I 78732 26244] (raylet.exe) raylet.cc:134: Raylet of id, bcc2b0c2d8a4ba1e7b3a4c658ad763c05ebab005ed036b3cf45834e3 started. Raylet consists of node_manager and object_manager. node_manager address: 127.0.0.1:63007 object_manager address: 127.0.0.1:63005 hostname: LAPTOP-O8RA8S5A
[2025-10-17 10:09:41,260 I 78732 26244] (raylet.exe) node_manager.cc:540: [state-dump] NodeManager:
[state-dump] Node ID: bcc2b0c2d8a4ba1e7b3a4c658ad763c05ebab005ed036b3cf45834e3
[state-dump] Node name: 127.0.0.1
[state-dump] InitialConfigResources: {memory: 1.60143e+09, node:127.0.0.1: 1, CPU: 16, object_store_memory: 6.86327e+08, node:__internal_head__: 1}
[state-dump] ClusterTaskManager:
[state-dump] ========== Node: bcc2b0c2d8a4ba1e7b3a4c658ad763c05ebab005ed036b3cf45834e3 =================
[state-dump] Infeasible queue length: 0
[state-dump] Schedule queue length: 0
[state-dump] Dispatch queue length: 0
[state-dump] num_waiting_for_resource: 0
[state-dump] num_waiting_for_plasma_memory: 0
[state-dump] num_waiting_for_remote_node_resources: 0
[state-dump] num_worker_not_started_by_job_config_not_exist: 0
[state-dump] num_worker_not_started_by_registration_timeout: 0
[state-dump] num_tasks_waiting_for_workers: 0
[state-dump] num_cancelled_tasks: 0
[state-dump] cluster_resource_scheduler state: 
[state-dump] Local id: 6802021480620088846 Local resources: {"total":{object_store_memory: [6863265790000], node:__internal_head__: [10000], CPU: [160000], memory: [16014286850000], node:127.0.0.1: [10000]}}, "available": {object_store_memory: [6863265790000], node:127.0.0.1: [10000], CPU: [160000], memory: [16014286850000], node:__internal_head__: [10000]}}, "labels":{"ray.io/node_id":"bcc2b0c2d8a4ba1e7b3a4c658ad763c05ebab005ed036b3cf45834e3",} is_draining: 0 is_idle: 1 Cluster resources: node id: 6802021480620088846{"total":{node:127.0.0.1: 10000, CPU: 160000, memory: 16014286850000, node:__internal_head__: 10000, object_store_memory: 6863265790000}}, "available": {node:127.0.0.1: 10000, CPU: 160000, memory: 16014286850000, node:__internal_head__: 10000, object_store_memory: 6863265790000}}, "labels":{"ray.io/node_id":"bcc2b0c2d8a4ba1e7b3a4c658ad763c05ebab005ed036b3cf45834e3",}, "is_draining": 0, "draining_deadline_timestamp_ms": -1} { "placement group locations": [], "node to bundles": []}
[state-dump] Waiting tasks size: 0
[state-dump] Number of executing tasks: 0
[state-dump] Number of pinned task arguments: 0
[state-dump] Number of total spilled tasks: 0
[state-dump] Number of spilled waiting tasks: 0
[state-dump] Number of spilled unschedulable tasks: 0
[state-dump] Resource usage {
[state-dump] }
[state-dump] Backlog Size per scheduling descriptor :{workerId: num backlogs}:
[state-dump] 
[state-dump] Running tasks by scheduling class:
[state-dump] ==================================================
[state-dump] 
[state-dump] ClusterResources:
[state-dump] LocalObjectManager:
[state-dump] - num pinned objects: 0
[state-dump] - pinned objects size: 0
[state-dump] - num objects pending restore: 0
[state-dump] - num objects pending spill: 0
[state-dump] - num bytes pending spill: 0
[state-dump] - num bytes currently spilled: 0
[state-dump] - cumulative spill requests: 0
[state-dump] - cumulative restore requests: 0
[state-dump] - spilled objects pending delete: 0
[state-dump] 
[state-dump] ObjectManager:
[state-dump] - num local objects: 0
[state-dump] - num unfulfilled push requests: 0
[state-dump] - num object pull requests: 0
[state-dump] - num chunks received total: 0
[state-dump] - num chunks received failed (all): 0
[state-dump] - num chunks received failed / cancelled: 0
[state-dump] - num chunks received failed / plasma error: 0
[state-dump] Event stats:
[state-dump] Global stats: 0 total (0 active)
[state-dump] Queueing time: mean = -nan(ind) s, max = -0.000 s, min = 9223372036.855 s, total = 0.000 s
[state-dump] Execution time:  mean = -nan(ind) s, total = 0.000 s
[state-dump] Event stats:
[state-dump] PushManager:
[state-dump] - num pushes in flight: 0
[state-dump] - num chunks in flight: 0
[state-dump] - num chunks remaining: 0
[state-dump] - max chunks allowed: 409
[state-dump] OwnershipBasedObjectDirectory:
[state-dump] - num listeners: 0
[state-dump] - cumulative location updates: 0
[state-dump] - num location updates per second: 2502398487760000.000
[state-dump] - num location lookups per second: 0.000
[state-dump] - num locations added per second: 0.000
[state-dump] - num locations removed per second: 2502398487760000.000
[state-dump] BufferPool:
[state-dump] - create buffer state map size: 0
[state-dump] PullManager:
[state-dump] - num bytes available for pulled objects: 686326579
[state-dump] - num bytes being pulled (all): 0
[state-dump] - num bytes being pulled / pinned: 0
[state-dump] - get request bundles: BundlePullRequestQueue{0 total, 0 active, 0 inactive, 0 unpullable}
[state-dump] - wait request bundles: BundlePullRequestQueue{0 total, 0 active, 0 inactive, 0 unpullable}
[state-dump] - task request bundles: BundlePullRequestQueue{0 total, 0 active, 0 inactive, 0 unpullable}
[state-dump] - first get request bundle: N/A
[state-dump] - first wait request bundle: N/A
[state-dump] - first task request bundle: N/A
[state-dump] - num objects queued: 0
[state-dump] - num objects actively pulled (all): 0
[state-dump] - num objects actively pulled / pinned: 0
[state-dump] - num bundles being pulled: 0
[state-dump] - num pull retries: 0
[state-dump] - max timeout seconds: 0
[state-dump] - max timeout request is already processed. No entry.
[state-dump] 
[state-dump] WorkerPool:
[state-dump] - registered jobs: 0
[state-dump] - process_failed_job_config_missing: 0
[state-dump] - process_failed_rate_limited: 0
[state-dump] - process_failed_pending_registration: 0
[state-dump] - process_failed_runtime_env_setup_failed: 0
[state-dump] - num PYTHON workers: 0
[state-dump] - num PYTHON drivers: 0
[state-dump] - num PYTHON pending start requests: 0
[state-dump] - num PYTHON pending registration requests: 0
[state-dump] - num object spill callbacks queued: 0
[state-dump] - num object restore queued: 0
[state-dump] - num util functions queued: 0
[state-dump] - num idle workers: 0
[state-dump] TaskDependencyManager:
[state-dump] - task deps map size: 0
[state-dump] - get req map size: 0
[state-dump] - wait req map size: 0
[state-dump] - local objects map size: 0
[state-dump] WaitManager:
[state-dump] - num active wait requests: 0
[state-dump] Subscriber:
[state-dump] Channel WORKER_REF_REMOVED_CHANNEL
[state-dump] - cumulative subscribe requests: 0
[state-dump] - cumulative unsubscribe requests: 0
[state-dump] - active subscribed publishers: 0
[state-dump] - cumulative published messages: 0
[state-dump] - cumulative processed messages: 0
[state-dump] Channel WORKER_OBJECT_EVICTION
[state-dump] - cumulative subscribe requests: 0
[state-dump] - cumulative unsubscribe requests: 0
[state-dump] - active subscribed publishers: 0
[state-dump] - cumulative published messages: 0
[state-dump] - cumulative processed messages: 0
[state-dump] Channel WORKER_OBJECT_LOCATIONS_CHANNEL
[state-dump] - cumulative subscribe requests: 0
[state-dump] - cumulative unsubscribe requests: 0
[state-dump] - active subscribed publishers: 0
[state-dump] - cumulative published messages: 0
[state-dump] - cumulative processed messages: 0
[state-dump] num async plasma notifications: 0
[state-dump] Remote node managers: 
[state-dump] Event stats:
[state-dump] Global stats: 27 total (13 active)
[state-dump] Queueing time: mean = 1.883 ms, max = 12.916 ms, min = 24.900 us, total = 50.828 ms
[state-dump] Execution time:  mean = 1.547 ms, total = 41.766 ms
[state-dump] Event stats:
[state-dump] 	PeriodicalRunner.RunFnPeriodically - 11 total (2 active, 1 running), Execution time: mean = 146.855 us, total = 1.615 ms, Queueing time: mean = 4.613 ms, max = 12.916 ms, min = 28.000 us, total = 50.738 ms
[state-dump] 	NodeManager.deadline_timer.flush_free_objects - 1 total (1 active), Execution time: mean = 0.000 s, total = 0.000 s, Queueing time: mean = 0.000 s, max = -0.000 s, min = 9223372036.855 s, total = 0.000 s
[state-dump] 	ClusterResourceManager.ResetRemoteNodeView - 1 total (1 active), Execution time: mean = 0.000 s, total = 0.000 s, Queueing time: mean = 0.000 s, max = -0.000 s, min = 9223372036.855 s, total = 0.000 s
[state-dump] 	ray::rpc::NodeInfoGcsService.grpc_client.RegisterNode.OnReplyReceived - 1 total (0 active), Execution time: mean = 269.800 us, total = 269.800 us, Queueing time: mean = 64.700 us, max = 64.700 us, min = 64.700 us, total = 64.700 us
[state-dump] 	NodeManager.GCTaskFailureReason - 1 total (1 active), Execution time: mean = 0.000 s, total = 0.000 s, Queueing time: mean = 0.000 s, max = -0.000 s, min = 9223372036.855 s, total = 0.000 s
[state-dump] 	ray::rpc::InternalPubSubGcsService.grpc_client.GcsSubscriberPoll - 1 total (1 active), Execution time: mean = 0.000 s, total = 0.000 s, Queueing time: mean = 0.000 s, max = -0.000 s, min = 9223372036.855 s, total = 0.000 s
[state-dump] 	ray::rpc::InternalKVGcsService.grpc_client.GetInternalConfig.OnReplyReceived - 1 total (0 active), Execution time: mean = 33.306 ms, total = 33.306 ms, Queueing time: mean = 24.900 us, max = 24.900 us, min = 24.900 us, total = 24.900 us
[state-dump] 	ray::rpc::NodeInfoGcsService.grpc_client.RegisterNode - 1 total (0 active), Execution time: mean = 4.509 ms, total = 4.509 ms, Queueing time: mean = 0.000 s, max = -0.000 s, min = 9223372036.855 s, total = 0.000 s
[state-dump] 	ray::rpc::InternalPubSubGcsService.grpc_client.GcsSubscriberCommandBatch.OnReplyReceived - 1 total (1 active), Execution time: mean = 0.000 s, total = 0.000 s, Queueing time: mean = 0.000 s, max = -0.000 s, min = 9223372036.855 s, total = 0.000 s
[state-dump] 	NodeManager.deadline_timer.debug_state_dump - 1 total (1 active), Execution time: mean = 0.000 s, total = 0.000 s, Queueing time: mean = 0.000 s, max = -0.000 s, min = 9223372036.855 s, total = 0.000 s
[state-dump] 	NodeManager.ScheduleAndDispatchTasks - 1 total (1 active), Execution time: mean = 0.000 s, total = 0.000 s, Queueing time: mean = 0.000 s, max = -0.000 s, min = 9223372036.855 s, total = 0.000 s
[state-dump] 	ray::rpc::InternalKVGcsService.grpc_client.GetInternalConfig - 1 total (0 active), Execution time: mean = 625.900 us, total = 625.900 us, Queueing time: mean = 0.000 s, max = -0.000 s, min = 9223372036.855 s, total = 0.000 s
[state-dump] 	RayletWorkerPool.deadline_timer.kill_idle_workers - 1 total (1 active), Execution time: mean = 0.000 s, total = 0.000 s, Queueing time: mean = 0.000 s, max = -0.000 s, min = 9223372036.855 s, total = 0.000 s
[state-dump] 	NodeManager.CheckForUnexpectedWorkerDisconnects - 1 total (1 active), Execution time: mean = 0.000 s, total = 0.000 s, Queueing time: mean = 0.000 s, max = -0.000 s, min = 9223372036.855 s, total = 0.000 s
[state-dump] 	NodeManager.deadline_timer.record_metrics - 1 total (1 active), Execution time: mean = 0.000 s, total = 0.000 s, Queueing time: mean = 0.000 s, max = -0.000 s, min = 9223372036.855 s, total = 0.000 s
[state-dump] 	NodeManager.deadline_timer.spill_objects_when_over_threshold - 1 total (1 active), Execution time: mean = 0.000 s, total = 0.000 s, Queueing time: mean = 0.000 s, max = -0.000 s, min = 9223372036.855 s, total = 0.000 s
[state-dump] 	ray::rpc::InternalPubSubGcsService.grpc_client.GcsSubscriberCommandBatch - 1 total (0 active), Execution time: mean = 1.440 ms, total = 1.440 ms, Queueing time: mean = 0.000 s, max = -0.000 s, min = 9223372036.855 s, total = 0.000 s
[state-dump] DebugString() time ms: 0
[state-dump] 
[state-dump] 
[2025-10-17 10:09:41,261 I 78732 26244] (raylet.exe) accessor.cc:760: Received notification for node, IsAlive = 1 node_id=bcc2b0c2d8a4ba1e7b3a4c658ad763c05ebab005ed036b3cf45834e3
[2025-10-17 10:09:41,328 I 78732 26244] (raylet.exe) worker_pool.cc:522: Started worker process with pid 81640, the token is 0
[2025-10-17 10:09:41,331 I 78732 26244] (raylet.exe) worker_pool.cc:522: Started worker process with pid 32484, the token is 1
[2025-10-17 10:09:41,335 I 78732 26244] (raylet.exe) worker_pool.cc:522: Started worker process with pid 17924, the token is 2
[2025-10-17 10:09:41,339 I 78732 26244] (raylet.exe) worker_pool.cc:522: Started worker process with pid 21300, the token is 3
[2025-10-17 10:09:41,344 I 78732 26244] (raylet.exe) worker_pool.cc:522: Started worker process with pid 10584, the token is 4
[2025-10-17 10:09:41,347 I 78732 26244] (raylet.exe) worker_pool.cc:522: Started worker process with pid 57732, the token is 5
[2025-10-17 10:09:41,353 I 78732 26244] (raylet.exe) worker_pool.cc:522: Started worker process with pid 42844, the token is 6
[2025-10-17 10:09:41,358 I 78732 26244] (raylet.exe) worker_pool.cc:522: Started worker process with pid 70432, the token is 7
[2025-10-17 10:09:41,362 I 78732 26244] (raylet.exe) worker_pool.cc:522: Started worker process with pid 18848, the token is 8
[2025-10-17 10:09:41,368 I 78732 26244] (raylet.exe) worker_pool.cc:522: Started worker process with pid 37376, the token is 9
[2025-10-17 10:09:41,374 I 78732 26244] (raylet.exe) worker_pool.cc:522: Started worker process with pid 69752, the token is 10
[2025-10-17 10:09:41,380 I 78732 26244] (raylet.exe) worker_pool.cc:522: Started worker process with pid 55656, the token is 11
[2025-10-17 10:09:41,386 I 78732 26244] (raylet.exe) worker_pool.cc:522: Started worker process with pid 71956, the token is 12
[2025-10-17 10:09:41,391 I 78732 26244] (raylet.exe) worker_pool.cc:522: Started worker process with pid 79744, the token is 13
[2025-10-17 10:09:41,397 I 78732 26244] (raylet.exe) worker_pool.cc:522: Started worker process with pid 42764, the token is 14
[2025-10-17 10:09:41,402 I 78732 26244] (raylet.exe) worker_pool.cc:522: Started worker process with pid 29300, the token is 15
[2025-10-17 10:09:43,161 I 78732 54952] (raylet.exe) object_store.cc:38: Object store current usage 8e-09 / 0.686327 GB.
[2025-10-17 10:09:43,702 I 78732 26244] (raylet.exe) worker_pool.cc:719: Job 01000000 already started in worker pool.
[2025-10-17 10:09:43,889 I 78732 26244] (raylet.exe) local_resource_manager.cc:292: Object store memory is not idle.
[2025-10-17 10:09:44,314 I 78732 26244] (raylet.exe) node_manager.cc:1636: Disconnecting client, graceful=true, disconnect_type=1, has_creation_task_exception=false worker_id=1a5780330f8b88ac53acc24a0ea840c80ef52c7dd6f025df3e0af6e7
[2025-10-17 10:09:44,316 I 78732 26244] (raylet.exe) node_manager.cc:1636: Disconnecting client, graceful=true, disconnect_type=1, has_creation_task_exception=false worker_id=aae5879d378cbfb662bc83245e9e393fb8b3ad67322428313cf98b81
[2025-10-17 10:09:44,317 I 78732 26244] (raylet.exe) node_manager.cc:1636: Disconnecting client, graceful=true, disconnect_type=1, has_creation_task_exception=false worker_id=d34d1b1946d00b4d9ec388aa0146d98fc96f00514110a5e179844716
[2025-10-17 10:09:44,317 I 78732 26244] (raylet.exe) node_manager.cc:1636: Disconnecting client, graceful=true, disconnect_type=1, has_creation_task_exception=false worker_id=d8e5d62dcabeec9129d2aecdc247d2ebf177ac636d6c82eeb8f9940b
[2025-10-17 10:09:44,317 I 78732 26244] (raylet.exe) node_manager.cc:1636: Disconnecting client, graceful=true, disconnect_type=1, has_creation_task_exception=false worker_id=6c1b39cda8a02c73c682dae5b8c01c0c71e323f0f84e4dfccea891cd
[2025-10-17 10:09:44,319 W 78732 54952] (raylet.exe) store.cc:371: Disconnecting client due to connection error with code 2: End of file
[2025-10-17 10:09:44,324 W 78732 54952] (raylet.exe) store.cc:371: Disconnecting client due to connection error with code 2: End of file
[2025-10-17 10:09:44,339 W 78732 54952] (raylet.exe) store.cc:371: Disconnecting client due to connection error with code 2: End of file
[2025-10-17 10:09:44,354 W 78732 54952] (raylet.exe) store.cc:371: Disconnecting client due to connection error with code 2: End of file
[2025-10-17 10:09:44,370 W 78732 54952] (raylet.exe) store.cc:371: Disconnecting client due to connection error with code 2: End of file
[2025-10-17 10:09:44,529 I 78732 26244] (raylet.exe) node_manager.cc:1636: Disconnecting client, graceful=true, disconnect_type=1, has_creation_task_exception=false worker_id=bd88034d5ca998966d2b8de14fc3e223f920a1448053f66ab4e810d7
[2025-10-17 10:09:44,529 I 78732 26244] (raylet.exe) node_manager.cc:1636: Disconnecting client, graceful=true, disconnect_type=1, has_creation_task_exception=false worker_id=50a2b9bd42f8f648c62f1a8c022c678f9711c4b6dbaa1a1075f97cb6
[2025-10-17 10:09:44,530 I 78732 26244] (raylet.exe) node_manager.cc:1636: Disconnecting client, graceful=true, disconnect_type=1, has_creation_task_exception=false worker_id=437ef6ea8d3684670a2619169d0c42092984c722cd1db0da95c0630a
[2025-10-17 10:09:44,530 I 78732 26244] (raylet.exe) node_manager.cc:1636: Disconnecting client, graceful=true, disconnect_type=1, has_creation_task_exception=false worker_id=62fc9e5b87ae9fa2dd82ab6676e055099161edd22fc7ab40c37a0b32
[2025-10-17 10:09:44,571 W 78732 54952] (raylet.exe) store.cc:371: Disconnecting client due to connection error with code 2: End of file
[2025-10-17 10:09:44,587 W 78732 54952] (raylet.exe) store.cc:371: Disconnecting client due to connection error with code 2: End of file
[2025-10-17 10:09:44,618 W 78732 54952] (raylet.exe) store.cc:371: Disconnecting client due to connection error with code 2: End of file
[2025-10-17 10:09:44,618 W 78732 54952] (raylet.exe) store.cc:371: Disconnecting client due to connection error with code 2: End of file
[2025-10-17 10:09:44,746 I 78732 26244] (raylet.exe) node_manager.cc:1636: Disconnecting client, graceful=true, disconnect_type=1, has_creation_task_exception=false worker_id=f30c0f0c5d33d6c5de29bb7bb28b707d2334b644e903449ce767172c
[2025-10-17 10:09:44,746 I 78732 26244] (raylet.exe) node_manager.cc:1636: Disconnecting client, graceful=true, disconnect_type=1, has_creation_task_exception=false worker_id=ee98e9b3b7d0b04623e55903f6dfe8c568166d459c9f76aae1b79d51
[2025-10-17 10:09:44,747 I 78732 26244] (raylet.exe) node_manager.cc:1636: Disconnecting client, graceful=true, disconnect_type=1, has_creation_task_exception=false worker_id=75509e4353bd3cf0f536998c83096efbb84ce0d8238c2e6c6f7b6035
[2025-10-17 10:09:44,747 I 78732 26244] (raylet.exe) node_manager.cc:1636: Disconnecting client, graceful=true, disconnect_type=1, has_creation_task_exception=false worker_id=b9b1bea58dfbc6451d70c72106898e61c566d9114d991ca491d3c0b8
[2025-10-17 10:09:44,748 I 78732 26244] (raylet.exe) node_manager.cc:1636: Disconnecting client, graceful=true, disconnect_type=1, has_creation_task_exception=false worker_id=3682a319655652ea4a5c21937edcf2821318f7b49370ea82ae19ecfa
[2025-10-17 10:09:44,748 I 78732 26244] (raylet.exe) node_manager.cc:1636: Disconnecting client, graceful=true, disconnect_type=1, has_creation_task_exception=false worker_id=af6f4a1b1f9b2ac44d53e4b117bdfaa0eb732f960ef54d5e3320b93d
[2025-10-17 10:09:44,750 W 78732 54952] (raylet.exe) store.cc:371: Disconnecting client due to connection error with code 2: End of file
[2025-10-17 10:09:44,750 W 78732 54952] (raylet.exe) store.cc:371: Disconnecting client due to connection error with code 2: End of file
[2025-10-17 10:09:44,751 W 78732 54952] (raylet.exe) store.cc:371: Disconnecting client due to connection error with code 2: End of file
[2025-10-17 10:09:45,006 W 78732 54952] (raylet.exe) store.cc:371: Disconnecting client due to connection error with code 2: End of file
[2025-10-17 10:09:45,006 W 78732 54952] (raylet.exe) store.cc:371: Disconnecting client due to connection error with code 2: End of file
[2025-10-17 10:09:45,006 W 78732 54952] (raylet.exe) store.cc:371: Disconnecting client due to connection error with code 2: End of file
[2025-10-17 10:09:53,380 W 78732 57056] (raylet.exe) metric_exporter.cc:105: [1] Export metrics to agent failed: RpcError: RPC Error message: failed to connect to all addresses; last error: UNAVAILABLE: ipv4:127.0.0.1:65046: Connection refused; RPC Error details: . This won't affect Ray, but you can lose metrics from the cluster.
[2025-10-17 10:10:00,983 I 78732 26244] (raylet.exe) local_resource_manager.cc:288: Object store memory is idle.
[2025-10-17 10:10:01,199 I 78732 26244] (raylet.exe) local_resource_manager.cc:292: Object store memory is not idle.
[2025-10-17 10:10:15,538 I 78732 26244] (raylet.exe) local_resource_manager.cc:288: Object store memory is idle.
[2025-10-17 10:10:15,649 W 78732 26244] (raylet.exe) node_manager.cc:3092: The actor or task with ID e0a83229afd4d34cef036f98658029fb6ff8e73b01000000 cannot be scheduled right now. It requires {CPU: 17} for placement, however the cluster currently cannot provide the requested resources. The required resources may be added as autoscaling takes place or placement groups are scheduled. Otherwise, consider reducing the resource requirements of the task.
[2025-10-17 10:10:15,649 I 78732 26244] (raylet.exe) local_resource_manager.cc:292: Object store memory is not idle.
[2025-10-17 10:10:41,239 I 78732 54952] (raylet.exe) store.cc:583: Plasma store debug dump: 
Current usage: 0.000309538 / 0.686327 GB
- num bytes created total: 928701
0 pending objects of total size 0MB
- objects spillable: 1
- bytes spillable: 309538
- objects unsealed: 0
- bytes unsealed: 0
- objects in use: 1
- bytes in use: 309538
- objects evictable: 0
- bytes evictable: 0

- objects created by worker: 1
- bytes created by worker: 309538
- objects restored: 0
- bytes restored: 0
- objects received: 0
- bytes received: 0
- objects errored: 0
- bytes errored: 0

[2025-10-17 10:10:41,272 I 78732 26244] (raylet.exe) node_manager.cc:540: [state-dump] NodeManager:
[state-dump] Node ID: bcc2b0c2d8a4ba1e7b3a4c658ad763c05ebab005ed036b3cf45834e3
[state-dump] Node name: 127.0.0.1
[state-dump] InitialConfigResources: {memory: 1.60143e+09, node:127.0.0.1: 1, CPU: 16, object_store_memory: 6.86327e+08, node:__internal_head__: 1}
[state-dump] ClusterTaskManager:
[state-dump] ========== Node: bcc2b0c2d8a4ba1e7b3a4c658ad763c05ebab005ed036b3cf45834e3 =================
[state-dump] Infeasible queue length: 1
[state-dump] Schedule queue length: 0
[state-dump] Dispatch queue length: 0
[state-dump] num_waiting_for_resource: 0
[state-dump] num_waiting_for_plasma_memory: 0
[state-dump] num_waiting_for_remote_node_resources: 0
[state-dump] num_worker_not_started_by_job_config_not_exist: 0
[state-dump] num_worker_not_started_by_registration_timeout: 0
[state-dump] num_tasks_waiting_for_workers: 0
[state-dump] num_cancelled_tasks: 0
[state-dump] cluster_resource_scheduler state: 
[state-dump] Local id: 6802021480620088846 Local resources: {"total":{object_store_memory: [6863265790000], node:__internal_head__: [10000], CPU: [160000], memory: [16014286850000], node:127.0.0.1: [10000]}}, "available": {object_store_memory: [6860170410000], node:127.0.0.1: [10000], CPU: [160000], memory: [16014286850000], node:__internal_head__: [10000]}}, "labels":{"ray.io/node_id":"bcc2b0c2d8a4ba1e7b3a4c658ad763c05ebab005ed036b3cf45834e3",} is_draining: 0 is_idle: 0 Cluster resources: node id: 6802021480620088846{"total":{object_store_memory: 6863265790000, CPU: 160000, node:127.0.0.1: 10000, memory: 16014286850000, node:__internal_head__: 10000}}, "available": {object_store_memory: 6860170410000, CPU: 160000, node:127.0.0.1: 10000, memory: 16014286850000, node:__internal_head__: 10000}}, "labels":{"ray.io/node_id":"bcc2b0c2d8a4ba1e7b3a4c658ad763c05ebab005ed036b3cf45834e3",}, "is_draining": 0, "draining_deadline_timestamp_ms": -1} { "placement group locations": [], "node to bundles": []}
[state-dump] Waiting tasks size: 0
[state-dump] Number of executing tasks: 0
[state-dump] Number of pinned task arguments: 0
[state-dump] Number of total spilled tasks: 0
[state-dump] Number of spilled waiting tasks: 0
[state-dump] Number of spilled unschedulable tasks: 0
[state-dump] Resource usage {
[state-dump] }
[state-dump] Backlog Size per scheduling descriptor :{workerId: num backlogs}:
[state-dump] 
[state-dump] Running tasks by scheduling class:
[state-dump] ==================================================
[state-dump] 
[state-dump] ClusterResources:
[state-dump] LocalObjectManager:
[state-dump] - num pinned objects: 1
[state-dump] - pinned objects size: 309538
[state-dump] - num objects pending restore: 0
[state-dump] - num objects pending spill: 0
[state-dump] - num bytes pending spill: 0
[state-dump] - num bytes currently spilled: 0
[state-dump] - cumulative spill requests: 0
[state-dump] - cumulative restore requests: 0
[state-dump] - spilled objects pending delete: 0
[state-dump] 
[state-dump] ObjectManager:
[state-dump] - num local objects: 1
[state-dump] - num unfulfilled push requests: 0
[state-dump] - num object pull requests: 0
[state-dump] - num chunks received total: 0
[state-dump] - num chunks received failed (all): 0
[state-dump] - num chunks received failed / cancelled: 0
[state-dump] - num chunks received failed / plasma error: 0
[state-dump] Event stats:
[state-dump] Global stats: 2 total (0 active)
[state-dump] Queueing time: mean = 47.200 us, max = 65.400 us, min = 29.000 us, total = 94.400 us
[state-dump] Execution time:  mean = 3.250 us, total = 6.500 us
[state-dump] Event stats:
[state-dump] 	ObjectManager.FreeObjects - 2 total (0 active), Execution time: mean = 3.250 us, total = 6.500 us, Queueing time: mean = 47.200 us, max = 65.400 us, min = 29.000 us, total = 94.400 us
[state-dump] PushManager:
[state-dump] - num pushes in flight: 0
[state-dump] - num chunks in flight: 0
[state-dump] - num chunks remaining: 0
[state-dump] - max chunks allowed: 409
[state-dump] OwnershipBasedObjectDirectory:
[state-dump] - num listeners: 0
[state-dump] - cumulative location updates: 0
[state-dump] - num location updates per second: 0.000
[state-dump] - num location lookups per second: 0.000
[state-dump] - num locations added per second: 0.000
[state-dump] - num locations removed per second: 0.000
[state-dump] BufferPool:
[state-dump] - create buffer state map size: 0
[state-dump] PullManager:
[state-dump] - num bytes available for pulled objects: 686017041
[state-dump] - num bytes being pulled (all): 0
[state-dump] - num bytes being pulled / pinned: 0
[state-dump] - get request bundles: BundlePullRequestQueue{0 total, 0 active, 0 inactive, 0 unpullable}
[state-dump] - wait request bundles: BundlePullRequestQueue{0 total, 0 active, 0 inactive, 0 unpullable}
[state-dump] - task request bundles: BundlePullRequestQueue{0 total, 0 active, 0 inactive, 0 unpullable}
[state-dump] - first get request bundle: N/A
[state-dump] - first wait request bundle: N/A
[state-dump] - first task request bundle: N/A
[state-dump] - num objects queued: 0
[state-dump] - num objects actively pulled (all): 0
[state-dump] - num objects actively pulled / pinned: 0
[state-dump] - num bundles being pulled: 0
[state-dump] - num pull retries: 0
[state-dump] - max timeout seconds: 0
[state-dump] - max timeout request is already processed. No entry.
[state-dump] 
[state-dump] WorkerPool:
[state-dump] - registered jobs: 1
[state-dump] - process_failed_job_config_missing: 0
[state-dump] - process_failed_rate_limited: 0
[state-dump] - process_failed_pending_registration: 0
[state-dump] - process_failed_runtime_env_setup_failed: 0
[state-dump] - num PYTHON workers: 1
[state-dump] - num PYTHON drivers: 1
[state-dump] - num PYTHON pending start requests: 0
[state-dump] - num PYTHON pending registration requests: 0
[state-dump] - num object spill callbacks queued: 0
[state-dump] - num object restore queued: 0
[state-dump] - num util functions queued: 0
[state-dump] - num idle workers: 1
[state-dump] TaskDependencyManager:
[state-dump] - task deps map size: 0
[state-dump] - get req map size: 0
[state-dump] - wait req map size: 0
[state-dump] - local objects map size: 1
[state-dump] WaitManager:
[state-dump] - num active wait requests: 0
[state-dump] Subscriber:
[state-dump] Channel WORKER_REF_REMOVED_CHANNEL
[state-dump] - cumulative subscribe requests: 0
[state-dump] - cumulative unsubscribe requests: 0
[state-dump] - active subscribed publishers: 0
[state-dump] - cumulative published messages: 0
[state-dump] - cumulative processed messages: 0
[state-dump] Channel WORKER_OBJECT_EVICTION
[state-dump] - cumulative subscribe requests: 3
[state-dump] - cumulative unsubscribe requests: 2
[state-dump] - active subscribed publishers: 1
[state-dump] - cumulative published messages: 2
[state-dump] - cumulative processed messages: 2
[state-dump] Channel WORKER_OBJECT_LOCATIONS_CHANNEL
[state-dump] - cumulative subscribe requests: 4
[state-dump] - cumulative unsubscribe requests: 4
[state-dump] - active subscribed publishers: 0
[state-dump] - cumulative published messages: 0
[state-dump] - cumulative processed messages: 0
[state-dump] num async plasma notifications: 0
[state-dump] Remote node managers: 
[state-dump] Event stats:
[state-dump] Global stats: 3168 total (19 active)
[state-dump] Queueing time: mean = 25.677 ms, max = 17.251 s, min = -0.000 s, total = 81.344 s
[state-dump] Execution time:  mean = 11.215 ms, total = 35.531 s
[state-dump] Event stats:
[state-dump] 	RaySyncer.OnDemandBroadcasting - 559 total (1 active), Execution time: mean = 11.171 us, total = 6.245 ms, Queueing time: mean = 7.518 ms, max = 41.182 ms, min = -0.000 s, total = 4.203 s
[state-dump] 	NodeManager.CheckGC - 559 total (1 active), Execution time: mean = 5.302 us, total = 2.964 ms, Queueing time: mean = 7.524 ms, max = 41.188 ms, min = -0.000 s, total = 4.206 s
[state-dump] 	ObjectManager.UpdateAvailableMemory - 558 total (1 active), Execution time: mean = 3.663 us, total = 2.044 ms, Queueing time: mean = 42.051 us, max = 880.200 us, min = 3.200 us, total = 23.464 ms
[state-dump] 	RayletWorkerPool.deadline_timer.kill_idle_workers - 292 total (1 active), Execution time: mean = 43.160 us, total = 12.603 ms, Queueing time: mean = 5.803 ms, max = 15.657 ms, min = -0.000 s, total = 1.695 s
[state-dump] 	NodeManagerService.grpc_server.ReportWorkerBacklog - 146 total (0 active), Execution time: mean = 343.067 us, total = 50.088 ms, Queueing time: mean = 0.000 s, max = -0.000 s, min = 9223372036.855 s, total = 0.000 s
[state-dump] 	NodeManagerService.grpc_server.ReportWorkerBacklog.HandleRequestImpl - 146 total (0 active), Execution time: mean = 74.125 us, total = 10.822 ms, Queueing time: mean = 84.204 us, max = 2.123 ms, min = 11.100 us, total = 12.294 ms
[state-dump] 	ClientConnection.async_read.ProcessMessageHeader - 89 total (2 active), Execution time: mean = 5.958 us, total = 530.300 us, Queueing time: mean = 774.657 ms, max = 17.251 s, min = 5.500 us, total = 68.944 s
[state-dump] 	ClientConnection.async_read.ProcessMessage - 87 total (0 active), Execution time: mean = 1.104 ms, total = 96.073 ms, Queueing time: mean = 71.011 us, max = 2.472 ms, min = 2.300 us, total = 6.178 ms
[state-dump] 	NodeManagerService.grpc_server.GetResourceLoad - 60 total (0 active), Execution time: mean = 302.777 us, total = 18.167 ms, Queueing time: mean = 0.000 s, max = -0.000 s, min = 9223372036.855 s, total = 0.000 s
[state-dump] 	NodeManager.ScheduleAndDispatchTasks - 60 total (1 active), Execution time: mean = 17.112 us, total = 1.027 ms, Queueing time: mean = 7.818 ms, max = 13.717 ms, min = -0.000 s, total = 469.053 ms
[state-dump] 	NodeManager.deadline_timer.flush_free_objects - 60 total (1 active), Execution time: mean = 13.280 us, total = 796.800 us, Queueing time: mean = 7.718 ms, max = 13.728 ms, min = -0.000 s, total = 463.053 ms
[state-dump] 	NodeManagerService.grpc_server.GetResourceLoad.HandleRequestImpl - 60 total (0 active), Execution time: mean = 78.213 us, total = 4.693 ms, Queueing time: mean = 42.550 us, max = 199.500 us, min = 10.400 us, total = 2.553 ms
[state-dump] 	NodeManager.deadline_timer.spill_objects_when_over_threshold - 60 total (1 active), Execution time: mean = 4.650 us, total = 279.000 us, Queueing time: mean = 7.726 ms, max = 13.709 ms, min = 32.500 us, total = 463.587 ms
[state-dump] 	NodeManager.CheckForUnexpectedWorkerDisconnects - 60 total (1 active), Execution time: mean = 10.172 us, total = 610.300 us, Queueing time: mean = 7.823 ms, max = 13.740 ms, min = -0.000 s, total = 469.404 ms
[state-dump] 	ClusterResourceManager.ResetRemoteNodeView - 20 total (1 active), Execution time: mean = 7.295 us, total = 145.900 us, Queueing time: mean = 6.237 ms, max = 12.680 ms, min = 238.100 us, total = 124.742 ms
[state-dump] 	ObjectManager.ObjectAdded - 20 total (0 active), Execution time: mean = 184.665 us, total = 3.693 ms, Queueing time: mean = 26.585 us, max = 141.800 us, min = 13.500 us, total = 531.700 us
[state-dump] 	ObjectManager.ObjectDeleted - 19 total (0 active), Execution time: mean = 31.989 us, total = 607.800 us, Queueing time: mean = 121.732 us, max = 184.800 us, min = 57.400 us, total = 2.313 ms
[state-dump] 	ClientConnection.async_write.DoAsyncWrites - 18 total (0 active), Execution time: mean = 11.922 us, total = 214.600 us, Queueing time: mean = 56.961 us, max = 80.100 us, min = 31.300 us, total = 1.025 ms
[state-dump] 	NodeManagerService.grpc_server.GetSystemConfig - 17 total (0 active), Execution time: mean = 556.759 us, total = 9.465 ms, Queueing time: mean = 0.000 s, max = -0.000 s, min = 9223372036.855 s, total = 0.000 s
[state-dump] 	NodeManagerService.grpc_server.GetSystemConfig.HandleRequestImpl - 17 total (0 active), Execution time: mean = 67.500 us, total = 1.147 ms, Queueing time: mean = 167.082 us, max = 2.400 ms, min = 16.100 us, total = 2.840 ms
[state-dump] 	ray::rpc::WorkerInfoGcsService.grpc_client.ReportWorkerFailure - 15 total (0 active), Execution time: mean = 1.170 ms, total = 17.556 ms, Queueing time: mean = 0.000 s, max = -0.000 s, min = 9223372036.855 s, total = 0.000 s
[state-dump] 	Subscriber.HandlePublishedMessage_GCS_WORKER_DELTA_CHANNEL - 15 total (0 active), Execution time: mean = 2.400 us, total = 36.000 us, Queueing time: mean = 91.487 us, max = 125.900 us, min = 42.400 us, total = 1.372 ms
[state-dump] 	CoreWorkerService.grpc_client.Exit - 15 total (0 active), Execution time: mean = 2.292 ms, total = 34.379 ms, Queueing time: mean = 0.000 s, max = -0.000 s, min = 9223372036.855 s, total = 0.000 s
[state-dump] 	CoreWorkerService.grpc_client.Exit.OnReplyReceived - 15 total (0 active), Execution time: mean = 17.500 us, total = 262.500 us, Queueing time: mean = 66.500 us, max = 388.200 us, min = 3.700 us, total = 997.500 us
[state-dump] 	ray::rpc::WorkerInfoGcsService.grpc_client.ReportWorkerFailure.OnReplyReceived - 15 total (0 active), Execution time: mean = 8.673 us, total = 130.100 us, Queueing time: mean = 85.033 us, max = 257.700 us, min = 6.500 us, total = 1.276 ms
[state-dump] 	PeriodicalRunner.RunFnPeriodically - 13 total (0 active), Execution time: mean = 168.585 us, total = 2.192 ms, Queueing time: mean = 4.206 ms, max = 12.916 ms, min = 28.000 us, total = 54.678 ms
[state-dump] 	ray::rpc::InternalPubSubGcsService.grpc_client.GcsSubscriberPoll - 13 total (1 active), Execution time: mean = 268.441 ms, total = 3.490 s, Queueing time: mean = 0.000 s, max = -0.000 s, min = 9223372036.855 s, total = 0.000 s
[state-dump] 	ray::rpc::NodeInfoGcsService.grpc_client.CheckAlive.OnReplyReceived - 12 total (0 active), Execution time: mean = 25.975 us, total = 311.700 us, Queueing time: mean = 30.983 us, max = 113.700 us, min = 12.300 us, total = 371.800 us
[state-dump] 	NodeManager.deadline_timer.record_metrics - 12 total (1 active), Execution time: mean = 231.642 us, total = 2.780 ms, Queueing time: mean = 6.285 ms, max = 13.149 ms, min = 2.905 ms, total = 75.421 ms
[state-dump] 	NodeManager.GcsCheckAlive - 12 total (1 active), Execution time: mean = 251.450 us, total = 3.017 ms, Queueing time: mean = 6.197 ms, max = 13.360 ms, min = 2.469 ms, total = 74.366 ms
[state-dump] 	ray::rpc::InternalPubSubGcsService.grpc_client.GcsSubscriberPoll.OnReplyReceived - 12 total (0 active), Execution time: mean = 103.683 us, total = 1.244 ms, Queueing time: mean = 88.450 us, max = 353.200 us, min = 11.100 us, total = 1.061 ms
[state-dump] 	ray::rpc::NodeInfoGcsService.grpc_client.CheckAlive - 12 total (0 active), Execution time: mean = 761.300 us, total = 9.136 ms, Queueing time: mean = 0.000 s, max = -0.000 s, min = 9223372036.855 s, total = 0.000 s
[state-dump] 	CoreWorkerService.grpc_client.PubsubCommandBatch - 10 total (0 active), Execution time: mean = 953.550 us, total = 9.536 ms, Queueing time: mean = 0.000 s, max = -0.000 s, min = 9223372036.855 s, total = 0.000 s
[state-dump] 	CoreWorkerService.grpc_client.PubsubCommandBatch.OnReplyReceived - 10 total (0 active), Execution time: mean = 140.110 us, total = 1.401 ms, Queueing time: mean = 102.330 us, max = 686.600 us, min = 11.300 us, total = 1.023 ms
[state-dump] 	CoreWorkerService.grpc_client.PubsubLongPolling - 7 total (1 active), Execution time: mean = 4.523 s, total = 31.661 s, Queueing time: mean = 0.000 s, max = -0.000 s, min = 9223372036.855 s, total = 0.000 s
[state-dump] 	CoreWorkerService.grpc_client.PubsubLongPolling.OnReplyReceived - 6 total (0 active), Execution time: mean = 394.133 us, total = 2.365 ms, Queueing time: mean = 168.000 us, max = 378.300 us, min = 17.600 us, total = 1.008 ms
[state-dump] 	NodeManager.deadline_timer.debug_state_dump - 6 total (1 active), Execution time: mean = 1.256 ms, total = 7.538 ms, Queueing time: mean = 6.619 ms, max = 12.089 ms, min = 2.204 ms, total = 39.712 ms
[state-dump] 	 - 6 total (0 active), Execution time: mean = 233.333 ns, total = 1.400 us, Queueing time: mean = 45.367 us, max = 139.200 us, min = 16.500 us, total = 272.200 us
[state-dump] 	RaySyncer.BroadcastMessage - 6 total (0 active), Execution time: mean = 90.650 us, total = 543.900 us, Queueing time: mean = 333.333 ns, max = 500.000 ns, min = 200.000 ns, total = 2.000 us
[state-dump] 	CoreWorkerService.grpc_client.UpdateObjectLocationBatch.OnReplyReceived - 5 total (0 active), Execution time: mean = 15.640 us, total = 78.200 us, Queueing time: mean = 71.680 us, max = 206.000 us, min = 12.700 us, total = 358.400 us
[state-dump] 	CoreWorkerService.grpc_client.UpdateObjectLocationBatch - 5 total (0 active), Execution time: mean = 1.419 ms, total = 7.093 ms, Queueing time: mean = 0.000 s, max = -0.000 s, min = 9223372036.855 s, total = 0.000 s
[state-dump] 	NodeManagerService.grpc_server.PinObjectIDs.HandleRequestImpl - 3 total (0 active), Execution time: mean = 879.700 us, total = 2.639 ms, Queueing time: mean = 392.700 us, max = 1.024 ms, min = 21.200 us, total = 1.178 ms
[state-dump] 	NodeManagerService.grpc_server.PinObjectIDs - 3 total (0 active), Execution time: mean = 1.404 ms, total = 4.213 ms, Queueing time: mean = 0.000 s, max = -0.000 s, min = 9223372036.855 s, total = 0.000 s
[state-dump] 	NodeManagerService.grpc_server.RequestWorkerLease - 3 total (1 active), Execution time: mean = 491.400 us, total = 1.474 ms, Queueing time: mean = 0.000 s, max = -0.000 s, min = 9223372036.855 s, total = 0.000 s
[state-dump] 	NodeManagerService.grpc_server.RequestWorkerLease.HandleRequestImpl - 3 total (0 active), Execution time: mean = 618.200 us, total = 1.855 ms, Queueing time: mean = 93.333 us, max = 172.300 us, min = 41.200 us, total = 280.000 us
[state-dump] 	NodeManagerService.grpc_server.ReturnWorker.HandleRequestImpl - 2 total (0 active), Execution time: mean = 180.600 us, total = 361.200 us, Queueing time: mean = 36.050 us, max = 60.700 us, min = 11.400 us, total = 72.100 us
[state-dump] 	ray::rpc::InternalPubSubGcsService.grpc_client.GcsSubscriberCommandBatch - 2 total (0 active), Execution time: mean = 880.000 us, total = 1.760 ms, Queueing time: mean = 0.000 s, max = -0.000 s, min = 9223372036.855 s, total = 0.000 s
[state-dump] 	WorkerPool.PopWorkerCallback - 2 total (0 active), Execution time: mean = 170.900 us, total = 341.800 us, Queueing time: mean = 5.050 us, max = 6.400 us, min = 3.700 us, total = 10.100 us
[state-dump] 	ray::rpc::InternalPubSubGcsService.grpc_client.GcsSubscriberCommandBatch.OnReplyReceived - 2 total (0 active), Execution time: mean = 77.750 us, total = 155.500 us, Queueing time: mean = 484.250 us, max = 860.200 us, min = 108.300 us, total = 968.500 us
[state-dump] 	RaySyncerRegister - 2 total (0 active), Execution time: mean = 2.800 us, total = 5.600 us, Queueing time: mean = 400.000 ns, max = 700.000 ns, min = 100.000 ns, total = 800.000 ns
[state-dump] 	Subscriber.HandlePublishedMessage_WORKER_OBJECT_EVICTION - 2 total (0 active), Execution time: mean = 270.150 us, total = 540.300 us, Queueing time: mean = 125.000 us, max = 141.800 us, min = 108.200 us, total = 250.000 us
[state-dump] 	NodeManagerService.grpc_server.ReturnWorker - 2 total (0 active), Execution time: mean = 376.100 us, total = 752.200 us, Queueing time: mean = 0.000 s, max = -0.000 s, min = 9223372036.855 s, total = 0.000 s
[state-dump] 	ray::rpc::JobInfoGcsService.grpc_client.AddJob - 1 total (0 active), Execution time: mean = 3.446 ms, total = 3.446 ms, Queueing time: mean = 0.000 s, max = -0.000 s, min = 9223372036.855 s, total = 0.000 s
[state-dump] 	ray::rpc::InternalKVGcsService.grpc_client.GetInternalConfig - 1 total (0 active), Execution time: mean = 625.900 us, total = 625.900 us, Queueing time: mean = 0.000 s, max = -0.000 s, min = 9223372036.855 s, total = 0.000 s
[state-dump] 	ray::rpc::InternalKVGcsService.grpc_client.GetInternalConfig.OnReplyReceived - 1 total (0 active), Execution time: mean = 33.306 ms, total = 33.306 ms, Queueing time: mean = 24.900 us, max = 24.900 us, min = 24.900 us, total = 24.900 us
[state-dump] 	NodeManager.deadline_timer.print_event_loop_stats - 1 total (1 active, 1 running), Execution time: mean = 0.000 s, total = 0.000 s, Queueing time: mean = 0.000 s, max = -0.000 s, min = 9223372036.855 s, total = 0.000 s
[state-dump] 	ray::rpc::NodeInfoGcsService.grpc_client.RegisterNode - 1 total (0 active), Execution time: mean = 4.509 ms, total = 4.509 ms, Queueing time: mean = 0.000 s, max = -0.000 s, min = 9223372036.855 s, total = 0.000 s
[state-dump] 	ray::rpc::JobInfoGcsService.grpc_client.GetAllJobInfo - 1 total (0 active), Execution time: mean = 709.100 us, total = 709.100 us, Queueing time: mean = 0.000 s, max = -0.000 s, min = 9223372036.855 s, total = 0.000 s
[state-dump] 	ray::rpc::JobInfoGcsService.grpc_client.AddJob.OnReplyReceived - 1 total (0 active), Execution time: mean = 203.700 us, total = 203.700 us, Queueing time: mean = 332.200 us, max = 332.200 us, min = 332.200 us, total = 332.200 us
[state-dump] 	ray::rpc::NodeInfoGcsService.grpc_client.GetAllNodeInfo - 1 total (0 active), Execution time: mean = 325.600 us, total = 325.600 us, Queueing time: mean = 0.000 s, max = -0.000 s, min = 9223372036.855 s, total = 0.000 s
[state-dump] 	ray::rpc::NodeInfoGcsService.grpc_client.GetAllNodeInfo.OnReplyReceived - 1 total (0 active), Execution time: mean = 137.000 us, total = 137.000 us, Queueing time: mean = 11.200 us, max = 11.200 us, min = 11.200 us, total = 11.200 us
[state-dump] 	ray::rpc::NodeInfoGcsService.grpc_client.RegisterNode.OnReplyReceived - 1 total (0 active), Execution time: mean = 269.800 us, total = 269.800 us, Queueing time: mean = 64.700 us, max = 64.700 us, min = 64.700 us, total = 64.700 us
[state-dump] 	ray::rpc::JobInfoGcsService.grpc_client.GetAllJobInfo.OnReplyReceived - 1 total (0 active), Execution time: mean = 12.500 us, total = 12.500 us, Queueing time: mean = 11.900 us, max = 11.900 us, min = 11.900 us, total = 11.900 us
[state-dump] 	Subscriber.HandlePublishedMessage_GCS_JOB_CHANNEL - 1 total (0 active), Execution time: mean = 468.800 us, total = 468.800 us, Queueing time: mean = 91.400 us, max = 91.400 us, min = 91.400 us, total = 91.400 us
[state-dump] 	NodeManager.GCTaskFailureReason - 1 total (1 active), Execution time: mean = 0.000 s, total = 0.000 s, Queueing time: mean = 0.000 s, max = -0.000 s, min = 9223372036.855 s, total = 0.000 s
[state-dump] DebugString() time ms: 2
[state-dump] 
[state-dump] 
[2025-10-17 10:11:41,252 I 78732 54952] (raylet.exe) store.cc:583: Plasma store debug dump: 
Current usage: 0.000309538 / 0.686327 GB
- num bytes created total: 928701
0 pending objects of total size 0MB
- objects spillable: 1
- bytes spillable: 309538
- objects unsealed: 0
- bytes unsealed: 0
- objects in use: 1
- bytes in use: 309538
- objects evictable: 0
- bytes evictable: 0

- objects created by worker: 1
- bytes created by worker: 309538
- objects restored: 0
- bytes restored: 0
- objects received: 0
- bytes received: 0
- objects errored: 0
- bytes errored: 0

[2025-10-17 10:11:41,284 I 78732 26244] (raylet.exe) node_manager.cc:540: [state-dump] NodeManager:
[state-dump] Node ID: bcc2b0c2d8a4ba1e7b3a4c658ad763c05ebab005ed036b3cf45834e3
[state-dump] Node name: 127.0.0.1
[state-dump] InitialConfigResources: {memory: 1.60143e+09, node:127.0.0.1: 1, CPU: 16, object_store_memory: 6.86327e+08, node:__internal_head__: 1}
[state-dump] ClusterTaskManager:
[state-dump] ========== Node: bcc2b0c2d8a4ba1e7b3a4c658ad763c05ebab005ed036b3cf45834e3 =================
[state-dump] Infeasible queue length: 1
[state-dump] Schedule queue length: 0
[state-dump] Dispatch queue length: 0
[state-dump] num_waiting_for_resource: 0
[state-dump] num_waiting_for_plasma_memory: 0
[state-dump] num_waiting_for_remote_node_resources: 0
[state-dump] num_worker_not_started_by_job_config_not_exist: 0
[state-dump] num_worker_not_started_by_registration_timeout: 0
[state-dump] num_tasks_waiting_for_workers: 0
[state-dump] num_cancelled_tasks: 0
[state-dump] cluster_resource_scheduler state: 
[state-dump] Local id: 6802021480620088846 Local resources: {"total":{object_store_memory: [6863265790000], node:__internal_head__: [10000], CPU: [160000], memory: [16014286850000], node:127.0.0.1: [10000]}}, "available": {object_store_memory: [6860170410000], node:127.0.0.1: [10000], CPU: [160000], memory: [16014286850000], node:__internal_head__: [10000]}}, "labels":{"ray.io/node_id":"bcc2b0c2d8a4ba1e7b3a4c658ad763c05ebab005ed036b3cf45834e3",} is_draining: 0 is_idle: 0 Cluster resources: node id: 6802021480620088846{"total":{object_store_memory: 6863265790000, CPU: 160000, node:127.0.0.1: 10000, memory: 16014286850000, node:__internal_head__: 10000}}, "available": {object_store_memory: 6860170410000, CPU: 160000, node:127.0.0.1: 10000, memory: 16014286850000, node:__internal_head__: 10000}}, "labels":{"ray.io/node_id":"bcc2b0c2d8a4ba1e7b3a4c658ad763c05ebab005ed036b3cf45834e3",}, "is_draining": 0, "draining_deadline_timestamp_ms": -1} { "placement group locations": [], "node to bundles": []}
[state-dump] Waiting tasks size: 0
[state-dump] Number of executing tasks: 0
[state-dump] Number of pinned task arguments: 0
[state-dump] Number of total spilled tasks: 0
[state-dump] Number of spilled waiting tasks: 0
[state-dump] Number of spilled unschedulable tasks: 0
[state-dump] Resource usage {
[state-dump] }
[state-dump] Backlog Size per scheduling descriptor :{workerId: num backlogs}:
[state-dump] 
[state-dump] Running tasks by scheduling class:
[state-dump] ==================================================
[state-dump] 
[state-dump] ClusterResources:
[state-dump] LocalObjectManager:
[state-dump] - num pinned objects: 1
[state-dump] - pinned objects size: 309538
[state-dump] - num objects pending restore: 0
[state-dump] - num objects pending spill: 0
[state-dump] - num bytes pending spill: 0
[state-dump] - num bytes currently spilled: 0
[state-dump] - cumulative spill requests: 0
[state-dump] - cumulative restore requests: 0
[state-dump] - spilled objects pending delete: 0
[state-dump] 
[state-dump] ObjectManager:
[state-dump] - num local objects: 1
[state-dump] - num unfulfilled push requests: 0
[state-dump] - num object pull requests: 0
[state-dump] - num chunks received total: 0
[state-dump] - num chunks received failed (all): 0
[state-dump] - num chunks received failed / cancelled: 0
[state-dump] - num chunks received failed / plasma error: 0
[state-dump] Event stats:
[state-dump] Global stats: 2 total (0 active)
[state-dump] Queueing time: mean = 47.200 us, max = 65.400 us, min = 29.000 us, total = 94.400 us
[state-dump] Execution time:  mean = 3.250 us, total = 6.500 us
[state-dump] Event stats:
[state-dump] 	ObjectManager.FreeObjects - 2 total (0 active), Execution time: mean = 3.250 us, total = 6.500 us, Queueing time: mean = 47.200 us, max = 65.400 us, min = 29.000 us, total = 94.400 us
[state-dump] PushManager:
[state-dump] - num pushes in flight: 0
[state-dump] - num chunks in flight: 0
[state-dump] - num chunks remaining: 0
[state-dump] - max chunks allowed: 409
[state-dump] OwnershipBasedObjectDirectory:
[state-dump] - num listeners: 0
[state-dump] - cumulative location updates: 0
[state-dump] - num location updates per second: 0.000
[state-dump] - num location lookups per second: 0.000
[state-dump] - num locations added per second: 0.000
[state-dump] - num locations removed per second: 0.000
[state-dump] BufferPool:
[state-dump] - create buffer state map size: 0
[state-dump] PullManager:
[state-dump] - num bytes available for pulled objects: 686017041
[state-dump] - num bytes being pulled (all): 0
[state-dump] - num bytes being pulled / pinned: 0
[state-dump] - get request bundles: BundlePullRequestQueue{0 total, 0 active, 0 inactive, 0 unpullable}
[state-dump] - wait request bundles: BundlePullRequestQueue{0 total, 0 active, 0 inactive, 0 unpullable}
[state-dump] - task request bundles: BundlePullRequestQueue{0 total, 0 active, 0 inactive, 0 unpullable}
[state-dump] - first get request bundle: N/A
[state-dump] - first wait request bundle: N/A
[state-dump] - first task request bundle: N/A
[state-dump] - num objects queued: 0
[state-dump] - num objects actively pulled (all): 0
[state-dump] - num objects actively pulled / pinned: 0
[state-dump] - num bundles being pulled: 0
[state-dump] - num pull retries: 0
[state-dump] - max timeout seconds: 0
[state-dump] - max timeout request is already processed. No entry.
[state-dump] 
[state-dump] WorkerPool:
[state-dump] - registered jobs: 1
[state-dump] - process_failed_job_config_missing: 0
[state-dump] - process_failed_rate_limited: 0
[state-dump] - process_failed_pending_registration: 0
[state-dump] - process_failed_runtime_env_setup_failed: 0
[state-dump] - num PYTHON workers: 1
[state-dump] - num PYTHON drivers: 1
[state-dump] - num PYTHON pending start requests: 0
[state-dump] - num PYTHON pending registration requests: 0
[state-dump] - num object spill callbacks queued: 0
[state-dump] - num object restore queued: 0
[state-dump] - num util functions queued: 0
[state-dump] - num idle workers: 1
[state-dump] TaskDependencyManager:
[state-dump] - task deps map size: 0
[state-dump] - get req map size: 0
[state-dump] - wait req map size: 0
[state-dump] - local objects map size: 1
[state-dump] WaitManager:
[state-dump] - num active wait requests: 0
[state-dump] Subscriber:
[state-dump] Channel WORKER_REF_REMOVED_CHANNEL
[state-dump] - cumulative subscribe requests: 0
[state-dump] - cumulative unsubscribe requests: 0
[state-dump] - active subscribed publishers: 0
[state-dump] - cumulative published messages: 0
[state-dump] - cumulative processed messages: 0
[state-dump] Channel WORKER_OBJECT_EVICTION
[state-dump] - cumulative subscribe requests: 3
[state-dump] - cumulative unsubscribe requests: 2
[state-dump] - active subscribed publishers: 1
[state-dump] - cumulative published messages: 2
[state-dump] - cumulative processed messages: 2
[state-dump] Channel WORKER_OBJECT_LOCATIONS_CHANNEL
[state-dump] - cumulative subscribe requests: 4
[state-dump] - cumulative unsubscribe requests: 4
[state-dump] - active subscribed publishers: 0
[state-dump] - cumulative published messages: 0
[state-dump] - cumulative processed messages: 0
[state-dump] num async plasma notifications: 0
[state-dump] Remote node managers: 
[state-dump] Event stats:
[state-dump] Global stats: 5784 total (18 active)
[state-dump] Queueing time: mean = 16.359 ms, max = 17.251 s, min = -0.000 s, total = 94.619 s
[state-dump] Execution time:  mean = 6.162 ms, total = 35.640 s
[state-dump] Event stats:
[state-dump] 	NodeManager.CheckGC - 1110 total (1 active), Execution time: mean = 5.626 us, total = 6.245 ms, Queueing time: mean = 8.131 ms, max = 41.188 ms, min = -0.000 s, total = 9.026 s
[state-dump] 	RaySyncer.OnDemandBroadcasting - 1110 total (1 active), Execution time: mean = 10.985 us, total = 12.193 ms, Queueing time: mean = 8.126 ms, max = 41.182 ms, min = -0.000 s, total = 9.020 s
[state-dump] 	ObjectManager.UpdateAvailableMemory - 1109 total (0 active), Execution time: mean = 4.152 us, total = 4.605 ms, Queueing time: mean = 41.955 us, max = 3.066 ms, min = 2.600 us, total = 46.529 ms
[state-dump] 	RayletWorkerPool.deadline_timer.kill_idle_workers - 588 total (1 active), Execution time: mean = 29.027 us, total = 17.068 ms, Queueing time: mean = 4.316 ms, max = 15.662 ms, min = -0.000 s, total = 2.538 s
[state-dump] 	NodeManagerService.grpc_server.ReportWorkerBacklog - 265 total (0 active), Execution time: mean = 321.271 us, total = 85.137 ms, Queueing time: mean = 0.000 s, max = -0.000 s, min = 9223372036.855 s, total = 0.000 s
[state-dump] 	NodeManagerService.grpc_server.ReportWorkerBacklog.HandleRequestImpl - 265 total (0 active), Execution time: mean = 65.948 us, total = 17.476 ms, Queueing time: mean = 67.325 us, max = 2.123 ms, min = 10.900 us, total = 17.841 ms
[state-dump] 	NodeManager.CheckForUnexpectedWorkerDisconnects - 119 total (1 active), Execution time: mean = 10.221 us, total = 1.216 ms, Queueing time: mean = 8.847 ms, max = 14.051 ms, min = -0.000 s, total = 1.053 s
[state-dump] 	NodeManagerService.grpc_server.GetResourceLoad - 119 total (0 active), Execution time: mean = 317.121 us, total = 37.737 ms, Queueing time: mean = 0.000 s, max = -0.000 s, min = 9223372036.855 s, total = 0.000 s
[state-dump] 	NodeManager.ScheduleAndDispatchTasks - 119 total (1 active), Execution time: mean = 22.581 us, total = 2.687 ms, Queueing time: mean = 8.834 ms, max = 14.014 ms, min = -0.000 s, total = 1.051 s
[state-dump] 	NodeManager.deadline_timer.spill_objects_when_over_threshold - 119 total (1 active), Execution time: mean = 4.390 us, total = 522.400 us, Queueing time: mean = 8.801 ms, max = 14.034 ms, min = 32.500 us, total = 1.047 s
[state-dump] 	NodeManager.deadline_timer.flush_free_objects - 119 total (1 active), Execution time: mean = 8.856 us, total = 1.054 ms, Queueing time: mean = 8.796 ms, max = 14.033 ms, min = -0.000 s, total = 1.047 s
[state-dump] 	NodeManagerService.grpc_server.GetResourceLoad.HandleRequestImpl - 119 total (0 active), Execution time: mean = 73.982 us, total = 8.804 ms, Queueing time: mean = 41.982 us, max = 199.500 us, min = 10.400 us, total = 4.996 ms
[state-dump] 	ClientConnection.async_read.ProcessMessageHeader - 89 total (2 active), Execution time: mean = 5.958 us, total = 530.300 us, Queueing time: mean = 774.657 ms, max = 17.251 s, min = 5.500 us, total = 68.944 s
[state-dump] 	ClientConnection.async_read.ProcessMessage - 87 total (0 active), Execution time: mean = 1.104 ms, total = 96.073 ms, Queueing time: mean = 71.011 us, max = 2.472 ms, min = 2.300 us, total = 6.178 ms
[state-dump] 	ClusterResourceManager.ResetRemoteNodeView - 40 total (1 active), Execution time: mean = 9.322 us, total = 372.900 us, Queueing time: mean = 8.095 ms, max = 15.183 ms, min = 238.100 us, total = 323.792 ms
[state-dump] 	NodeManager.deadline_timer.record_metrics - 24 total (1 active), Execution time: mean = 290.117 us, total = 6.963 ms, Queueing time: mean = 6.872 ms, max = 14.309 ms, min = 1.392 ms, total = 164.929 ms
[state-dump] 	ray::rpc::NodeInfoGcsService.grpc_client.CheckAlive.OnReplyReceived - 24 total (0 active), Execution time: mean = 26.325 us, total = 631.800 us, Queueing time: mean = 43.038 us, max = 264.500 us, min = 11.600 us, total = 1.033 ms
[state-dump] 	ray::rpc::NodeInfoGcsService.grpc_client.CheckAlive - 24 total (0 active), Execution time: mean = 720.538 us, total = 17.293 ms, Queueing time: mean = 0.000 s, max = -0.000 s, min = 9223372036.855 s, total = 0.000 s
[state-dump] 	NodeManager.GcsCheckAlive - 24 total (1 active), Execution time: mean = 231.733 us, total = 5.562 ms, Queueing time: mean = 6.890 ms, max = 13.909 ms, min = 1.582 ms, total = 165.367 ms
[state-dump] 	ObjectManager.ObjectAdded - 20 total (0 active), Execution time: mean = 184.665 us, total = 3.693 ms, Queueing time: mean = 26.585 us, max = 141.800 us, min = 13.500 us, total = 531.700 us
[state-dump] 	ObjectManager.ObjectDeleted - 19 total (0 active), Execution time: mean = 31.989 us, total = 607.800 us, Queueing time: mean = 121.732 us, max = 184.800 us, min = 57.400 us, total = 2.313 ms
[state-dump] 	ClientConnection.async_write.DoAsyncWrites - 18 total (0 active), Execution time: mean = 11.922 us, total = 214.600 us, Queueing time: mean = 56.961 us, max = 80.100 us, min = 31.300 us, total = 1.025 ms
[state-dump] 	NodeManagerService.grpc_server.GetSystemConfig.HandleRequestImpl - 17 total (0 active), Execution time: mean = 67.500 us, total = 1.147 ms, Queueing time: mean = 167.082 us, max = 2.400 ms, min = 16.100 us, total = 2.840 ms
[state-dump] 	NodeManagerService.grpc_server.GetSystemConfig - 17 total (0 active), Execution time: mean = 556.759 us, total = 9.465 ms, Queueing time: mean = 0.000 s, max = -0.000 s, min = 9223372036.855 s, total = 0.000 s
[state-dump] 	CoreWorkerService.grpc_client.Exit - 15 total (0 active), Execution time: mean = 2.292 ms, total = 34.379 ms, Queueing time: mean = 0.000 s, max = -0.000 s, min = 9223372036.855 s, total = 0.000 s
[state-dump] 	Subscriber.HandlePublishedMessage_GCS_WORKER_DELTA_CHANNEL - 15 total (0 active), Execution time: mean = 2.400 us, total = 36.000 us, Queueing time: mean = 91.487 us, max = 125.900 us, min = 42.400 us, total = 1.372 ms
[state-dump] 	CoreWorkerService.grpc_client.Exit.OnReplyReceived - 15 total (0 active), Execution time: mean = 17.500 us, total = 262.500 us, Queueing time: mean = 66.500 us, max = 388.200 us, min = 3.700 us, total = 997.500 us
[state-dump] 	ray::rpc::WorkerInfoGcsService.grpc_client.ReportWorkerFailure - 15 total (0 active), Execution time: mean = 1.170 ms, total = 17.556 ms, Queueing time: mean = 0.000 s, max = -0.000 s, min = 9223372036.855 s, total = 0.000 s
[state-dump] 	ray::rpc::WorkerInfoGcsService.grpc_client.ReportWorkerFailure.OnReplyReceived - 15 total (0 active), Execution time: mean = 8.673 us, total = 130.100 us, Queueing time: mean = 85.033 us, max = 257.700 us, min = 6.500 us, total = 1.276 ms
[state-dump] 	ray::rpc::InternalPubSubGcsService.grpc_client.GcsSubscriberPoll - 13 total (1 active), Execution time: mean = 268.441 ms, total = 3.490 s, Queueing time: mean = 0.000 s, max = -0.000 s, min = 9223372036.855 s, total = 0.000 s
[state-dump] 	PeriodicalRunner.RunFnPeriodically - 13 total (0 active), Execution time: mean = 168.585 us, total = 2.192 ms, Queueing time: mean = 4.206 ms, max = 12.916 ms, min = 28.000 us, total = 54.678 ms
[state-dump] 	ray::rpc::InternalPubSubGcsService.grpc_client.GcsSubscriberPoll.OnReplyReceived - 12 total (0 active), Execution time: mean = 103.683 us, total = 1.244 ms, Queueing time: mean = 88.450 us, max = 353.200 us, min = 11.100 us, total = 1.061 ms
[state-dump] 	NodeManager.deadline_timer.debug_state_dump - 12 total (1 active), Execution time: mean = 1.201 ms, total = 14.413 ms, Queueing time: mean = 6.897 ms, max = 15.170 ms, min = 1.274 ms, total = 82.761 ms
[state-dump] 	CoreWorkerService.grpc_client.PubsubCommandBatch - 10 total (0 active), Execution time: mean = 953.550 us, total = 9.536 ms, Queueing time: mean = 0.000 s, max = -0.000 s, min = 9223372036.855 s, total = 0.000 s
[state-dump] 	CoreWorkerService.grpc_client.PubsubCommandBatch.OnReplyReceived - 10 total (0 active), Execution time: mean = 140.110 us, total = 1.401 ms, Queueing time: mean = 102.330 us, max = 686.600 us, min = 11.300 us, total = 1.023 ms
[state-dump] 	CoreWorkerService.grpc_client.PubsubLongPolling - 7 total (1 active), Execution time: mean = 4.523 s, total = 31.661 s, Queueing time: mean = 0.000 s, max = -0.000 s, min = 9223372036.855 s, total = 0.000 s
[state-dump] 	 - 6 total (0 active), Execution time: mean = 233.333 ns, total = 1.400 us, Queueing time: mean = 45.367 us, max = 139.200 us, min = 16.500 us, total = 272.200 us
[state-dump] 	RaySyncer.BroadcastMessage - 6 total (0 active), Execution time: mean = 90.650 us, total = 543.900 us, Queueing time: mean = 333.333 ns, max = 500.000 ns, min = 200.000 ns, total = 2.000 us
[state-dump] 	CoreWorkerService.grpc_client.PubsubLongPolling.OnReplyReceived - 6 total (0 active), Execution time: mean = 394.133 us, total = 2.365 ms, Queueing time: mean = 168.000 us, max = 378.300 us, min = 17.600 us, total = 1.008 ms
[state-dump] 	CoreWorkerService.grpc_client.UpdateObjectLocationBatch.OnReplyReceived - 5 total (0 active), Execution time: mean = 15.640 us, total = 78.200 us, Queueing time: mean = 71.680 us, max = 206.000 us, min = 12.700 us, total = 358.400 us
[state-dump] 	CoreWorkerService.grpc_client.UpdateObjectLocationBatch - 5 total (0 active), Execution time: mean = 1.419 ms, total = 7.093 ms, Queueing time: mean = 0.000 s, max = -0.000 s, min = 9223372036.855 s, total = 0.000 s
[state-dump] 	NodeManagerService.grpc_server.RequestWorkerLease - 3 total (1 active), Execution time: mean = 491.400 us, total = 1.474 ms, Queueing time: mean = 0.000 s, max = -0.000 s, min = 9223372036.855 s, total = 0.000 s
[state-dump] 	NodeManagerService.grpc_server.PinObjectIDs.HandleRequestImpl - 3 total (0 active), Execution time: mean = 879.700 us, total = 2.639 ms, Queueing time: mean = 392.700 us, max = 1.024 ms, min = 21.200 us, total = 1.178 ms
[state-dump] 	NodeManagerService.grpc_server.PinObjectIDs - 3 total (0 active), Execution time: mean = 1.404 ms, total = 4.213 ms, Queueing time: mean = 0.000 s, max = -0.000 s, min = 9223372036.855 s, total = 0.000 s
[state-dump] 	NodeManagerService.grpc_server.RequestWorkerLease.HandleRequestImpl - 3 total (0 active), Execution time: mean = 618.200 us, total = 1.855 ms, Queueing time: mean = 93.333 us, max = 172.300 us, min = 41.200 us, total = 280.000 us
[state-dump] 	NodeManagerService.grpc_server.ReturnWorker - 2 total (0 active), Execution time: mean = 376.100 us, total = 752.200 us, Queueing time: mean = 0.000 s, max = -0.000 s, min = 9223372036.855 s, total = 0.000 s
[state-dump] 	Subscriber.HandlePublishedMessage_WORKER_OBJECT_EVICTION - 2 total (0 active), Execution time: mean = 270.150 us, total = 540.300 us, Queueing time: mean = 125.000 us, max = 141.800 us, min = 108.200 us, total = 250.000 us
[state-dump] 	ray::rpc::InternalPubSubGcsService.grpc_client.GcsSubscriberCommandBatch.OnReplyReceived - 2 total (0 active), Execution time: mean = 77.750 us, total = 155.500 us, Queueing time: mean = 484.250 us, max = 860.200 us, min = 108.300 us, total = 968.500 us
[state-dump] 	NodeManagerService.grpc_server.ReturnWorker.HandleRequestImpl - 2 total (0 active), Execution time: mean = 180.600 us, total = 361.200 us, Queueing time: mean = 36.050 us, max = 60.700 us, min = 11.400 us, total = 72.100 us
[state-dump] 	NodeManager.deadline_timer.print_event_loop_stats - 2 total (1 active, 1 running), Execution time: mean = 1.532 ms, total = 3.064 ms, Queueing time: mean = 4.222 ms, max = 8.445 ms, min = 8.445 ms, total = 8.445 ms
[state-dump] 	WorkerPool.PopWorkerCallback - 2 total (0 active), Execution time: mean = 170.900 us, total = 341.800 us, Queueing time: mean = 5.050 us, max = 6.400 us, min = 3.700 us, total = 10.100 us
[state-dump] 	ray::rpc::InternalPubSubGcsService.grpc_client.GcsSubscriberCommandBatch - 2 total (0 active), Execution time: mean = 880.000 us, total = 1.760 ms, Queueing time: mean = 0.000 s, max = -0.000 s, min = 9223372036.855 s, total = 0.000 s
[state-dump] 	RaySyncerRegister - 2 total (0 active), Execution time: mean = 2.800 us, total = 5.600 us, Queueing time: mean = 400.000 ns, max = 700.000 ns, min = 100.000 ns, total = 800.000 ns
[state-dump] 	ray::rpc::JobInfoGcsService.grpc_client.GetAllJobInfo.OnReplyReceived - 1 total (0 active), Execution time: mean = 12.500 us, total = 12.500 us, Queueing time: mean = 11.900 us, max = 11.900 us, min = 11.900 us, total = 11.900 us
[state-dump] 	ray::rpc::JobInfoGcsService.grpc_client.AddJob - 1 total (0 active), Execution time: mean = 3.446 ms, total = 3.446 ms, Queueing time: mean = 0.000 s, max = -0.000 s, min = 9223372036.855 s, total = 0.000 s
[state-dump] 	ray::rpc::NodeInfoGcsService.grpc_client.RegisterNode.OnReplyReceived - 1 total (0 active), Execution time: mean = 269.800 us, total = 269.800 us, Queueing time: mean = 64.700 us, max = 64.700 us, min = 64.700 us, total = 64.700 us
[state-dump] 	ray::rpc::InternalKVGcsService.grpc_client.GetInternalConfig.OnReplyReceived - 1 total (0 active), Execution time: mean = 33.306 ms, total = 33.306 ms, Queueing time: mean = 24.900 us, max = 24.900 us, min = 24.900 us, total = 24.900 us
[state-dump] 	ray::rpc::NodeInfoGcsService.grpc_client.RegisterNode - 1 total (0 active), Execution time: mean = 4.509 ms, total = 4.509 ms, Queueing time: mean = 0.000 s, max = -0.000 s, min = 9223372036.855 s, total = 0.000 s
[state-dump] 	ray::rpc::InternalKVGcsService.grpc_client.GetInternalConfig - 1 total (0 active), Execution time: mean = 625.900 us, total = 625.900 us, Queueing time: mean = 0.000 s, max = -0.000 s, min = 9223372036.855 s, total = 0.000 s
[state-dump] 	ray::rpc::JobInfoGcsService.grpc_client.GetAllJobInfo - 1 total (0 active), Execution time: mean = 709.100 us, total = 709.100 us, Queueing time: mean = 0.000 s, max = -0.000 s, min = 9223372036.855 s, total = 0.000 s
[state-dump] 	ray::rpc::JobInfoGcsService.grpc_client.AddJob.OnReplyReceived - 1 total (0 active), Execution time: mean = 203.700 us, total = 203.700 us, Queueing time: mean = 332.200 us, max = 332.200 us, min = 332.200 us, total = 332.200 us
[state-dump] 	ray::rpc::NodeInfoGcsService.grpc_client.GetAllNodeInfo.OnReplyReceived - 1 total (0 active), Execution time: mean = 137.000 us, total = 137.000 us, Queueing time: mean = 11.200 us, max = 11.200 us, min = 11.200 us, total = 11.200 us
[state-dump] 	ray::rpc::NodeInfoGcsService.grpc_client.GetAllNodeInfo - 1 total (0 active), Execution time: mean = 325.600 us, total = 325.600 us, Queueing time: mean = 0.000 s, max = -0.000 s, min = 9223372036.855 s, total = 0.000 s
[state-dump] 	Subscriber.HandlePublishedMessage_GCS_JOB_CHANNEL - 1 total (0 active), Execution time: mean = 468.800 us, total = 468.800 us, Queueing time: mean = 91.400 us, max = 91.400 us, min = 91.400 us, total = 91.400 us
[state-dump] 	NodeManager.GCTaskFailureReason - 1 total (1 active), Execution time: mean = 0.000 s, total = 0.000 s, Queueing time: mean = 0.000 s, max = -0.000 s, min = 9223372036.855 s, total = 0.000 s
[state-dump] DebugString() time ms: 1
[state-dump] 
[state-dump] 
[2025-10-17 10:12:33,526 I 78732 26244] (raylet.exe) node_manager.cc:1636: Disconnecting client, graceful=true, disconnect_type=3, has_creation_task_exception=false worker_id=01000000ffffffffffffffffffffffffffffffffffffffffffffffff
[2025-10-17 10:12:33,527 I 78732 26244] (raylet.exe) node_manager.cc:1728: Driver (pid=33152) is disconnected. worker_id=01000000ffffffffffffffffffffffffffffffffffffffffffffffff job_id=01000000
[2025-10-17 10:12:33,528 I 78732 26244] (raylet.exe) worker_pool.cc:719: Job 01000000 already started in worker pool.
[2025-10-17 10:12:33,528 I 78732 26244] (raylet.exe) node_manager.cc:2012: Caller of RequestWorkerLease is dead. Skip leasing. worker_id=01000000ffffffffffffffffffffffffffffffffffffffffffffffff node_id=bcc2b0c2d8a4ba1e7b3a4c658ad763c05ebab005ed036b3cf45834e3
[2025-10-17 10:12:33,642 I 78732 26244] (raylet.exe) local_resource_manager.cc:288: Object store memory is idle.
[2025-10-17 10:12:33,657 I 78732 26244] (raylet.exe) worker_pool.cc:1224: Force exiting worker whose job has exited 718df7f9b6003b63ca4e6d4023744658f9625c550de27b7ab6178e2a
[2025-10-17 10:12:33,677 I 78732 26244] (raylet.exe) node_manager.cc:1636: Disconnecting client, graceful=true, disconnect_type=1, has_creation_task_exception=false worker_id=718df7f9b6003b63ca4e6d4023744658f9625c550de27b7ab6178e2a
[2025-10-17 10:12:33,785 W 78732 54952] (raylet.exe) store.cc:371: Disconnecting client due to connection error with code 2: End of file
[2025-10-17 10:12:33,865 I 78732 26244] (raylet.exe) main.cc:499: received SIGTERM. Existing local drain request = None
[2025-10-17 10:12:33,865 I 78732 26244] (raylet.exe) main.cc:300: Raylet graceful shutdown triggered, reason = EXPECTED_TERMINATION, reason message = received SIGTERM
[2025-10-17 10:12:33,865 I 78732 26244] (raylet.exe) main.cc:303: Shutting down...
[2025-10-17 10:12:33,865 I 78732 26244] (raylet.exe) accessor.cc:511: Unregistering node node_id=bcc2b0c2d8a4ba1e7b3a4c658ad763c05ebab005ed036b3cf45834e3
[2025-10-17 10:12:33,869 I 78732 26244] (raylet.exe) accessor.cc:524: Finished unregistering node info, status = OK node_id=bcc2b0c2d8a4ba1e7b3a4c658ad763c05ebab005ed036b3cf45834e3
[2025-10-17 10:12:33,869 W 78732 54952] (raylet.exe) store.cc:371: Disconnecting client due to connection error with code 2: End of file
[2025-10-17 10:12:33,871 I 78732 26244] (raylet.exe) agent_manager.cc:113: Killing agent dashboard_agent/15724, pid 48976.
[2025-10-17 10:12:33,875 I 78732 48040] (raylet.exe) agent_manager.cc:80: Agent process with name runtime_env_agent exited, exit code -1073741510.
[2025-10-17 10:12:33,875 E 78732 48040] (raylet.exe) agent_manager.cc:84: The raylet exited immediately because one Ray agent failed, agent_name = runtime_env_agent.
The raylet fate shares with the agent. This can happen because
- The version of `grpcio` doesn't follow Ray's requirement. Agent can segfault with the incorrect `grpcio` version. Check the grpcio version `pip freeze | grep grpcio`.
- The agent failed to start because of unexpected error or port conflict. Read the log `cat /tmp/ray/session_latest/logs/{dashboard_agent|runtime_env_agent}.log`. You can find the log file structure here https://docs.ray.io/en/master/ray-observability/user-guides/configure-logging.html#logging-directory-structure.
- The agent is killed by the OS (e.g., out of memory).
[2025-10-17 10:12:33,876 I 78732 79444] (raylet.exe) agent_manager.cc:80: Agent process with name dashboard_agent/15724 exited, exit code -1073741510.
[2025-10-17 10:12:33,876 I 78732 26244] (raylet.exe) agent_manager.cc:113: Killing agent runtime_env_agent, pid 53060.
[2025-10-17 10:12:33,876 I 78732 26244] (raylet.exe) io_service_pool.cc:47: IOServicePool is stopped.
[2025-10-17 10:12:33,972 I 78732 26244] (raylet.exe) stats.h:120: Stats module has shutdown.
[2025-10-17 10:12:33,973 E 78732 26244] (raylet.exe) logging.cc:497: *** SIGSEGV received at time=1760667153 ***
[2025-10-17 10:12:33,973 E 78732 26244] (raylet.exe) logging.cc:497:     @   00007FF6A3B95C89  (unknown)  (unknown)
[2025-10-17 10:12:33,973 E 78732 26244] (raylet.exe) logging.cc:497:     @   00007FFDAF57F47F  (unknown)  (unknown)
[2025-10-17 10:12:33,973 E 78732 26244] (raylet.exe) logging.cc:497:     @   00007FFDC5B066AF  (unknown)  (unknown)
[2025-10-17 10:12:33,973 E 78732 26244] (raylet.exe) logging.cc:497:     @   00007FFDC5A29CD7  (unknown)  (unknown)
[2025-10-17 10:12:33,973 E 78732 26244] (raylet.exe) logging.cc:497:     @   00007FFDC5B05FEE  (unknown)  (unknown)
[2025-10-17 10:12:33,973 E 78732 26244] (raylet.exe) logging.cc:497:     @   00007FF6A342DB8A  (unknown)  (unknown)
[2025-10-17 10:12:33,973 E 78732 26244] (raylet.exe) logging.cc:497:     @   00007FF6A3562914  (unknown)  (unknown)
[2025-10-17 10:12:33,973 E 78732 26244] (raylet.exe) logging.cc:497:     @   00007FF6A356137F  (unknown)  (unknown)
[2025-10-17 10:12:33,973 E 78732 26244] (raylet.exe) logging.cc:497:     @   00007FF6A356485D  (unknown)  (unknown)
[2025-10-17 10:12:33,973 E 78732 26244] (raylet.exe) logging.cc:497:     @   00007FF6A342F472  (unknown)  (unknown)
[2025-10-17 10:12:33,973 E 78732 26244] (raylet.exe) logging.cc:497:     @   00007FF6A342A660  (unknown)  (unknown)
[2025-10-17 10:12:33,973 E 78732 26244] (raylet.exe) logging.cc:497:     @   00007FF6A3291204  (unknown)  (unknown)
[2025-10-17 10:12:33,973 E 78732 26244] (raylet.exe) logging.cc:497:     @   00007FF6A32C2A38  (unknown)  (unknown)
[2025-10-17 10:12:33,973 E 78732 26244] (raylet.exe) logging.cc:497:     @   00007FF6A32E0139  (unknown)  (unknown)
[2025-10-17 10:12:33,973 E 78732 26244] (raylet.exe) logging.cc:497:     @   00007FF6A35B8C19  (unknown)  (unknown)
[2025-10-17 10:12:33,973 E 78732 26244] (raylet.exe) logging.cc:497:     @   00007FF6A35B1A7A  (unknown)  (unknown)
[2025-10-17 10:12:33,973 E 78732 26244] (raylet.exe) logging.cc:497:     @   00007FF6A35B1FB4  (unknown)  (unknown)
[2025-10-17 10:12:33,973 E 78732 26244] (raylet.exe) logging.cc:497:     @   00007FF6A3B0F86C  (unknown)  (unknown)
[2025-10-17 10:12:33,973 E 78732 26244] (raylet.exe) logging.cc:497:     @   00007FF6A3B14AF4  (unknown)  (unknown)
[2025-10-17 10:12:33,973 E 78732 26244] (raylet.exe) logging.cc:497:     @   00007FF6A3B13E53  (unknown)  (unknown)
[2025-10-17 10:12:33,973 E 78732 26244] (raylet.exe) logging.cc:497:     @   00007FF6A323FCD9  (unknown)  (unknown)
[2025-10-17 10:12:33,973 E 78732 26244] (raylet.exe) logging.cc:497:     @   00007FF6A3B50E58  (unknown)  (unknown)
[2025-10-17 10:12:33,973 E 78732 26244] (raylet.exe) logging.cc:497:     @   00007FFDC3D7E8D7  (unknown)  (unknown)
[2025-10-17 10:12:33,973 E 78732 26244] (raylet.exe) logging.cc:497:     @   00007FFDC5A3C5DC  (unknown)  (unknown)
