[2025-10-17 10:12:33,875 E 78732 48040] (raylet.exe) agent_manager.cc:84: The raylet exited immediately because one Ray agent failed, agent_name = runtime_env_agent.
The raylet fate shares with the agent. This can happen because
- The version of `grpcio` doesn't follow Ray's requirement. Agent can segfault with the incorrect `grpcio` version. Check the grpcio version `pip freeze | grep grpcio`.
- The agent failed to start because of unexpected error or port conflict. Read the log `cat /tmp/ray/session_latest/logs/{dashboard_agent|runtime_env_agent}.log`. You can find the log file structure here https://docs.ray.io/en/master/ray-observability/user-guides/configure-logging.html#logging-directory-structure.
- The agent is killed by the OS (e.g., out of memory).
*** SIGSEGV received at time=1760667153 ***
    @   00007FF6A3B95C89  (unknown)  (unknown)
    @   00007FFDAF57F47F  (unknown)  (unknown)
    @   00007FFDC5B066AF  (unknown)  (unknown)
    @   00007FFDC5A29CD7  (unknown)  (unknown)
    @   00007FFDC5B05FEE  (unknown)  (unknown)
    @   00007FF6A342DB8A  (unknown)  (unknown)
    @   00007FF6A3562914  (unknown)  (unknown)
    @   00007FF6A356137F  (unknown)  (unknown)
    @   00007FF6A356485D  (unknown)  (unknown)
    @   00007FF6A342F472  (unknown)  (unknown)
    @   00007FF6A342A660  (unknown)  (unknown)
    @   00007FF6A3291204  (unknown)  (unknown)
    @   00007FF6A32C2A38  (unknown)  (unknown)
    @   00007FF6A32E0139  (unknown)  (unknown)
    @   00007FF6A35B8C19  (unknown)  (unknown)
    @   00007FF6A35B1A7A  (unknown)  (unknown)
    @   00007FF6A35B1FB4  (unknown)  (unknown)
    @   00007FF6A3B0F86C  (unknown)  (unknown)
    @   00007FF6A3B14AF4  (unknown)  (unknown)
    @   00007FF6A3B13E53  (unknown)  (unknown)
    @   00007FF6A323FCD9  (unknown)  (unknown)
    @   00007FF6A3B50E58  (unknown)  (unknown)
    @   00007FFDC3D7E8D7  (unknown)  (unknown)
    @   00007FFDC5A3C5DC  (unknown)  (unknown)
[2025-10-17 10:12:33,973 E 78732 26244] (raylet.exe) logging.cc:497: *** SIGSEGV received at time=1760667153 ***
[2025-10-17 10:12:33,973 E 78732 26244] (raylet.exe) logging.cc:497:     @   00007FF6A3B95C89  (unknown)  (unknown)
[2025-10-17 10:12:33,973 E 78732 26244] (raylet.exe) logging.cc:497:     @   00007FFDAF57F47F  (unknown)  (unknown)
[2025-10-17 10:12:33,973 E 78732 26244] (raylet.exe) logging.cc:497:     @   00007FFDC5B066AF  (unknown)  (unknown)
[2025-10-17 10:12:33,973 E 78732 26244] (raylet.exe) logging.cc:497:     @   00007FFDC5A29CD7  (unknown)  (unknown)
[2025-10-17 10:12:33,973 E 78732 26244] (raylet.exe) logging.cc:497:     @   00007FFDC5B05FEE  (unknown)  (unknown)
[2025-10-17 10:12:33,973 E 78732 26244] (raylet.exe) logging.cc:497:     @   00007FF6A342DB8A  (unknown)  (unknown)
[2025-10-17 10:12:33,973 E 78732 26244] (raylet.exe) logging.cc:497:     @   00007FF6A3562914  (unknown)  (unknown)
[2025-10-17 10:12:33,973 E 78732 26244] (raylet.exe) logging.cc:497:     @   00007FF6A356137F  (unknown)  (unknown)
[2025-10-17 10:12:33,973 E 78732 26244] (raylet.exe) logging.cc:497:     @   00007FF6A356485D  (unknown)  (unknown)
[2025-10-17 10:12:33,973 E 78732 26244] (raylet.exe) logging.cc:497:     @   00007FF6A342F472  (unknown)  (unknown)
[2025-10-17 10:12:33,973 E 78732 26244] (raylet.exe) logging.cc:497:     @   00007FF6A342A660  (unknown)  (unknown)
[2025-10-17 10:12:33,973 E 78732 26244] (raylet.exe) logging.cc:497:     @   00007FF6A3291204  (unknown)  (unknown)
[2025-10-17 10:12:33,973 E 78732 26244] (raylet.exe) logging.cc:497:     @   00007FF6A32C2A38  (unknown)  (unknown)
[2025-10-17 10:12:33,973 E 78732 26244] (raylet.exe) logging.cc:497:     @   00007FF6A32E0139  (unknown)  (unknown)
[2025-10-17 10:12:33,973 E 78732 26244] (raylet.exe) logging.cc:497:     @   00007FF6A35B8C19  (unknown)  (unknown)
[2025-10-17 10:12:33,973 E 78732 26244] (raylet.exe) logging.cc:497:     @   00007FF6A35B1A7A  (unknown)  (unknown)
[2025-10-17 10:12:33,973 E 78732 26244] (raylet.exe) logging.cc:497:     @   00007FF6A35B1FB4  (unknown)  (unknown)
[2025-10-17 10:12:33,973 E 78732 26244] (raylet.exe) logging.cc:497:     @   00007FF6A3B0F86C  (unknown)  (unknown)
[2025-10-17 10:12:33,973 E 78732 26244] (raylet.exe) logging.cc:497:     @   00007FF6A3B14AF4  (unknown)  (unknown)
[2025-10-17 10:12:33,973 E 78732 26244] (raylet.exe) logging.cc:497:     @   00007FF6A3B13E53  (unknown)  (unknown)
[2025-10-17 10:12:33,973 E 78732 26244] (raylet.exe) logging.cc:497:     @   00007FF6A323FCD9  (unknown)  (unknown)
[2025-10-17 10:12:33,973 E 78732 26244] (raylet.exe) logging.cc:497:     @   00007FF6A3B50E58  (unknown)  (unknown)
[2025-10-17 10:12:33,973 E 78732 26244] (raylet.exe) logging.cc:497:     @   00007FFDC3D7E8D7  (unknown)  (unknown)
[2025-10-17 10:12:33,973 E 78732 26244] (raylet.exe) logging.cc:497:     @   00007FFDC5A3C5DC  (unknown)  (unknown)
