2025-10-16 23:12:37,068	INFO utils.py:314 -- Get all modules by type: DashboardHeadModule
2025-10-16 23:12:37,071	INFO utils.py:325 -- Module ray.dashboard.modules.actor.actor_head cannot be loaded because we cannot import all dependencies. Install this module using `pip install 'ray[default]'` for the full dashboard functionality. Error: No module named 'aiohttp'
2025-10-16 23:12:37,108	INFO utils.py:325 -- Module ray.dashboard.modules.data.data_head cannot be loaded because we cannot import all dependencies. Install this module using `pip install 'ray[default]'` for the full dashboard functionality. Error: No module named 'aiohttp'
2025-10-16 23:12:37,126	INFO utils.py:325 -- Module ray.dashboard.modules.event.event_head cannot be loaded because we cannot import all dependencies. Install this module using `pip install 'ray[default]'` for the full dashboard functionality. Error: No module named 'aiohttp'
2025-10-16 23:12:37,128	INFO utils.py:325 -- Module ray.dashboard.modules.healthz.healthz_agent cannot be loaded because we cannot import all dependencies. Install this module using `pip install 'ray[default]'` for the full dashboard functionality. Error: No module named 'aiohttp'
2025-10-16 23:12:37,129	INFO utils.py:325 -- Module ray.dashboard.modules.healthz.healthz_head cannot be loaded because we cannot import all dependencies. Install this module using `pip install 'ray[default]'` for the full dashboard functionality. Error: No module named 'aiohttp'
2025-10-16 23:12:37,173	INFO utils.py:325 -- Module ray.dashboard.modules.job.job_agent cannot be loaded because we cannot import all dependencies. Install this module using `pip install 'ray[default]'` for the full dashboard functionality. Error: No module named 'aiohttp'
2025-10-16 23:12:37,174	INFO utils.py:325 -- Module ray.dashboard.modules.job.job_head cannot be loaded because we cannot import all dependencies. Install this module using `pip install 'ray[default]'` for the full dashboard functionality. Error: No module named 'aiohttp'
2025-10-16 23:12:37,176	WARNING job_supervisor.py:49 -- Failed to Import win32api. For best usage experience run 'conda install pywin32'. Import error: No module named 'win32api'
2025-10-16 23:12:37,179	INFO utils.py:325 -- Module ray.dashboard.modules.log.log_agent cannot be loaded because we cannot import all dependencies. Install this module using `pip install 'ray[default]'` for the full dashboard functionality. Error: No module named 'aiohttp'
2025-10-16 23:12:37,258	INFO utils.py:325 -- Module ray.dashboard.modules.log.log_manager cannot be loaded because we cannot import all dependencies. Install this module using `pip install 'ray[default]'` for the full dashboard functionality. Error: No module named 'aiohttp'
2025-10-16 23:12:37,266	INFO utils.py:325 -- Module ray.dashboard.modules.metrics.metrics_head cannot be loaded because we cannot import all dependencies. Install this module using `pip install 'ray[default]'` for the full dashboard functionality. Error: No module named 'aiohttp'
2025-10-16 23:12:37,268	INFO utils.py:325 -- Module ray.dashboard.modules.node.node_head cannot be loaded because we cannot import all dependencies. Install this module using `pip install 'ray[default]'` for the full dashboard functionality. Error: No module named 'aiohttp'
2025-10-16 23:12:37,271	INFO utils.py:325 -- Module ray.dashboard.modules.reporter.reporter_agent cannot be loaded because we cannot import all dependencies. Install this module using `pip install 'ray[default]'` for the full dashboard functionality. Error: No module named 'opencensus'
2025-10-16 23:12:37,273	INFO utils.py:325 -- Module ray.dashboard.modules.reporter.reporter_head cannot be loaded because we cannot import all dependencies. Install this module using `pip install 'ray[default]'` for the full dashboard functionality. Error: No module named 'aiohttp'
2025-10-16 23:12:37,276	INFO utils.py:325 -- Module ray.dashboard.modules.serve.serve_agent cannot be loaded because we cannot import all dependencies. Install this module using `pip install 'ray[default]'` for the full dashboard functionality. Error: No module named 'aiohttp'
2025-10-16 23:12:37,277	INFO utils.py:325 -- Module ray.dashboard.modules.serve.serve_head cannot be loaded because we cannot import all dependencies. Install this module using `pip install 'ray[default]'` for the full dashboard functionality. Error: No module named 'aiohttp'
2025-10-16 23:12:37,278	INFO utils.py:325 -- Module ray.dashboard.modules.serve.serve_rest_api_impl cannot be loaded because we cannot import all dependencies. Install this module using `pip install 'ray[default]'` for the full dashboard functionality. Error: No module named 'aiohttp'
2025-10-16 23:12:37,279	INFO utils.py:325 -- Module ray.dashboard.modules.snapshot.snapshot_head cannot be loaded because we cannot import all dependencies. Install this module using `pip install 'ray[default]'` for the full dashboard functionality. Error: No module named 'aiohttp'
2025-10-16 23:12:37,281	INFO utils.py:325 -- Module ray.dashboard.modules.state.state_head cannot be loaded because we cannot import all dependencies. Install this module using `pip install 'ray[default]'` for the full dashboard functionality. Error: No module named 'aiohttp'
2025-10-16 23:12:37,282	INFO utils.py:325 -- Module ray.dashboard.modules.train.train_head cannot be loaded because we cannot import all dependencies. Install this module using `pip install 'ray[default]'` for the full dashboard functionality. Error: No module named 'aiohttp'
2025-10-16 23:12:37,285	INFO utils.py:347 -- Available modules: [<class 'ray.dashboard.modules.usage_stats.usage_stats_head.UsageStatsHead'>]
2025-10-16 23:12:37,285	INFO head.py:202 -- Modules to load: {'UsageStatsHead'}
2025-10-16 23:12:37,285	INFO head.py:205 -- Loading DashboardHeadModule: <class 'ray.dashboard.modules.usage_stats.usage_stats_head.UsageStatsHead'>
2025-10-16 23:12:37,285	INFO head.py:219 -- Loaded 1 modules. [<ray.dashboard.modules.usage_stats.usage_stats_head.UsageStatsHead object at 0x0000022E7704E610>]
2025-10-16 23:12:37,285	INFO head.py:303 -- http server disabled.
2025-10-16 23:12:37,287	INFO usage_stats_head.py:197 -- Usage reporting is disabled.
