2025-10-16 23:12:39,003	INFO log_monitor.py:155 -- Starting log monitor with [max open files=200], [is_autoscaler_v2=False]
2025-10-16 23:12:39,005	INFO log_monitor.py:278 -- Beginning to track file raylet.err
2025-10-16 23:12:39,005	INFO log_monitor.py:278 -- Beginning to track file monitor.log
2025-10-16 23:12:39,005	INFO log_monitor.py:278 -- Beginning to track file gcs_server.err
2025-10-16 23:12:39,716	INFO log_monitor.py:278 -- Beginning to track file worker-6b7daf078ccaf5d5b7ba6fa05d08ac4072f9df48bfb25c47c63b94cf-ffffffff-16196.err
2025-10-16 23:12:39,717	INFO log_monitor.py:278 -- Beginning to track file worker-6b7daf078ccaf5d5b7ba6fa05d08ac4072f9df48bfb25c47c63b94cf-ffffffff-16196.out
2025-10-16 23:12:39,823	INFO log_monitor.py:278 -- Beginning to track file worker-6c82c89f8ee4d792a01411bfc13bb99a7e07d4821a01d059d59fa12b-ffffffff-13260.err
2025-10-16 23:12:39,824	INFO log_monitor.py:278 -- Beginning to track file worker-6c82c89f8ee4d792a01411bfc13bb99a7e07d4821a01d059d59fa12b-ffffffff-13260.out
2025-10-16 23:12:39,824	INFO log_monitor.py:278 -- Beginning to track file worker-d7a6478e36e0b31d0b378bcc121ffd34c662717f7371ee3fd56fd6e2-ffffffff-74124.err
2025-10-16 23:12:39,824	INFO log_monitor.py:278 -- Beginning to track file worker-d7a6478e36e0b31d0b378bcc121ffd34c662717f7371ee3fd56fd6e2-ffffffff-74124.out
2025-10-16 23:12:40,028	INFO log_monitor.py:278 -- Beginning to track file worker-6e5bf472350b5950eb5a16fa06204e940a0d2d116bf087b598903180-ffffffff-27144.err
2025-10-16 23:12:40,028	INFO log_monitor.py:278 -- Beginning to track file worker-6e5bf472350b5950eb5a16fa06204e940a0d2d116bf087b598903180-ffffffff-27144.out
2025-10-16 23:12:40,130	INFO log_monitor.py:278 -- Beginning to track file worker-fb4cc277ad761ad311807edb2026df2fd18d49d124c483f65d0112d6-ffffffff-51108.err
2025-10-16 23:12:40,130	INFO log_monitor.py:278 -- Beginning to track file worker-fb4cc277ad761ad311807edb2026df2fd18d49d124c483f65d0112d6-ffffffff-51108.out
2025-10-16 23:12:40,233	INFO log_monitor.py:278 -- Beginning to track file worker-462c3995019f5962a0b5ae2437fb0a2b1a8b1b78af165f6e4940ac03-ffffffff-13324.err
2025-10-16 23:12:40,233	INFO log_monitor.py:278 -- Beginning to track file worker-462c3995019f5962a0b5ae2437fb0a2b1a8b1b78af165f6e4940ac03-ffffffff-13324.out
2025-10-16 23:12:40,334	INFO log_monitor.py:278 -- Beginning to track file worker-96b782f154ab650fa1c2b8101193e3be5c26f475880923413e0b08c0-ffffffff-54936.err
2025-10-16 23:12:40,334	INFO log_monitor.py:278 -- Beginning to track file worker-96b782f154ab650fa1c2b8101193e3be5c26f475880923413e0b08c0-ffffffff-54936.out
2025-10-16 23:12:40,335	INFO log_monitor.py:278 -- Beginning to track file worker-9862fe8344a39784cfc0bd0a8c06fa366e4e0540a7131c3deef5d146-ffffffff-44168.err
2025-10-16 23:12:40,335	INFO log_monitor.py:278 -- Beginning to track file worker-9862fe8344a39784cfc0bd0a8c06fa366e4e0540a7131c3deef5d146-ffffffff-44168.out
2025-10-16 23:12:40,335	INFO log_monitor.py:278 -- Beginning to track file worker-f74fa75292b5661fd9eed4eaeee1dc3072c04b1978776c6d698e9e47-ffffffff-3964.err
2025-10-16 23:12:40,335	INFO log_monitor.py:278 -- Beginning to track file worker-f74fa75292b5661fd9eed4eaeee1dc3072c04b1978776c6d698e9e47-ffffffff-3964.out
2025-10-16 23:12:40,437	INFO log_monitor.py:278 -- Beginning to track file worker-117963d906b9c01d4d5efbaeb0dcfc479d5c2931faaa82c1a6c46a3b-ffffffff-33924.err
2025-10-16 23:12:40,437	INFO log_monitor.py:278 -- Beginning to track file worker-117963d906b9c01d4d5efbaeb0dcfc479d5c2931faaa82c1a6c46a3b-ffffffff-33924.out
2025-10-16 23:12:40,437	INFO log_monitor.py:278 -- Beginning to track file worker-29c2520a549b4a2097f25dbd34008ce1fdc1360db1d66d2f238687aa-ffffffff-13520.err
2025-10-16 23:12:40,437	INFO log_monitor.py:278 -- Beginning to track file worker-29c2520a549b4a2097f25dbd34008ce1fdc1360db1d66d2f238687aa-ffffffff-13520.out
2025-10-16 23:12:40,437	INFO log_monitor.py:278 -- Beginning to track file worker-3eb2c6ebe296b3ae08aa2da7041cac2e48488e98fa9f1c080b466c41-ffffffff-23864.err
2025-10-16 23:12:40,437	INFO log_monitor.py:278 -- Beginning to track file worker-3eb2c6ebe296b3ae08aa2da7041cac2e48488e98fa9f1c080b466c41-ffffffff-23864.out
2025-10-16 23:12:40,437	INFO log_monitor.py:278 -- Beginning to track file worker-5f94b4ba82064c69fc3065f201116962505fd6772039a41bba3d14b5-ffffffff-62176.err
2025-10-16 23:12:40,438	INFO log_monitor.py:278 -- Beginning to track file worker-5f94b4ba82064c69fc3065f201116962505fd6772039a41bba3d14b5-ffffffff-62176.out
2025-10-16 23:12:40,438	INFO log_monitor.py:278 -- Beginning to track file worker-7d7ffb93bf3bd19f69901c082133388066da5c772cdf98b7b8a052d3-ffffffff-43948.err
2025-10-16 23:12:40,438	INFO log_monitor.py:278 -- Beginning to track file worker-7d7ffb93bf3bd19f69901c082133388066da5c772cdf98b7b8a052d3-ffffffff-43948.out
2025-10-16 23:12:40,438	INFO log_monitor.py:278 -- Beginning to track file worker-86883679e2e1eee3aedaa1b840e80b509e1bc56720c1e47be75c6910-ffffffff-52576.err
2025-10-16 23:12:40,439	INFO log_monitor.py:278 -- Beginning to track file worker-86883679e2e1eee3aedaa1b840e80b509e1bc56720c1e47be75c6910-ffffffff-52576.out
2025-10-16 23:12:40,439	INFO log_monitor.py:278 -- Beginning to track file worker-b13971ed1ac88be49e7873db85b1f6b079e68b60ee3802d441a81ad0-ffffffff-27184.err
2025-10-16 23:12:40,439	INFO log_monitor.py:278 -- Beginning to track file worker-b13971ed1ac88be49e7873db85b1f6b079e68b60ee3802d441a81ad0-ffffffff-27184.out
2025-10-16 23:12:40,439	INFO log_monitor.py:278 -- Beginning to track file worker-c038e8aff594224458c19dc8209568cf890beab1429dd1cf2af8561a-ffffffff-54168.err
2025-10-16 23:12:40,439	INFO log_monitor.py:278 -- Beginning to track file worker-c038e8aff594224458c19dc8209568cf890beab1429dd1cf2af8561a-ffffffff-54168.out
2025-10-16 23:12:40,439	INFO log_monitor.py:278 -- Beginning to track file worker-e702c32392a0df7adfa98e1f00e942bdb76e797fecd52e1755ed0be6-ffffffff-60428.err
2025-10-16 23:12:40,440	INFO log_monitor.py:278 -- Beginning to track file worker-e702c32392a0df7adfa98e1f00e942bdb76e797fecd52e1755ed0be6-ffffffff-60428.out
