[2025-10-16 23:12:40,352 I 33924 32688] core_worker_process.cc:187: Constructing CoreWorkerProcess. pid: 33924
[2025-10-16 23:12:40,356 I 33924 32688] io_service_pool.cc:35: IOServicePool is running with 1 io_service.
[2025-10-16 23:12:40,359 I 33924 32688] grpc_server.cc:137: worker server started, listening on port 49368.
[2025-10-16 23:12:40,360 I 33924 32688] core_worker.cc:526: Initializing worker at address: 127.0.0.1:49368 worker_id=117963d906b9c01d4d5efbaeb0dcfc479d5c2931faaa82c1a6c46a3b node_id=8e2cf67ec3b685d76b7307ca6796d76d9bfca1988ebebd2c10e3aeeb
[2025-10-16 23:12:40,361 I 33924 32688] task_event_buffer.cc:281: Reporting task events to GCS every 1000ms.
[2025-10-16 23:12:40,362 I 33924 12676] accessor.cc:760: Received notification for node, IsAlive = 1 node_id=8e2cf67ec3b685d76b7307ca6796d76d9bfca1988ebebd2c10e3aeeb
[2025-10-16 23:12:40,362 I 33924 12676] core_worker.cc:5080: Number of alive nodes:1
[2025-10-16 23:12:40,363 I 33924 12676] core_worker.cc:914: Event stats:


Global stats: 12 total (4 active)
Queueing time: mean = 23.142 us, max = 181.900 us, min = 15.300 us, total = 277.700 us
Execution time:  mean = 168.692 us, total = 2.024 ms
Event stats:
	PeriodicalRunner.RunFnPeriodically - 3 total (1 active, 1 running), Execution time: mean = 14.233 us, total = 42.700 us, Queueing time: mean = 65.733 us, max = 181.900 us, min = 15.300 us, total = 197.200 us
	ray::rpc::InternalPubSubGcsService.grpc_client.GcsSubscriberCommandBatch - 1 total (0 active), Execution time: mean = 593.400 us, total = 593.400 us, Queueing time: mean = 0.000 s, max = -0.000 s, min = 9223372036.855 s, total = 0.000 s
	ray::rpc::WorkerInfoGcsService.grpc_client.AddWorkerInfo.OnReplyReceived - 1 total (0 active), Execution time: mean = 26.000 us, total = 26.000 us, Queueing time: mean = 19.600 us, max = 19.600 us, min = 19.600 us, total = 19.600 us
	ray::rpc::NodeInfoGcsService.grpc_client.GetAllNodeInfo - 1 total (0 active), Execution time: mean = 482.300 us, total = 482.300 us, Queueing time: mean = 0.000 s, max = -0.000 s, min = 9223372036.855 s, total = 0.000 s
	ray::rpc::NodeInfoGcsService.grpc_client.GetAllNodeInfo.OnReplyReceived - 1 total (0 active), Execution time: mean = 119.900 us, total = 119.900 us, Queueing time: mean = 35.500 us, max = 35.500 us, min = 35.500 us, total = 35.500 us
	ray::rpc::InternalPubSubGcsService.grpc_client.GcsSubscriberPoll - 1 total (1 active), Execution time: mean = 0.000 s, total = 0.000 s, Queueing time: mean = 0.000 s, max = -0.000 s, min = 9223372036.855 s, total = 0.000 s
	ray::rpc::WorkerInfoGcsService.grpc_client.AddWorkerInfo - 1 total (0 active), Execution time: mean = 563.700 us, total = 563.700 us, Queueing time: mean = 0.000 s, max = -0.000 s, min = 9223372036.855 s, total = 0.000 s
	Publisher.CheckDeadSubscribers - 1 total (1 active), Execution time: mean = 0.000 s, total = 0.000 s, Queueing time: mean = 0.000 s, max = -0.000 s, min = 9223372036.855 s, total = 0.000 s
	CoreWorker.ExitIfParentRayletDies - 1 total (1 active), Execution time: mean = 0.000 s, total = 0.000 s, Queueing time: mean = 0.000 s, max = -0.000 s, min = 9223372036.855 s, total = 0.000 s
	ray::rpc::InternalPubSubGcsService.grpc_client.GcsSubscriberCommandBatch.OnReplyReceived - 1 total (0 active), Execution time: mean = 196.300 us, total = 196.300 us, Queueing time: mean = 25.400 us, max = 25.400 us, min = 25.400 us, total = 25.400 us

-----------------
Task execution event stats:

Global stats: 0 total (0 active)
Queueing time: mean = -nan(ind) s, max = -0.000 s, min = 9223372036.855 s, total = 0.000 s
Execution time:  mean = -nan(ind) s, total = 0.000 s
Event stats:

-----------------
Task Event stats:

IO Service Stats:

Global stats: 4 total (1 active)
Queueing time: mean = 11.775 us, max = 24.200 us, min = 22.900 us, total = 47.100 us
Execution time:  mean = 193.575 us, total = 774.300 us
Event stats:
	CoreWorker.deadline_timer.flush_task_events - 1 total (1 active), Execution time: mean = 0.000 s, total = 0.000 s, Queueing time: mean = 0.000 s, max = -0.000 s, min = 9223372036.855 s, total = 0.000 s
	ray::rpc::TaskInfoGcsService.grpc_client.AddTaskEventData - 1 total (0 active), Execution time: mean = 548.100 us, total = 548.100 us, Queueing time: mean = 0.000 s, max = -0.000 s, min = 9223372036.855 s, total = 0.000 s
	ray::rpc::TaskInfoGcsService.grpc_client.AddTaskEventData.OnReplyReceived - 1 total (0 active), Execution time: mean = 20.500 us, total = 20.500 us, Queueing time: mean = 22.900 us, max = 22.900 us, min = 22.900 us, total = 22.900 us
	PeriodicalRunner.RunFnPeriodically - 1 total (0 active), Execution time: mean = 205.700 us, total = 205.700 us, Queueing time: mean = 24.200 us, max = 24.200 us, min = 24.200 us, total = 24.200 us
Other Stats:
	grpc_in_progress:0
	current number of task status events in buffer: 0
	current number of profile events in buffer: 0
	current number of dropped task attempts tracked: 0
	total task events sent: 0 MiB
	total number of task attempts sent: 0
	total number of task attempts dropped reported: 0
	total number of sent failure: 0
	num status task events dropped: 0
	num profile task events dropped: 0


[2025-10-16 23:12:40,365 I 33924 32688] event.cc:500: Ray Event initialized for CORE_WORKER
[2025-10-16 23:12:40,366 I 33924 32688] event.cc:500: Ray Event initialized for EXPORT_TASK
[2025-10-16 23:12:40,366 I 33924 32688] event.cc:331: Set ray event level to warning
[2025-10-16 23:12:41,543 I 33924 12676] core_worker.cc:1171: Exit signal received, this process will exit after all outstanding tasks have finished, exit_type=INTENDED_SYSTEM_EXIT, detail=Worker exits because it was idle (it doesn't have objects it owns while no task or actor has been scheduled) for a long time.
[2025-10-16 23:12:41,545 I 33924 32688] core_worker.cc:1102: Sending disconnect message to the local raylet.
[2025-10-16 23:12:41,545 I 33924 32688] raylet_client.cc:73: RayletClient::Disconnect, exit_type=INTENDED_SYSTEM_EXIT, exit_detail=Worker exits because it was idle (it doesn't have objects it owns while no task or actor has been scheduled) for a long time., has creation_task_exception_pb_bytes=0
[2025-10-16 23:12:41,545 I 33924 32688] core_worker.cc:1108: Disconnected from the local raylet.
[2025-10-16 23:12:41,545 I 33924 32688] core_worker.cc:1017: Shutting down a core worker.
[2025-10-16 23:12:41,545 I 33924 32688] task_event_buffer.cc:292: Shutting down TaskEventBuffer.
[2025-10-16 23:12:41,545 I 33924 30628] task_event_buffer.cc:260: Task event buffer io service stopped.
[2025-10-16 23:12:41,546 I 33924 32688] core_worker.cc:1039: Waiting for joining a core worker io thread. If it hangs here, there might be deadlock or a high load in the core worker io service.
[2025-10-16 23:12:41,546 I 33924 12676] core_worker.cc:1275: Core worker main io service stopped.
[2025-10-16 23:12:41,547 I 33924 32688] core_worker.cc:1051: Disconnecting a GCS client.
[2025-10-16 23:12:41,547 I 33924 32688] core_worker.cc:1058: Core worker ready to be deallocated.
[2025-10-16 23:12:41,547 I 33924 32688] core_worker_process.cc:330: Task execution loop terminated. Removing the global worker.
[2025-10-16 23:12:41,547 I 33924 32688] core_worker.cc:1008: Core worker is destructed
[2025-10-16 23:12:41,547 I 33924 32688] task_event_buffer.cc:292: Shutting down TaskEventBuffer.
[2025-10-16 23:12:41,802 I 33924 32688] core_worker_process.cc:232: Destructing CoreWorkerProcessImpl. pid: 33924
[2025-10-16 23:12:41,802 I 33924 32688] io_service_pool.cc:47: IOServicePool is stopped.
[2025-10-16 23:12:42,190 I 33924 32688] stats.h:120: Stats module has shutdown.
[2025-10-16 23:12:42,212 W 33924 32688] core_worker_process.cc:246: The core worker process is not initialized yet or already shutdown.
