[2025-10-16 23:12:40,434 I 43948 74136] core_worker_process.cc:187: Constructing CoreWorkerProcess. pid: 43948
[2025-10-16 23:12:40,436 I 43948 74136] io_service_pool.cc:35: IOServicePool is running with 1 io_service.
[2025-10-16 23:12:40,438 I 43948 74136] grpc_server.cc:137: worker server started, listening on port 49670.
[2025-10-16 23:12:40,439 I 43948 74136] core_worker.cc:526: Initializing worker at address: 127.0.0.1:49670 worker_id=7d7ffb93bf3bd19f69901c082133388066da5c772cdf98b7b8a052d3 node_id=8e2cf67ec3b685d76b7307ca6796d76d9bfca1988ebebd2c10e3aeeb
[2025-10-16 23:12:40,441 I 43948 74136] task_event_buffer.cc:281: Reporting task events to GCS every 1000ms.
[2025-10-16 23:12:40,442 I 43948 35660] accessor.cc:760: Received notification for node, IsAlive = 1 node_id=8e2cf67ec3b685d76b7307ca6796d76d9bfca1988ebebd2c10e3aeeb
[2025-10-16 23:12:40,442 I 43948 35660] core_worker.cc:5080: Number of alive nodes:1
[2025-10-16 23:12:40,443 I 43948 35660] core_worker.cc:914: Event stats:


Global stats: 12 total (4 active)
Queueing time: mean = 15.558 us, max = 115.000 us, min = 11.600 us, total = 186.700 us
Execution time:  mean = 170.925 us, total = 2.051 ms
Event stats:
	PeriodicalRunner.RunFnPeriodically - 3 total (1 active, 1 running), Execution time: mean = 7.167 us, total = 21.500 us, Queueing time: mean = 42.200 us, max = 115.000 us, min = 11.600 us, total = 126.600 us
	CoreWorker.ExitIfParentRayletDies - 1 total (1 active), Execution time: mean = 0.000 s, total = 0.000 s, Queueing time: mean = 0.000 s, max = -0.000 s, min = 9223372036.855 s, total = 0.000 s
	Publisher.CheckDeadSubscribers - 1 total (1 active), Execution time: mean = 0.000 s, total = 0.000 s, Queueing time: mean = 0.000 s, max = -0.000 s, min = 9223372036.855 s, total = 0.000 s
	ray::rpc::WorkerInfoGcsService.grpc_client.AddWorkerInfo - 1 total (0 active), Execution time: mean = 687.700 us, total = 687.700 us, Queueing time: mean = 0.000 s, max = -0.000 s, min = 9223372036.855 s, total = 0.000 s
	ray::rpc::InternalPubSubGcsService.grpc_client.GcsSubscriberCommandBatch - 1 total (0 active), Execution time: mean = 637.000 us, total = 637.000 us, Queueing time: mean = 0.000 s, max = -0.000 s, min = 9223372036.855 s, total = 0.000 s
	ray::rpc::InternalPubSubGcsService.grpc_client.GcsSubscriberCommandBatch.OnReplyReceived - 1 total (0 active), Execution time: mean = 134.700 us, total = 134.700 us, Queueing time: mean = 17.000 us, max = 17.000 us, min = 17.000 us, total = 17.000 us
	ray::rpc::WorkerInfoGcsService.grpc_client.AddWorkerInfo.OnReplyReceived - 1 total (0 active), Execution time: mean = 23.500 us, total = 23.500 us, Queueing time: mean = 26.900 us, max = 26.900 us, min = 26.900 us, total = 26.900 us
	ray::rpc::NodeInfoGcsService.grpc_client.GetAllNodeInfo.OnReplyReceived - 1 total (0 active), Execution time: mean = 61.600 us, total = 61.600 us, Queueing time: mean = 16.200 us, max = 16.200 us, min = 16.200 us, total = 16.200 us
	ray::rpc::NodeInfoGcsService.grpc_client.GetAllNodeInfo - 1 total (0 active), Execution time: mean = 485.100 us, total = 485.100 us, Queueing time: mean = 0.000 s, max = -0.000 s, min = 9223372036.855 s, total = 0.000 s
	ray::rpc::InternalPubSubGcsService.grpc_client.GcsSubscriberPoll - 1 total (1 active), Execution time: mean = 0.000 s, total = 0.000 s, Queueing time: mean = 0.000 s, max = -0.000 s, min = 9223372036.855 s, total = 0.000 s

-----------------
Task execution event stats:

Global stats: 0 total (0 active)
Queueing time: mean = -nan(ind) s, max = -0.000 s, min = 9223372036.855 s, total = 0.000 s
Execution time:  mean = -nan(ind) s, total = 0.000 s
Event stats:

-----------------
Task Event stats:

IO Service Stats:

Global stats: 4 total (1 active)
Queueing time: mean = 11.300 us, max = 32.700 us, min = 12.500 us, total = 45.200 us
Execution time:  mean = 333.625 us, total = 1.335 ms
Event stats:
	CoreWorker.deadline_timer.flush_task_events - 1 total (1 active), Execution time: mean = 0.000 s, total = 0.000 s, Queueing time: mean = 0.000 s, max = -0.000 s, min = 9223372036.855 s, total = 0.000 s
	ray::rpc::TaskInfoGcsService.grpc_client.AddTaskEventData - 1 total (0 active), Execution time: mean = 853.200 us, total = 853.200 us, Queueing time: mean = 0.000 s, max = -0.000 s, min = 9223372036.855 s, total = 0.000 s
	PeriodicalRunner.RunFnPeriodically - 1 total (0 active), Execution time: mean = 468.900 us, total = 468.900 us, Queueing time: mean = 32.700 us, max = 32.700 us, min = 32.700 us, total = 32.700 us
	ray::rpc::TaskInfoGcsService.grpc_client.AddTaskEventData.OnReplyReceived - 1 total (0 active), Execution time: mean = 12.400 us, total = 12.400 us, Queueing time: mean = 12.500 us, max = 12.500 us, min = 12.500 us, total = 12.500 us
Other Stats:
	grpc_in_progress:0
	current number of task status events in buffer: 0
	current number of profile events in buffer: 0
	current number of dropped task attempts tracked: 0
	total task events sent: 0 MiB
	total number of task attempts sent: 0
	total number of task attempts dropped reported: 0
	total number of sent failure: 0
	num status task events dropped: 0
	num profile task events dropped: 0


[2025-10-16 23:12:40,445 I 43948 74136] event.cc:500: Ray Event initialized for CORE_WORKER
[2025-10-16 23:12:40,445 I 43948 74136] event.cc:500: Ray Event initialized for EXPORT_TASK
[2025-10-16 23:12:40,445 I 43948 74136] event.cc:331: Set ray event level to warning
[2025-10-16 23:12:41,540 I 43948 35660] core_worker.cc:1171: Exit signal received, this process will exit after all outstanding tasks have finished, exit_type=INTENDED_SYSTEM_EXIT, detail=Worker exits because it was idle (it doesn't have objects it owns while no task or actor has been scheduled) for a long time.
[2025-10-16 23:12:41,542 I 43948 74136] core_worker.cc:1102: Sending disconnect message to the local raylet.
[2025-10-16 23:12:41,542 I 43948 74136] raylet_client.cc:73: RayletClient::Disconnect, exit_type=INTENDED_SYSTEM_EXIT, exit_detail=Worker exits because it was idle (it doesn't have objects it owns while no task or actor has been scheduled) for a long time., has creation_task_exception_pb_bytes=0
[2025-10-16 23:12:41,542 I 43948 74136] core_worker.cc:1108: Disconnected from the local raylet.
[2025-10-16 23:12:41,542 I 43948 74136] core_worker.cc:1017: Shutting down a core worker.
[2025-10-16 23:12:41,542 I 43948 74136] task_event_buffer.cc:292: Shutting down TaskEventBuffer.
[2025-10-16 23:12:41,542 I 43948 37652] task_event_buffer.cc:260: Task event buffer io service stopped.
[2025-10-16 23:12:41,543 I 43948 74136] core_worker.cc:1039: Waiting for joining a core worker io thread. If it hangs here, there might be deadlock or a high load in the core worker io service.
[2025-10-16 23:12:41,543 I 43948 35660] core_worker.cc:1275: Core worker main io service stopped.
[2025-10-16 23:12:41,553 I 43948 74136] core_worker.cc:1051: Disconnecting a GCS client.
[2025-10-16 23:12:41,553 I 43948 74136] core_worker.cc:1058: Core worker ready to be deallocated.
[2025-10-16 23:12:41,553 I 43948 74136] core_worker_process.cc:330: Task execution loop terminated. Removing the global worker.
[2025-10-16 23:12:41,553 I 43948 74136] core_worker.cc:1008: Core worker is destructed
[2025-10-16 23:12:41,553 I 43948 74136] task_event_buffer.cc:292: Shutting down TaskEventBuffer.
[2025-10-16 23:12:41,554 I 43948 74136] core_worker_process.cc:232: Destructing CoreWorkerProcessImpl. pid: 43948
[2025-10-16 23:12:41,554 I 43948 74136] io_service_pool.cc:47: IOServicePool is stopped.
[2025-10-16 23:12:41,755 I 43948 74136] stats.h:120: Stats module has shutdown.
[2025-10-16 23:12:41,775 W 43948 74136] core_worker_process.cc:246: The core worker process is not initialized yet or already shutdown.
