[2025-10-16 23:12:40,137 I 13324 53040] core_worker_process.cc:187: Constructing CoreWorkerProcess. pid: 13324
[2025-10-16 23:12:40,140 I 13324 53040] io_service_pool.cc:35: IOServicePool is running with 1 io_service.
[2025-10-16 23:12:40,143 I 13324 53040] grpc_server.cc:137: worker server started, listening on port 49340.
[2025-10-16 23:12:40,145 I 13324 53040] core_worker.cc:526: Initializing worker at address: 127.0.0.1:49340 worker_id=462c3995019f5962a0b5ae2437fb0a2b1a8b1b78af165f6e4940ac03 node_id=8e2cf67ec3b685d76b7307ca6796d76d9bfca1988ebebd2c10e3aeeb
[2025-10-16 23:12:40,147 I 13324 53040] task_event_buffer.cc:281: Reporting task events to GCS every 1000ms.
[2025-10-16 23:12:40,149 I 13324 31140] accessor.cc:760: Received notification for node, IsAlive = 1 node_id=8e2cf67ec3b685d76b7307ca6796d76d9bfca1988ebebd2c10e3aeeb
[2025-10-16 23:12:40,149 I 13324 31140] core_worker.cc:5080: Number of alive nodes:1
[2025-10-16 23:12:40,150 I 13324 31140] core_worker.cc:914: Event stats:


Global stats: 12 total (4 active)
Queueing time: mean = 27.283 us, max = 238.200 us, min = 15.200 us, total = 327.400 us
Execution time:  mean = 183.117 us, total = 2.197 ms
Event stats:
	PeriodicalRunner.RunFnPeriodically - 3 total (1 active, 1 running), Execution time: mean = 12.933 us, total = 38.800 us, Queueing time: mean = 87.100 us, max = 238.200 us, min = 23.100 us, total = 261.300 us
	CoreWorker.ExitIfParentRayletDies - 1 total (1 active), Execution time: mean = 0.000 s, total = 0.000 s, Queueing time: mean = 0.000 s, max = -0.000 s, min = 9223372036.855 s, total = 0.000 s
	Publisher.CheckDeadSubscribers - 1 total (1 active), Execution time: mean = 0.000 s, total = 0.000 s, Queueing time: mean = 0.000 s, max = -0.000 s, min = 9223372036.855 s, total = 0.000 s
	ray::rpc::WorkerInfoGcsService.grpc_client.AddWorkerInfo - 1 total (0 active), Execution time: mean = 748.400 us, total = 748.400 us, Queueing time: mean = 0.000 s, max = -0.000 s, min = 9223372036.855 s, total = 0.000 s
	ray::rpc::InternalPubSubGcsService.grpc_client.GcsSubscriberCommandBatch - 1 total (0 active), Execution time: mean = 580.800 us, total = 580.800 us, Queueing time: mean = 0.000 s, max = -0.000 s, min = 9223372036.855 s, total = 0.000 s
	ray::rpc::InternalPubSubGcsService.grpc_client.GcsSubscriberCommandBatch.OnReplyReceived - 1 total (0 active), Execution time: mean = 100.500 us, total = 100.500 us, Queueing time: mean = 15.200 us, max = 15.200 us, min = 15.200 us, total = 15.200 us
	ray::rpc::WorkerInfoGcsService.grpc_client.AddWorkerInfo.OnReplyReceived - 1 total (0 active), Execution time: mean = 30.500 us, total = 30.500 us, Queueing time: mean = 27.100 us, max = 27.100 us, min = 27.100 us, total = 27.100 us
	ray::rpc::NodeInfoGcsService.grpc_client.GetAllNodeInfo.OnReplyReceived - 1 total (0 active), Execution time: mean = 169.500 us, total = 169.500 us, Queueing time: mean = 23.800 us, max = 23.800 us, min = 23.800 us, total = 23.800 us
	ray::rpc::NodeInfoGcsService.grpc_client.GetAllNodeInfo - 1 total (0 active), Execution time: mean = 528.900 us, total = 528.900 us, Queueing time: mean = 0.000 s, max = -0.000 s, min = 9223372036.855 s, total = 0.000 s
	ray::rpc::InternalPubSubGcsService.grpc_client.GcsSubscriberPoll - 1 total (1 active), Execution time: mean = 0.000 s, total = 0.000 s, Queueing time: mean = 0.000 s, max = -0.000 s, min = 9223372036.855 s, total = 0.000 s

-----------------
Task execution event stats:

Global stats: 0 total (0 active)
Queueing time: mean = -nan(ind) s, max = -0.000 s, min = 9223372036.855 s, total = 0.000 s
Execution time:  mean = -nan(ind) s, total = 0.000 s
Event stats:

-----------------
Task Event stats:

IO Service Stats:

Global stats: 4 total (1 active)
Queueing time: mean = 16.400 us, max = 33.500 us, min = 32.100 us, total = 65.600 us
Execution time:  mean = 196.975 us, total = 787.900 us
Event stats:
	CoreWorker.deadline_timer.flush_task_events - 1 total (1 active), Execution time: mean = 0.000 s, total = 0.000 s, Queueing time: mean = 0.000 s, max = -0.000 s, min = 9223372036.855 s, total = 0.000 s
	ray::rpc::TaskInfoGcsService.grpc_client.AddTaskEventData - 1 total (0 active), Execution time: mean = 625.500 us, total = 625.500 us, Queueing time: mean = 0.000 s, max = -0.000 s, min = 9223372036.855 s, total = 0.000 s
	PeriodicalRunner.RunFnPeriodically - 1 total (0 active), Execution time: mean = 147.600 us, total = 147.600 us, Queueing time: mean = 32.100 us, max = 32.100 us, min = 32.100 us, total = 32.100 us
	ray::rpc::TaskInfoGcsService.grpc_client.AddTaskEventData.OnReplyReceived - 1 total (0 active), Execution time: mean = 14.800 us, total = 14.800 us, Queueing time: mean = 33.500 us, max = 33.500 us, min = 33.500 us, total = 33.500 us
Other Stats:
	grpc_in_progress:0
	current number of task status events in buffer: 0
	current number of profile events in buffer: 0
	current number of dropped task attempts tracked: 0
	total task events sent: 0 MiB
	total number of task attempts sent: 0
	total number of task attempts dropped reported: 0
	total number of sent failure: 0
	num status task events dropped: 0
	num profile task events dropped: 0


[2025-10-16 23:12:40,151 I 13324 53040] event.cc:500: Ray Event initialized for CORE_WORKER
[2025-10-16 23:12:40,152 I 13324 53040] event.cc:500: Ray Event initialized for EXPORT_TASK
[2025-10-16 23:12:40,152 I 13324 53040] event.cc:331: Set ray event level to warning
[2025-10-16 23:12:41,324 I 13324 31140] core_worker.cc:1171: Exit signal received, this process will exit after all outstanding tasks have finished, exit_type=INTENDED_SYSTEM_EXIT, detail=Worker exits because it was idle (it doesn't have objects it owns while no task or actor has been scheduled) for a long time.
[2025-10-16 23:12:41,326 I 13324 53040] core_worker.cc:1102: Sending disconnect message to the local raylet.
[2025-10-16 23:12:41,326 I 13324 53040] raylet_client.cc:73: RayletClient::Disconnect, exit_type=INTENDED_SYSTEM_EXIT, exit_detail=Worker exits because it was idle (it doesn't have objects it owns while no task or actor has been scheduled) for a long time., has creation_task_exception_pb_bytes=0
[2025-10-16 23:12:41,326 I 13324 53040] core_worker.cc:1108: Disconnected from the local raylet.
[2025-10-16 23:12:41,326 I 13324 53040] core_worker.cc:1017: Shutting down a core worker.
[2025-10-16 23:12:41,326 I 13324 53040] task_event_buffer.cc:292: Shutting down TaskEventBuffer.
[2025-10-16 23:12:41,326 I 13324 44800] task_event_buffer.cc:260: Task event buffer io service stopped.
[2025-10-16 23:12:41,326 I 13324 53040] core_worker.cc:1039: Waiting for joining a core worker io thread. If it hangs here, there might be deadlock or a high load in the core worker io service.
[2025-10-16 23:12:41,327 I 13324 31140] core_worker.cc:1275: Core worker main io service stopped.
[2025-10-16 23:12:41,328 I 13324 53040] core_worker.cc:1051: Disconnecting a GCS client.
[2025-10-16 23:12:41,328 I 13324 53040] core_worker.cc:1058: Core worker ready to be deallocated.
[2025-10-16 23:12:41,328 I 13324 53040] core_worker_process.cc:330: Task execution loop terminated. Removing the global worker.
[2025-10-16 23:12:41,328 I 13324 53040] core_worker.cc:1008: Core worker is destructed
[2025-10-16 23:12:41,328 I 13324 53040] task_event_buffer.cc:292: Shutting down TaskEventBuffer.
[2025-10-16 23:12:41,585 I 13324 53040] core_worker_process.cc:232: Destructing CoreWorkerProcessImpl. pid: 13324
[2025-10-16 23:12:41,586 I 13324 53040] io_service_pool.cc:47: IOServicePool is stopped.
[2025-10-16 23:12:41,972 I 13324 53040] stats.h:120: Stats module has shutdown.
[2025-10-16 23:12:41,994 W 13324 53040] core_worker_process.cc:246: The core worker process is not initialized yet or already shutdown.
