[2025-10-16 23:12:40,293 I 3964 34740] core_worker_process.cc:187: Constructing CoreWorkerProcess. pid: 3964
[2025-10-16 23:12:40,296 I 3964 34740] io_service_pool.cc:35: IOServicePool is running with 1 io_service.
[2025-10-16 23:12:40,299 I 3964 34740] grpc_server.cc:137: worker server started, listening on port 49349.
[2025-10-16 23:12:40,301 I 3964 34740] core_worker.cc:526: Initializing worker at address: 127.0.0.1:49349 worker_id=f74fa75292b5661fd9eed4eaeee1dc3072c04b1978776c6d698e9e47 node_id=8e2cf67ec3b685d76b7307ca6796d76d9bfca1988ebebd2c10e3aeeb
[2025-10-16 23:12:40,302 I 3964 34740] task_event_buffer.cc:281: Reporting task events to GCS every 1000ms.
[2025-10-16 23:12:40,303 I 3964 39396] accessor.cc:760: Received notification for node, IsAlive = 1 node_id=8e2cf67ec3b685d76b7307ca6796d76d9bfca1988ebebd2c10e3aeeb
[2025-10-16 23:12:40,304 I 3964 39396] core_worker.cc:5080: Number of alive nodes:1
[2025-10-16 23:12:40,304 I 3964 39396] core_worker.cc:914: Event stats:


Global stats: 12 total (4 active)
Queueing time: mean = 45.508 us, max = 265.700 us, min = 24.300 us, total = 546.100 us
Execution time:  mean = 183.975 us, total = 2.208 ms
Event stats:
	PeriodicalRunner.RunFnPeriodically - 3 total (1 active, 1 running), Execution time: mean = 10.100 us, total = 30.300 us, Queueing time: mean = 151.567 us, max = 265.700 us, min = 189.000 us, total = 454.700 us
	ray::rpc::NodeInfoGcsService.grpc_client.GetAllNodeInfo - 1 total (0 active), Execution time: mean = 511.900 us, total = 511.900 us, Queueing time: mean = 0.000 s, max = -0.000 s, min = 9223372036.855 s, total = 0.000 s
	ray::rpc::WorkerInfoGcsService.grpc_client.AddWorkerInfo.OnReplyReceived - 1 total (0 active), Execution time: mean = 33.600 us, total = 33.600 us, Queueing time: mean = 34.700 us, max = 34.700 us, min = 34.700 us, total = 34.700 us
	ray::rpc::InternalPubSubGcsService.grpc_client.GcsSubscriberPoll - 1 total (1 active), Execution time: mean = 0.000 s, total = 0.000 s, Queueing time: mean = 0.000 s, max = -0.000 s, min = 9223372036.855 s, total = 0.000 s
	CoreWorker.ExitIfParentRayletDies - 1 total (1 active), Execution time: mean = 0.000 s, total = 0.000 s, Queueing time: mean = 0.000 s, max = -0.000 s, min = 9223372036.855 s, total = 0.000 s
	ray::rpc::WorkerInfoGcsService.grpc_client.AddWorkerInfo - 1 total (0 active), Execution time: mean = 627.300 us, total = 627.300 us, Queueing time: mean = 0.000 s, max = -0.000 s, min = 9223372036.855 s, total = 0.000 s
	Publisher.CheckDeadSubscribers - 1 total (1 active), Execution time: mean = 0.000 s, total = 0.000 s, Queueing time: mean = 0.000 s, max = -0.000 s, min = 9223372036.855 s, total = 0.000 s
	ray::rpc::InternalPubSubGcsService.grpc_client.GcsSubscriberCommandBatch - 1 total (0 active), Execution time: mean = 693.900 us, total = 693.900 us, Queueing time: mean = 0.000 s, max = -0.000 s, min = 9223372036.855 s, total = 0.000 s
	ray::rpc::InternalPubSubGcsService.grpc_client.GcsSubscriberCommandBatch.OnReplyReceived - 1 total (0 active), Execution time: mean = 195.700 us, total = 195.700 us, Queueing time: mean = 24.300 us, max = 24.300 us, min = 24.300 us, total = 24.300 us
	ray::rpc::NodeInfoGcsService.grpc_client.GetAllNodeInfo.OnReplyReceived - 1 total (0 active), Execution time: mean = 115.000 us, total = 115.000 us, Queueing time: mean = 32.400 us, max = 32.400 us, min = 32.400 us, total = 32.400 us

-----------------
Task execution event stats:

Global stats: 0 total (0 active)
Queueing time: mean = -nan(ind) s, max = -0.000 s, min = 9223372036.855 s, total = 0.000 s
Execution time:  mean = -nan(ind) s, total = 0.000 s
Event stats:

-----------------
Task Event stats:

IO Service Stats:

Global stats: 4 total (1 active)
Queueing time: mean = 21.100 us, max = 53.700 us, min = 30.700 us, total = 84.400 us
Execution time:  mean = 207.900 us, total = 831.600 us
Event stats:
	PeriodicalRunner.RunFnPeriodically - 1 total (0 active), Execution time: mean = 127.500 us, total = 127.500 us, Queueing time: mean = 53.700 us, max = 53.700 us, min = 53.700 us, total = 53.700 us
	CoreWorker.deadline_timer.flush_task_events - 1 total (1 active), Execution time: mean = 0.000 s, total = 0.000 s, Queueing time: mean = 0.000 s, max = -0.000 s, min = 9223372036.855 s, total = 0.000 s
	ray::rpc::TaskInfoGcsService.grpc_client.AddTaskEventData - 1 total (0 active), Execution time: mean = 681.900 us, total = 681.900 us, Queueing time: mean = 0.000 s, max = -0.000 s, min = 9223372036.855 s, total = 0.000 s
	ray::rpc::TaskInfoGcsService.grpc_client.AddTaskEventData.OnReplyReceived - 1 total (0 active), Execution time: mean = 22.200 us, total = 22.200 us, Queueing time: mean = 30.700 us, max = 30.700 us, min = 30.700 us, total = 30.700 us
Other Stats:
	grpc_in_progress:0
	current number of task status events in buffer: 0
	current number of profile events in buffer: 0
	current number of dropped task attempts tracked: 0
	total task events sent: 0 MiB
	total number of task attempts sent: 0
	total number of task attempts dropped reported: 0
	total number of sent failure: 0
	num status task events dropped: 0
	num profile task events dropped: 0


[2025-10-16 23:12:40,307 I 3964 34740] event.cc:500: Ray Event initialized for CORE_WORKER
[2025-10-16 23:12:40,307 I 3964 34740] event.cc:500: Ray Event initialized for EXPORT_TASK
[2025-10-16 23:12:40,307 I 3964 34740] event.cc:331: Set ray event level to warning
[2025-10-16 23:12:41,324 I 3964 39396] core_worker.cc:1171: Exit signal received, this process will exit after all outstanding tasks have finished, exit_type=INTENDED_SYSTEM_EXIT, detail=Worker exits because it was idle (it doesn't have objects it owns while no task or actor has been scheduled) for a long time.
[2025-10-16 23:12:41,325 I 3964 34740] core_worker.cc:1102: Sending disconnect message to the local raylet.
[2025-10-16 23:12:41,325 I 3964 34740] raylet_client.cc:73: RayletClient::Disconnect, exit_type=INTENDED_SYSTEM_EXIT, exit_detail=Worker exits because it was idle (it doesn't have objects it owns while no task or actor has been scheduled) for a long time., has creation_task_exception_pb_bytes=0
[2025-10-16 23:12:41,325 I 3964 34740] core_worker.cc:1108: Disconnected from the local raylet.
[2025-10-16 23:12:41,325 I 3964 34740] core_worker.cc:1017: Shutting down a core worker.
[2025-10-16 23:12:41,325 I 3964 34740] task_event_buffer.cc:292: Shutting down TaskEventBuffer.
[2025-10-16 23:12:41,325 I 3964 48232] task_event_buffer.cc:260: Task event buffer io service stopped.
[2025-10-16 23:12:41,326 I 3964 34740] core_worker.cc:1039: Waiting for joining a core worker io thread. If it hangs here, there might be deadlock or a high load in the core worker io service.
[2025-10-16 23:12:41,326 I 3964 39396] core_worker.cc:1275: Core worker main io service stopped.
[2025-10-16 23:12:41,413 I 3964 34740] core_worker.cc:1051: Disconnecting a GCS client.
[2025-10-16 23:12:41,413 I 3964 34740] core_worker.cc:1058: Core worker ready to be deallocated.
[2025-10-16 23:12:41,413 I 3964 34740] core_worker_process.cc:330: Task execution loop terminated. Removing the global worker.
[2025-10-16 23:12:41,413 I 3964 34740] core_worker.cc:1008: Core worker is destructed
[2025-10-16 23:12:41,413 I 3964 34740] task_event_buffer.cc:292: Shutting down TaskEventBuffer.
[2025-10-16 23:12:41,585 I 3964 34740] core_worker_process.cc:232: Destructing CoreWorkerProcessImpl. pid: 3964
[2025-10-16 23:12:41,585 I 3964 34740] io_service_pool.cc:47: IOServicePool is stopped.
[2025-10-16 23:12:41,863 I 3964 34740] stats.h:120: Stats module has shutdown.
[2025-10-16 23:12:41,884 W 3964 34740] core_worker_process.cc:246: The core worker process is not initialized yet or already shutdown.
