[2025-10-16 23:12:39,706 I 16196 19960] core_worker_process.cc:187: Constructing CoreWorkerProcess. pid: 16196
[2025-10-16 23:12:39,712 I 16196 19960] io_service_pool.cc:35: IOServicePool is running with 1 io_service.
[2025-10-16 23:12:39,715 I 16196 19960] grpc_server.cc:137: worker server started, listening on port 49297.
[2025-10-16 23:12:39,717 I 16196 19960] core_worker.cc:526: Initializing worker at address: 127.0.0.1:49297 worker_id=6b7daf078ccaf5d5b7ba6fa05d08ac4072f9df48bfb25c47c63b94cf node_id=8e2cf67ec3b685d76b7307ca6796d76d9bfca1988ebebd2c10e3aeeb
[2025-10-16 23:12:39,719 I 16196 19960] task_event_buffer.cc:281: Reporting task events to GCS every 1000ms.
[2025-10-16 23:12:39,723 I 16196 74300] core_worker.cc:914: Event stats:


Global stats: 11 total (5 active)
Queueing time: mean = 134.109 us, max = 865.400 us, min = 42.300 us, total = 1.475 ms
Execution time:  mean = 228.991 us, total = 2.519 ms
Event stats:
	PeriodicalRunner.RunFnPeriodically - 3 total (1 active, 1 running), Execution time: mean = 25.600 us, total = 76.800 us, Queueing time: mean = 123.200 us, max = 327.300 us, min = 42.300 us, total = 369.600 us
	ray::rpc::InternalPubSubGcsService.grpc_client.GcsSubscriberPoll - 1 total (1 active), Execution time: mean = 0.000 s, total = 0.000 s, Queueing time: mean = 0.000 s, max = -0.000 s, min = 9223372036.855 s, total = 0.000 s
	ray::rpc::InternalPubSubGcsService.grpc_client.GcsSubscriberCommandBatch.OnReplyReceived - 1 total (0 active), Execution time: mean = 822.900 us, total = 822.900 us, Queueing time: mean = 865.400 us, max = 865.400 us, min = 865.400 us, total = 865.400 us
	ray::rpc::NodeInfoGcsService.grpc_client.GetAllNodeInfo - 1 total (1 active), Execution time: mean = 0.000 s, total = 0.000 s, Queueing time: mean = 0.000 s, max = -0.000 s, min = 9223372036.855 s, total = 0.000 s
	ray::rpc::WorkerInfoGcsService.grpc_client.AddWorkerInfo.OnReplyReceived - 1 total (0 active), Execution time: mean = 42.200 us, total = 42.200 us, Queueing time: mean = 240.200 us, max = 240.200 us, min = 240.200 us, total = 240.200 us
	ray::rpc::InternalPubSubGcsService.grpc_client.GcsSubscriberCommandBatch - 1 total (0 active), Execution time: mean = 696.200 us, total = 696.200 us, Queueing time: mean = 0.000 s, max = -0.000 s, min = 9223372036.855 s, total = 0.000 s
	ray::rpc::WorkerInfoGcsService.grpc_client.AddWorkerInfo - 1 total (0 active), Execution time: mean = 880.800 us, total = 880.800 us, Queueing time: mean = 0.000 s, max = -0.000 s, min = 9223372036.855 s, total = 0.000 s
	CoreWorker.ExitIfParentRayletDies - 1 total (1 active), Execution time: mean = 0.000 s, total = 0.000 s, Queueing time: mean = 0.000 s, max = -0.000 s, min = 9223372036.855 s, total = 0.000 s
	Publisher.CheckDeadSubscribers - 1 total (1 active), Execution time: mean = 0.000 s, total = 0.000 s, Queueing time: mean = 0.000 s, max = -0.000 s, min = 9223372036.855 s, total = 0.000 s

-----------------
Task execution event stats:

Global stats: 0 total (0 active)
Queueing time: mean = -nan(ind) s, max = -0.000 s, min = 9223372036.855 s, total = 0.000 s
Execution time:  mean = -nan(ind) s, total = 0.000 s
Event stats:

-----------------
Task Event stats:

IO Service Stats:

Global stats: 4 total (1 active)
Queueing time: mean = 14.450 us, max = 30.600 us, min = 27.200 us, total = 57.800 us
Execution time:  mean = 245.425 us, total = 981.700 us
Event stats:
	CoreWorker.deadline_timer.flush_task_events - 1 total (1 active), Execution time: mean = 0.000 s, total = 0.000 s, Queueing time: mean = 0.000 s, max = -0.000 s, min = 9223372036.855 s, total = 0.000 s
	PeriodicalRunner.RunFnPeriodically - 1 total (0 active), Execution time: mean = 192.100 us, total = 192.100 us, Queueing time: mean = 30.600 us, max = 30.600 us, min = 30.600 us, total = 30.600 us
	ray::rpc::TaskInfoGcsService.grpc_client.AddTaskEventData.OnReplyReceived - 1 total (0 active), Execution time: mean = 23.500 us, total = 23.500 us, Queueing time: mean = 27.200 us, max = 27.200 us, min = 27.200 us, total = 27.200 us
	ray::rpc::TaskInfoGcsService.grpc_client.AddTaskEventData - 1 total (0 active), Execution time: mean = 766.100 us, total = 766.100 us, Queueing time: mean = 0.000 s, max = -0.000 s, min = 9223372036.855 s, total = 0.000 s
Other Stats:
	grpc_in_progress:0
	current number of task status events in buffer: 0
	current number of profile events in buffer: 0
	current number of dropped task attempts tracked: 0
	total task events sent: 0 MiB
	total number of task attempts sent: 0
	total number of task attempts dropped reported: 0
	total number of sent failure: 0
	num status task events dropped: 0
	num profile task events dropped: 0


[2025-10-16 23:12:39,725 I 16196 19960] event.cc:500: Ray Event initialized for CORE_WORKER
[2025-10-16 23:12:39,725 I 16196 19960] event.cc:500: Ray Event initialized for EXPORT_TASK
[2025-10-16 23:12:39,726 I 16196 19960] event.cc:331: Set ray event level to warning
[2025-10-16 23:12:39,727 I 16196 74300] accessor.cc:760: Received notification for node, IsAlive = 1 node_id=8e2cf67ec3b685d76b7307ca6796d76d9bfca1988ebebd2c10e3aeeb
[2025-10-16 23:12:39,727 I 16196 74300] core_worker.cc:5080: Number of alive nodes:1
[2025-10-16 23:12:51,784 W 16196 59684] metric_exporter.cc:105: [1] Export metrics to agent failed: RpcError: RPC Error message: failed to connect to all addresses; last error: UNAVAILABLE: ipv4:127.0.0.1:50004: Connection refused; RPC Error details: . This won't affect Ray, but you can lose metrics from the cluster.
[2025-10-16 23:12:55,935 W 16196 74300] core_worker.cc:1248: Force exit the process.  Details: Worker force exits because its job has finished
[2025-10-16 23:12:55,947 I 16196 74300] core_worker.cc:1102: Sending disconnect message to the local raylet.
[2025-10-16 23:12:55,947 I 16196 74300] raylet_client.cc:73: RayletClient::Disconnect, exit_type=INTENDED_SYSTEM_EXIT, exit_detail=Worker force exits because its job has finished, has creation_task_exception_pb_bytes=0
[2025-10-16 23:12:55,948 I 16196 74300] core_worker.cc:1108: Disconnected from the local raylet.
