[2025-10-16 23:12:40,300 I 54936 16324] core_worker_process.cc:187: Constructing CoreWorkerProcess. pid: 54936
[2025-10-16 23:12:40,303 I 54936 16324] io_service_pool.cc:35: IOServicePool is running with 1 io_service.
[2025-10-16 23:12:40,306 I 54936 16324] grpc_server.cc:137: worker server started, listening on port 49356.
[2025-10-16 23:12:40,308 I 54936 16324] core_worker.cc:526: Initializing worker at address: 127.0.0.1:49356 worker_id=96b782f154ab650fa1c2b8101193e3be5c26f475880923413e0b08c0 node_id=8e2cf67ec3b685d76b7307ca6796d76d9bfca1988ebebd2c10e3aeeb
[2025-10-16 23:12:40,309 I 54936 16324] task_event_buffer.cc:281: Reporting task events to GCS every 1000ms.
[2025-10-16 23:12:40,311 I 54936 40600] accessor.cc:760: Received notification for node, IsAlive = 1 node_id=8e2cf67ec3b685d76b7307ca6796d76d9bfca1988ebebd2c10e3aeeb
[2025-10-16 23:12:40,311 I 54936 40600] core_worker.cc:5080: Number of alive nodes:1
[2025-10-16 23:12:40,311 I 54936 40600] core_worker.cc:914: Event stats:


Global stats: 12 total (4 active)
Queueing time: mean = 21.717 us, max = 177.600 us, min = 17.600 us, total = 260.600 us
Execution time:  mean = 162.608 us, total = 1.951 ms
Event stats:
	PeriodicalRunner.RunFnPeriodically - 3 total (1 active, 1 running), Execution time: mean = 11.100 us, total = 33.300 us, Queueing time: mean = 67.667 us, max = 177.600 us, min = 25.400 us, total = 203.000 us
	Publisher.CheckDeadSubscribers - 1 total (1 active), Execution time: mean = 0.000 s, total = 0.000 s, Queueing time: mean = 0.000 s, max = -0.000 s, min = 9223372036.855 s, total = 0.000 s
	ray::rpc::InternalPubSubGcsService.grpc_client.GcsSubscriberPoll - 1 total (1 active), Execution time: mean = 0.000 s, total = 0.000 s, Queueing time: mean = 0.000 s, max = -0.000 s, min = 9223372036.855 s, total = 0.000 s
	ray::rpc::InternalPubSubGcsService.grpc_client.GcsSubscriberCommandBatch.OnReplyReceived - 1 total (0 active), Execution time: mean = 213.100 us, total = 213.100 us, Queueing time: mean = 20.800 us, max = 20.800 us, min = 20.800 us, total = 20.800 us
	ray::rpc::NodeInfoGcsService.grpc_client.GetAllNodeInfo.OnReplyReceived - 1 total (0 active), Execution time: mean = 88.800 us, total = 88.800 us, Queueing time: mean = 17.600 us, max = 17.600 us, min = 17.600 us, total = 17.600 us
	ray::rpc::NodeInfoGcsService.grpc_client.GetAllNodeInfo - 1 total (0 active), Execution time: mean = 540.400 us, total = 540.400 us, Queueing time: mean = 0.000 s, max = -0.000 s, min = 9223372036.855 s, total = 0.000 s
	ray::rpc::WorkerInfoGcsService.grpc_client.AddWorkerInfo.OnReplyReceived - 1 total (0 active), Execution time: mean = 32.200 us, total = 32.200 us, Queueing time: mean = 19.200 us, max = 19.200 us, min = 19.200 us, total = 19.200 us
	ray::rpc::InternalPubSubGcsService.grpc_client.GcsSubscriberCommandBatch - 1 total (0 active), Execution time: mean = 606.800 us, total = 606.800 us, Queueing time: mean = 0.000 s, max = -0.000 s, min = 9223372036.855 s, total = 0.000 s
	CoreWorker.ExitIfParentRayletDies - 1 total (1 active), Execution time: mean = 0.000 s, total = 0.000 s, Queueing time: mean = 0.000 s, max = -0.000 s, min = 9223372036.855 s, total = 0.000 s
	ray::rpc::WorkerInfoGcsService.grpc_client.AddWorkerInfo - 1 total (0 active), Execution time: mean = 436.700 us, total = 436.700 us, Queueing time: mean = 0.000 s, max = -0.000 s, min = 9223372036.855 s, total = 0.000 s

-----------------
Task execution event stats:

Global stats: 0 total (0 active)
Queueing time: mean = -nan(ind) s, max = -0.000 s, min = 9223372036.855 s, total = 0.000 s
Execution time:  mean = -nan(ind) s, total = 0.000 s
Event stats:

-----------------
Task Event stats:

IO Service Stats:

Global stats: 4 total (1 active)
Queueing time: mean = 12.825 us, max = 25.700 us, min = 25.600 us, total = 51.300 us
Execution time:  mean = 199.600 us, total = 798.400 us
Event stats:
	CoreWorker.deadline_timer.flush_task_events - 1 total (1 active), Execution time: mean = 0.000 s, total = 0.000 s, Queueing time: mean = 0.000 s, max = -0.000 s, min = 9223372036.855 s, total = 0.000 s
	PeriodicalRunner.RunFnPeriodically - 1 total (0 active), Execution time: mean = 250.400 us, total = 250.400 us, Queueing time: mean = 25.600 us, max = 25.600 us, min = 25.600 us, total = 25.600 us
	ray::rpc::TaskInfoGcsService.grpc_client.AddTaskEventData.OnReplyReceived - 1 total (0 active), Execution time: mean = 21.400 us, total = 21.400 us, Queueing time: mean = 25.700 us, max = 25.700 us, min = 25.700 us, total = 25.700 us
	ray::rpc::TaskInfoGcsService.grpc_client.AddTaskEventData - 1 total (0 active), Execution time: mean = 526.600 us, total = 526.600 us, Queueing time: mean = 0.000 s, max = -0.000 s, min = 9223372036.855 s, total = 0.000 s
Other Stats:
	grpc_in_progress:0
	current number of task status events in buffer: 0
	current number of profile events in buffer: 0
	current number of dropped task attempts tracked: 0
	total task events sent: 0 MiB
	total number of task attempts sent: 0
	total number of task attempts dropped reported: 0
	total number of sent failure: 0
	num status task events dropped: 0
	num profile task events dropped: 0


[2025-10-16 23:12:40,314 I 54936 16324] event.cc:500: Ray Event initialized for CORE_WORKER
[2025-10-16 23:12:40,314 I 54936 16324] event.cc:500: Ray Event initialized for EXPORT_TASK
[2025-10-16 23:12:40,314 I 54936 16324] event.cc:331: Set ray event level to warning
[2025-10-16 23:12:41,323 I 54936 40600] core_worker.cc:1171: Exit signal received, this process will exit after all outstanding tasks have finished, exit_type=INTENDED_SYSTEM_EXIT, detail=Worker exits because it was idle (it doesn't have objects it owns while no task or actor has been scheduled) for a long time.
[2025-10-16 23:12:41,324 I 54936 16324] core_worker.cc:1102: Sending disconnect message to the local raylet.
[2025-10-16 23:12:41,324 I 54936 16324] raylet_client.cc:73: RayletClient::Disconnect, exit_type=INTENDED_SYSTEM_EXIT, exit_detail=Worker exits because it was idle (it doesn't have objects it owns while no task or actor has been scheduled) for a long time., has creation_task_exception_pb_bytes=0
[2025-10-16 23:12:41,324 I 54936 16324] core_worker.cc:1108: Disconnected from the local raylet.
[2025-10-16 23:12:41,324 I 54936 16324] core_worker.cc:1017: Shutting down a core worker.
[2025-10-16 23:12:41,324 I 54936 16324] task_event_buffer.cc:292: Shutting down TaskEventBuffer.
[2025-10-16 23:12:41,325 I 54936 2780] task_event_buffer.cc:260: Task event buffer io service stopped.
[2025-10-16 23:12:41,325 I 54936 16324] core_worker.cc:1039: Waiting for joining a core worker io thread. If it hangs here, there might be deadlock or a high load in the core worker io service.
[2025-10-16 23:12:41,325 I 54936 40600] core_worker.cc:1275: Core worker main io service stopped.
[2025-10-16 23:12:41,429 I 54936 16324] core_worker.cc:1051: Disconnecting a GCS client.
[2025-10-16 23:12:41,429 I 54936 16324] core_worker.cc:1058: Core worker ready to be deallocated.
[2025-10-16 23:12:41,429 I 54936 16324] core_worker_process.cc:330: Task execution loop terminated. Removing the global worker.
[2025-10-16 23:12:41,429 I 54936 16324] core_worker.cc:1008: Core worker is destructed
[2025-10-16 23:12:41,429 I 54936 16324] task_event_buffer.cc:292: Shutting down TaskEventBuffer.
[2025-10-16 23:12:41,430 I 54936 16324] core_worker_process.cc:232: Destructing CoreWorkerProcessImpl. pid: 54936
[2025-10-16 23:12:41,430 I 54936 16324] io_service_pool.cc:47: IOServicePool is stopped.
[2025-10-16 23:12:41,616 I 54936 16324] stats.h:120: Stats module has shutdown.
[2025-10-16 23:12:41,635 W 54936 16324] core_worker_process.cc:246: The core worker process is not initialized yet or already shutdown.
