[2025-10-16 23:12:40,298 I 44168 9140] core_worker_process.cc:187: Constructing CoreWorkerProcess. pid: 44168
[2025-10-16 23:12:40,301 I 44168 9140] io_service_pool.cc:35: IOServicePool is running with 1 io_service.
[2025-10-16 23:12:40,305 I 44168 9140] grpc_server.cc:137: worker server started, listening on port 49354.
[2025-10-16 23:12:40,306 I 44168 9140] core_worker.cc:526: Initializing worker at address: 127.0.0.1:49354 worker_id=9862fe8344a39784cfc0bd0a8c06fa366e4e0540a7131c3deef5d146 node_id=8e2cf67ec3b685d76b7307ca6796d76d9bfca1988ebebd2c10e3aeeb
[2025-10-16 23:12:40,307 I 44168 9140] task_event_buffer.cc:281: Reporting task events to GCS every 1000ms.
[2025-10-16 23:12:40,308 I 44168 65060] accessor.cc:760: Received notification for node, IsAlive = 1 node_id=8e2cf67ec3b685d76b7307ca6796d76d9bfca1988ebebd2c10e3aeeb
[2025-10-16 23:12:40,308 I 44168 65060] core_worker.cc:5080: Number of alive nodes:1
[2025-10-16 23:12:40,309 I 44168 65060] core_worker.cc:914: Event stats:


Global stats: 12 total (4 active)
Queueing time: mean = 29.058 us, max = 231.900 us, min = 23.900 us, total = 348.700 us
Execution time:  mean = 178.125 us, total = 2.138 ms
Event stats:
	PeriodicalRunner.RunFnPeriodically - 3 total (1 active, 1 running), Execution time: mean = 9.933 us, total = 29.800 us, Queueing time: mean = 85.267 us, max = 231.900 us, min = 23.900 us, total = 255.800 us
	ray::rpc::WorkerInfoGcsService.grpc_client.AddWorkerInfo.OnReplyReceived - 1 total (0 active), Execution time: mean = 22.900 us, total = 22.900 us, Queueing time: mean = 29.300 us, max = 29.300 us, min = 29.300 us, total = 29.300 us
	ray::rpc::InternalPubSubGcsService.grpc_client.GcsSubscriberCommandBatch - 1 total (0 active), Execution time: mean = 601.700 us, total = 601.700 us, Queueing time: mean = 0.000 s, max = -0.000 s, min = 9223372036.855 s, total = 0.000 s
	ray::rpc::WorkerInfoGcsService.grpc_client.AddWorkerInfo - 1 total (0 active), Execution time: mean = 634.300 us, total = 634.300 us, Queueing time: mean = 0.000 s, max = -0.000 s, min = 9223372036.855 s, total = 0.000 s
	CoreWorker.ExitIfParentRayletDies - 1 total (1 active), Execution time: mean = 0.000 s, total = 0.000 s, Queueing time: mean = 0.000 s, max = -0.000 s, min = 9223372036.855 s, total = 0.000 s
	Publisher.CheckDeadSubscribers - 1 total (1 active), Execution time: mean = 0.000 s, total = 0.000 s, Queueing time: mean = 0.000 s, max = -0.000 s, min = 9223372036.855 s, total = 0.000 s
	ray::rpc::InternalPubSubGcsService.grpc_client.GcsSubscriberCommandBatch.OnReplyReceived - 1 total (0 active), Execution time: mean = 236.800 us, total = 236.800 us, Queueing time: mean = 39.500 us, max = 39.500 us, min = 39.500 us, total = 39.500 us
	ray::rpc::InternalPubSubGcsService.grpc_client.GcsSubscriberPoll - 1 total (1 active), Execution time: mean = 0.000 s, total = 0.000 s, Queueing time: mean = 0.000 s, max = -0.000 s, min = 9223372036.855 s, total = 0.000 s
	ray::rpc::NodeInfoGcsService.grpc_client.GetAllNodeInfo.OnReplyReceived - 1 total (0 active), Execution time: mean = 91.600 us, total = 91.600 us, Queueing time: mean = 24.100 us, max = 24.100 us, min = 24.100 us, total = 24.100 us
	ray::rpc::NodeInfoGcsService.grpc_client.GetAllNodeInfo - 1 total (0 active), Execution time: mean = 520.400 us, total = 520.400 us, Queueing time: mean = 0.000 s, max = -0.000 s, min = 9223372036.855 s, total = 0.000 s

-----------------
Task execution event stats:

Global stats: 0 total (0 active)
Queueing time: mean = -nan(ind) s, max = -0.000 s, min = 9223372036.855 s, total = 0.000 s
Execution time:  mean = -nan(ind) s, total = 0.000 s
Event stats:

-----------------
Task Event stats:

IO Service Stats:

Global stats: 4 total (1 active)
Queueing time: mean = 16.300 us, max = 40.500 us, min = 24.700 us, total = 65.200 us
Execution time:  mean = 187.800 us, total = 751.200 us
Event stats:
	CoreWorker.deadline_timer.flush_task_events - 1 total (1 active), Execution time: mean = 0.000 s, total = 0.000 s, Queueing time: mean = 0.000 s, max = -0.000 s, min = 9223372036.855 s, total = 0.000 s
	ray::rpc::TaskInfoGcsService.grpc_client.AddTaskEventData - 1 total (0 active), Execution time: mean = 576.400 us, total = 576.400 us, Queueing time: mean = 0.000 s, max = -0.000 s, min = 9223372036.855 s, total = 0.000 s
	ray::rpc::TaskInfoGcsService.grpc_client.AddTaskEventData.OnReplyReceived - 1 total (0 active), Execution time: mean = 20.200 us, total = 20.200 us, Queueing time: mean = 40.500 us, max = 40.500 us, min = 40.500 us, total = 40.500 us
	PeriodicalRunner.RunFnPeriodically - 1 total (0 active), Execution time: mean = 154.600 us, total = 154.600 us, Queueing time: mean = 24.700 us, max = 24.700 us, min = 24.700 us, total = 24.700 us
Other Stats:
	grpc_in_progress:0
	current number of task status events in buffer: 0
	current number of profile events in buffer: 0
	current number of dropped task attempts tracked: 0
	total task events sent: 0 MiB
	total number of task attempts sent: 0
	total number of task attempts dropped reported: 0
	total number of sent failure: 0
	num status task events dropped: 0
	num profile task events dropped: 0


[2025-10-16 23:12:40,312 I 44168 9140] event.cc:500: Ray Event initialized for CORE_WORKER
[2025-10-16 23:12:40,312 I 44168 9140] event.cc:500: Ray Event initialized for EXPORT_TASK
[2025-10-16 23:12:40,312 I 44168 9140] event.cc:331: Set ray event level to warning
[2025-10-16 23:12:41,324 I 44168 65060] core_worker.cc:1171: Exit signal received, this process will exit after all outstanding tasks have finished, exit_type=INTENDED_SYSTEM_EXIT, detail=Worker exits because it was idle (it doesn't have objects it owns while no task or actor has been scheduled) for a long time.
[2025-10-16 23:12:41,325 I 44168 9140] core_worker.cc:1102: Sending disconnect message to the local raylet.
[2025-10-16 23:12:41,325 I 44168 9140] raylet_client.cc:73: RayletClient::Disconnect, exit_type=INTENDED_SYSTEM_EXIT, exit_detail=Worker exits because it was idle (it doesn't have objects it owns while no task or actor has been scheduled) for a long time., has creation_task_exception_pb_bytes=0
[2025-10-16 23:12:41,325 I 44168 9140] core_worker.cc:1108: Disconnected from the local raylet.
[2025-10-16 23:12:41,325 I 44168 9140] core_worker.cc:1017: Shutting down a core worker.
[2025-10-16 23:12:41,325 I 44168 9140] task_event_buffer.cc:292: Shutting down TaskEventBuffer.
[2025-10-16 23:12:41,325 I 44168 36556] task_event_buffer.cc:260: Task event buffer io service stopped.
[2025-10-16 23:12:41,326 I 44168 9140] core_worker.cc:1039: Waiting for joining a core worker io thread. If it hangs here, there might be deadlock or a high load in the core worker io service.
[2025-10-16 23:12:41,326 I 44168 65060] core_worker.cc:1275: Core worker main io service stopped.
[2025-10-16 23:12:41,429 I 44168 9140] core_worker.cc:1051: Disconnecting a GCS client.
[2025-10-16 23:12:41,429 I 44168 9140] core_worker.cc:1058: Core worker ready to be deallocated.
[2025-10-16 23:12:41,429 I 44168 9140] core_worker_process.cc:330: Task execution loop terminated. Removing the global worker.
[2025-10-16 23:12:41,429 I 44168 9140] core_worker.cc:1008: Core worker is destructed
[2025-10-16 23:12:41,429 I 44168 9140] task_event_buffer.cc:292: Shutting down TaskEventBuffer.
[2025-10-16 23:12:41,585 I 44168 9140] core_worker_process.cc:232: Destructing CoreWorkerProcessImpl. pid: 44168
[2025-10-16 23:12:41,585 I 44168 9140] io_service_pool.cc:47: IOServicePool is stopped.
[2025-10-16 23:12:41,879 I 44168 9140] stats.h:120: Stats module has shutdown.
[2025-10-16 23:12:41,900 W 44168 9140] core_worker_process.cc:246: The core worker process is not initialized yet or already shutdown.
