[2025-10-16 23:12:40,015 I 27144 49188] core_worker_process.cc:187: Constructing CoreWorkerProcess. pid: 27144
[2025-10-16 23:12:40,019 I 27144 49188] io_service_pool.cc:35: IOServicePool is running with 1 io_service.
[2025-10-16 23:12:40,022 I 27144 49188] grpc_server.cc:137: worker server started, listening on port 49317.
[2025-10-16 23:12:40,024 I 27144 49188] core_worker.cc:526: Initializing worker at address: 127.0.0.1:49317 worker_id=6e5bf472350b5950eb5a16fa06204e940a0d2d116bf087b598903180 node_id=8e2cf67ec3b685d76b7307ca6796d76d9bfca1988ebebd2c10e3aeeb
[2025-10-16 23:12:40,026 I 27144 49188] task_event_buffer.cc:281: Reporting task events to GCS every 1000ms.
[2025-10-16 23:12:40,030 I 27144 24764] core_worker.cc:914: Event stats:


Global stats: 12 total (5 active)
Queueing time: mean = 37.567 us, max = 212.200 us, min = 18.500 us, total = 450.800 us
Execution time:  mean = 234.983 us, total = 2.820 ms
Event stats:
	PeriodicalRunner.RunFnPeriodically - 3 total (1 active, 1 running), Execution time: mean = 14.067 us, total = 42.200 us, Queueing time: mean = 76.900 us, max = 212.200 us, min = 18.500 us, total = 230.700 us
	CoreWorker.ExitIfParentRayletDies - 1 total (1 active), Execution time: mean = 0.000 s, total = 0.000 s, Queueing time: mean = 0.000 s, max = -0.000 s, min = 9223372036.855 s, total = 0.000 s
	ray::rpc::WorkerInfoGcsService.grpc_client.AddWorkerInfo - 1 total (0 active), Execution time: mean = 812.300 us, total = 812.300 us, Queueing time: mean = 0.000 s, max = -0.000 s, min = 9223372036.855 s, total = 0.000 s
	Publisher.CheckDeadSubscribers - 1 total (1 active), Execution time: mean = 0.000 s, total = 0.000 s, Queueing time: mean = 0.000 s, max = -0.000 s, min = 9223372036.855 s, total = 0.000 s
	ray::rpc::InternalPubSubGcsService.grpc_client.GcsSubscriberCommandBatch - 1 total (0 active), Execution time: mean = 587.200 us, total = 587.200 us, Queueing time: mean = 0.000 s, max = -0.000 s, min = 9223372036.855 s, total = 0.000 s
	ray::rpc::InternalPubSubGcsService.grpc_client.GcsSubscriberCommandBatch.OnReplyReceived - 1 total (0 active), Execution time: mean = 487.800 us, total = 487.800 us, Queueing time: mean = 199.200 us, max = 199.200 us, min = 199.200 us, total = 199.200 us
	ray::rpc::WorkerInfoGcsService.grpc_client.AddWorkerInfo.OnReplyReceived - 1 total (0 active), Execution time: mean = 31.200 us, total = 31.200 us, Queueing time: mean = 20.900 us, max = 20.900 us, min = 20.900 us, total = 20.900 us
	ray::rpc::NodeInfoGcsService.grpc_client.GetAllNodeInfo.OnReplyReceived - 1 total (1 active), Execution time: mean = 0.000 s, total = 0.000 s, Queueing time: mean = 0.000 s, max = -0.000 s, min = 9223372036.855 s, total = 0.000 s
	ray::rpc::NodeInfoGcsService.grpc_client.GetAllNodeInfo - 1 total (0 active), Execution time: mean = 859.100 us, total = 859.100 us, Queueing time: mean = 0.000 s, max = -0.000 s, min = 9223372036.855 s, total = 0.000 s
	ray::rpc::InternalPubSubGcsService.grpc_client.GcsSubscriberPoll - 1 total (1 active), Execution time: mean = 0.000 s, total = 0.000 s, Queueing time: mean = 0.000 s, max = -0.000 s, min = 9223372036.855 s, total = 0.000 s

-----------------
Task execution event stats:

Global stats: 0 total (0 active)
Queueing time: mean = -nan(ind) s, max = -0.000 s, min = 9223372036.855 s, total = 0.000 s
Execution time:  mean = -nan(ind) s, total = 0.000 s
Event stats:

-----------------
Task Event stats:

IO Service Stats:

Global stats: 4 total (1 active)
Queueing time: mean = 12.400 us, max = 31.000 us, min = 18.600 us, total = 49.600 us
Execution time:  mean = 228.175 us, total = 912.700 us
Event stats:
	PeriodicalRunner.RunFnPeriodically - 1 total (0 active), Execution time: mean = 257.100 us, total = 257.100 us, Queueing time: mean = 18.600 us, max = 18.600 us, min = 18.600 us, total = 18.600 us
	ray::rpc::TaskInfoGcsService.grpc_client.AddTaskEventData - 1 total (0 active), Execution time: mean = 634.700 us, total = 634.700 us, Queueing time: mean = 0.000 s, max = -0.000 s, min = 9223372036.855 s, total = 0.000 s
	ray::rpc::TaskInfoGcsService.grpc_client.AddTaskEventData.OnReplyReceived - 1 total (0 active), Execution time: mean = 20.900 us, total = 20.900 us, Queueing time: mean = 31.000 us, max = 31.000 us, min = 31.000 us, total = 31.000 us
	CoreWorker.deadline_timer.flush_task_events - 1 total (1 active), Execution time: mean = 0.000 s, total = 0.000 s, Queueing time: mean = 0.000 s, max = -0.000 s, min = 9223372036.855 s, total = 0.000 s
Other Stats:
	grpc_in_progress:0
	current number of task status events in buffer: 0
	current number of profile events in buffer: 0
	current number of dropped task attempts tracked: 0
	total task events sent: 0 MiB
	total number of task attempts sent: 0
	total number of task attempts dropped reported: 0
	total number of sent failure: 0
	num status task events dropped: 0
	num profile task events dropped: 0


[2025-10-16 23:12:40,031 I 27144 24764] accessor.cc:760: Received notification for node, IsAlive = 1 node_id=8e2cf67ec3b685d76b7307ca6796d76d9bfca1988ebebd2c10e3aeeb
[2025-10-16 23:12:40,031 I 27144 24764] core_worker.cc:5080: Number of alive nodes:1
[2025-10-16 23:12:40,033 I 27144 49188] event.cc:500: Ray Event initialized for CORE_WORKER
[2025-10-16 23:12:40,034 I 27144 49188] event.cc:500: Ray Event initialized for EXPORT_TASK
[2025-10-16 23:12:40,034 I 27144 49188] event.cc:331: Set ray event level to warning
[2025-10-16 23:12:41,107 I 27144 24764] core_worker.cc:1171: Exit signal received, this process will exit after all outstanding tasks have finished, exit_type=INTENDED_SYSTEM_EXIT, detail=Worker exits because it was idle (it doesn't have objects it owns while no task or actor has been scheduled) for a long time.
[2025-10-16 23:12:41,108 I 27144 49188] core_worker.cc:1102: Sending disconnect message to the local raylet.
[2025-10-16 23:12:41,108 I 27144 49188] raylet_client.cc:73: RayletClient::Disconnect, exit_type=INTENDED_SYSTEM_EXIT, exit_detail=Worker exits because it was idle (it doesn't have objects it owns while no task or actor has been scheduled) for a long time., has creation_task_exception_pb_bytes=0
[2025-10-16 23:12:41,108 I 27144 49188] core_worker.cc:1108: Disconnected from the local raylet.
[2025-10-16 23:12:41,108 I 27144 49188] core_worker.cc:1017: Shutting down a core worker.
[2025-10-16 23:12:41,108 I 27144 49188] task_event_buffer.cc:292: Shutting down TaskEventBuffer.
[2025-10-16 23:12:41,108 I 27144 70912] task_event_buffer.cc:260: Task event buffer io service stopped.
[2025-10-16 23:12:41,108 I 27144 49188] core_worker.cc:1039: Waiting for joining a core worker io thread. If it hangs here, there might be deadlock or a high load in the core worker io service.
[2025-10-16 23:12:41,108 I 27144 24764] core_worker.cc:1275: Core worker main io service stopped.
[2025-10-16 23:12:41,134 I 27144 49188] core_worker.cc:1051: Disconnecting a GCS client.
[2025-10-16 23:12:41,134 I 27144 49188] core_worker.cc:1058: Core worker ready to be deallocated.
[2025-10-16 23:12:41,134 I 27144 49188] core_worker_process.cc:330: Task execution loop terminated. Removing the global worker.
[2025-10-16 23:12:41,134 I 27144 49188] core_worker.cc:1008: Core worker is destructed
[2025-10-16 23:12:41,134 I 27144 49188] task_event_buffer.cc:292: Shutting down TaskEventBuffer.
[2025-10-16 23:12:41,368 I 27144 49188] core_worker_process.cc:232: Destructing CoreWorkerProcessImpl. pid: 27144
[2025-10-16 23:12:41,368 I 27144 49188] io_service_pool.cc:47: IOServicePool is stopped.
[2025-10-16 23:12:41,584 I 27144 49188] stats.h:120: Stats module has shutdown.
[2025-10-16 23:12:41,606 W 27144 49188] core_worker_process.cc:246: The core worker process is not initialized yet or already shutdown.
