[2025-10-16 23:12:40,358 I 60428 36444] core_worker_process.cc:187: Constructing CoreWorkerProcess. pid: 60428
[2025-10-16 23:12:40,361 I 60428 36444] io_service_pool.cc:35: IOServicePool is running with 1 io_service.
[2025-10-16 23:12:40,364 I 60428 36444] grpc_server.cc:137: worker server started, listening on port 49373.
[2025-10-16 23:12:40,365 I 60428 36444] core_worker.cc:526: Initializing worker at address: 127.0.0.1:49373 worker_id=e702c32392a0df7adfa98e1f00e942bdb76e797fecd52e1755ed0be6 node_id=8e2cf67ec3b685d76b7307ca6796d76d9bfca1988ebebd2c10e3aeeb
[2025-10-16 23:12:40,366 I 60428 36444] task_event_buffer.cc:281: Reporting task events to GCS every 1000ms.
[2025-10-16 23:12:40,368 I 60428 70332] accessor.cc:760: Received notification for node, IsAlive = 1 node_id=8e2cf67ec3b685d76b7307ca6796d76d9bfca1988ebebd2c10e3aeeb
[2025-10-16 23:12:40,368 I 60428 70332] core_worker.cc:5080: Number of alive nodes:1
[2025-10-16 23:12:40,368 I 60428 70332] core_worker.cc:914: Event stats:


Global stats: 12 total (4 active)
Queueing time: mean = 38.767 us, max = 219.700 us, min = 27.500 us, total = 465.200 us
Execution time:  mean = 171.275 us, total = 2.055 ms
Event stats:
	PeriodicalRunner.RunFnPeriodically - 3 total (1 active, 1 running), Execution time: mean = 12.200 us, total = 36.600 us, Queueing time: mean = 88.167 us, max = 219.700 us, min = 44.800 us, total = 264.500 us
	ray::rpc::InternalPubSubGcsService.grpc_client.GcsSubscriberPoll - 1 total (1 active), Execution time: mean = 0.000 s, total = 0.000 s, Queueing time: mean = 0.000 s, max = -0.000 s, min = 9223372036.855 s, total = 0.000 s
	ray::rpc::WorkerInfoGcsService.grpc_client.AddWorkerInfo - 1 total (0 active), Execution time: mean = 697.800 us, total = 697.800 us, Queueing time: mean = 0.000 s, max = -0.000 s, min = 9223372036.855 s, total = 0.000 s
	CoreWorker.ExitIfParentRayletDies - 1 total (1 active), Execution time: mean = 0.000 s, total = 0.000 s, Queueing time: mean = 0.000 s, max = -0.000 s, min = 9223372036.855 s, total = 0.000 s
	Publisher.CheckDeadSubscribers - 1 total (1 active), Execution time: mean = 0.000 s, total = 0.000 s, Queueing time: mean = 0.000 s, max = -0.000 s, min = 9223372036.855 s, total = 0.000 s
	ray::rpc::InternalPubSubGcsService.grpc_client.GcsSubscriberCommandBatch.OnReplyReceived - 1 total (0 active), Execution time: mean = 170.300 us, total = 170.300 us, Queueing time: mean = 48.800 us, max = 48.800 us, min = 48.800 us, total = 48.800 us
	ray::rpc::InternalPubSubGcsService.grpc_client.GcsSubscriberCommandBatch - 1 total (0 active), Execution time: mean = 601.500 us, total = 601.500 us, Queueing time: mean = 0.000 s, max = -0.000 s, min = 9223372036.855 s, total = 0.000 s
	ray::rpc::NodeInfoGcsService.grpc_client.GetAllNodeInfo.OnReplyReceived - 1 total (0 active), Execution time: mean = 118.100 us, total = 118.100 us, Queueing time: mean = 27.500 us, max = 27.500 us, min = 27.500 us, total = 27.500 us
	ray::rpc::WorkerInfoGcsService.grpc_client.AddWorkerInfo.OnReplyReceived - 1 total (0 active), Execution time: mean = 46.000 us, total = 46.000 us, Queueing time: mean = 124.400 us, max = 124.400 us, min = 124.400 us, total = 124.400 us
	ray::rpc::NodeInfoGcsService.grpc_client.GetAllNodeInfo - 1 total (0 active), Execution time: mean = 385.000 us, total = 385.000 us, Queueing time: mean = 0.000 s, max = -0.000 s, min = 9223372036.855 s, total = 0.000 s

-----------------
Task execution event stats:

Global stats: 0 total (0 active)
Queueing time: mean = -nan(ind) s, max = -0.000 s, min = 9223372036.855 s, total = 0.000 s
Execution time:  mean = -nan(ind) s, total = 0.000 s
Event stats:

-----------------
Task Event stats:

IO Service Stats:

Global stats: 4 total (1 active)
Queueing time: mean = 12.500 us, max = 27.600 us, min = 22.400 us, total = 50.000 us
Execution time:  mean = 197.675 us, total = 790.700 us
Event stats:
	PeriodicalRunner.RunFnPeriodically - 1 total (0 active), Execution time: mean = 147.100 us, total = 147.100 us, Queueing time: mean = 27.600 us, max = 27.600 us, min = 27.600 us, total = 27.600 us
	CoreWorker.deadline_timer.flush_task_events - 1 total (1 active), Execution time: mean = 0.000 s, total = 0.000 s, Queueing time: mean = 0.000 s, max = -0.000 s, min = 9223372036.855 s, total = 0.000 s
	ray::rpc::TaskInfoGcsService.grpc_client.AddTaskEventData - 1 total (0 active), Execution time: mean = 624.700 us, total = 624.700 us, Queueing time: mean = 0.000 s, max = -0.000 s, min = 9223372036.855 s, total = 0.000 s
	ray::rpc::TaskInfoGcsService.grpc_client.AddTaskEventData.OnReplyReceived - 1 total (0 active), Execution time: mean = 18.900 us, total = 18.900 us, Queueing time: mean = 22.400 us, max = 22.400 us, min = 22.400 us, total = 22.400 us
Other Stats:
	grpc_in_progress:0
	current number of task status events in buffer: 0
	current number of profile events in buffer: 0
	current number of dropped task attempts tracked: 0
	total task events sent: 0 MiB
	total number of task attempts sent: 0
	total number of task attempts dropped reported: 0
	total number of sent failure: 0
	num status task events dropped: 0
	num profile task events dropped: 0


[2025-10-16 23:12:40,371 I 60428 36444] event.cc:500: Ray Event initialized for CORE_WORKER
[2025-10-16 23:12:40,371 I 60428 36444] event.cc:500: Ray Event initialized for EXPORT_TASK
[2025-10-16 23:12:40,371 I 60428 36444] event.cc:331: Set ray event level to warning
[2025-10-16 23:12:41,542 I 60428 70332] core_worker.cc:1171: Exit signal received, this process will exit after all outstanding tasks have finished, exit_type=INTENDED_SYSTEM_EXIT, detail=Worker exits because it was idle (it doesn't have objects it owns while no task or actor has been scheduled) for a long time.
[2025-10-16 23:12:41,544 I 60428 36444] core_worker.cc:1102: Sending disconnect message to the local raylet.
[2025-10-16 23:12:41,544 I 60428 36444] raylet_client.cc:73: RayletClient::Disconnect, exit_type=INTENDED_SYSTEM_EXIT, exit_detail=Worker exits because it was idle (it doesn't have objects it owns while no task or actor has been scheduled) for a long time., has creation_task_exception_pb_bytes=0
[2025-10-16 23:12:41,544 I 60428 36444] core_worker.cc:1108: Disconnected from the local raylet.
[2025-10-16 23:12:41,545 I 60428 36444] core_worker.cc:1017: Shutting down a core worker.
[2025-10-16 23:12:41,545 I 60428 36444] task_event_buffer.cc:292: Shutting down TaskEventBuffer.
[2025-10-16 23:12:41,545 I 60428 58604] task_event_buffer.cc:260: Task event buffer io service stopped.
[2025-10-16 23:12:41,545 I 60428 36444] core_worker.cc:1039: Waiting for joining a core worker io thread. If it hangs here, there might be deadlock or a high load in the core worker io service.
[2025-10-16 23:12:41,545 I 60428 70332] core_worker.cc:1275: Core worker main io service stopped.
[2025-10-16 23:12:41,546 I 60428 36444] core_worker.cc:1051: Disconnecting a GCS client.
[2025-10-16 23:12:41,546 I 60428 36444] core_worker.cc:1058: Core worker ready to be deallocated.
[2025-10-16 23:12:41,546 I 60428 36444] core_worker_process.cc:330: Task execution loop terminated. Removing the global worker.
[2025-10-16 23:12:41,546 I 60428 36444] core_worker.cc:1008: Core worker is destructed
[2025-10-16 23:12:41,546 I 60428 36444] task_event_buffer.cc:292: Shutting down TaskEventBuffer.
[2025-10-16 23:12:41,547 I 60428 36444] core_worker_process.cc:232: Destructing CoreWorkerProcessImpl. pid: 60428
[2025-10-16 23:12:41,547 I 60428 36444] io_service_pool.cc:47: IOServicePool is stopped.
[2025-10-16 23:12:41,677 I 60428 36444] stats.h:120: Stats module has shutdown.
[2025-10-16 23:12:41,699 W 60428 36444] core_worker_process.cc:246: The core worker process is not initialized yet or already shutdown.
