[2025-10-16 23:12:39,761 I 74124 71264] core_worker_process.cc:187: Constructing CoreWorkerProcess. pid: 74124
[2025-10-16 23:12:39,766 I 74124 71264] io_service_pool.cc:35: IOServicePool is running with 1 io_service.
[2025-10-16 23:12:39,769 I 74124 71264] grpc_server.cc:137: worker server started, listening on port 49302.
[2025-10-16 23:12:39,771 I 74124 71264] core_worker.cc:526: Initializing worker at address: 127.0.0.1:49302 worker_id=d7a6478e36e0b31d0b378bcc121ffd34c662717f7371ee3fd56fd6e2 node_id=8e2cf67ec3b685d76b7307ca6796d76d9bfca1988ebebd2c10e3aeeb
[2025-10-16 23:12:39,773 I 74124 71264] task_event_buffer.cc:281: Reporting task events to GCS every 1000ms.
[2025-10-16 23:12:39,776 I 74124 19132] core_worker.cc:914: Event stats:


Global stats: 11 total (5 active)
Queueing time: mean = 165.882 us, max = 1.166 ms, min = 16.100 us, total = 1.825 ms
Execution time:  mean = 231.864 us, total = 2.550 ms
Event stats:
	PeriodicalRunner.RunFnPeriodically - 3 total (1 active, 1 running), Execution time: mean = 28.567 us, total = 85.700 us, Queueing time: mean = 176.500 us, max = 513.400 us, min = 16.100 us, total = 529.500 us
	ray::rpc::NodeInfoGcsService.grpc_client.GetAllNodeInfo - 1 total (1 active), Execution time: mean = 0.000 s, total = 0.000 s, Queueing time: mean = 0.000 s, max = -0.000 s, min = 9223372036.855 s, total = 0.000 s
	ray::rpc::WorkerInfoGcsService.grpc_client.AddWorkerInfo.OnReplyReceived - 1 total (0 active), Execution time: mean = 34.800 us, total = 34.800 us, Queueing time: mean = 129.200 us, max = 129.200 us, min = 129.200 us, total = 129.200 us
	ray::rpc::InternalPubSubGcsService.grpc_client.GcsSubscriberPoll - 1 total (1 active), Execution time: mean = 0.000 s, total = 0.000 s, Queueing time: mean = 0.000 s, max = -0.000 s, min = 9223372036.855 s, total = 0.000 s
	CoreWorker.ExitIfParentRayletDies - 1 total (1 active), Execution time: mean = 0.000 s, total = 0.000 s, Queueing time: mean = 0.000 s, max = -0.000 s, min = 9223372036.855 s, total = 0.000 s
	ray::rpc::WorkerInfoGcsService.grpc_client.AddWorkerInfo - 1 total (0 active), Execution time: mean = 1.288 ms, total = 1.288 ms, Queueing time: mean = 0.000 s, max = -0.000 s, min = 9223372036.855 s, total = 0.000 s
	Publisher.CheckDeadSubscribers - 1 total (1 active), Execution time: mean = 0.000 s, total = 0.000 s, Queueing time: mean = 0.000 s, max = -0.000 s, min = 9223372036.855 s, total = 0.000 s
	ray::rpc::InternalPubSubGcsService.grpc_client.GcsSubscriberCommandBatch - 1 total (0 active), Execution time: mean = 690.400 us, total = 690.400 us, Queueing time: mean = 0.000 s, max = -0.000 s, min = 9223372036.855 s, total = 0.000 s
	ray::rpc::InternalPubSubGcsService.grpc_client.GcsSubscriberCommandBatch.OnReplyReceived - 1 total (0 active), Execution time: mean = 451.300 us, total = 451.300 us, Queueing time: mean = 1.166 ms, max = 1.166 ms, min = 1.166 ms, total = 1.166 ms

-----------------
Task execution event stats:

Global stats: 0 total (0 active)
Queueing time: mean = -nan(ind) s, max = -0.000 s, min = 9223372036.855 s, total = 0.000 s
Execution time:  mean = -nan(ind) s, total = 0.000 s
Event stats:

-----------------
Task Event stats:

IO Service Stats:

Global stats: 4 total (1 active)
Queueing time: mean = 23.550 us, max = 71.300 us, min = 22.900 us, total = 94.200 us
Execution time:  mean = 206.200 us, total = 824.800 us
Event stats:
	CoreWorker.deadline_timer.flush_task_events - 1 total (1 active), Execution time: mean = 0.000 s, total = 0.000 s, Queueing time: mean = 0.000 s, max = -0.000 s, min = 9223372036.855 s, total = 0.000 s
	PeriodicalRunner.RunFnPeriodically - 1 total (0 active), Execution time: mean = 143.600 us, total = 143.600 us, Queueing time: mean = 71.300 us, max = 71.300 us, min = 71.300 us, total = 71.300 us
	ray::rpc::TaskInfoGcsService.grpc_client.AddTaskEventData.OnReplyReceived - 1 total (0 active), Execution time: mean = 18.500 us, total = 18.500 us, Queueing time: mean = 22.900 us, max = 22.900 us, min = 22.900 us, total = 22.900 us
	ray::rpc::TaskInfoGcsService.grpc_client.AddTaskEventData - 1 total (0 active), Execution time: mean = 662.700 us, total = 662.700 us, Queueing time: mean = 0.000 s, max = -0.000 s, min = 9223372036.855 s, total = 0.000 s
Other Stats:
	grpc_in_progress:0
	current number of task status events in buffer: 0
	current number of profile events in buffer: 0
	current number of dropped task attempts tracked: 0
	total task events sent: 0 MiB
	total number of task attempts sent: 0
	total number of task attempts dropped reported: 0
	total number of sent failure: 0
	num status task events dropped: 0
	num profile task events dropped: 0


[2025-10-16 23:12:39,776 I 74124 19132] accessor.cc:760: Received notification for node, IsAlive = 1 node_id=8e2cf67ec3b685d76b7307ca6796d76d9bfca1988ebebd2c10e3aeeb
[2025-10-16 23:12:39,776 I 74124 19132] core_worker.cc:5080: Number of alive nodes:1
[2025-10-16 23:12:39,778 I 74124 71264] event.cc:500: Ray Event initialized for CORE_WORKER
[2025-10-16 23:12:39,779 I 74124 71264] event.cc:500: Ray Event initialized for EXPORT_TASK
[2025-10-16 23:12:39,779 I 74124 71264] event.cc:331: Set ray event level to warning
[2025-10-16 23:12:40,890 I 74124 19132] core_worker.cc:1171: Exit signal received, this process will exit after all outstanding tasks have finished, exit_type=INTENDED_SYSTEM_EXIT, detail=Worker exits because it was idle (it doesn't have objects it owns while no task or actor has been scheduled) for a long time.
[2025-10-16 23:12:40,891 I 74124 71264] core_worker.cc:1102: Sending disconnect message to the local raylet.
[2025-10-16 23:12:40,891 I 74124 71264] raylet_client.cc:73: RayletClient::Disconnect, exit_type=INTENDED_SYSTEM_EXIT, exit_detail=Worker exits because it was idle (it doesn't have objects it owns while no task or actor has been scheduled) for a long time., has creation_task_exception_pb_bytes=0
[2025-10-16 23:12:40,892 I 74124 71264] core_worker.cc:1108: Disconnected from the local raylet.
[2025-10-16 23:12:40,892 I 74124 71264] core_worker.cc:1017: Shutting down a core worker.
[2025-10-16 23:12:40,892 I 74124 71264] task_event_buffer.cc:292: Shutting down TaskEventBuffer.
[2025-10-16 23:12:40,892 I 74124 58500] task_event_buffer.cc:260: Task event buffer io service stopped.
[2025-10-16 23:12:40,892 I 74124 71264] core_worker.cc:1039: Waiting for joining a core worker io thread. If it hangs here, there might be deadlock or a high load in the core worker io service.
[2025-10-16 23:12:40,892 I 74124 19132] core_worker.cc:1275: Core worker main io service stopped.
[2025-10-16 23:12:40,893 I 74124 71264] core_worker.cc:1051: Disconnecting a GCS client.
[2025-10-16 23:12:40,893 I 74124 71264] core_worker.cc:1058: Core worker ready to be deallocated.
[2025-10-16 23:12:40,893 I 74124 71264] core_worker_process.cc:330: Task execution loop terminated. Removing the global worker.
[2025-10-16 23:12:40,893 I 74124 71264] core_worker.cc:1008: Core worker is destructed
[2025-10-16 23:12:40,893 I 74124 71264] task_event_buffer.cc:292: Shutting down TaskEventBuffer.
[2025-10-16 23:12:40,894 I 74124 71264] core_worker_process.cc:232: Destructing CoreWorkerProcessImpl. pid: 74124
[2025-10-16 23:12:40,894 I 74124 71264] io_service_pool.cc:47: IOServicePool is stopped.
[2025-10-16 23:12:41,073 I 74124 71264] stats.h:120: Stats module has shutdown.
[2025-10-16 23:12:41,094 W 74124 71264] core_worker_process.cc:246: The core worker process is not initialized yet or already shutdown.
