[2025-10-16 23:12:39,815 I 13260 47072] core_worker_process.cc:187: Constructing CoreWorkerProcess. pid: 13260
[2025-10-16 23:12:39,820 I 13260 47072] io_service_pool.cc:35: IOServicePool is running with 1 io_service.
[2025-10-16 23:12:39,824 I 13260 47072] grpc_server.cc:137: worker server started, listening on port 49308.
[2025-10-16 23:12:39,826 I 13260 47072] core_worker.cc:526: Initializing worker at address: 127.0.0.1:49308 worker_id=6c82c89f8ee4d792a01411bfc13bb99a7e07d4821a01d059d59fa12b node_id=8e2cf67ec3b685d76b7307ca6796d76d9bfca1988ebebd2c10e3aeeb
[2025-10-16 23:12:39,828 I 13260 47072] task_event_buffer.cc:281: Reporting task events to GCS every 1000ms.
[2025-10-16 23:12:39,831 I 13260 2552] core_worker.cc:914: Event stats:


Global stats: 11 total (5 active)
Queueing time: mean = 138.664 us, max = 764.100 us, min = 113.400 us, total = 1.525 ms
Execution time:  mean = 229.127 us, total = 2.520 ms
Event stats:
	PeriodicalRunner.RunFnPeriodically - 3 total (1 active, 1 running), Execution time: mean = 14.800 us, total = 44.400 us, Queueing time: mean = 294.533 us, max = 764.100 us, min = 119.500 us, total = 883.600 us
	ray::rpc::InternalPubSubGcsService.grpc_client.GcsSubscriberCommandBatch - 1 total (0 active), Execution time: mean = 739.900 us, total = 739.900 us, Queueing time: mean = 0.000 s, max = -0.000 s, min = 9223372036.855 s, total = 0.000 s
	ray::rpc::WorkerInfoGcsService.grpc_client.AddWorkerInfo.OnReplyReceived - 1 total (0 active), Execution time: mean = 69.600 us, total = 69.600 us, Queueing time: mean = 113.400 us, max = 113.400 us, min = 113.400 us, total = 113.400 us
	ray::rpc::NodeInfoGcsService.grpc_client.GetAllNodeInfo - 1 total (1 active), Execution time: mean = 0.000 s, total = 0.000 s, Queueing time: mean = 0.000 s, max = -0.000 s, min = 9223372036.855 s, total = 0.000 s
	ray::rpc::InternalPubSubGcsService.grpc_client.GcsSubscriberPoll - 1 total (1 active), Execution time: mean = 0.000 s, total = 0.000 s, Queueing time: mean = 0.000 s, max = -0.000 s, min = 9223372036.855 s, total = 0.000 s
	ray::rpc::WorkerInfoGcsService.grpc_client.AddWorkerInfo - 1 total (0 active), Execution time: mean = 1.233 ms, total = 1.233 ms, Queueing time: mean = 0.000 s, max = -0.000 s, min = 9223372036.855 s, total = 0.000 s
	CoreWorker.ExitIfParentRayletDies - 1 total (1 active), Execution time: mean = 0.000 s, total = 0.000 s, Queueing time: mean = 0.000 s, max = -0.000 s, min = 9223372036.855 s, total = 0.000 s
	Publisher.CheckDeadSubscribers - 1 total (1 active), Execution time: mean = 0.000 s, total = 0.000 s, Queueing time: mean = 0.000 s, max = -0.000 s, min = 9223372036.855 s, total = 0.000 s
	ray::rpc::InternalPubSubGcsService.grpc_client.GcsSubscriberCommandBatch.OnReplyReceived - 1 total (0 active), Execution time: mean = 433.200 us, total = 433.200 us, Queueing time: mean = 528.300 us, max = 528.300 us, min = 528.300 us, total = 528.300 us

-----------------
Task execution event stats:

Global stats: 0 total (0 active)
Queueing time: mean = -nan(ind) s, max = -0.000 s, min = 9223372036.855 s, total = 0.000 s
Execution time:  mean = -nan(ind) s, total = 0.000 s
Event stats:

-----------------
Task Event stats:

IO Service Stats:

Global stats: 4 total (1 active)
Queueing time: mean = 10.400 us, max = 24.300 us, min = 17.300 us, total = 41.600 us
Execution time:  mean = 752.350 us, total = 3.009 ms
Event stats:
	ray::rpc::TaskInfoGcsService.grpc_client.AddTaskEventData - 1 total (0 active), Execution time: mean = 1.764 ms, total = 1.764 ms, Queueing time: mean = 0.000 s, max = -0.000 s, min = 9223372036.855 s, total = 0.000 s
	PeriodicalRunner.RunFnPeriodically - 1 total (0 active), Execution time: mean = 1.223 ms, total = 1.223 ms, Queueing time: mean = 24.300 us, max = 24.300 us, min = 24.300 us, total = 24.300 us
	ray::rpc::TaskInfoGcsService.grpc_client.AddTaskEventData.OnReplyReceived - 1 total (0 active), Execution time: mean = 22.000 us, total = 22.000 us, Queueing time: mean = 17.300 us, max = 17.300 us, min = 17.300 us, total = 17.300 us
	CoreWorker.deadline_timer.flush_task_events - 1 total (1 active), Execution time: mean = 0.000 s, total = 0.000 s, Queueing time: mean = 0.000 s, max = -0.000 s, min = 9223372036.855 s, total = 0.000 s
Other Stats:
	grpc_in_progress:0
	current number of task status events in buffer: 0
	current number of profile events in buffer: 0
	current number of dropped task attempts tracked: 0
	total task events sent: 0 MiB
	total number of task attempts sent: 0
	total number of task attempts dropped reported: 0
	total number of sent failure: 0
	num status task events dropped: 0
	num profile task events dropped: 0


[2025-10-16 23:12:39,831 I 13260 2552] accessor.cc:760: Received notification for node, IsAlive = 1 node_id=8e2cf67ec3b685d76b7307ca6796d76d9bfca1988ebebd2c10e3aeeb
[2025-10-16 23:12:39,831 I 13260 2552] core_worker.cc:5080: Number of alive nodes:1
[2025-10-16 23:12:39,834 I 13260 47072] event.cc:500: Ray Event initialized for CORE_WORKER
[2025-10-16 23:12:39,834 I 13260 47072] event.cc:500: Ray Event initialized for EXPORT_TASK
[2025-10-16 23:12:39,835 I 13260 47072] event.cc:331: Set ray event level to warning
[2025-10-16 23:12:40,890 I 13260 2552] core_worker.cc:1171: Exit signal received, this process will exit after all outstanding tasks have finished, exit_type=INTENDED_SYSTEM_EXIT, detail=Worker exits because it was idle (it doesn't have objects it owns while no task or actor has been scheduled) for a long time.
[2025-10-16 23:12:40,891 I 13260 47072] core_worker.cc:1102: Sending disconnect message to the local raylet.
[2025-10-16 23:12:40,891 I 13260 47072] raylet_client.cc:73: RayletClient::Disconnect, exit_type=INTENDED_SYSTEM_EXIT, exit_detail=Worker exits because it was idle (it doesn't have objects it owns while no task or actor has been scheduled) for a long time., has creation_task_exception_pb_bytes=0
[2025-10-16 23:12:40,891 I 13260 47072] core_worker.cc:1108: Disconnected from the local raylet.
[2025-10-16 23:12:40,891 I 13260 47072] core_worker.cc:1017: Shutting down a core worker.
[2025-10-16 23:12:40,891 I 13260 47072] task_event_buffer.cc:292: Shutting down TaskEventBuffer.
[2025-10-16 23:12:40,891 I 13260 4084] task_event_buffer.cc:260: Task event buffer io service stopped.
[2025-10-16 23:12:40,892 I 13260 47072] core_worker.cc:1039: Waiting for joining a core worker io thread. If it hangs here, there might be deadlock or a high load in the core worker io service.
[2025-10-16 23:12:40,892 I 13260 2552] core_worker.cc:1275: Core worker main io service stopped.
[2025-10-16 23:12:40,950 I 13260 47072] core_worker.cc:1051: Disconnecting a GCS client.
[2025-10-16 23:12:40,950 I 13260 47072] core_worker.cc:1058: Core worker ready to be deallocated.
[2025-10-16 23:12:40,950 I 13260 47072] core_worker_process.cc:330: Task execution loop terminated. Removing the global worker.
[2025-10-16 23:12:40,950 I 13260 47072] core_worker.cc:1008: Core worker is destructed
[2025-10-16 23:12:40,950 I 13260 47072] task_event_buffer.cc:292: Shutting down TaskEventBuffer.
[2025-10-16 23:12:40,951 I 13260 47072] core_worker_process.cc:232: Destructing CoreWorkerProcessImpl. pid: 13260
[2025-10-16 23:12:40,951 I 13260 47072] io_service_pool.cc:47: IOServicePool is stopped.
[2025-10-16 23:12:41,382 I 13260 47072] stats.h:120: Stats module has shutdown.
[2025-10-16 23:12:41,405 W 13260 47072] core_worker_process.cc:246: The core worker process is not initialized yet or already shutdown.
