[2025-10-16 23:12:37,352 I 53500 39296] (raylet.exe) main.cc:219: Setting cluster ID to: 9895fc40e332fa96f9092c7278e15d74729abab65025c3e7ae1bf66f
[2025-10-16 23:12:37,357 I 53500 39296] (raylet.exe) main.cc:492: Raylet is not set to kill unknown children.
[2025-10-16 23:12:37,357 I 53500 39296] (raylet.exe) io_service_pool.cc:35: IOServicePool is running with 1 io_service.
[2025-10-16 23:12:37,358 I 53500 39296] (raylet.exe) main.cc:492: Setting node ID node_id=8e2cf67ec3b685d76b7307ca6796d76d9bfca1988ebebd2c10e3aeeb
[2025-10-16 23:12:37,358 I 53500 39296] (raylet.exe) store_runner.cc:51: Allowing the Plasma store to use up to 1.09434GB of memory.
[2025-10-16 23:12:37,358 I 53500 39296] (raylet.exe) store_runner.cc:67: Starting object store with directory C:\Users\Smoluanu\AppData\Local\Temp, fallback D:\Code\dynamic_class/ray_tmp/, and huge page support disabled
[2025-10-16 23:12:37,359 I 53500 9688] (raylet.exe) store.cc:583: Plasma store debug dump: 
Current usage: 0 / 1.09434 GB
- num bytes created total: 0
0 pending objects of total size 0MB
- objects spillable: 0
- bytes spillable: 0
- objects unsealed: 0
- bytes unsealed: 0
- objects in use: 0
- bytes in use: 0
- objects evictable: 0
- bytes evictable: 0

- objects created by worker: 0
- bytes created by worker: 0
- objects restored: 0
- bytes restored: 0
- objects received: 0
- bytes received: 0
- objects errored: 0
- bytes errored: 0

[2025-10-16 23:12:37,367 I 53500 39296] (raylet.exe) grpc_server.cc:137: ObjectManager server started, listening on port 49273.
[2025-10-16 23:12:37,368 I 53500 39296] (raylet.exe) worker_killing_policy.cc:101: Running GroupByOwner policy.
[2025-10-16 23:12:37,368 W 53500 39296] (raylet.exe) memory_monitor.cc:68: Not running MemoryMonitor. It is currently supported only on Linux.
[2025-10-16 23:12:37,368 I 53500 39296] (raylet.exe) node_manager.cc:298: Initializing NodeManager node_id=8e2cf67ec3b685d76b7307ca6796d76d9bfca1988ebebd2c10e3aeeb
[2025-10-16 23:12:37,369 I 53500 39296] (raylet.exe) grpc_server.cc:137: NodeManager server started, listening on port 49275.
[2025-10-16 23:12:37,375 I 53500 52972] (raylet.exe) agent_manager.cc:78: Monitor agent process with name dashboard_agent/15724
[2025-10-16 23:12:37,378 I 53500 34764] (raylet.exe) agent_manager.cc:78: Monitor agent process with name runtime_env_agent
[2025-10-16 23:12:37,381 I 53500 39296] (raylet.exe) event.cc:500: Ray Event initialized for RAYLET
[2025-10-16 23:12:37,381 I 53500 39296] (raylet.exe) event.cc:331: Set ray event level to warning
[2025-10-16 23:12:37,382 I 53500 39296] (raylet.exe) raylet.cc:134: Raylet of id, 8e2cf67ec3b685d76b7307ca6796d76d9bfca1988ebebd2c10e3aeeb started. Raylet consists of node_manager and object_manager. node_manager address: 127.0.0.1:49275 object_manager address: 127.0.0.1:49273 hostname: LAPTOP-O8RA8S5A
[2025-10-16 23:12:37,384 I 53500 39296] (raylet.exe) node_manager.cc:540: [state-dump] NodeManager:
[state-dump] Node ID: 8e2cf67ec3b685d76b7307ca6796d76d9bfca1988ebebd2c10e3aeeb
[state-dump] Node name: 127.0.0.1
[state-dump] InitialConfigResources: {object_store_memory: 1.09434e+09, node:__internal_head__: 1, memory: 2.55347e+09, CPU: 18, node:127.0.0.1: 1}
[state-dump] ClusterTaskManager:
[state-dump] ========== Node: 8e2cf67ec3b685d76b7307ca6796d76d9bfca1988ebebd2c10e3aeeb =================
[state-dump] Infeasible queue length: 0
[state-dump] Schedule queue length: 0
[state-dump] Dispatch queue length: 0
[state-dump] num_waiting_for_resource: 0
[state-dump] num_waiting_for_plasma_memory: 0
[state-dump] num_waiting_for_remote_node_resources: 0
[state-dump] num_worker_not_started_by_job_config_not_exist: 0
[state-dump] num_worker_not_started_by_registration_timeout: 0
[state-dump] num_tasks_waiting_for_workers: 0
[state-dump] num_cancelled_tasks: 0
[state-dump] cluster_resource_scheduler state: 
[state-dump] Local id: -1954326085194837023 Local resources: {"total":{node:127.0.0.1: [10000], memory: [25534709760000], node:__internal_head__: [10000], CPU: [180000], object_store_memory: [10943447040000]}}, "available": {object_store_memory: [10943447040000], memory: [25534709760000], node:__internal_head__: [10000], CPU: [180000], node:127.0.0.1: [10000]}}, "labels":{"ray.io/node_id":"8e2cf67ec3b685d76b7307ca6796d76d9bfca1988ebebd2c10e3aeeb",} is_draining: 0 is_idle: 1 Cluster resources: node id: -1954326085194837023{"total":{CPU: 180000, node:127.0.0.1: 10000, node:__internal_head__: 10000, object_store_memory: 10943447040000, memory: 25534709760000}}, "available": {object_store_memory: 10943447040000, CPU: 180000, node:127.0.0.1: 10000, node:__internal_head__: 10000, memory: 25534709760000}}, "labels":{"ray.io/node_id":"8e2cf67ec3b685d76b7307ca6796d76d9bfca1988ebebd2c10e3aeeb",}, "is_draining": 0, "draining_deadline_timestamp_ms": -1} { "placement group locations": [], "node to bundles": []}
[state-dump] Waiting tasks size: 0
[state-dump] Number of executing tasks: 0
[state-dump] Number of pinned task arguments: 0
[state-dump] Number of total spilled tasks: 0
[state-dump] Number of spilled waiting tasks: 0
[state-dump] Number of spilled unschedulable tasks: 0
[state-dump] Resource usage {
[state-dump] }
[state-dump] Backlog Size per scheduling descriptor :{workerId: num backlogs}:
[state-dump] 
[state-dump] Running tasks by scheduling class:
[state-dump] ==================================================
[state-dump] 
[state-dump] ClusterResources:
[state-dump] LocalObjectManager:
[state-dump] - num pinned objects: 0
[state-dump] - pinned objects size: 0
[state-dump] - num objects pending restore: 0
[state-dump] - num objects pending spill: 0
[state-dump] - num bytes pending spill: 0
[state-dump] - num bytes currently spilled: 0
[state-dump] - cumulative spill requests: 0
[state-dump] - cumulative restore requests: 0
[state-dump] - spilled objects pending delete: 0
[state-dump] 
[state-dump] ObjectManager:
[state-dump] - num local objects: 0
[state-dump] - num unfulfilled push requests: 0
[state-dump] - num object pull requests: 0
[state-dump] - num chunks received total: 0
[state-dump] - num chunks received failed (all): 0
[state-dump] - num chunks received failed / cancelled: 0
[state-dump] - num chunks received failed / plasma error: 0
[state-dump] Event stats:
[state-dump] Global stats: 0 total (0 active)
[state-dump] Queueing time: mean = -nan(ind) s, max = -0.000 s, min = 9223372036.855 s, total = 0.000 s
[state-dump] Execution time:  mean = -nan(ind) s, total = 0.000 s
[state-dump] Event stats:
[state-dump] PushManager:
[state-dump] - num pushes in flight: 0
[state-dump] - num chunks in flight: 0
[state-dump] - num chunks remaining: 0
[state-dump] - max chunks allowed: 409
[state-dump] OwnershipBasedObjectDirectory:
[state-dump] - num listeners: 0
[state-dump] - cumulative location updates: 0
[state-dump] - num location updates per second: 2251633208816000.000
[state-dump] - num location lookups per second: 0.000
[state-dump] - num locations added per second: 0.000
[state-dump] - num locations removed per second: 2251633208816000.000
[state-dump] BufferPool:
[state-dump] - create buffer state map size: 0
[state-dump] PullManager:
[state-dump] - num bytes available for pulled objects: 1094344704
[state-dump] - num bytes being pulled (all): 0
[state-dump] - num bytes being pulled / pinned: 0
[state-dump] - get request bundles: BundlePullRequestQueue{0 total, 0 active, 0 inactive, 0 unpullable}
[state-dump] - wait request bundles: BundlePullRequestQueue{0 total, 0 active, 0 inactive, 0 unpullable}
[state-dump] - task request bundles: BundlePullRequestQueue{0 total, 0 active, 0 inactive, 0 unpullable}
[state-dump] - first get request bundle: N/A
[state-dump] - first wait request bundle: N/A
[state-dump] - first task request bundle: N/A
[state-dump] - num objects queued: 0
[state-dump] - num objects actively pulled (all): 0
[state-dump] - num objects actively pulled / pinned: 0
[state-dump] - num bundles being pulled: 0
[state-dump] - num pull retries: 0
[state-dump] - max timeout seconds: 0
[state-dump] - max timeout request is already processed. No entry.
[state-dump] 
[state-dump] WorkerPool:
[state-dump] - registered jobs: 0
[state-dump] - process_failed_job_config_missing: 0
[state-dump] - process_failed_rate_limited: 0
[state-dump] - process_failed_pending_registration: 0
[state-dump] - process_failed_runtime_env_setup_failed: 0
[state-dump] - num PYTHON workers: 0
[state-dump] - num PYTHON drivers: 0
[state-dump] - num PYTHON pending start requests: 0
[state-dump] - num PYTHON pending registration requests: 0
[state-dump] - num object spill callbacks queued: 0
[state-dump] - num object restore queued: 0
[state-dump] - num util functions queued: 0
[state-dump] - num idle workers: 0
[state-dump] TaskDependencyManager:
[state-dump] - task deps map size: 0
[state-dump] - get req map size: 0
[state-dump] - wait req map size: 0
[state-dump] - local objects map size: 0
[state-dump] WaitManager:
[state-dump] - num active wait requests: 0
[state-dump] Subscriber:
[state-dump] Channel WORKER_REF_REMOVED_CHANNEL
[state-dump] - cumulative subscribe requests: 0
[state-dump] - cumulative unsubscribe requests: 0
[state-dump] - active subscribed publishers: 0
[state-dump] - cumulative published messages: 0
[state-dump] - cumulative processed messages: 0
[state-dump] Channel WORKER_OBJECT_EVICTION
[state-dump] - cumulative subscribe requests: 0
[state-dump] - cumulative unsubscribe requests: 0
[state-dump] - active subscribed publishers: 0
[state-dump] - cumulative published messages: 0
[state-dump] - cumulative processed messages: 0
[state-dump] Channel WORKER_OBJECT_LOCATIONS_CHANNEL
[state-dump] - cumulative subscribe requests: 0
[state-dump] - cumulative unsubscribe requests: 0
[state-dump] - active subscribed publishers: 0
[state-dump] - cumulative published messages: 0
[state-dump] - cumulative processed messages: 0
[state-dump] num async plasma notifications: 0
[state-dump] Remote node managers: 
[state-dump] Event stats:
[state-dump] Global stats: 27 total (13 active)
[state-dump] Queueing time: mean = 1.906 ms, max = 13.479 ms, min = 17.600 us, total = 51.468 ms
[state-dump] Execution time:  mean = 1.058 ms, total = 28.576 ms
[state-dump] Event stats:
[state-dump] 	PeriodicalRunner.RunFnPeriodically - 11 total (2 active, 1 running), Execution time: mean = 128.255 us, total = 1.411 ms, Queueing time: mean = 4.676 ms, max = 13.479 ms, min = 24.700 us, total = 51.431 ms
[state-dump] 	NodeManager.deadline_timer.spill_objects_when_over_threshold - 1 total (1 active), Execution time: mean = 0.000 s, total = 0.000 s, Queueing time: mean = 0.000 s, max = -0.000 s, min = 9223372036.855 s, total = 0.000 s
[state-dump] 	ray::rpc::InternalKVGcsService.grpc_client.GetInternalConfig - 1 total (0 active), Execution time: mean = 794.200 us, total = 794.200 us, Queueing time: mean = 0.000 s, max = -0.000 s, min = 9223372036.855 s, total = 0.000 s
[state-dump] 	ray::rpc::NodeInfoGcsService.grpc_client.RegisterNode - 1 total (0 active), Execution time: mean = 798.300 us, total = 798.300 us, Queueing time: mean = 0.000 s, max = -0.000 s, min = 9223372036.855 s, total = 0.000 s
[state-dump] 	NodeManager.GCTaskFailureReason - 1 total (1 active), Execution time: mean = 0.000 s, total = 0.000 s, Queueing time: mean = 0.000 s, max = -0.000 s, min = 9223372036.855 s, total = 0.000 s
[state-dump] 	NodeManager.deadline_timer.record_metrics - 1 total (1 active), Execution time: mean = 0.000 s, total = 0.000 s, Queueing time: mean = 0.000 s, max = -0.000 s, min = 9223372036.855 s, total = 0.000 s
[state-dump] 	ray::rpc::InternalPubSubGcsService.grpc_client.GcsSubscriberPoll - 1 total (1 active), Execution time: mean = 0.000 s, total = 0.000 s, Queueing time: mean = 0.000 s, max = -0.000 s, min = 9223372036.855 s, total = 0.000 s
[state-dump] 	NodeManager.ScheduleAndDispatchTasks - 1 total (1 active), Execution time: mean = 0.000 s, total = 0.000 s, Queueing time: mean = 0.000 s, max = -0.000 s, min = 9223372036.855 s, total = 0.000 s
[state-dump] 	RayletWorkerPool.deadline_timer.kill_idle_workers - 1 total (1 active), Execution time: mean = 0.000 s, total = 0.000 s, Queueing time: mean = 0.000 s, max = -0.000 s, min = 9223372036.855 s, total = 0.000 s
[state-dump] 	ray::rpc::InternalKVGcsService.grpc_client.GetInternalConfig.OnReplyReceived - 1 total (0 active), Execution time: mean = 24.890 ms, total = 24.890 ms, Queueing time: mean = 19.600 us, max = 19.600 us, min = 19.600 us, total = 19.600 us
[state-dump] 	NodeManager.deadline_timer.flush_free_objects - 1 total (1 active), Execution time: mean = 0.000 s, total = 0.000 s, Queueing time: mean = 0.000 s, max = -0.000 s, min = 9223372036.855 s, total = 0.000 s
[state-dump] 	ray::rpc::NodeInfoGcsService.grpc_client.RegisterNode.OnReplyReceived - 1 total (0 active), Execution time: mean = 252.100 us, total = 252.100 us, Queueing time: mean = 17.600 us, max = 17.600 us, min = 17.600 us, total = 17.600 us
[state-dump] 	NodeManager.CheckForUnexpectedWorkerDisconnects - 1 total (1 active), Execution time: mean = 0.000 s, total = 0.000 s, Queueing time: mean = 0.000 s, max = -0.000 s, min = 9223372036.855 s, total = 0.000 s
[state-dump] 	NodeManager.deadline_timer.debug_state_dump - 1 total (1 active), Execution time: mean = 0.000 s, total = 0.000 s, Queueing time: mean = 0.000 s, max = -0.000 s, min = 9223372036.855 s, total = 0.000 s
[state-dump] 	ray::rpc::InternalPubSubGcsService.grpc_client.GcsSubscriberCommandBatch - 1 total (0 active), Execution time: mean = 430.800 us, total = 430.800 us, Queueing time: mean = 0.000 s, max = -0.000 s, min = 9223372036.855 s, total = 0.000 s
[state-dump] 	ClusterResourceManager.ResetRemoteNodeView - 1 total (1 active), Execution time: mean = 0.000 s, total = 0.000 s, Queueing time: mean = 0.000 s, max = -0.000 s, min = 9223372036.855 s, total = 0.000 s
[state-dump] 	ray::rpc::InternalPubSubGcsService.grpc_client.GcsSubscriberCommandBatch.OnReplyReceived - 1 total (1 active), Execution time: mean = 0.000 s, total = 0.000 s, Queueing time: mean = 0.000 s, max = -0.000 s, min = 9223372036.855 s, total = 0.000 s
[state-dump] DebugString() time ms: 0
[state-dump] 
[state-dump] 
[2025-10-16 23:12:37,385 I 53500 39296] (raylet.exe) accessor.cc:760: Received notification for node, IsAlive = 1 node_id=8e2cf67ec3b685d76b7307ca6796d76d9bfca1988ebebd2c10e3aeeb
[2025-10-16 23:12:37,463 I 53500 39296] (raylet.exe) worker_pool.cc:522: Started worker process with pid 13260, the token is 0
[2025-10-16 23:12:37,466 I 53500 39296] (raylet.exe) worker_pool.cc:522: Started worker process with pid 16196, the token is 1
[2025-10-16 23:12:37,470 I 53500 39296] (raylet.exe) worker_pool.cc:522: Started worker process with pid 74124, the token is 2
[2025-10-16 23:12:37,474 I 53500 39296] (raylet.exe) worker_pool.cc:522: Started worker process with pid 62176, the token is 3
[2025-10-16 23:12:37,478 I 53500 39296] (raylet.exe) worker_pool.cc:522: Started worker process with pid 51108, the token is 4
[2025-10-16 23:12:37,482 I 53500 39296] (raylet.exe) worker_pool.cc:522: Started worker process with pid 27144, the token is 5
[2025-10-16 23:12:37,487 I 53500 39296] (raylet.exe) worker_pool.cc:522: Started worker process with pid 13324, the token is 6
[2025-10-16 23:12:37,492 I 53500 39296] (raylet.exe) worker_pool.cc:522: Started worker process with pid 54936, the token is 7
[2025-10-16 23:12:37,497 I 53500 39296] (raylet.exe) worker_pool.cc:522: Started worker process with pid 44168, the token is 8
[2025-10-16 23:12:37,503 I 53500 39296] (raylet.exe) worker_pool.cc:522: Started worker process with pid 52576, the token is 9
[2025-10-16 23:12:37,508 I 53500 39296] (raylet.exe) worker_pool.cc:522: Started worker process with pid 13520, the token is 10
[2025-10-16 23:12:37,514 I 53500 39296] (raylet.exe) worker_pool.cc:522: Started worker process with pid 27184, the token is 11
[2025-10-16 23:12:37,519 I 53500 39296] (raylet.exe) worker_pool.cc:522: Started worker process with pid 33924, the token is 12
[2025-10-16 23:12:37,525 I 53500 39296] (raylet.exe) worker_pool.cc:522: Started worker process with pid 43948, the token is 13
[2025-10-16 23:12:37,530 I 53500 39296] (raylet.exe) worker_pool.cc:522: Started worker process with pid 23864, the token is 14
[2025-10-16 23:12:37,536 I 53500 39296] (raylet.exe) worker_pool.cc:522: Started worker process with pid 54168, the token is 15
[2025-10-16 23:12:37,542 I 53500 39296] (raylet.exe) worker_pool.cc:522: Started worker process with pid 3964, the token is 16
[2025-10-16 23:12:37,547 I 53500 39296] (raylet.exe) worker_pool.cc:522: Started worker process with pid 60428, the token is 17
[2025-10-16 23:12:39,721 I 53500 9688] (raylet.exe) object_store.cc:38: Object store current usage 8e-09 / 1.09434 GB.
[2025-10-16 23:12:40,452 I 53500 39296] (raylet.exe) worker_pool.cc:719: Job 01000000 already started in worker pool.
[2025-10-16 23:12:40,686 I 53500 39296] (raylet.exe) local_resource_manager.cc:292: Object store memory is not idle.
[2025-10-16 23:12:40,891 I 53500 39296] (raylet.exe) node_manager.cc:1636: Disconnecting client, graceful=true, disconnect_type=1, has_creation_task_exception=false worker_id=6c82c89f8ee4d792a01411bfc13bb99a7e07d4821a01d059d59fa12b
[2025-10-16 23:12:40,892 I 53500 39296] (raylet.exe) node_manager.cc:1636: Disconnecting client, graceful=true, disconnect_type=1, has_creation_task_exception=false worker_id=d7a6478e36e0b31d0b378bcc121ffd34c662717f7371ee3fd56fd6e2
[2025-10-16 23:12:40,894 W 53500 9688] (raylet.exe) store.cc:371: Disconnecting client due to connection error with code 2: End of file
[2025-10-16 23:12:40,950 W 53500 9688] (raylet.exe) store.cc:371: Disconnecting client due to connection error with code 2: End of file
[2025-10-16 23:12:41,107 I 53500 39296] (raylet.exe) node_manager.cc:1636: Disconnecting client, graceful=true, disconnect_type=1, has_creation_task_exception=false worker_id=fb4cc277ad761ad311807edb2026df2fd18d49d124c483f65d0112d6
[2025-10-16 23:12:41,108 I 53500 39296] (raylet.exe) node_manager.cc:1636: Disconnecting client, graceful=true, disconnect_type=1, has_creation_task_exception=false worker_id=6e5bf472350b5950eb5a16fa06204e940a0d2d116bf087b598903180
[2025-10-16 23:12:41,198 W 53500 9688] (raylet.exe) store.cc:371: Disconnecting client due to connection error with code 2: End of file
[2025-10-16 23:12:41,324 I 53500 39296] (raylet.exe) node_manager.cc:1636: Disconnecting client, graceful=true, disconnect_type=1, has_creation_task_exception=false worker_id=96b782f154ab650fa1c2b8101193e3be5c26f475880923413e0b08c0
[2025-10-16 23:12:41,325 I 53500 39296] (raylet.exe) node_manager.cc:1636: Disconnecting client, graceful=true, disconnect_type=1, has_creation_task_exception=false worker_id=f74fa75292b5661fd9eed4eaeee1dc3072c04b1978776c6d698e9e47
[2025-10-16 23:12:41,325 I 53500 39296] (raylet.exe) node_manager.cc:1636: Disconnecting client, graceful=true, disconnect_type=1, has_creation_task_exception=false worker_id=9862fe8344a39784cfc0bd0a8c06fa366e4e0540a7131c3deef5d146
[2025-10-16 23:12:41,326 I 53500 39296] (raylet.exe) node_manager.cc:1636: Disconnecting client, graceful=true, disconnect_type=1, has_creation_task_exception=false worker_id=462c3995019f5962a0b5ae2437fb0a2b1a8b1b78af165f6e4940ac03
[2025-10-16 23:12:41,367 W 53500 9688] (raylet.exe) store.cc:371: Disconnecting client due to connection error with code 2: End of file
[2025-10-16 23:12:41,429 W 53500 9688] (raylet.exe) store.cc:371: Disconnecting client due to connection error with code 2: End of file
[2025-10-16 23:12:41,542 I 53500 39296] (raylet.exe) node_manager.cc:1636: Disconnecting client, graceful=true, disconnect_type=1, has_creation_task_exception=false worker_id=7d7ffb93bf3bd19f69901c082133388066da5c772cdf98b7b8a052d3
[2025-10-16 23:12:41,543 I 53500 39296] (raylet.exe) node_manager.cc:1636: Disconnecting client, graceful=true, disconnect_type=1, has_creation_task_exception=false worker_id=c038e8aff594224458c19dc8209568cf890beab1429dd1cf2af8561a
[2025-10-16 23:12:41,543 I 53500 39296] (raylet.exe) node_manager.cc:1636: Disconnecting client, graceful=true, disconnect_type=1, has_creation_task_exception=false worker_id=b13971ed1ac88be49e7873db85b1f6b079e68b60ee3802d441a81ad0
[2025-10-16 23:12:41,543 I 53500 39296] (raylet.exe) node_manager.cc:1636: Disconnecting client, graceful=true, disconnect_type=1, has_creation_task_exception=false worker_id=5f94b4ba82064c69fc3065f201116962505fd6772039a41bba3d14b5
[2025-10-16 23:12:41,544 I 53500 39296] (raylet.exe) node_manager.cc:1636: Disconnecting client, graceful=true, disconnect_type=1, has_creation_task_exception=false worker_id=3eb2c6ebe296b3ae08aa2da7041cac2e48488e98fa9f1c080b466c41
[2025-10-16 23:12:41,544 I 53500 39296] (raylet.exe) node_manager.cc:1636: Disconnecting client, graceful=true, disconnect_type=1, has_creation_task_exception=false worker_id=86883679e2e1eee3aedaa1b840e80b509e1bc56720c1e47be75c6910
[2025-10-16 23:12:41,544 I 53500 39296] (raylet.exe) node_manager.cc:1636: Disconnecting client, graceful=true, disconnect_type=1, has_creation_task_exception=false worker_id=e702c32392a0df7adfa98e1f00e942bdb76e797fecd52e1755ed0be6
[2025-10-16 23:12:41,545 I 53500 39296] (raylet.exe) node_manager.cc:1636: Disconnecting client, graceful=true, disconnect_type=1, has_creation_task_exception=false worker_id=29c2520a549b4a2097f25dbd34008ce1fdc1360db1d66d2f238687aa
[2025-10-16 23:12:41,545 I 53500 39296] (raylet.exe) node_manager.cc:1636: Disconnecting client, graceful=true, disconnect_type=1, has_creation_task_exception=false worker_id=117963d906b9c01d4d5efbaeb0dcfc479d5c2931faaa82c1a6c46a3b
[2025-10-16 23:12:41,546 W 53500 9688] (raylet.exe) store.cc:371: Disconnecting client due to connection error with code 2: End of file
[2025-10-16 23:12:41,547 W 53500 9688] (raylet.exe) store.cc:371: Disconnecting client due to connection error with code 2: End of file
[2025-10-16 23:12:41,547 W 53500 9688] (raylet.exe) store.cc:371: Disconnecting client due to connection error with code 2: End of file
[2025-10-16 23:12:41,547 W 53500 9688] (raylet.exe) store.cc:371: Disconnecting client due to connection error with code 2: End of file
[2025-10-16 23:12:41,547 W 53500 9688] (raylet.exe) store.cc:371: Disconnecting client due to connection error with code 2: End of file
[2025-10-16 23:12:41,554 W 53500 9688] (raylet.exe) store.cc:371: Disconnecting client due to connection error with code 2: End of file
[2025-10-16 23:12:41,585 W 53500 9688] (raylet.exe) store.cc:371: Disconnecting client due to connection error with code 2: End of file
[2025-10-16 23:12:41,585 W 53500 9688] (raylet.exe) store.cc:371: Disconnecting client due to connection error with code 2: End of file
[2025-10-16 23:12:41,585 W 53500 9688] (raylet.exe) store.cc:371: Disconnecting client due to connection error with code 2: End of file
[2025-10-16 23:12:41,802 W 53500 9688] (raylet.exe) store.cc:371: Disconnecting client due to connection error with code 2: End of file
[2025-10-16 23:12:41,802 W 53500 9688] (raylet.exe) store.cc:371: Disconnecting client due to connection error with code 2: End of file
[2025-10-16 23:12:41,802 W 53500 9688] (raylet.exe) store.cc:371: Disconnecting client due to connection error with code 2: End of file
[2025-10-16 23:12:49,517 W 53500 47124] (raylet.exe) metric_exporter.cc:105: [1] Export metrics to agent failed: RpcError: RPC Error message: failed to connect to all addresses; last error: UNAVAILABLE: ipv4:127.0.0.1:50004: Connection refused; RPC Error details: . This won't affect Ray, but you can lose metrics from the cluster.
[2025-10-16 23:12:55,374 I 53500 39296] (raylet.exe) local_resource_manager.cc:288: Object store memory is idle.
[2025-10-16 23:12:55,905 I 53500 39296] (raylet.exe) node_manager.cc:1636: Disconnecting client, graceful=true, disconnect_type=3, has_creation_task_exception=false worker_id=01000000ffffffffffffffffffffffffffffffffffffffffffffffff
[2025-10-16 23:12:55,905 I 53500 39296] (raylet.exe) node_manager.cc:1728: Driver (pid=54560) is disconnected. worker_id=01000000ffffffffffffffffffffffffffffffffffffffffffffffff job_id=01000000
[2025-10-16 23:12:55,906 I 53500 39296] (raylet.exe) worker_pool.cc:719: Job 01000000 already started in worker pool.
[2025-10-16 23:12:55,934 I 53500 39296] (raylet.exe) worker_pool.cc:1224: Force exiting worker whose job has exited 6b7daf078ccaf5d5b7ba6fa05d08ac4072f9df48bfb25c47c63b94cf
[2025-10-16 23:12:55,947 I 53500 39296] (raylet.exe) node_manager.cc:1636: Disconnecting client, graceful=true, disconnect_type=1, has_creation_task_exception=false worker_id=6b7daf078ccaf5d5b7ba6fa05d08ac4072f9df48bfb25c47c63b94cf
[2025-10-16 23:12:56,016 W 53500 9688] (raylet.exe) store.cc:371: Disconnecting client due to connection error with code 10054: 远程主机强迫关闭了一个现有的连接。
[2025-10-16 23:12:56,169 W 53500 9688] (raylet.exe) store.cc:371: Disconnecting client due to connection error with code 2: End of file
[2025-10-16 23:12:56,375 I 53500 39296] (raylet.exe) main.cc:499: received SIGTERM. Existing local drain request = None
[2025-10-16 23:12:56,375 I 53500 39296] (raylet.exe) main.cc:300: Raylet graceful shutdown triggered, reason = EXPECTED_TERMINATION, reason message = received SIGTERM
[2025-10-16 23:12:56,375 I 53500 39296] (raylet.exe) main.cc:303: Shutting down...
[2025-10-16 23:12:56,375 I 53500 39296] (raylet.exe) accessor.cc:511: Unregistering node node_id=8e2cf67ec3b685d76b7307ca6796d76d9bfca1988ebebd2c10e3aeeb
[2025-10-16 23:12:56,376 I 53500 39296] (raylet.exe) accessor.cc:524: Finished unregistering node info, status = OK node_id=8e2cf67ec3b685d76b7307ca6796d76d9bfca1988ebebd2c10e3aeeb
[2025-10-16 23:12:56,376 W 53500 9688] (raylet.exe) store.cc:371: Disconnecting client due to connection error with code 2: End of file
[2025-10-16 23:12:56,378 I 53500 39296] (raylet.exe) agent_manager.cc:113: Killing agent dashboard_agent/15724, pid 64176.
[2025-10-16 23:12:56,386 I 53500 34764] (raylet.exe) agent_manager.cc:80: Agent process with name runtime_env_agent exited, exit code -1073741510.
[2025-10-16 23:12:56,386 E 53500 34764] (raylet.exe) agent_manager.cc:84: The raylet exited immediately because one Ray agent failed, agent_name = runtime_env_agent.
The raylet fate shares with the agent. This can happen because
- The version of `grpcio` doesn't follow Ray's requirement. Agent can segfault with the incorrect `grpcio` version. Check the grpcio version `pip freeze | grep grpcio`.
- The agent failed to start because of unexpected error or port conflict. Read the log `cat /tmp/ray/session_latest/logs/{dashboard_agent|runtime_env_agent}.log`. You can find the log file structure here https://docs.ray.io/en/master/ray-observability/user-guides/configure-logging.html#logging-directory-structure.
- The agent is killed by the OS (e.g., out of memory).
[2025-10-16 23:12:56,386 I 53500 52972] (raylet.exe) agent_manager.cc:80: Agent process with name dashboard_agent/15724 exited, exit code -1073741510.
[2025-10-16 23:12:56,387 I 53500 39296] (raylet.exe) agent_manager.cc:113: Killing agent runtime_env_agent, pid 38296.
[2025-10-16 23:12:56,387 I 53500 39296] (raylet.exe) io_service_pool.cc:47: IOServicePool is stopped.
[2025-10-16 23:12:56,589 I 53500 39296] (raylet.exe) stats.h:120: Stats module has shutdown.
[2025-10-16 23:12:56,589 E 53500 39296] (raylet.exe) logging.cc:497: *** SIGSEGV received at time=1760627576 ***
[2025-10-16 23:12:56,589 E 53500 39296] (raylet.exe) logging.cc:497:     @   00007FF683325C89  (unknown)  (unknown)
[2025-10-16 23:12:56,589 E 53500 39296] (raylet.exe) logging.cc:497:     @   00007FFDAF57F47F  (unknown)  (unknown)
[2025-10-16 23:12:56,589 E 53500 39296] (raylet.exe) logging.cc:497:     @   00007FFDC5B066AF  (unknown)  (unknown)
[2025-10-16 23:12:56,589 E 53500 39296] (raylet.exe) logging.cc:497:     @   00007FFDC5A29CD7  (unknown)  (unknown)
[2025-10-16 23:12:56,589 E 53500 39296] (raylet.exe) logging.cc:497:     @   00007FFDC5B05FEE  (unknown)  (unknown)
[2025-10-16 23:12:56,589 E 53500 39296] (raylet.exe) logging.cc:497:     @   00007FF682BBDB8A  (unknown)  (unknown)
[2025-10-16 23:12:56,589 E 53500 39296] (raylet.exe) logging.cc:497:     @   00007FF682CF2914  (unknown)  (unknown)
[2025-10-16 23:12:56,589 E 53500 39296] (raylet.exe) logging.cc:497:     @   00007FF682CF137F  (unknown)  (unknown)
[2025-10-16 23:12:56,589 E 53500 39296] (raylet.exe) logging.cc:497:     @   00007FF682CF485D  (unknown)  (unknown)
[2025-10-16 23:12:56,589 E 53500 39296] (raylet.exe) logging.cc:497:     @   00007FF682BBF472  (unknown)  (unknown)
[2025-10-16 23:12:56,589 E 53500 39296] (raylet.exe) logging.cc:497:     @   00007FF682BBA660  (unknown)  (unknown)
[2025-10-16 23:12:56,589 E 53500 39296] (raylet.exe) logging.cc:497:     @   00007FF682A21204  (unknown)  (unknown)
[2025-10-16 23:12:56,589 E 53500 39296] (raylet.exe) logging.cc:497:     @   00007FF682A52A38  (unknown)  (unknown)
[2025-10-16 23:12:56,589 E 53500 39296] (raylet.exe) logging.cc:497:     @   00007FF682A70139  (unknown)  (unknown)
[2025-10-16 23:12:56,589 E 53500 39296] (raylet.exe) logging.cc:497:     @   00007FF682D48C19  (unknown)  (unknown)
[2025-10-16 23:12:56,589 E 53500 39296] (raylet.exe) logging.cc:497:     @   00007FF682D41A7A  (unknown)  (unknown)
[2025-10-16 23:12:56,589 E 53500 39296] (raylet.exe) logging.cc:497:     @   00007FF682D41FB4  (unknown)  (unknown)
[2025-10-16 23:12:56,589 E 53500 39296] (raylet.exe) logging.cc:497:     @   00007FF68329F86C  (unknown)  (unknown)
[2025-10-16 23:12:56,589 E 53500 39296] (raylet.exe) logging.cc:497:     @   00007FF6832A4AF4  (unknown)  (unknown)
[2025-10-16 23:12:56,589 E 53500 39296] (raylet.exe) logging.cc:497:     @   00007FF6832A3E53  (unknown)  (unknown)
[2025-10-16 23:12:56,590 E 53500 39296] (raylet.exe) logging.cc:497:     @   00007FF6829CFCD9  (unknown)  (unknown)
[2025-10-16 23:12:56,590 E 53500 39296] (raylet.exe) logging.cc:497:     @   00007FF6832E0E58  (unknown)  (unknown)
[2025-10-16 23:12:56,590 E 53500 39296] (raylet.exe) logging.cc:497:     @   00007FFDC3D7E8D7  (unknown)  (unknown)
[2025-10-16 23:12:56,590 E 53500 39296] (raylet.exe) logging.cc:497:     @   00007FFDC5A3C5DC  (unknown)  (unknown)
